%%%%%%%%%%%%%%%%%%%%%%%%%%%%%%%%%%%%%%%%%%%%%%%%%%%%%%%%%%%%%%%%%%%%%%%%%%%%%%%%%%%%%%%%%%%%%%%%%%%%%%%%%%%%%%%%%%%%%%%%%%

                                  John R. Barker
        Thermo-2014.1b            University of Michigan
                                  Ann Arbor, MI 48109-2143
        Jun 2014                  jrbarker@umich.edu
                                  (734) 763 6239

            http://aoss.engin.umich.edu/multiwell/

%%%%%%%%%%%%%%%%%%%%%%%%%%%%%%%%%%%%%%%%%%%%%%%%%%%%%%%%%%%%%%%%%%%%%%%%%%%%%%%%%%%%%%%%%%%%%%%%%%%%%%%%%%%%%%%%%%%%%%%%%%

  Suggested Literature Citations:

  a) MultiWell-2014.1 Software, Jun 2014, designed and
     maintained by J.R. Barker with contributors N.F. Ortiz,
     J.M. Preses, L.L. Lohr, A. Maranzana, P.J. Stimac, T. L.
     Nguyen, and T. J. Dhilip Kumar, University of Michigan,
     Ann Arbor, MI; http://aoss.engin.umich.edu/multiwell/

  b) J.R. Barker, Int. J. Chem. Kinetics, 33, 232-45 (2001).

%%%%%%%%%%%%%%%%%%%%%%%%%%%%%%%%%%%%%%%%%%%%%%%%%%%%%%%%%%%%%%%%%%%%%%%%%%%%%%%%%%%%%%%%%%%%%%%%%%%%%%%%%%%%%%%%%%%%%%%%%%


....................................................
          2015/04/17   19:23:01.664   (Local Time)
          year/mm/dd   hr:mi:second
                 CPU :        0.062 s (  0.000 hr)
....................................................


       RO2     Molecular Wt. =  75.087  ;  Empirical Formula:      H  7       C  3       O  2
          1. (blank comment line)                                                                                                                               
          2. (blank comment line)                                                                                                                               
          3. (blank comment line)                                                                                                                               
    Electronic Levels (degeneracies) 
                0.00 cm-1 ( 2)

    1  Vibrator  Freq(obs)=   60.59  Freq(har)=   60.59  Anh(cm-1)=    0.00  zpe(cm-1) =    30.3     g = 1
    2  Vibrator  Freq(obs)=  135.46  Freq(har)=  135.46  Anh(cm-1)=    0.00  zpe(cm-1) =    67.7     g = 1
    3  Vibrator  Freq(obs)=  204.30  Freq(har)=  204.30  Anh(cm-1)=    0.00  zpe(cm-1) =   102.1     g = 1
    4  Vibrator  Freq(obs)=  299.15  Freq(har)=  299.15  Anh(cm-1)=    0.00  zpe(cm-1) =   149.6     g = 1
    5  Vibrator  Freq(obs)=  380.97  Freq(har)=  380.97  Anh(cm-1)=    0.00  zpe(cm-1) =   190.5     g = 1
    6  Vibrator  Freq(obs)=  520.98  Freq(har)=  520.98  Anh(cm-1)=    0.00  zpe(cm-1) =   260.5     g = 1
    7  Vibrator  Freq(obs)=  756.93  Freq(har)=  756.93  Anh(cm-1)=    0.00  zpe(cm-1) =   378.5     g = 1
    8  Vibrator  Freq(obs)=  885.95  Freq(har)=  885.95  Anh(cm-1)=    0.00  zpe(cm-1) =   443.0     g = 1
    9  Vibrator  Freq(obs)=  914.31  Freq(har)=  914.31  Anh(cm-1)=    0.00  zpe(cm-1) =   457.2     g = 1
   10  Vibrator  Freq(obs)=  932.25  Freq(har)=  932.25  Anh(cm-1)=    0.00  zpe(cm-1) =   466.1     g = 1
   11  Vibrator  Freq(obs)= 1068.57  Freq(har)= 1068.57  Anh(cm-1)=    0.00  zpe(cm-1) =   534.3     g = 1
   12  Vibrator  Freq(obs)= 1132.84  Freq(har)= 1132.84  Anh(cm-1)=    0.00  zpe(cm-1) =   566.4     g = 1
   13  Vibrator  Freq(obs)= 1167.26  Freq(har)= 1167.26  Anh(cm-1)=    0.00  zpe(cm-1) =   583.6     g = 1
   14  Vibrator  Freq(obs)= 1211.49  Freq(har)= 1211.49  Anh(cm-1)=    0.00  zpe(cm-1) =   605.7     g = 1
   15  Vibrator  Freq(obs)= 1257.22  Freq(har)= 1257.22  Anh(cm-1)=    0.00  zpe(cm-1) =   628.6     g = 1
   16  Vibrator  Freq(obs)= 1318.80  Freq(har)= 1318.80  Anh(cm-1)=    0.00  zpe(cm-1) =   659.4     g = 1
   17  Vibrator  Freq(obs)= 1387.63  Freq(har)= 1387.63  Anh(cm-1)=    0.00  zpe(cm-1) =   693.8     g = 1
   18  Vibrator  Freq(obs)= 1412.67  Freq(har)= 1412.67  Anh(cm-1)=    0.00  zpe(cm-1) =   706.3     g = 1
   19  Vibrator  Freq(obs)= 1445.11  Freq(har)= 1445.11  Anh(cm-1)=    0.00  zpe(cm-1) =   722.6     g = 1
   20  Vibrator  Freq(obs)= 1507.11  Freq(har)= 1507.11  Anh(cm-1)=    0.00  zpe(cm-1) =   753.6     g = 1
   21  Vibrator  Freq(obs)= 1516.84  Freq(har)= 1516.84  Anh(cm-1)=    0.00  zpe(cm-1) =   758.4     g = 1
   22  Vibrator  Freq(obs)= 1531.89  Freq(har)= 1531.89  Anh(cm-1)=    0.00  zpe(cm-1) =   765.9     g = 1
   23  Vibrator  Freq(obs)= 1538.36  Freq(har)= 1538.36  Anh(cm-1)=    0.00  zpe(cm-1) =   769.2     g = 1
   24  Vibrator  Freq(obs)= 3049.83  Freq(har)= 3049.83  Anh(cm-1)=    0.00  zpe(cm-1) =  1524.9     g = 1
   25  Vibrator  Freq(obs)= 3054.46  Freq(har)= 3054.46  Anh(cm-1)=    0.00  zpe(cm-1) =  1527.2     g = 1
   26  Vibrator  Freq(obs)= 3071.80  Freq(har)= 3071.80  Anh(cm-1)=    0.00  zpe(cm-1) =  1535.9     g = 1
   27  Vibrator  Freq(obs)= 3085.80  Freq(har)= 3085.80  Anh(cm-1)=    0.00  zpe(cm-1) =  1542.9     g = 1
   28  Vibrator  Freq(obs)= 3119.78  Freq(har)= 3119.78  Anh(cm-1)=    0.00  zpe(cm-1) =  1559.9     g = 1
   29  Vibrator  Freq(obs)= 3129.51  Freq(har)= 3129.51  Anh(cm-1)=    0.00  zpe(cm-1) =  1564.8     g = 1
   30  Vibrator  Freq(obs)= 3135.47  Freq(har)= 3135.47  Anh(cm-1)=    0.00  zpe(cm-1) =  1567.7     g = 1
   31  Quan.Rot  AmuAng^2 =   38.94  Symm =  1.   dim = 1  B =  0.4329 cm-1
   32  Quan.Rot  AmuAng^2 =  196.67  Symm =  1.   dim = 2  B =  0.0857 cm-1


    TS_306     Molecular Wt. =  75.087  ;  Empirical Formula:      H  7       C  3       O  2
          1. (blank comment line)                                                                                                                               
          2. (blank comment line)                                                                                                                               
          3. (blank comment line)                                                                                                                               
    Electronic Levels (degeneracies) 
                0.00 cm-1 ( 2)

    TUNNELING PARAMETERS: Unsymmetrical Eckart Barrier
     Imaginary Freq.:      0.00i cm-1
         V(forward) :  10421.25 cm-1
         V(reverse) :      0.00 cm-1
    TUNNELING IGNORED: V(forward) & V(reverse) must be >0.01 cm-1, and Imag. Freq. must be >20i cm-1

    TUNNELING IGNORED: V(forward) & V(reverse) must be >0.01 cm-1, and Imag. Freq. must be >20i cm-1

    1  Vibrator  Freq(obs)=   14.08  Freq(har)=   14.08  Anh(cm-1)=    0.00  zpe(cm-1) =     7.0     g = 1
    2  Vibrator  Freq(obs)=   32.30  Freq(har)=   32.30  Anh(cm-1)=    0.00  zpe(cm-1) =    16.1     g = 1
    3  Vibrator  Freq(obs)=   45.93  Freq(har)=   45.93  Anh(cm-1)=    0.00  zpe(cm-1) =    23.0     g = 1
    4  Vibrator  Freq(obs)=  107.71  Freq(har)=  107.71  Anh(cm-1)=    0.00  zpe(cm-1) =    53.9     g = 1
    5  Vibrator  Freq(obs)=  183.65  Freq(har)=  183.65  Anh(cm-1)=    0.00  zpe(cm-1) =    91.8     g = 1
    6  Vibrator  Freq(obs)=  255.08  Freq(har)=  255.08  Anh(cm-1)=    0.00  zpe(cm-1) =   127.5     g = 1
    7  Vibrator  Freq(obs)=  372.46  Freq(har)=  372.46  Anh(cm-1)=    0.00  zpe(cm-1) =   186.2     g = 1
    8  Vibrator  Freq(obs)=  517.32  Freq(har)=  517.32  Anh(cm-1)=    0.00  zpe(cm-1) =   258.7     g = 1
    9  Vibrator  Freq(obs)=  761.26  Freq(har)=  761.26  Anh(cm-1)=    0.00  zpe(cm-1) =   380.6     g = 1
   10  Vibrator  Freq(obs)=  889.50  Freq(har)=  889.50  Anh(cm-1)=    0.00  zpe(cm-1) =   444.7     g = 1
   11  Vibrator  Freq(obs)=  931.21  Freq(har)=  931.21  Anh(cm-1)=    0.00  zpe(cm-1) =   465.6     g = 1
   12  Vibrator  Freq(obs)= 1063.51  Freq(har)= 1063.51  Anh(cm-1)=    0.00  zpe(cm-1) =   531.8     g = 1
   13  Vibrator  Freq(obs)= 1091.71  Freq(har)= 1091.71  Anh(cm-1)=    0.00  zpe(cm-1) =   545.9     g = 1
   14  Vibrator  Freq(obs)= 1187.95  Freq(har)= 1187.95  Anh(cm-1)=    0.00  zpe(cm-1) =   594.0     g = 1
   15  Vibrator  Freq(obs)= 1282.47  Freq(har)= 1282.47  Anh(cm-1)=    0.00  zpe(cm-1) =   641.2     g = 1
   16  Vibrator  Freq(obs)= 1378.93  Freq(har)= 1378.93  Anh(cm-1)=    0.00  zpe(cm-1) =   689.5     g = 1
   17  Vibrator  Freq(obs)= 1434.82  Freq(har)= 1434.82  Anh(cm-1)=    0.00  zpe(cm-1) =   717.4     g = 1
   18  Vibrator  Freq(obs)= 1490.93  Freq(har)= 1490.93  Anh(cm-1)=    0.00  zpe(cm-1) =   745.5     g = 1
   19  Vibrator  Freq(obs)= 1496.59  Freq(har)= 1496.59  Anh(cm-1)=    0.00  zpe(cm-1) =   748.3     g = 1
   20  Vibrator  Freq(obs)= 1527.30  Freq(har)= 1527.30  Anh(cm-1)=    0.00  zpe(cm-1) =   763.7     g = 1
   21  Vibrator  Freq(obs)= 1535.93  Freq(har)= 1535.93  Anh(cm-1)=    0.00  zpe(cm-1) =   768.0     g = 1
   22  Vibrator  Freq(obs)= 1611.87  Freq(har)= 1611.87  Anh(cm-1)=    0.00  zpe(cm-1) =   805.9     g = 1
   23  Vibrator  Freq(obs)= 2938.40  Freq(har)= 2938.40  Anh(cm-1)=    0.00  zpe(cm-1) =  1469.2     g = 1
   24  Vibrator  Freq(obs)= 3037.43  Freq(har)= 3037.43  Anh(cm-1)=    0.00  zpe(cm-1) =  1518.7     g = 1
   25  Vibrator  Freq(obs)= 3048.93  Freq(har)= 3048.93  Anh(cm-1)=    0.00  zpe(cm-1) =  1524.5     g = 1
   26  Vibrator  Freq(obs)= 3113.61  Freq(har)= 3113.61  Anh(cm-1)=    0.00  zpe(cm-1) =  1556.8     g = 1
   27  Vibrator  Freq(obs)= 3123.76  Freq(har)= 3123.76  Anh(cm-1)=    0.00  zpe(cm-1) =  1561.9     g = 1
   28  Vibrator  Freq(obs)= 3163.10  Freq(har)= 3163.10  Anh(cm-1)=    0.00  zpe(cm-1) =  1581.5     g = 1
   29  Vibrator  Freq(obs)= 3261.17  Freq(har)= 3261.17  Anh(cm-1)=    0.00  zpe(cm-1) =  1630.6     g = 1
   30  Quan.Rot  AmuAng^2 =   63.61  Symm =  1.   dim = 1  B =  0.2650 cm-1
   31  Quan.Rot  AmuAng^2 =  302.70  Symm =  1.   dim = 2  B =  0.0557 cm-1


*  *  *  *  *  *  *  *  *  *  *  *  *  *  *  *  *  *  *  *  *  *  *  *  *  *  *  *  *  *  *  *  *  *  *

THERMODYNAMIC QUANTITIES          Std. State = molecule/cc 
   Entropy & Cp units: cal/K/mole
   DelS         units: cal/K/mole
   [H(T)-H(0)]  units: kcal/mole
   DelH & DelG  units: kcal/mole

Species Properties
                              ----Enthalpy----
 TYPE  NAME         Mol.Wt.    (O K)  (298.15 K) DelG(298)  ZPE(cm-1) Symmetry  opt.isomers
 reac  RO2          75.087      0.00     -5.41     -7.12      22116.7      1         1
 ctst  TS_306       75.087     29.80     25.57     19.19      20449.4      1         1
                             ------- ---------  --------      -------
     NET (prod - react):       29.80     30.98     26.31      -1667.2


               RATE k(T) = A*exp(B/T) (molecule/cc )**( 0) * sec-1                                 RO2 (reac)                        TS_306 (ctst)
        T(K)      k(T)      A(T)       B(T)    DelS(rxn) DelH(rxn) DelCp(rxn) DelG(rxn)     Qelectr  Entropy  Cp  [H(T)-H(0)]    Qelectr  Entropy  Cp  [H(T)-H(0)]
      298.15   3.209E-07   4.461E+16  -15888.     15.66    30.98       3.28      26.31        2.00   168.18    22.12     4.50      2.00   183.84    25.40     5.68
      300.00   4.458E-07   4.535E+16  -15893.     15.68    30.99       3.26      26.28        2.00   168.30    22.22     4.54      2.00   183.98    25.48     5.73
      400.00   2.764E-01   9.033E+16  -16131.     16.48    31.26       2.23      24.67        2.00   174.86    27.62     7.03      2.00   191.34    29.85     8.50
      450.00   2.475E+01   1.144E+17  -16231.     16.71    31.36       1.75      23.84        2.00   178.03    30.23     8.48      2.00   194.74    31.98    10.04
      500.00   9.208E+02   1.378E+17  -16320.     16.87    31.44       1.32      23.00        2.00   181.14    32.69    10.05      2.00   198.01    34.00    11.69
      550.00   1.803E+04   1.600E+17  -16398.     16.98    31.49       0.93      22.15        2.00   184.17    34.96    11.74      2.00   201.15    35.90    13.44
      600.00   2.173E+05   1.805E+17  -16467.     17.05    31.53       0.60      21.30        2.00   187.13    37.07    13.54      2.00   204.18    37.66    15.28
      650.00   1.802E+06   1.991E+17  -16528.     17.08    31.55       0.31      20.45        2.00   190.02    39.00    15.45      2.00   207.10    39.31    17.21
      700.00   1.111E+07   2.159E+17  -16583.     17.10    31.56       0.06      19.60        2.00   192.83    40.78    17.44      2.00   209.92    40.84    19.21
      750.00   5.404E+07   2.310E+17  -16632.     17.09    31.56      -0.15      18.74        2.00   195.56    42.43    19.52      2.00   212.65    42.27    21.29
      800.00   2.165E+08   2.444E+17  -16676.     17.08    31.55      -0.34      17.89        2.00   198.22    43.95    21.68      2.00   215.29    43.61    23.44
      850.00   7.389E+08   2.564E+17  -16715.     17.05    31.53      -0.50      17.03        2.00   200.81    45.36    23.92      2.00   217.86    44.86    25.65
      900.00   2.206E+09   2.670E+17  -16751.     17.02    31.50      -0.64      16.18        2.00   203.32    46.67    26.22      2.00   220.34    46.02    27.92
     1000.00   1.423E+10   2.850E+17  -16812.     16.94    31.42      -0.87      14.48        2.00   208.15    49.01    31.01      2.00   225.09    48.14    32.63
     1100.00   6.578E+10   2.993E+17  -16864.     16.85    31.33      -1.05      12.80        2.00   212.73    51.03    36.01      2.00   229.58    49.98    37.54
     1200.00   2.364E+11   3.108E+17  -16907.     16.75    31.21      -1.19      11.12        2.00   217.08    52.79    41.20      2.00   233.83    51.59    42.62
     1300.00   6.996E+11   3.202E+17  -16944.     16.65    31.09      -1.31       9.45        2.00   221.21    54.31    46.56      2.00   237.85    53.00    47.85
     1400.00   1.777E+12   3.279E+17  -16976.     16.55    30.95      -1.40       7.79        2.00   225.13    55.64    52.06      2.00   241.68    54.24    53.22
     1500.00   3.990E+12   3.342E+17  -17004.     16.45    30.81      -1.47       6.14        2.00   228.87    56.79    57.68      2.00   245.32    55.32    58.70
     1600.00   8.107E+12   3.395E+17  -17028.     16.35    30.66      -1.53       4.50        2.00   232.44    57.80    63.42      2.00   248.80    56.27    64.28
     1700.00   1.517E+13   3.440E+17  -17050.     16.26    30.50      -1.58       2.87        2.00   235.85    58.68    69.24      2.00   252.11    57.10    69.95
     1800.00   2.649E+13   3.478E+17  -17069.     16.17    30.34      -1.63       1.24        2.00   239.12    59.46    75.15      2.00   255.28    57.84    75.70
     1900.00   4.364E+13   3.510E+17  -17086.     16.08    30.18      -1.66      -0.37        2.00   242.24    60.15    81.13      2.00   258.32    58.49    81.51
     2000.00   6.843E+13   3.538E+17  -17101.     15.99    30.01      -1.70      -1.97        2.00   245.24    60.76    87.18      2.00   261.23    59.06    87.39
     2100.00   1.028E+14   3.562E+17  -17115.     15.91    29.84      -1.72      -3.57        2.00   248.12    61.30    93.28      2.00   264.03    59.58    93.33
     2200.00   1.490E+14   3.583E+17  -17128.     15.83    29.66      -1.75      -5.15        2.00   250.89    61.78    99.44      2.00   266.72    60.03    99.31
     2300.00   2.090E+14   3.602E+17  -17140.     15.75    29.49      -1.77      -6.73        2.00   253.56    62.21   105.64      2.00   269.31    60.44   105.33
     2400.00   2.851E+14   3.618E+17  -17150.     15.67    29.31      -1.79      -8.30        2.00   256.13    62.60   111.88      2.00   271.81    60.81   111.40
     2500.00   3.795E+14   3.632E+17  -17160.     15.60    29.13      -1.80      -9.87        2.00   258.61    62.94   118.16      2.00   274.21    61.14   117.49
