 255                                                                   
 SPECIES       Hf       S    Cp 300     400     500     600     800     1000     1500     DATE        ELEMENTS
 C9H20_26   -57.79   115.65    50.34   64.21   76.69   87.31  103.91  116.20  135.28  10/ 9/14 THERM   C   9 H  20     0     0 G 8
 C9H19_26_   -8.79   121.82    49.57   62.85   74.78   84.91  100.75  112.46  130.62  10/ 9/14 THERM   C   9 H  19     0     0 G 8
 C9H20_26   -57.79   115.65    50.34   64.21   76.69   87.31  103.91  116.20  135.28  10/ 9/14 THERM   C   9 H  20     0     0 G 8
 C9H19_26_  -13.39   122.27    49.56   61.73   73.14   83.16   99.16  111.18  129.89  10/ 9/14 THERM   C   9 H  19     0     0 G 8
 C9H20_26   -57.79   115.65    50.34   64.21   76.69   87.31  103.91  116.20  135.28  10/ 9/14 THERM   C   9 H  20     0     0 G 8
 C9H19_26_  -11.44   121.47    48.84   61.88   73.59   83.92  100.16  111.75  130.08  10/ 9/14 THERM   C   9 H  19     0     0 G 8
 C9H20_26   -57.79   115.65    50.34   64.21   76.69   87.31  103.91  116.20  135.28  10/ 9/14 THERM   C   9 H  20     0     0 G 8
 C9H19_26_  -11.44   121.47    48.84   61.88   73.59   83.92  100.16  111.75  130.08  10/ 9/14 THERM   C   9 H  19     0     0 G 8
 C9H18_1_2  -28.92   116.16    48.43   61.25   72.69   82.37   97.60  108.87  126.23  10/ 9/14 THERM   C   9 H  18     0     0 G 7
 C9H18_2_2  -31.86   115.33    48.18   60.81   72.14   81.81   97.13  108.48  126.04  10/ 9/14 THERM   C   9 H  18     0     0 G 7
 C9H18_3_2  -30.16   114.89    46.90   60.19   72.05   81.89   97.37  108.70  126.38  10/ 9/14 THERM   C   9 H  18     0     0 G 7
 C9H18_1_2  -28.92   116.16    48.43   61.25   72.69   82.37   97.60  108.87  126.23  10/ 9/14 THERM   C   9 H  18     0     0 G 7
 C9H17_1_1    4.58   112.35    46.89   59.43   70.61   80.05   94.85  105.73  122.38  10/ 9/14 THERM   C   9 H  17     0     0 G 7
 C9H19OH_1  -93.59   127.67    53.44   67.72   80.41   91.18  108.02  120.37     .00  10/ 9/14 THERM   C   9 H  20 O   1     0 G 9
 C9H19OH_2 -100.39   124.61    54.43   68.90   81.59   92.19  108.82  121.00     .00  10/ 9/14 THERM   C   9 H  20 O   1     0 G 9
 C9H19OH_3  -97.96   125.68    53.94   68.40   81.36   91.92  108.67  120.87  140.03  10/ 9/14 THERM   C   9 H  20 O   1     0 G 9
 C9H19O_4_   51.96   -10.19     -.98   -1.30   -1.61   -1.89   -2.38   -2.80     .00  10/ 9/14 THERM   C   9 H  19 O   1     0 G 8
 C9H19OOH_  -77.49   136.34    58.25   73.25   86.36   97.45  114.47  127.17     .00  10/ 9/14 THERM   C   9 H  20 O   2     0 G10
 C9H19OO_1  -43.29   136.56    56.20   70.41   82.81   93.36  109.75  122.20     .00  10/ 9/14 THERM   C   9 H  19 O   2     0 G 9
 C9H19OOH_  -84.29   133.28    59.24   74.43   87.54   98.46  115.27  127.80     .00  10/ 9/14 THERM   C   9 H  20 O   2     0 G10
 C9H19OO_2  -50.09   133.50    57.19   71.59   83.99   94.37  110.55  122.83     .00  10/ 9/14 THERM   C   9 H  19 O   2     0 G 9
 C9H19OOH_  -81.86   134.35    58.75   73.93   87.31   98.19  115.12  127.67     .00  10/ 9/14 THERM   C   9 H  20 O   2     0 G10
 C9H19OO_3  -47.66   134.57    56.70   71.09   83.76   94.10  110.40  122.70     .00  10/ 9/14 THERM   C   9 H  19 O   2     0 G 9
 C9H19OOH_  -81.86   134.35    58.75   73.93   87.31   98.19  115.12  127.67     .00  10/ 9/14 THERM   C   9 H  20 O   2     0 G10
 C9H19OO_4  -47.66   134.57    56.70   71.09   83.76   94.10  110.40  122.70     .00  10/ 9/14 THERM   C   9 H  19 O   2     0 G 9
 C9H19OOH_  -77.49   136.34    58.25   73.25   86.36   97.45  114.47  127.17     .00  10/ 9/14 THERM   C   9 H  20 O   2     0 G10
 C9H19OOH_  -84.29   133.28    59.24   74.43   87.54   98.46  115.27  127.80     .00  10/ 9/14 THERM   C   9 H  20 O   2     0 G10
 C9H19OOH_  -81.86   134.35    58.75   73.93   87.31   98.19  115.12  127.67     .00  10/ 9/14 THERM   C   9 H  20 O   2     0 G10
 C9H19OOH_  -81.86   134.35    58.75   73.93   87.31   98.19  115.12  127.67     .00  10/ 9/14 THERM   C   9 H  20 O   2     0 G10
 C9H19OOH_  -77.49   136.34    58.25   73.25   86.36   97.45  114.47  127.17     .00  10/ 9/14 THERM   C   9 H  20 O   2     0 G10
 C9OOH_1_2  -28.49   141.13    57.48   71.89   84.45   95.05  111.31  123.43     .00  10/ 9/14 THERM   C   9 H  19 O   2     0 G10
 C9H19OOH_  -77.49   136.34    58.25   73.25   86.36   97.45  114.47  127.17     .00  10/ 9/14 THERM   C   9 H  20 O   2     0 G10
 C9OOH_1_2  -33.09   141.58    57.47   70.77   82.81   93.30  109.72  122.15     .00  10/ 9/14 THERM   C   9 H  19 O   2     0 G10
 C9OOH_1_2   46.35    -2.11    -1.50   -2.33   -3.10   -3.39   -3.75   -4.45     .00  10/ 9/14 THERM   C   9 H  19 O   2     0 G10
 C9H19OOH_  -84.29   133.28    59.24   74.43   87.54   98.46  115.27  127.80     .00  10/ 9/14 THERM   C   9 H  20 O   2     0 G10
 C9OOH_2_2  -35.29   138.07    58.47   73.07   85.63   96.06  112.11  124.06     .00  10/ 9/14 THERM   C   9 H  19 O   2     0 G10
 C9H19OOH_  -84.29   133.28    59.24   74.43   87.54   98.46  115.27  127.80     .00  10/ 9/14 THERM   C   9 H  20 O   2     0 G10
 C9OOH_2_2  -37.94   137.72    57.74   72.10   84.44   95.07  111.52  123.35     .00  10/ 9/14 THERM   C   9 H  19 O   2     0 G10
 C9H19OOH_  -84.29   133.28    59.24   74.43   87.54   98.46  115.27  127.80     .00  10/ 9/14 THERM   C   9 H  20 O   2     0 G10
 C9OOH_2_2  -39.89   138.52    58.46   71.95   83.99   94.31  110.52  122.78     .00  10/ 9/14 THERM   C   9 H  19 O   2     0 G10
 C15H32     -88.81   170.86    83.07  105.85  126.26  143.55  170.52  190.38  220.84  10/ 9/14 THERM   C  15 H  32     0     0 G14
 C15H31_A   -39.81   175.66    82.30  104.49  124.35  141.15  167.36  186.64  216.18  10/ 9/14 THERM   C  15 H  31     0     0 G14
 C15H32     -88.81   170.86    83.07  105.85  126.26  143.55  170.52  190.38  220.84  10/ 9/14 THERM   C  15 H  32     0     0 G14
 C15H31_B   -44.41   176.11    82.29  103.37  122.71  139.40  165.77  185.36  215.45  10/ 9/14 THERM   C  15 H  31     0     0 G14
 C15H32     -88.81   170.86    83.07  105.85  126.26  143.55  170.52  190.38  220.84  10/ 9/14 THERM   C  15 H  32     0     0 G14
 C15H31_C   -42.46   175.31    81.57  103.52  123.16  140.16  166.77  185.93  215.64  10/ 9/14 THERM   C  15 H  31     0     0 G14
 C15H32     -88.81   170.86    83.07  105.85  126.26  143.55  170.52  190.38  220.84  10/ 9/14 THERM   C  15 H  32     0     0 G14
 C15H31_D   -42.46   175.31    81.57  103.52  123.16  140.16  166.77  185.93  215.64  10/ 9/14 THERM   C  15 H  31     0     0 G14
 C15H32     -88.81   170.86    83.07  105.85  126.26  143.55  170.52  190.38  220.84  10/ 9/14 THERM   C  15 H  32     0     0 G14
 C15H31_E   -42.46   175.31    81.57  103.52  123.16  140.16  166.77  185.93  215.64  10/ 9/14 THERM   C  15 H  31     0     0 G14
 C15H32     -88.81   170.86    83.07  105.85  126.26  143.55  170.52  190.38  220.84  10/ 9/14 THERM   C  15 H  32     0     0 G14
 C15H31_G   -39.81   175.66    82.30  104.49  124.35  141.15  167.36  186.64  216.18  10/ 9/14 THERM   C  15 H  31     0     0 G14
 C15H32     -88.81   170.86    83.07  105.85  126.26  143.55  170.52  190.38  220.84  10/ 9/14 THERM   C  15 H  32     0     0 G14
 C15H31_H   -42.46   175.31    81.57  103.52  123.16  140.16  166.77  185.93  215.64  10/ 9/14 THERM   C  15 H  31     0     0 G14
 C15H32     -88.81   170.86    83.07  105.85  126.26  143.55  170.52  190.38  220.84  10/ 9/14 THERM   C  15 H  32     0     0 G14
 C15H31_I   -42.46   175.31    81.57  103.52  123.16  140.16  166.77  185.93  215.64  10/ 9/14 THERM   C  15 H  31     0     0 G14
 C15H32     -88.81   170.86    83.07  105.85  126.26  143.55  170.52  190.38  220.84  10/ 9/14 THERM   C  15 H  32     0     0 G14
 C15H31_J   -42.46   175.31    81.57  103.52  123.16  140.16  166.77  185.93  215.64  10/ 9/14 THERM   C  15 H  31     0     0 G14
 C15H32     -88.81   170.86    83.07  105.85  126.26  143.55  170.52  190.38  220.84  10/ 9/14 THERM   C  15 H  32     0     0 G14
 C15H31_K   -44.41   176.11    82.29  103.37  122.71  139.40  165.77  185.36  215.45  10/ 9/14 THERM   C  15 H  31     0     0 G14
 C15H32     -88.81   170.86    83.07  105.85  126.26  143.55  170.52  190.38  220.84  10/ 9/14 THERM   C  15 H  32     0     0 G14
 C15H31_L   -39.81   175.66    82.30  104.49  124.35  141.15  167.36  186.64  216.18  10/ 9/14 THERM   C  15 H  31     0     0 G14
 C15H32     -88.81   170.86    83.07  105.85  126.26  143.55  170.52  190.38  220.84  10/ 9/14 THERM   C  15 H  32     0     0 G14
 C15H31_M   -42.46   175.31    81.57  103.52  123.16  140.16  166.77  185.93  215.64  10/ 9/14 THERM   C  15 H  31     0     0 G14
 C15H32     -88.81   170.86    83.07  105.85  126.26  143.55  170.52  190.38  220.84  10/ 9/14 THERM   C  15 H  32     0     0 G14
 C15H31_N   -39.81   175.66    82.30  104.49  124.35  141.15  167.36  186.64  216.18  10/ 9/14 THERM   C  15 H  31     0     0 G14
 C15H30_2   -62.88   169.16    80.91  102.45  121.71  138.05  163.74  182.66  211.60  10/ 9/14 THERM   C  15 H  30     0     0 G13
 C15H30_3   -61.18   168.72    79.63  101.83  121.62  138.13  163.98  182.88  211.94  10/ 9/14 THERM   C  15 H  30     0     0 G13
 C15H30_4   -61.18   168.72    79.63  101.83  121.62  138.13  163.98  182.88  211.94  10/ 9/14 THERM   C  15 H  30     0     0 G13
 C15H30_5   -62.71   169.54    80.53  102.36  121.78  138.19  163.89  182.80  211.76  10/ 9/14 THERM   C  15 H  30     0     0 G13
 C15H30_6   -62.71   169.54    80.53  102.36  121.78  138.19  163.89  182.80  211.76  10/ 9/14 THERM   C  15 H  30     0     0 G13
 C15H30_62  -59.77   168.19    80.78  102.80  122.33  138.75  164.36  183.19  211.95  10/ 9/14 THERM   C  15 H  30     0     0 G13
 C15H30_9   -62.71   169.54    80.53  102.36  121.78  138.19  163.89  182.80  211.76  10/ 9/14 THERM   C  15 H  30     0     0 G13
 C15H30_10  -62.88   169.16    80.91  102.45  121.71  138.05  163.74  182.66  211.60  10/ 9/14 THERM   C  15 H  30     0     0 G13
 C15H30102  -59.77   168.19    80.78  102.80  122.33  138.75  164.36  183.19  211.95  10/ 9/14 THERM   C  15 H  30     0     0 G13
 C15H30_11  -58.41   166.99    80.26  102.36  122.10  138.55  164.30  183.13  211.97  10/ 9/14 THERM   C  15 H  30     0     0 G13
 C15H30_1   -59.94   170.00    81.16  102.89  122.26  138.61  164.21  183.05  211.79  10/ 9/14 THERM   C  15 H  30     0     0 G13
 C15H29     -26.44   166.19    79.62  101.07  120.18  136.29  161.46  179.91  207.94  10/ 9/14 THERM   C  15 H  29     0     0 G13
 C15H32O_1 -124.61   181.51    86.17  109.36  129.98  147.42  174.63  194.55     .00  10/ 9/14 THERM   C  15 H  32 O   1     0 G15
 C15H31O_1  -72.65   180.05    85.19  108.06  128.37  145.53  172.25  191.75     .00  10/ 9/14 THERM   C  15 H  31 O   1     0 G14
 C15H32O_2 -131.41   178.44    87.16  110.54  131.16  148.43  175.43  195.18     .00  10/ 9/14 THERM   C  15 H  32 O   1     0 G15
 C15H31O_2  -79.45   176.99    86.18  109.24  129.55  146.54  173.05  192.38     .00  10/ 9/14 THERM   C  15 H  31 O   1     0 G14
 C15H32O_3 -128.98   179.51    86.67  110.04  130.93  148.16  175.28  195.05  225.59  10/ 9/14 THERM   C  15 H  32 O   1     0 G15
 C15H31O_3  -77.02   178.06    85.69  108.74  129.32  146.27  172.90  192.25  222.00  10/ 9/14 THERM   C  15 H  31 O   1     0 G14
 C15H32O_4 -128.98   179.51    86.67  110.04  130.93  148.16  175.28  195.05  225.59  10/ 9/14 THERM   C  15 H  32 O   1     0 G15
 C15H31O_4  -77.02   178.06    85.69  108.74  129.32  146.27  172.90  192.25  222.00  10/ 9/14 THERM   C  15 H  31 O   1     0 G14
 C15H32O_5 -128.98   179.51    86.67  110.04  130.93  148.16  175.28  195.05  225.59  10/ 9/14 THERM   C  15 H  32 O   1     0 G15
 C15H31O_5  -77.02   178.06    85.69  108.74  129.32  146.27  172.90  192.25  222.00  10/ 9/14 THERM   C  15 H  31 O   1     0 G14
 C15H32O_6 -131.41   178.44    87.16  110.54  131.16  148.43  175.43  195.18     .00  10/ 9/14 THERM   C  15 H  32 O   1     0 G15
 C15H31O_1  -79.45   176.99    86.18  109.24  129.55  146.54  173.05  192.38     .00  10/ 9/14 THERM   C  15 H  31 O   1     0 G14
 C15H32O_7 -124.61   181.51    86.17  109.36  129.98  147.42  174.63  194.55     .00  10/ 9/14 THERM   C  15 H  32 O   1     0 G15
 C15H31O_7  -72.65   180.05    85.19  108.06  128.37  145.53  172.25  191.75     .00  10/ 9/14 THERM   C  15 H  31 O   1     0 G14
 C15H32O_8 -128.98   179.51    86.67  110.04  130.93  148.16  175.28  195.05  225.59  10/ 9/14 THERM   C  15 H  32 O   1     0 G15
 C15H31O_8  -77.02   178.06    85.69  108.74  129.32  146.27  172.90  192.25  222.00  10/ 9/14 THERM   C  15 H  31 O   1     0 G14
 C15H32O_9 -128.98   179.51    86.67  110.04  130.93  148.16  175.28  195.05  225.59  10/ 9/14 THERM   C  15 H  32 O   1     0 G15
 C15H31O_9  -77.02   178.06    85.69  108.74  129.32  146.27  172.90  192.25  222.00  10/ 9/14 THERM   C  15 H  31 O   1     0 G14
 C15H32O10 -128.98   179.51    86.67  110.04  130.93  148.16  175.28  195.05  225.59  10/ 9/14 THERM   C  15 H  32 O   1     0 G15
 C15H31O10  -77.02   178.06    85.69  108.74  129.32  146.27  172.90  192.25  222.00  10/ 9/14 THERM   C  15 H  31 O   1     0 G14
 C15H32O11 -131.41   178.44    87.16  110.54  131.16  148.43  175.43  195.18     .00  10/ 9/14 THERM   C  15 H  32 O   1     0 G15
 C15H31O11  -79.45   176.99    86.18  109.24  129.55  146.54  173.05  192.38     .00  10/ 9/14 THERM   C  15 H  31 O   1     0 G14
 C15H32O_1 -124.61   181.51    86.17  109.36  129.98  147.42  174.63  194.55     .00  10/ 9/14 THERM   C  15 H  32 O   1     0 G15
 C15H31O_1  -72.65   180.05    85.19  108.06  128.37  145.53  172.25  191.75     .00  10/ 9/14 THERM   C  15 H  31 O   1     0 G14
 C15H32O_1 -128.98   179.51    86.67  110.04  130.93  148.16  175.28  195.05  225.59  10/ 9/14 THERM   C  15 H  32 O   1     0 G15
 C15H31O_1  -77.02   178.06    85.69  108.74  129.32  146.27  172.90  192.25  222.00  10/ 9/14 THERM   C  15 H  31 O   1     0 G14
 C15H32O_1 -124.61   181.51    86.17  109.36  129.98  147.42  174.63  194.55     .00  10/ 9/14 THERM   C  15 H  32 O   1     0 G15
 C15H31O_1  -72.65   180.05    85.19  108.06  128.37  145.53  172.25  191.75     .00  10/ 9/14 THERM   C  15 H  31 O   1     0 G14
 ROOH_1    -108.51   190.18    90.98  114.89  135.93  153.69  181.08  201.35     .00  10/ 9/14 THERM   C  15 H  32 O   2     0 G16
 ROO_1      -74.31   190.40    88.93  112.05  132.38  149.60  176.36  196.38     .00  10/ 9/14 THERM   C  15 H  31 O   2     0 G15
 ROO_2       34.20   -10.69    -2.05   -2.84   -3.55   -4.09   -4.72   -4.97     .00  10/ 9/14 THERM   C  15 H  31 O   2     0 G15
 ROOH_3    -112.88   188.18    91.48  115.57  136.88  154.43  181.73  201.85     .00  10/ 9/14 THERM   C  15 H  32 O   2     0 G16
 ROO_3      -78.68   188.41    89.43  112.73  133.33  150.34  177.01  196.88     .00  10/ 9/14 THERM   C  15 H  31 O   2     0 G15
 ROOH_4    -112.88   188.18    91.48  115.57  136.88  154.43  181.73  201.85     .00  10/ 9/14 THERM   C  15 H  32 O   2     0 G16
 ROO_4      -78.68   188.41    89.43  112.73  133.33  150.34  177.01  196.88     .00  10/ 9/14 THERM   C  15 H  31 O   2     0 G15
 ROOH_5    -112.88   188.18    91.48  115.57  136.88  154.43  181.73  201.85     .00  10/ 9/14 THERM   C  15 H  32 O   2     0 G16
 ROO_5      -78.68   188.41    89.43  112.73  133.33  150.34  177.01  196.88     .00  10/ 9/14 THERM   C  15 H  31 O   2     0 G15
 ROOH_6    -115.31   187.11    91.97  116.07  137.11  154.70  181.88  201.98     .00  10/ 9/14 THERM   C  15 H  32 O   2     0 G16
 ROO_6      -81.11   187.34    89.92  113.23  133.56  150.61  177.16  197.01     .00  10/ 9/14 THERM   C  15 H  31 O   2     0 G15
 ROOH_7    -108.51   190.18    90.98  114.89  135.93  153.69  181.08  201.35     .00  10/ 9/14 THERM   C  15 H  32 O   2     0 G16
 ROO_7      -74.31   190.40    88.93  112.05  132.38  149.60  176.36  196.38     .00  10/ 9/14 THERM   C  15 H  31 O   2     0 G15
 ROOH_8    -112.88   188.18    91.48  115.57  136.88  154.43  181.73  201.85     .00  10/ 9/14 THERM   C  15 H  32 O   2     0 G16
 ROO_8      -78.68   188.41    89.43  112.73  133.33  150.34  177.01  196.88     .00  10/ 9/14 THERM   C  15 H  31 O   2     0 G15
 ROOH_9    -112.88   188.18    91.48  115.57  136.88  154.43  181.73  201.85     .00  10/ 9/14 THERM   C  15 H  32 O   2     0 G16
 ROO_9      -78.68   188.41    89.43  112.73  133.33  150.34  177.01  196.88     .00  10/ 9/14 THERM   C  15 H  31 O   2     0 G15
 ROOH_10   -112.88   188.18    91.48  115.57  136.88  154.43  181.73  201.85     .00  10/ 9/14 THERM   C  15 H  32 O   2     0 G16
 ROO_10     -78.68   188.41    89.43  112.73  133.33  150.34  177.01  196.88     .00  10/ 9/14 THERM   C  15 H  31 O   2     0 G15
 ROOH_11   -115.31   187.11    91.97  116.07  137.11  154.70  181.88  201.98     .00  10/ 9/14 THERM   C  15 H  32 O   2     0 G16
 ROO_11     -81.11   187.34    89.92  113.23  133.56  150.61  177.16  197.01     .00  10/ 9/14 THERM   C  15 H  31 O   2     0 G15
 ROOH_12   -108.51   190.18    90.98  114.89  135.93  153.69  181.08  201.35     .00  10/ 9/14 THERM   C  15 H  32 O   2     0 G16
 ROO_12     -74.31   190.40    88.93  112.05  132.38  149.60  176.36  196.38     .00  10/ 9/14 THERM   C  15 H  31 O   2     0 G15
 ROOH_13   -112.88   188.18    91.48  115.57  136.88  154.43  181.73  201.85     .00  10/ 9/14 THERM   C  15 H  32 O   2     0 G16
 ROO_13     -78.68   188.41    89.43  112.73  133.33  150.34  177.01  196.88     .00  10/ 9/14 THERM   C  15 H  31 O   2     0 G15
 ROOH_14   -108.51   190.18    90.98  114.89  135.93  153.69  181.08  201.35     .00  10/ 9/14 THERM   C  15 H  32 O   2     0 G16
 ROO_14     -74.31   190.40    88.93  112.05  132.38  149.60  176.36  196.38     .00  10/ 9/14 THERM   C  15 H  31 O   2     0 G15
 ROOH_1    -108.51   190.18    90.98  114.89  135.93  153.69  181.08  201.35     .00  10/ 9/14 THERM   C  15 H  32 O   2     0 G16
 ROOH_1    -108.51   190.18    90.98  114.89  135.93  153.69  181.08  201.35     .00  10/ 9/14 THERM   C  15 H  32 O   2     0 G16
 QOOH_1B    -64.11   195.42    90.20  112.41  132.38  149.54  176.33  196.33     .00  10/ 9/14 THERM   C  15 H  31 O   2     0 G16
 ROOH_1    -108.51   190.18    90.98  114.89  135.93  153.69  181.08  201.35     .00  10/ 9/14 THERM   C  15 H  32 O   2     0 G16
 QOOH_1C    -62.16   194.62    89.48  112.56  132.83  150.30  177.33  196.90     .00  10/ 9/14 THERM   C  15 H  31 O   2     0 G16
 ROOH_1    -108.51   190.18    90.98  114.89  135.93  153.69  181.08  201.35     .00  10/ 9/14 THERM   C  15 H  32 O   2     0 G16
 QOOH_1D    -62.16   194.62    89.48  112.56  132.83  150.30  177.33  196.90     .00  10/ 9/14 THERM   C  15 H  31 O   2     0 G16
 ROOH_1    -108.51   190.18    90.98  114.89  135.93  153.69  181.08  201.35     .00  10/ 9/14 THERM   C  15 H  32 O   2     0 G16
 QOOH_1E    -62.16   194.62    89.48  112.56  132.83  150.30  177.33  196.90     .00  10/ 9/14 THERM   C  15 H  31 O   2     0 G16
 ROOH_1    -108.51   190.18    90.98  114.89  135.93  153.69  181.08  201.35     .00  10/ 9/14 THERM   C  15 H  32 O   2     0 G16
 QOOH_1F    -64.11   195.42    90.20  112.41  132.38  149.54  176.33  196.33     .00  10/ 9/14 THERM   C  15 H  31 O   2     0 G16
 ROOH_2    -115.31   187.11    91.97  116.07  137.11  154.70  181.88  201.98     .00  10/ 9/14 THERM   C  15 H  32 O   2     0 G16
 QOOH_2A    -66.31   191.91    91.20  114.71  135.20  152.30  178.72  198.24     .00  10/ 9/14 THERM   C  15 H  31 O   2     0 G16
 ROOH_2    -115.31   187.11    91.97  116.07  137.11  154.70  181.88  201.98     .00  10/ 9/14 THERM   C  15 H  32 O   2     0 G16
 QOOH_2C    -68.96   191.56    90.47  113.74  134.01  151.31  178.13  197.53     .00  10/ 9/14 THERM   C  15 H  31 O   2     0 G16
 ROOH_2    -115.31   187.11    91.97  116.07  137.11  154.70  181.88  201.98     .00  10/ 9/14 THERM   C  15 H  32 O   2     0 G16
 QOOH_2D    -68.96   191.56    90.47  113.74  134.01  151.31  178.13  197.53     .00  10/ 9/14 THERM   C  15 H  31 O   2     0 G16
 ROOH_2    -115.31   187.11    91.97  116.07  137.11  154.70  181.88  201.98     .00  10/ 9/14 THERM   C  15 H  32 O   2     0 G16
 QOOH_2E    -68.96   191.56    90.47  113.74  134.01  151.31  178.13  197.53     .00  10/ 9/14 THERM   C  15 H  31 O   2     0 G16
 ROOH_2    -115.31   187.11    91.97  116.07  137.11  154.70  181.88  201.98     .00  10/ 9/14 THERM   C  15 H  32 O   2     0 G16
 QOOH_2F    -70.91   192.36    91.19  113.59  133.56  150.55  177.13  196.96     .00  10/ 9/14 THERM   C  15 H  31 O   2     0 G16
 ROOH_2    -115.31   187.11    91.97  116.07  137.11  154.70  181.88  201.98     .00  10/ 9/14 THERM   C  15 H  32 O   2     0 G16
 QOOH_2G    -66.31   191.91    91.20  114.71  135.20  152.30  178.72  198.24     .00  10/ 9/14 THERM   C  15 H  31 O   2     0 G16
 ROOH_2    -115.31   187.11    91.97  116.07  137.11  154.70  181.88  201.98     .00  10/ 9/14 THERM   C  15 H  32 O   2     0 G16
 QOOH_2H    -68.96   191.56    90.47  113.74  134.01  151.31  178.13  197.53     .00  10/ 9/14 THERM   C  15 H  31 O   2     0 G16
 ROOH_3    -112.88   188.18    91.48  115.57  136.88  154.43  181.73  201.85     .00  10/ 9/14 THERM   C  15 H  32 O   2     0 G16
 QOOH_3A    -63.88   192.98    90.71  114.21  134.97  152.03  178.57  198.11     .00  10/ 9/14 THERM   C  15 H  31 O   2     0 G16
 ROOH_3    -112.88   188.18    91.48  115.57  136.88  154.43  181.73  201.85     .00  10/ 9/14 THERM   C  15 H  32 O   2     0 G16
 QOOH_3B    -68.48   193.43    90.70  113.09  133.33  150.28  176.98  196.83     .00  10/ 9/14 THERM   C  15 H  31 O   2     0 G16
 ROOH_3    -112.88   188.18    91.48  115.57  136.88  154.43  181.73  201.85     .00  10/ 9/14 THERM   C  15 H  32 O   2     0 G16
 QOOH_3D    -66.53   192.63    89.98  113.24  133.78  151.04  177.98  197.40     .00  10/ 9/14 THERM   C  15 H  31 O   2     0 G16
 ROOH_3    -112.88   188.18    91.48  115.57  136.88  154.43  181.73  201.85     .00  10/ 9/14 THERM   C  15 H  32 O   2     0 G16
 QOOH_3E    -66.53   192.63    89.98  113.24  133.78  151.04  177.98  197.40     .00  10/ 9/14 THERM   C  15 H  31 O   2     0 G16
 ROOH_3    -112.88   188.18    91.48  115.57  136.88  154.43  181.73  201.85     .00  10/ 9/14 THERM   C  15 H  32 O   2     0 G16
 QOOH_3F    -68.48   193.43    90.70  113.09  133.33  150.28  176.98  196.83     .00  10/ 9/14 THERM   C  15 H  31 O   2     0 G16
 ROOH_3    -112.88   188.18    91.48  115.57  136.88  154.43  181.73  201.85     .00  10/ 9/14 THERM   C  15 H  32 O   2     0 G16
 QOOH_3G    -63.88   192.98    90.71  114.21  134.97  152.03  178.57  198.11     .00  10/ 9/14 THERM   C  15 H  31 O   2     0 G16
 ROOH_3    -112.88   188.18    91.48  115.57  136.88  154.43  181.73  201.85     .00  10/ 9/14 THERM   C  15 H  32 O   2     0 G16
 QOOH_3H    -66.53   192.63    89.98  113.24  133.78  151.04  177.98  197.40     .00  10/ 9/14 THERM   C  15 H  31 O   2     0 G16
 ROOH_3    -112.88   188.18    91.48  115.57  136.88  154.43  181.73  201.85     .00  10/ 9/14 THERM   C  15 H  32 O   2     0 G16
 QOOH_3I    -66.53   192.63    89.98  113.24  133.78  151.04  177.98  197.40     .00  10/ 9/14 THERM   C  15 H  31 O   2     0 G16
 ROOH_4    -112.88   188.18    91.48  115.57  136.88  154.43  181.73  201.85     .00  10/ 9/14 THERM   C  15 H  32 O   2     0 G16
 QOOH_4A    -63.88   192.98    90.71  114.21  134.97  152.03  178.57  198.11     .00  10/ 9/14 THERM   C  15 H  31 O   2     0 G16
 ROOH_4    -112.88   188.18    91.48  115.57  136.88  154.43  181.73  201.85     .00  10/ 9/14 THERM   C  15 H  32 O   2     0 G16
 QOOH_4B    -68.48   193.43    90.70  113.09  133.33  150.28  176.98  196.83     .00  10/ 9/14 THERM   C  15 H  31 O   2     0 G16
 ROOH_4    -112.88   188.18    91.48  115.57  136.88  154.43  181.73  201.85     .00  10/ 9/14 THERM   C  15 H  32 O   2     0 G16
 QOOH_4C    -66.53   192.63    89.98  113.24  133.78  151.04  177.98  197.40     .00  10/ 9/14 THERM   C  15 H  31 O   2     0 G16
 ROOH_4    -112.88   188.18    91.48  115.57  136.88  154.43  181.73  201.85     .00  10/ 9/14 THERM   C  15 H  32 O   2     0 G16
 QOOH_4E    -66.53   192.63    89.98  113.24  133.78  151.04  177.98  197.40     .00  10/ 9/14 THERM   C  15 H  31 O   2     0 G16
 ROOH_4    -112.88   188.18    91.48  115.57  136.88  154.43  181.73  201.85     .00  10/ 9/14 THERM   C  15 H  32 O   2     0 G16
 QOOH_4F    -68.48   193.43    90.70  113.09  133.33  150.28  176.98  196.83     .00  10/ 9/14 THERM   C  15 H  31 O   2     0 G16
 ROOH_4    -112.88   188.18    91.48  115.57  136.88  154.43  181.73  201.85     .00  10/ 9/14 THERM   C  15 H  32 O   2     0 G16
 QOOH_4G    -63.88   190.80    90.71  114.21  134.97  152.03  178.57  198.11     .00  10/ 9/14 THERM   C  15 H  31 O   2     0 G16
 ROOH_4    -112.88   188.18    91.48  115.57  136.88  154.43  181.73  201.85     .00  10/ 9/14 THERM   C  15 H  32 O   2     0 G16
 QOOH_4H    -66.53   192.63    89.98  113.24  133.78  151.04  177.98  197.40     .00  10/ 9/14 THERM   C  15 H  31 O   2     0 G16
 ROOH_4    -112.88   188.18    91.48  115.57  136.88  154.43  181.73  201.85     .00  10/ 9/14 THERM   C  15 H  32 O   2     0 G16
 QOOH_4I    -66.53   192.63    89.98  113.24  133.78  151.04  177.98  197.40     .00  10/ 9/14 THERM   C  15 H  31 O   2     0 G16
 ROOH_4    -112.88   188.18    91.48  115.57  136.88  154.43  181.73  201.85     .00  10/ 9/14 THERM   C  15 H  32 O   2     0 G16
 QOOH_4J    -66.53   192.63    89.98  113.24  133.78  151.04  177.98  197.40     .00  10/ 9/14 THERM   C  15 H  31 O   2     0 G16
 ROOH_5    -112.88   188.18    91.48  115.57  136.88  154.43  181.73  201.85     .00  10/ 9/14 THERM   C  15 H  32 O   2     0 G16
 QOOH_5A    -63.88   192.98    90.71  114.21  134.97  152.03  178.57  198.11     .00  10/ 9/14 THERM   C  15 H  31 O   2     0 G16
 QOOH_5B     44.40    -5.67     -.78   -2.48   -3.55   -4.15   -4.75   -5.02     .00  10/ 9/14 THERM   C  15 H  31 O   2     0 G16
 ROOH_5    -112.88   188.18    91.48  115.57  136.88  154.43  181.73  201.85     .00  10/ 9/14 THERM   C  15 H  32 O   2     0 G16
 QOOH_5C    -66.53   192.63    89.98  113.24  133.78  151.04  177.98  197.40     .00  10/ 9/14 THERM   C  15 H  31 O   2     0 G16
 ROOH_5    -112.88   188.18    91.48  115.57  136.88  154.43  181.73  201.85     .00  10/ 9/14 THERM   C  15 H  32 O   2     0 G16
 QOOH_5D    -66.53   192.63    89.98  113.24  133.78  151.04  177.98  197.40     .00  10/ 9/14 THERM   C  15 H  31 O   2     0 G16
 ROOH_5    -112.88   188.18    91.48  115.57  136.88  154.43  181.73  201.85     .00  10/ 9/14 THERM   C  15 H  32 O   2     0 G16
 QOOH_5F    -68.48   193.43    90.70  113.09  133.33  150.28  176.98  196.83     .00  10/ 9/14 THERM   C  15 H  31 O   2     0 G16
 ROOH_5    -112.88   188.18    91.48  115.57  136.88  154.43  181.73  201.85     .00  10/ 9/14 THERM   C  15 H  32 O   2     0 G16
 QOOH_5G    -63.88   192.98    90.71  114.21  134.97  152.03  178.57  198.11     .00  10/ 9/14 THERM   C  15 H  31 O   2     0 G16
 ROOH_5    -112.88   188.18    91.48  115.57  136.88  154.43  181.73  201.85     .00  10/ 9/14 THERM   C  15 H  32 O   2     0 G16
 QOOH_5H    -66.53   192.63    89.98  113.24  133.78  151.04  177.98  197.40     .00  10/ 9/14 THERM   C  15 H  31 O   2     0 G16
 ROOH_5    -112.88   188.18    91.48  115.57  136.88  154.43  181.73  201.85     .00  10/ 9/14 THERM   C  15 H  32 O   2     0 G16
 QOOH_5I    -66.53   192.63    89.98  113.24  133.78  151.04  177.98  197.40     .00  10/ 9/14 THERM   C  15 H  31 O   2     0 G16
 ROOH_5    -112.88   188.18    91.48  115.57  136.88  154.43  181.73  201.85     .00  10/ 9/14 THERM   C  15 H  32 O   2     0 G16
 QOOH_5J    -66.53   192.63    89.98  113.24  133.78  151.04  177.98  197.40     .00  10/ 9/14 THERM   C  15 H  31 O   2     0 G16
 ROOH_5    -112.88   188.18    91.48  115.57  136.88  154.43  181.73  201.85     .00  10/ 9/14 THERM   C  15 H  32 O   2     0 G16
 QOOH_5K    -68.48   193.43    90.70  113.09  133.33  150.28  176.98  196.83     .00  10/ 9/14 THERM   C  15 H  31 O   2     0 G16
 ROOH_6    -115.31   187.11    91.97  116.07  137.11  154.70  181.88  201.98     .00  10/ 9/14 THERM   C  15 H  32 O   2     0 G16
 QOOH_6A    -66.31   191.91    91.20  114.71  135.20  152.30  178.72  198.24     .00  10/ 9/14 THERM   C  15 H  31 O   2     0 G16
 ROOH_6    -115.31   187.11    91.97  116.07  137.11  154.70  181.88  201.98     .00  10/ 9/14 THERM   C  15 H  32 O   2     0 G16
 QOOH_6B    -70.91   192.36    91.19  113.59  133.56  150.55  177.13  196.96     .00  10/ 9/14 THERM   C  15 H  31 O   2     0 G16
 ROOH_6    -115.31   187.11    91.97  116.07  137.11  154.70  181.88  201.98     .00  10/ 9/14 THERM   C  15 H  32 O   2     0 G16
 QOOH_6C    -68.96   191.56    90.47  113.74  134.01  151.31  178.13  197.53     .00  10/ 9/14 THERM   C  15 H  31 O   2     0 G16
 ROOH_6    -115.31   187.11    91.97  116.07  137.11  154.70  181.88  201.98     .00  10/ 9/14 THERM   C  15 H  32 O   2     0 G16
 QOOH_6D    -68.96   191.56    90.47  113.74  134.01  151.31  178.13  197.53     .00  10/ 9/14 THERM   C  15 H  31 O   2     0 G16
 ROOH_6    -115.31   187.11    91.97  116.07  137.11  154.70  181.88  201.98     .00  10/ 9/14 THERM   C  15 H  32 O   2     0 G16
 QOOH_6E    -68.96   191.56    90.47  113.74  134.01  151.31  178.13  197.53     .00  10/ 9/14 THERM   C  15 H  31 O   2     0 G16
 ROOH_6    -115.31   187.11    91.97  116.07  137.11  154.70  181.88  201.98     .00  10/ 9/14 THERM   C  15 H  32 O   2     0 G16
 QOOH_6G    -66.31   191.91    91.20  114.71  135.20  152.30  178.72  198.24     .00  10/ 9/14 THERM   C  15 H  31 O   2     0 G16
 ROOH_6    -115.31   187.11    91.97  116.07  137.11  154.70  181.88  201.98     .00  10/ 9/14 THERM   C  15 H  32 O   2     0 G16
 QOOH_6H    -68.96   191.56    90.47  113.74  134.01  151.31  178.13  197.53     .00  10/ 9/14 THERM   C  15 H  31 O   2     0 G16
 ROOH_6    -115.31   187.11    91.97  116.07  137.11  154.70  181.88  201.98     .00  10/ 9/14 THERM   C  15 H  32 O   2     0 G16
 QOOH_6I    -68.96   191.56    90.47  113.74  134.01  151.31  178.13  197.53     .00  10/ 9/14 THERM   C  15 H  31 O   2     0 G16
 ROOH_6    -115.31   187.11    91.97  116.07  137.11  154.70  181.88  201.98     .00  10/ 9/14 THERM   C  15 H  32 O   2     0 G16
 QOOH_6J    -68.96   191.56    90.47  113.74  134.01  151.31  178.13  197.53     .00  10/ 9/14 THERM   C  15 H  31 O   2     0 G16
 ROOH_6    -115.31   187.11    91.97  116.07  137.11  154.70  181.88  201.98     .00  10/ 9/14 THERM   C  15 H  32 O   2     0 G16
 QOOH_6K    -70.91   192.36    91.19  113.59  133.56  150.55  177.13  196.96     .00  10/ 9/14 THERM   C  15 H  31 O   2     0 G16
 ROOH_6    -115.31   187.11    91.97  116.07  137.11  154.70  181.88  201.98     .00  10/ 9/14 THERM   C  15 H  32 O   2     0 G16
 QOOH_6L    -66.31   191.91    91.20  114.71  135.20  152.30  178.72  198.24     .00  10/ 9/14 THERM   C  15 H  31 O   2     0 G16
 ROOH_6    -115.31   187.11    91.97  116.07  137.11  154.70  181.88  201.98     .00  10/ 9/14 THERM   C  15 H  32 O   2     0 G16
 QOOH_6M    -68.96   191.56    90.47  113.74  134.01  151.31  178.13  197.53     .00  10/ 9/14 THERM   C  15 H  31 O   2     0 G16
 ROOH_7    -108.51   190.18    90.98  114.89  135.93  153.69  181.08  201.35     .00  10/ 9/14 THERM   C  15 H  32 O   2     0 G16
 QOOH_7B    -64.11   195.42    90.20  112.41  132.38  149.54  176.33  196.33     .00  10/ 9/14 THERM   C  15 H  31 O   2     0 G16
 ROOH_7    -108.51   190.18    90.98  114.89  135.93  153.69  181.08  201.35     .00  10/ 9/14 THERM   C  15 H  32 O   2     0 G16
 QOOH_7C    -62.16   194.62    89.48  112.56  132.83  150.30  177.33  196.90     .00  10/ 9/14 THERM   C  15 H  31 O   2     0 G16
 ROOH_7    -108.51   190.18    90.98  114.89  135.93  153.69  181.08  201.35     .00  10/ 9/14 THERM   C  15 H  32 O   2     0 G16
 QOOH_7D    -62.16   194.62    89.48  112.56  132.83  150.30  177.33  196.90     .00  10/ 9/14 THERM   C  15 H  31 O   2     0 G16
 QOOH_7E     46.35    -4.29    -1.50   -2.33   -3.10   -3.39   -3.75   -4.45     .00  10/ 9/14 THERM   C  15 H  31 O   2     0 G16
 ROOH_7    -108.51   190.18    90.98  114.89  135.93  153.69  181.08  201.35     .00  10/ 9/14 THERM   C  15 H  32 O   2     0 G16
 QOOH_7F    -64.11   195.42    90.20  112.41  132.38  149.54  176.33  196.33     .00  10/ 9/14 THERM   C  15 H  31 O   2     0 G16
 ROOH_7    -108.51   190.18    90.98  114.89  135.93  153.69  181.08  201.35     .00  10/ 9/14 THERM   C  15 H  32 O   2     0 G16
 QOOH_7H    -62.16   194.62    89.48  112.56  132.83  150.30  177.33  196.90     .00  10/ 9/14 THERM   C  15 H  31 O   2     0 G16
