 256                                                                   
 SPECIES       Hf       S    Cp 300     400     500     600     800     1000     1500     DATE        ELEMENTS
 C9H20_26   -57.79   115.65    50.34   64.21   76.69   87.31  103.91  116.20  135.28  10/ 9/14 THERM   C   9 H  20     0     0 G 8
 C9H19_26_   -8.79   121.82    49.57   62.85   74.78   84.91  100.75  112.46  130.62  10/ 9/14 THERM   C   9 H  19     0     0 G 8
 C9H20_26   -57.79   115.65    50.34   64.21   76.69   87.31  103.91  116.20  135.28  10/ 9/14 THERM   C   9 H  20     0     0 G 8
 C9H19_26_  -13.39   122.27    49.56   61.73   73.14   83.16   99.16  111.18  129.89  10/ 9/14 THERM   C   9 H  19     0     0 G 8
 C9H20_26   -57.79   115.65    50.34   64.21   76.69   87.31  103.91  116.20  135.28  10/ 9/14 THERM   C   9 H  20     0     0 G 8
 C9H19_26_  -11.44   121.47    48.84   61.88   73.59   83.92  100.16  111.75  130.08  10/ 9/14 THERM   C   9 H  19     0     0 G 8
 C9H20_26   -57.79   115.65    50.34   64.21   76.69   87.31  103.91  116.20  135.28  10/ 9/14 THERM   C   9 H  20     0     0 G 8
 C9H19_26_  -11.44   121.47    48.84   61.88   73.59   83.92  100.16  111.75  130.08  10/ 9/14 THERM   C   9 H  19     0     0 G 8
 C9H18_1_2  -28.92   116.16    48.43   61.25   72.69   82.37   97.60  108.87  126.23  10/ 9/14 THERM   C   9 H  18     0     0 G 7
 C9H18_2_2  -31.86   115.33    48.18   60.81   72.14   81.81   97.13  108.48  126.04  10/ 9/14 THERM   C   9 H  18     0     0 G 7
 C9H18_3_2  -30.16   114.89    46.90   60.19   72.05   81.89   97.37  108.70  126.38  10/ 9/14 THERM   C   9 H  18     0     0 G 7
 C9H18_1_2  -28.92   116.16    48.43   61.25   72.69   82.37   97.60  108.87  126.23  10/ 9/14 THERM   C   9 H  18     0     0 G 7
 C9H17_1_1    4.58   112.35    46.89   59.43   70.61   80.05   94.85  105.73  122.38  10/ 9/14 THERM   C   9 H  17     0     0 G 7
 C9H19OH_1  -93.59   127.67    53.44   67.72   80.41   91.18  108.02  120.37     .00  10/ 9/14 THERM   C   9 H  20 O   1     0 G 9
 C9H19OH_2 -100.39   124.61    54.43   68.90   81.59   92.19  108.82  121.00     .00  10/ 9/14 THERM   C   9 H  20 O   1     0 G 9
 C9H19OH_4  -97.96   125.68    53.94   68.40   81.36   91.92  108.67  120.87  140.03  10/ 9/14 THERM   C   9 H  20 O   1     0 G 9
 C9H19O_4_  -46.00   124.22    52.96   67.10   79.75   90.03  106.29  118.07  136.44  10/ 9/14 THERM   C   9 H  19 O   1     0 G 8
 C9H19OOH_  -77.49   136.34    58.25   73.25   86.36   97.45  114.47  127.17     .00  10/ 9/14 THERM   C   9 H  20 O   2     0 G10
 C9H19OO_1  -43.29   136.56    56.20   70.41   82.81   93.36  109.75  122.20     .00  10/ 9/14 THERM   C   9 H  19 O   2     0 G 9
 C9H19OOH_  -84.29   133.28    59.24   74.43   87.54   98.46  115.27  127.80     .00  10/ 9/14 THERM   C   9 H  20 O   2     0 G10
 C9H19OO_2  -50.09   133.50    57.19   71.59   83.99   94.37  110.55  122.83     .00  10/ 9/14 THERM   C   9 H  19 O   2     0 G 9
 C9H19OOH_  -81.86   134.35    58.75   73.93   87.31   98.19  115.12  127.67     .00  10/ 9/14 THERM   C   9 H  20 O   2     0 G10
 C9H19OO_3  -47.66   134.57    56.70   71.09   83.76   94.10  110.40  122.70     .00  10/ 9/14 THERM   C   9 H  19 O   2     0 G 9
 C9H19OOH_  -81.86   134.35    58.75   73.93   87.31   98.19  115.12  127.67     .00  10/ 9/14 THERM   C   9 H  20 O   2     0 G10
 C9H19OO_4  -47.66   134.57    56.70   71.09   83.76   94.10  110.40  122.70     .00  10/ 9/14 THERM   C   9 H  19 O   2     0 G 9
 C9H19OOH_  -77.49   136.34    58.25   73.25   86.36   97.45  114.47  127.17     .00  10/ 9/14 THERM   C   9 H  20 O   2     0 G10
 C9H19OOH_  -84.29   133.28    59.24   74.43   87.54   98.46  115.27  127.80     .00  10/ 9/14 THERM   C   9 H  20 O   2     0 G10
 C9H19OOH_  -81.86   134.35    58.75   73.93   87.31   98.19  115.12  127.67     .00  10/ 9/14 THERM   C   9 H  20 O   2     0 G10
 C9H19OOH_  -81.86   134.35    58.75   73.93   87.31   98.19  115.12  127.67     .00  10/ 9/14 THERM   C   9 H  20 O   2     0 G10
 C9OOH_1_2   49.00    -1.76     -.77   -1.36   -1.91   -2.40   -3.16   -3.74     .00  10/ 9/14 THERM   C   9 H  19 O   2     0 G10
 C9H19OOH_  -77.49   136.34    58.25   73.25   86.36   97.45  114.47  127.17     .00  10/ 9/14 THERM   C   9 H  20 O   2     0 G10
 C9OOH_1_2  -33.09   141.58    57.47   70.77   82.81   93.30  109.72  122.15     .00  10/ 9/14 THERM   C   9 H  19 O   2     0 G10
 C9H19OOH_  -77.49   136.34    58.25   73.25   86.36   97.45  114.47  127.17     .00  10/ 9/14 THERM   C   9 H  20 O   2     0 G10
 C9OOH_1_2  -31.14   140.78    56.75   70.92   83.26   94.06  110.72  122.72     .00  10/ 9/14 THERM   C   9 H  19 O   2     0 G10
 C9H19OOH_  -84.29   133.28    59.24   74.43   87.54   98.46  115.27  127.80     .00  10/ 9/14 THERM   C   9 H  20 O   2     0 G10
 C9OOH_2_2  -35.29   138.07    58.47   73.07   85.63   96.06  112.11  124.06     .00  10/ 9/14 THERM   C   9 H  19 O   2     0 G10
 C9H19OOH_  -84.29   133.28    59.24   74.43   87.54   98.46  115.27  127.80     .00  10/ 9/14 THERM   C   9 H  20 O   2     0 G10
 C9OOH_2_2  -37.94   137.72    57.74   72.10   84.44   95.07  111.52  123.35     .00  10/ 9/14 THERM   C   9 H  19 O   2     0 G10
 C9H19OOH_  -84.29   133.28    59.24   74.43   87.54   98.46  115.27  127.80     .00  10/ 9/14 THERM   C   9 H  20 O   2     0 G10
 C9OOH_2_2  -39.89   138.52    58.46   71.95   83.99   94.31  110.52  122.78     .00  10/ 9/14 THERM   C   9 H  19 O   2     0 G10
 C15H32     -88.81   170.86    83.07  105.85  126.26  143.55  170.52  190.38  220.84  10/ 9/14 THERM   C  15 H  32     0     0 G14
 C15H31_A   -39.81   175.66    82.30  104.49  124.35  141.15  167.36  186.64  216.18  10/ 9/14 THERM   C  15 H  31     0     0 G14
 C15H32     -88.81   170.86    83.07  105.85  126.26  143.55  170.52  190.38  220.84  10/ 9/14 THERM   C  15 H  32     0     0 G14
 C15H31_B   -44.41   176.11    82.29  103.37  122.71  139.40  165.77  185.36  215.45  10/ 9/14 THERM   C  15 H  31     0     0 G14
 C15H32     -88.81   170.86    83.07  105.85  126.26  143.55  170.52  190.38  220.84  10/ 9/14 THERM   C  15 H  32     0     0 G14
 C15H31_C   -42.46   175.31    81.57  103.52  123.16  140.16  166.77  185.93  215.64  10/ 9/14 THERM   C  15 H  31     0     0 G14
 C15H32     -88.81   170.86    83.07  105.85  126.26  143.55  170.52  190.38  220.84  10/ 9/14 THERM   C  15 H  32     0     0 G14
 C15H31_D   -42.46   175.31    81.57  103.52  123.16  140.16  166.77  185.93  215.64  10/ 9/14 THERM   C  15 H  31     0     0 G14
 C15H32     -88.81   170.86    83.07  105.85  126.26  143.55  170.52  190.38  220.84  10/ 9/14 THERM   C  15 H  32     0     0 G14
 C15H31_E   -42.46   175.31    81.57  103.52  123.16  140.16  166.77  185.93  215.64  10/ 9/14 THERM   C  15 H  31     0     0 G14
 C15H32     -88.81   170.86    83.07  105.85  126.26  143.55  170.52  190.38  220.84  10/ 9/14 THERM   C  15 H  32     0     0 G14
 C15H31_G   -39.81   175.66    82.30  104.49  124.35  141.15  167.36  186.64  216.18  10/ 9/14 THERM   C  15 H  31     0     0 G14
 C15H32     -88.81   170.86    83.07  105.85  126.26  143.55  170.52  190.38  220.84  10/ 9/14 THERM   C  15 H  32     0     0 G14
 C15H31_H   -42.46   175.31    81.57  103.52  123.16  140.16  166.77  185.93  215.64  10/ 9/14 THERM   C  15 H  31     0     0 G14
 C15H32     -88.81   170.86    83.07  105.85  126.26  143.55  170.52  190.38  220.84  10/ 9/14 THERM   C  15 H  32     0     0 G14
 C15H31_I   -42.46   175.31    81.57  103.52  123.16  140.16  166.77  185.93  215.64  10/ 9/14 THERM   C  15 H  31     0     0 G14
 C15H32     -88.81   170.86    83.07  105.85  126.26  143.55  170.52  190.38  220.84  10/ 9/14 THERM   C  15 H  32     0     0 G14
 C15H31_J   -42.46   175.31    81.57  103.52  123.16  140.16  166.77  185.93  215.64  10/ 9/14 THERM   C  15 H  31     0     0 G14
 C15H32     -88.81   170.86    83.07  105.85  126.26  143.55  170.52  190.38  220.84  10/ 9/14 THERM   C  15 H  32     0     0 G14
 C15H31_K   -44.41   176.11    82.29  103.37  122.71  139.40  165.77  185.36  215.45  10/ 9/14 THERM   C  15 H  31     0     0 G14
 C15H32     -88.81   170.86    83.07  105.85  126.26  143.55  170.52  190.38  220.84  10/ 9/14 THERM   C  15 H  32     0     0 G14
 C15H31_L   -39.81   175.66    82.30  104.49  124.35  141.15  167.36  186.64  216.18  10/ 9/14 THERM   C  15 H  31     0     0 G14
 C15H32     -88.81   170.86    83.07  105.85  126.26  143.55  170.52  190.38  220.84  10/ 9/14 THERM   C  15 H  32     0     0 G14
 C15H31_M   -42.46   175.31    81.57  103.52  123.16  140.16  166.77  185.93  215.64  10/ 9/14 THERM   C  15 H  31     0     0 G14
