 autoOut                                                               
 SPECIES       Hf       S    Cp 300     400     500     600     800     1000     1500     DATE        ELEMENTS
 KET85     -139.42   194.32    91.89  115.60  136.34  153.13  179.73  199.12     .00  10/ 9/14 THERM   C  15 H  30 O   3     0 G16
 KET86     -139.05   191.72    92.42  116.04  136.58  153.82  180.45  199.83     .00  10/ 9/14 THERM   C  15 H  30 O   3     0 G16
 KET89     -137.95   194.04    90.86  115.03  136.24  153.42  180.13  199.66     .00  10/ 9/14 THERM   C  15 H  30 O   3     0 G16
 KET810    -139.42   194.32    91.89  115.60  136.34  153.13  179.73  199.12     .00  10/ 9/14 THERM   C  15 H  30 O   3     0 G16
 KET812    -135.05   196.32    91.39  114.92  135.39  152.39  179.08  198.62     .00  10/ 9/14 THERM   C  15 H  30 O   3     0 G16
 KET813    -139.42   194.32    91.89  115.60  136.34  153.13  179.73  199.12     .00  10/ 9/14 THERM   C  15 H  30 O   3     0 G16
 KET814    -135.05   196.32    91.39  114.92  135.39  152.39  179.08  198.62     .00  10/ 9/14 THERM   C  15 H  30 O   3     0 G16
 KET93     -139.89   194.13    92.97  116.44  136.62  153.14  179.61  198.84     .00  10/ 9/14 THERM   C  15 H  30 O   3     0 G16
 KET94     -139.89   194.13    92.97  116.44  136.62  153.14  179.61  198.84     .00  10/ 9/14 THERM   C  15 H  30 O   3     0 G16
 KET95     -139.89   194.13    92.97  116.44  136.62  153.14  179.61  198.84     .00  10/ 9/14 THERM   C  15 H  30 O   3     0 G16
 KET96     -142.32   193.06    93.46  116.94  136.85  153.41  179.76  198.97     .00  10/ 9/14 THERM   C  15 H  30 O   3     0 G16
 KET97     -135.52   196.13    92.47  115.76  135.67  152.40  178.96  198.34     .00  10/ 9/14 THERM   C  15 H  30 O   3     0 G16
 KET98     -138.42   193.85    91.94  115.87  136.52  153.43  180.01  199.38     .00  10/ 9/14 THERM   C  15 H  30 O   3     0 G16
 KET910    -138.42   193.85    91.94  115.87  136.52  153.43  180.01  199.38     .00  10/ 9/14 THERM   C  15 H  30 O   3     0 G16
 KET911    -142.32   193.06    93.46  116.94  136.85  153.41  179.76  198.97     .00  10/ 9/14 THERM   C  15 H  30 O   3     0 G16
 KET912    -135.52   196.13    92.47  115.76  135.67  152.40  178.96  198.34     .00  10/ 9/14 THERM   C  15 H  30 O   3     0 G16
 KET913    -139.89   194.13    92.97  116.44  136.62  153.14  179.61  198.84     .00  10/ 9/14 THERM   C  15 H  30 O   3     0 G16
 KET914    -135.52   196.13    92.47  115.76  135.67  152.40  178.96  198.34     .00  10/ 9/14 THERM   C  15 H  30 O   3     0 G16
 KET104    -139.42   194.32    91.89  115.60  136.34  153.13  179.73  199.12     .00  10/ 9/14 THERM   C  15 H  30 O   3     0 G16
 KET105    -139.42   194.32    91.89  115.60  136.34  153.13  179.73  199.12     .00  10/ 9/14 THERM   C  15 H  30 O   3     0 G16
 KET106    -141.85   193.25    92.38  116.10  136.57  153.40  179.88  199.25     .00  10/ 9/14 THERM   C  15 H  30 O   3     0 G16
 KET107    -135.05   196.32    91.39  114.92  135.39  152.39  179.08  198.62     .00  10/ 9/14 THERM   C  15 H  30 O   3     0 G16
 KET108    -139.42   194.32    91.89  115.60  136.34  153.13  179.73  199.12     .00  10/ 9/14 THERM   C  15 H  30 O   3     0 G16
 KET109    -137.95   194.04    90.86  115.03  136.24  153.42  180.13  199.66     .00  10/ 9/14 THERM   C  15 H  30 O   3     0 G16
 KET1011   -139.05   191.72    92.42  116.04  136.58  153.82  180.45  199.83     .00  10/ 9/14 THERM   C  15 H  30 O   3     0 G16
 KET1012   -135.05   196.32    91.39  114.92  135.39  152.39  179.08  198.62     .00  10/ 9/14 THERM   C  15 H  30 O   3     0 G16
 KET1013   -139.42   194.32    91.89  115.60  136.34  153.13  179.73  199.12     .00  10/ 9/14 THERM   C  15 H  30 O   3     0 G16
 KET1014   -135.05   196.32    91.39  114.92  135.39  152.39  179.08  198.62     .00  10/ 9/14 THERM   C  15 H  30 O   3     0 G16
 KET126    -134.01   194.16    92.43  116.01  136.70  153.73  180.21  199.55     .00  10/ 9/14 THERM   C  15 H  30 O   3     0 G16
 KET128    -131.58   195.23    91.94  115.51  136.47  153.46  180.06  199.42     .00  10/ 9/14 THERM   C  15 H  30 O   3     0 G16
 KET129    -131.58   195.23    91.94  115.51  136.47  153.46  180.06  199.42     .00  10/ 9/14 THERM   C  15 H  30 O   3     0 G16
 KET1211   -131.21   192.63    92.47  115.95  136.71  154.15  180.78  200.13     .00  10/ 9/14 THERM   C  15 H  30 O   3     0 G16
 KET1213   -131.58   195.23    91.94  115.51  136.47  153.46  180.06  199.42     .00  10/ 9/14 THERM   C  15 H  30 O   3     0 G16
 KET1214   -127.21   197.22    91.44  114.83  135.52  152.72  179.41  198.92     .00  10/ 9/14 THERM   C  15 H  30 O   3     0 G16
 KET136    -141.85   193.25    92.38  116.10  136.57  153.40  179.88  199.25     .00  10/ 9/14 THERM   C  15 H  30 O   3     0 G16
 KET138    -139.42   194.32    91.89  115.60  136.34  153.13  179.73  199.12     .00  10/ 9/14 THERM   C  15 H  30 O   3     0 G16
 KET139    -139.42   194.32    91.89  115.60  136.34  153.13  179.73  199.12     .00  10/ 9/14 THERM   C  15 H  30 O   3     0 G16
 KET1310   -139.42   194.32    91.89  115.60  136.34  153.13  179.73  199.12     .00  10/ 9/14 THERM   C  15 H  30 O   3     0 G16
 KET1311   -139.05   191.72    92.42  116.04  136.58  153.82  180.45  199.83     .00  10/ 9/14 THERM   C  15 H  30 O   3     0 G16
 KET1312   -135.05   196.32    91.39  114.92  135.39  152.39  179.08  198.62     .00  10/ 9/14 THERM   C  15 H  30 O   3     0 G16
 KET1314   -131.65   196.51    88.65  114.06  135.17  152.61  179.55  199.08     .00  10/ 9/14 THERM   C  15 H  30 O   3     0 G16
 KET148    -132.05   195.04    93.02  116.35  136.75  153.47  179.94  199.14     .00  10/ 9/14 THERM   C  15 H  30 O   3     0 G16
 KET149    -132.05   195.04    93.02  116.35  136.75  153.47  179.94  199.14     .00  10/ 9/14 THERM   C  15 H  30 O   3     0 G16
 KET1410   -132.05   195.04    93.02  116.35  136.75  153.47  179.94  199.14     .00  10/ 9/14 THERM   C  15 H  30 O   3     0 G16
 KET1411   -134.48   193.97    93.51  116.85  136.98  153.74  180.09  199.27     .00  10/ 9/14 THERM   C  15 H  30 O   3     0 G16
 KET1412   -127.68   197.03    92.52  115.67  135.80  152.73  179.29  198.64     .00  10/ 9/14 THERM   C  15 H  30 O   3     0 G16
 KET1413   -130.58   196.94    91.99  115.78  136.65  153.76  180.34  199.68     .00  10/ 9/14 THERM   C  15 H  30 O   3     0 G16
 C7H16_3    -46.49   100.87    39.61   50.37   60.12   68.47   81.58   91.38  106.52  10/ 9/14 THERM   C   7 H  16     0     0 G 6
 C7H15_3A     2.51   105.66    38.84   49.01   58.21   66.07   78.42   87.64  101.86  10/ 9/14 THERM   C   7 H  15     0     0 G 6
 C7H16_3    -46.49   100.87    39.61   50.37   60.12   68.47   81.58   91.38  106.52  10/ 9/14 THERM   C   7 H  16     0     0 G 6
 C7H15_3F     2.51   105.66    38.84   49.01   58.21   66.07   78.42   87.64  101.86  10/ 9/14 THERM   C   7 H  15     0     0 G 6
 C8H18_4    -51.42   108.91    45.11   57.32   68.37   77.82   92.65  103.72  120.72  10/ 9/14 THERM   C   8 H  18     0     0 G 7
 C8H17_4A    -2.42   115.08    44.34   55.96   66.46   75.42   89.49   99.98  116.06  10/ 9/14 THERM   C   8 H  17     0     0 G 7
 C8H18_3    -51.42   110.29    45.11   57.32   68.37   77.82   92.65  103.72  120.72  10/ 9/14 THERM   C   8 H  18     0     0 G 7
 C8H17_3G    -2.42   115.08    44.34   55.96   66.46   75.42   89.49   99.98  116.06  10/ 9/14 THERM   C   8 H  17     0     0 G 7
 C8H18_3    -51.42   110.29    45.11   57.32   68.37   77.82   92.65  103.72  120.72  10/ 9/14 THERM   C   8 H  18     0     0 G 7
 C8H17_3A    -2.42   115.08    44.34   55.96   66.46   75.42   89.49   99.98  116.06  10/ 9/14 THERM   C   8 H  17     0     0 G 7
 C9H20_3    -56.35   119.71    50.61   64.27   76.62   87.17  103.72  116.06  134.92  10/ 9/14 THERM   C   9 H  20     0     0 G 8
 C9H19_3H   -10.00   124.15    49.11   61.94   73.52   83.78   99.97  111.61  129.72  10/ 9/14 THERM   C   9 H  19     0     0 G 8
 C9H20_3    -56.35   119.71    50.61   64.27   76.62   87.17  103.72  116.06  134.92  10/ 9/14 THERM   C   9 H  20     0     0 G 8
 C9H19_3A    -7.35   124.50    49.84   62.91   74.71   84.77  100.56  112.32  130.26  10/ 9/14 THERM   C   9 H  19     0     0 G 8
 C9H20_2    -56.35   119.71    50.61   64.27   76.62   87.17  103.72  116.06  134.92  10/ 9/14 THERM   C   9 H  20     0     0 G 8
 C9H19_2H    -7.35   124.50    49.84   62.91   74.71   84.77  100.56  112.32  130.26  10/ 9/14 THERM   C   9 H  19     0     0 G 8
 C10H22_26  -62.72   126.45    55.84   71.16   84.94   96.66  114.98  128.54  149.48  10/ 9/14 THERM   C  10 H  22     0     0 G 9
 C10H2126A  -13.72   131.24    55.07   69.80   83.03   94.26  111.82  124.80  144.82  10/ 9/14 THERM   C  10 H  21     0     0 G 9
 C10H22_26  -62.72   126.45    55.84   71.16   84.94   96.66  114.98  128.54  149.48  10/ 9/14 THERM   C  10 H  22     0     0 G 9
 C10H2126I  -13.72   131.24    55.07   69.80   83.03   94.26  111.82  124.80  144.82  10/ 9/14 THERM   C  10 H  21     0     0 G 9
 C10H22_4   -61.28   129.13    56.11   71.22   84.87   96.52  114.79  128.40  149.12  10/ 9/14 THERM   C  10 H  22     0     0 G 9
 C10H21_4A  -12.28   133.92    55.34   69.86   82.96   94.12  111.63  124.66  144.46  10/ 9/14 THERM   C  10 H  21     0     0 G 9
 C10H22_3   -61.28   129.13    56.11   71.22   84.87   96.52  114.79  128.40  149.12  10/ 9/14 THERM   C  10 H  22     0     0 G 9
 C10H21_3J  -12.28   133.92    55.34   69.86   82.96   94.12  111.63  124.66  144.46  10/ 9/14 THERM   C  10 H  21     0     0 G 9
 C10H22_3   -61.28   129.13    56.11   71.22   84.87   96.52  114.79  128.40  149.12  10/ 9/14 THERM   C  10 H  22     0     0 G 9
 C10H21_3A  -12.28   133.92    55.34   69.86   82.96   94.12  111.63  124.66  144.46  10/ 9/14 THERM   C  10 H  21     0     0 G 9
 C11H24_37  -67.65   134.49    61.34   78.11   93.19  106.01  126.05  140.88  163.68  10/ 9/14 THERM   C  11 H  24     0     0 G10
 C11H2337A  -18.65   140.66    60.57   76.75   91.28  103.61  122.89  137.14  159.02  10/ 9/14 THERM   C  11 H  23     0     0 G10
 C11H24_26  -67.65   135.87    61.34   78.11   93.19  106.01  126.05  140.88  163.68  10/ 9/14 THERM   C  11 H  24     0     0 G10
 C11H2326J  -18.65   140.66    60.57   76.75   91.28  103.61  122.89  137.14  159.02  10/ 9/14 THERM   C  11 H  23     0     0 G10
 C12H26_37  -72.58   145.29    66.84   85.06  101.44  115.36  137.12  153.22  177.88  10/ 9/14 THERM   C  12 H  26     0     0 G11
 C12H2537L  -23.58   150.08    66.07   83.70   99.53  112.96  133.96  149.48  173.22  10/ 9/14 THERM   C  12 H  25     0     0 G11
 C13H27_26  -77.51   154.71    72.34   92.01  109.69  124.71  148.19  165.56  192.08  10/ 9/14 THERM   C  13 H  28     0     0 G12
 C13H2726K  -31.16   159.15    70.84   89.68  106.59  121.32  144.44  161.11  186.88  10/ 9/14 THERM   C  13 H  27     0     0 G12
 C14H30_37  -82.44   164.13    77.84   98.96  117.94  134.06  159.26  177.90  206.28  10/ 9/14 THERM   C  14 H  30     0     0 G13
 C14H2937M  -36.09   168.57    76.34   96.63  114.84  130.67  155.51  173.45  201.08  10/ 9/14 THERM   C  14 H  29     0     0 G13
 C14H30210  -82.44   164.13    77.84   98.96  117.94  134.06  159.26  177.90  206.28  10/ 9/14 THERM   C  14 H  30     0     0 G13
 C14_210F   -36.09   168.57    76.34   96.63  114.84  130.67  155.51  173.45  201.08  10/ 9/14 THERM   C  14 H  29     0     0 G13
 C14H30_26  -82.44   164.13    77.84   98.96  117.94  134.06  159.26  177.90  206.28  10/ 9/14 THERM   C  14 H  30     0     0 G13
 C14H2926K  -36.09   168.57    76.34   96.63  114.84  130.67  155.51  173.45  201.08  10/ 9/14 THERM   C  14 H  29     0     0 G13
 C14_2610   -83.88   160.07    77.57   98.90  118.01  134.20  159.45  178.04  206.64  10/ 9/14 THERM   C  14 H  30     0     0 G13
 C14_2610A  -34.88   166.24    76.80   97.54  116.10  131.80  156.29  174.30  201.98  10/ 9/14 THERM   C  14 H  29     0     0 G13
 C7H14_5_3  -16.34    99.18    36.80   46.88   55.86   63.47   75.36   84.13   97.71  10/ 9/14 THERM   C   7 H  14     0     0 G 5
 C8H16_6_3  -21.27   108.60    42.30   53.83   64.11   72.82   86.43   96.47  111.91  10/ 9/14 THERM   C   8 H  16     0     0 G 6
 C8H16_1_3  -21.02   108.60    42.30   53.83   64.21   72.82   86.43   96.47  111.85  10/ 9/14 THERM   C   8 H  16     0     0 G 6
 C8H16_1_4  -21.27   108.60    42.30   53.83   64.11   72.82   86.43   96.47  111.91  10/ 9/14 THERM   C   8 H  16     0     0 G 6
 C9H18_1_6  -26.20   118.02    47.80   60.78   72.36   82.17   97.50  108.81  126.11  10/ 9/14 THERM   C   9 H  18     0     0 G 7
 C9H18_2_6  -29.14   117.19    47.55   60.34   71.81   81.61   97.03  108.42  125.92  10/ 9/14 THERM   C   9 H  18     0     0 G 7
 C9H18_1_3  -25.95   118.02    47.80   60.78   72.46   82.17   97.50  108.81  126.05  10/ 9/14 THERM   C   9 H  18     0     0 G 7
 C9H18_1_2  -27.48   118.84    48.70   61.31   72.62   82.23   97.41  108.73  125.87  10/ 9/14 THERM   C   9 H  18     0     0 G 7
 C9H18_1_5  -26.20   118.02    47.80   60.78   72.36   82.17   97.50  108.81  126.11  10/ 9/14 THERM   C   9 H  18     0     0 G 7
 C9H18_1    -24.76   120.71    48.07   60.84   72.29   82.03   97.31  108.67  125.75  10/ 9/14 THERM   C   9 H  18     0     0 G 7
 C9H18_2    -27.70   119.87    47.82   60.40   71.74   81.47   96.84  108.28  125.56  10/ 9/14 THERM   C   9 H  18     0     0 G 7
 C9H18_1_4  -26.20   118.02    47.80   60.78   72.36   82.17   97.50  108.81  126.11  10/ 9/14 THERM   C   9 H  18     0     0 G 7
 C9H18_1_7  -26.20   118.02    47.80   60.78   72.36   82.17   97.50  108.81  126.11  10/ 9/14 THERM   C   9 H  18     0     0 G 7
 C10H20126  -33.85   125.58    53.93   68.20   80.94   91.72  108.67  121.21  140.43  10/ 9/14 THERM   C  10 H  20     0     0 G 8
 C10H20137  -32.32   124.76    53.03   67.67   80.78   91.66  108.76  121.29  140.61  10/ 9/14 THERM   C  10 H  20     0     0 G 8
 C10H2014   -31.13   127.44    53.30   67.73   80.61   91.52  108.57  121.15  140.31  10/ 9/14 THERM   C  10 H  20     0     0 G 8
 C10H2013   -30.88   127.44    53.30   67.73   80.71   91.52  108.57  121.15  140.25  10/ 9/14 THERM   C  10 H  20     0     0 G 8
 C10H2017   -31.13   127.44    53.30   67.73   80.61   91.52  108.57  121.15  140.31  10/ 9/14 THERM   C  10 H  20     0     0 G 8
 C10H2016   -31.13   127.44    53.30   67.73   80.61   91.52  108.57  121.15  140.31  10/ 9/14 THERM   C  10 H  20     0     0 G 8
 C10H2026   -34.07   126.61    53.05   67.29   80.06   90.96  108.10  120.76  140.12  10/ 9/14 THERM   C  10 H  20     0     0 G 8
 C10H2018   -31.13   127.44    53.30   67.73   80.61   91.52  108.57  121.15  140.31  10/ 9/14 THERM   C  10 H  20     0     0 G 8
 C11H22137  -37.25   134.18    58.53   74.62   89.03  101.01  119.83  133.63  154.81  10/ 9/14 THERM   C  11 H  22     0     0 G 9
 C11H22148  -37.50   134.18    58.53   74.62   88.93  101.01  119.83  133.63  154.87  10/ 9/14 THERM   C  11 H  22     0     0 G 9
 C11H2214   -36.06   136.86    58.80   74.68   88.86  100.87  119.64  133.49  154.51  10/ 9/14 THERM   C  11 H  22     0     0 G 9
 C11H2218   -36.06   136.86    58.80   74.68   88.86  100.87  119.64  133.49  154.51  10/ 9/14 THERM   C  11 H  22     0     0 G 9
 C12H24148  -42.43   143.60    64.03   81.57   97.18  110.36  130.90  145.97  169.07  10/ 9/14 THERM   C  12 H  24     0     0 G10
 C12H2426   -43.93   145.45    64.05   81.19   96.56  109.66  130.24  145.44  168.52  10/ 9/14 THERM   C  12 H  24     0     0 G10
 C12H2416   -40.99   146.28    64.30   81.63   97.11  110.22  130.71  145.83  168.71  10/ 9/14 THERM   C  12 H  24     0     0 G10
 C12H24159  -42.43   143.60    64.03   81.57   97.18  110.36  130.90  145.97  169.07  10/ 9/14 THERM   C  12 H  24     0     0 G10
 C12H24210  -43.93   145.45    64.05   81.19   96.56  109.66  130.24  145.44  168.52  10/ 9/14 THERM   C  12 H  24     0     0 G10
 C12H24110  -40.99   146.28    64.30   81.63   97.11  110.22  130.71  145.83  168.71  10/ 9/14 THERM   C  12 H  24     0     0 G10
 C13H262    -50.30   152.19    69.28   88.08  104.88  119.15  141.50  157.92  183.08  10/ 9/14 THERM   C  13 H  26     0     0 G11
 C13H261    -47.36   153.02    69.53   88.52  105.43  119.71  141.97  158.31  183.27  10/ 9/14 THERM   C  13 H  26     0     0 G11
 C14H281    -52.29   162.44    75.03   95.47  113.68  129.06  153.04  170.65  197.47  10/ 9/14 THERM   C  14 H  28     0     0 G12
 C14H285    -55.06   161.99    74.40   94.94  113.20  128.64  152.72  170.40  197.44  10/ 9/14 THERM   C  14 H  28     0     0 G12
 C14H286    -55.06   161.99    74.40   94.94  113.20  128.64  152.72  170.40  197.44  10/ 9/14 THERM   C  14 H  28     0     0 G12
 C14H283    -55.06   161.99    74.40   94.94  113.20  128.64  152.72  170.40  197.44  10/ 9/14 THERM   C  14 H  28     0     0 G12
 C14H281    -55.01   160.58    75.66   95.94  114.01  129.26  153.14  170.71  197.59  10/ 9/14 THERM   C  14 H  28     0     0 G12
 C14H282    -55.23   161.61    74.78   95.03  113.13  128.50  152.57  170.26  197.28  10/ 9/14 THERM   C  14 H  28     0     0 G12
 C14H282    -55.23   161.61    74.78   95.03  113.13  128.50  152.57  170.26  197.28  10/ 9/14 THERM   C  14 H  28     0     0 G12
 C7H14_1_3  -16.09    99.18    36.80   46.88   55.96   63.47   75.36   84.13   97.65  10/ 9/14 THERM   C   7 H  14     0     0 G 5
 C7H1313     17.41    95.37    35.26   45.06   53.88   61.15   72.61   80.99   93.80  10/ 9/14 THERM   C   7 H  13     0     0 G 5
 C8H16_1_4  -21.27   108.60    42.30   53.83   64.11   72.82   86.43   96.47  111.91  10/ 9/14 THERM   C   8 H  16     0     0 G 6
 C8H151_14   12.23   104.79    40.76   52.01   62.03   70.50   83.68   93.33  108.06  10/ 9/14 THERM   C   8 H  15     0     0 G 6
 C8H16_1_3  -21.02   108.60    42.30   53.83   64.21   72.82   86.43   96.47  111.85  10/ 9/14 THERM   C   8 H  16     0     0 G 6
 C8H1513     12.48   104.79    40.76   52.01   62.13   70.50   83.68   93.33  108.00  10/ 9/14 THERM   C   8 H  15     0     0 G 6
 C9H181_26  -28.92   116.16    48.43   61.25   72.69   82.37   97.60  108.87  126.23  10/ 9/14 THERM   C   9 H  18     0     0 G 7
 C9H171126    4.58   112.35    46.89   59.43   70.61   80.05   94.85  105.73  122.38  10/ 9/14 THERM   C   9 H  17     0     0 G 7
 C9H18_1_3  -25.95   118.02    47.80   60.78   72.46   82.17   97.50  108.81  126.05  10/ 9/14 THERM   C   9 H  18     0     0 G 7
 C9H17113     7.55   114.21    46.26   58.96   70.38   79.85   94.75  105.67  122.20  10/ 9/14 THERM   C   9 H  17     0     0 G 7
 C9H18_1_2  -27.48   118.84    48.70   61.31   72.62   82.23   97.41  108.73  125.87  10/ 9/14 THERM   C   9 H  18     0     0 G 7
 C9H17112     6.02   115.03    47.16   59.49   70.54   79.91   94.66  105.59  122.02  10/ 9/14 THERM   C   9 H  17     0     0 G 7
 C9H18_1_4  -26.20   118.02    47.80   60.78   72.36   82.17   97.50  108.81  126.11  10/ 9/14 THERM   C   9 H  18     0     0 G 7
 C9H17114     7.30   114.21    46.26   58.96   70.28   79.85   94.75  105.67  122.26  10/ 9/14 THERM   C   9 H  17     0     0 G 7
 C9H18_1    -24.76   120.71    48.07   60.84   72.29   82.03   97.31  108.67  125.75  10/ 9/14 THERM   C   9 H  18     0     0 G 7
 C9H1711      8.74   116.90    46.53   59.02   70.21   79.71   94.56  105.53  121.90  10/ 9/14 THERM   C   9 H  17     0     0 G 7
 C10H191     33.50   -10.36    -1.54   -1.82   -2.08   -2.32   -2.75   -3.14     .00  10/ 9/14 THERM   C  10 H  19     0     0 G 8
 C10H2014   -31.13   127.44    53.30   67.73   80.61   91.52  108.57  121.15  140.31  10/ 9/14 THERM   C  10 H  20     0     0 G 8
 C10H19114    2.37   123.63    51.76   65.91   78.53   89.20  105.82  118.01  136.46  10/ 9/14 THERM   C  10 H  19     0     0 G 8
 C10H2013   -30.88   127.44    53.30   67.73   80.71   91.52  108.57  121.15  140.25  10/ 9/14 THERM   C  10 H  20     0     0 G 8
 C10H19113    2.62   123.63    51.76   65.91   78.63   89.20  105.82  118.01  136.40  10/ 9/14 THERM   C  10 H  19     0     0 G 8
 C10H2012   -31.13   127.44    53.30   67.73   80.61   91.52  108.57  121.15  140.31  10/ 9/14 THERM   C  10 H  20     0     0 G 8
 C10H19112    2.37   123.63    51.76   65.91   78.53   89.20  105.82  118.01  136.46  10/ 9/14 THERM   C  10 H  19     0     0 G 8
 C11H22137  -37.25   134.18    58.53   74.62   89.03  101.01  119.83  133.63  154.81  10/ 9/14 THERM   C  11 H  22     0     0 G 9
 C11H211     -3.75   130.37    56.99   72.80   86.95   98.69  117.08  130.49  150.96  10/ 9/14 THERM   C  11 H  21     0     0 G 9
 C11H22126  -38.78   135.00    59.43   75.15   89.19  101.07  119.74  133.55  154.63  10/ 9/14 THERM   C  11 H  22     0     0 G 9
 C11H211     -5.28   131.19    57.89   73.33   87.11   98.75  116.99  130.41  150.78  10/ 9/14 THERM   C  11 H  21     0     0 G 9
 C11H2214   -36.06   136.86    58.80   74.68   88.86  100.87  119.64  133.49  154.51  10/ 9/14 THERM   C  11 H  22     0     0 G 9
 C11H21114   -2.56   133.05    57.26   72.86   86.78   98.55  116.89  130.35  150.66  10/ 9/14 THERM   C  11 H  21     0     0 G 9
 C11H2213   -35.81   136.86    58.80   74.68   88.96  100.87  119.64  133.49  154.45  10/ 9/14 THERM   C  11 H  22     0     0 G 9
 C11H21113   -2.31   133.05    57.26   72.86   86.88   98.55  116.89  130.35  150.60  10/ 9/14 THERM   C  11 H  21     0     0 G 9
 C12H24137  -42.18   143.60    64.03   81.57   97.28  110.36  130.90  145.97  169.01  10/ 9/14 THERM   C  12 H  24     0     0 G10
 C12H231     -8.68   139.79    62.49   79.75   95.20  108.04  128.15  142.83  165.16  10/ 9/14 THERM   C  12 H  23     0     0 G10
 C12H2416   -40.99   146.28    64.30   81.63   97.11  110.22  130.71  145.83  168.71  10/ 9/14 THERM   C  12 H  24     0     0 G10
 C12H23116   -7.49   142.47    62.76   79.81   95.03  107.90  127.96  142.69  164.86  10/ 9/14 THERM   C  12 H  23     0     0 G10
 C12H24126  -43.71   144.42    64.93   82.10   97.44  110.42  130.81  145.89  168.83  10/ 9/14 THERM   C  12 H  24     0     0 G10
 C12H231    -10.21   140.61    63.39   80.28   95.36  108.10  128.06  142.75  164.98  10/ 9/14 THERM   C  12 H  23     0     0 G10
 C12H2412   -42.27   147.10    65.20   82.16   97.37  110.28  130.62  145.75  168.47  10/ 9/14 THERM   C  12 H  24     0     0 G10
 C12H23112   -8.77   143.29    63.66   80.34   95.29  107.96  127.87  142.61  164.62  10/ 9/14 THERM   C  12 H  23     0     0 G10
 C13H26126  -48.64   153.84    70.43   89.05  105.69  119.77  141.88  158.23  183.03  10/ 9/14 THERM   C  13 H  26     0     0 G11
 C13H251    -15.14   150.03    68.89   87.23  103.61  117.45  139.13  155.09  179.18  10/ 9/14 THERM   C  13 H  25     0     0 G11
 C14H281    -55.01   160.58    75.66   95.94  114.01  129.26  153.14  170.71  197.59  10/ 9/14 THERM   C  14 H  28     0     0 G12
 C14H271    -21.51   156.77    74.12   94.12  111.93  126.94  150.39  167.57  193.74  10/ 9/14 THERM   C  14 H  27     0     0 G12
 C14H28137  -52.04   162.44    75.03   95.47  113.78  129.06  153.04  170.65  197.41  10/ 9/14 THERM   C  14 H  28     0     0 G12
 C14H271    -18.54   158.63    73.49   93.65  111.70  126.74  150.29  167.51  193.56  10/ 9/14 THERM   C  14 H  27     0     0 G12
 C14H281    -53.57   163.26    75.93   96.00  113.94  129.12  152.95  170.57  197.23  10/ 9/14 THERM   C  14 H  28     0     0 G12
 C14H271    -20.07   159.45    74.39   94.18  111.86  126.80  150.20  167.43  193.38  10/ 9/14 THERM   C  14 H  27     0     0 G12
 C14H27126  -53.57   163.26    75.93   96.00  113.94  129.12  152.95  170.57  197.23  10/ 9/14 THERM   C  14 H  28     0     0 G12
 C14H271    -20.07   159.45    74.39   94.18  111.86  126.80  150.20  167.43  193.38  10/ 9/14 THERM   C  14 H  27     0     0 G12
 BC4H9CHO   -55.33    89.07    29.07   36.41   43.21   48.80   57.77   64.27     .00  10/ 9/14 THERM   C   5 H  10 O   1     0 G 4
 BC4H8CHO    -6.33    93.87    28.30   35.05   41.30   46.40   54.61   60.53     .00  10/ 9/14 THERM   C   5 H   9 O   1     0 G 4
 IC4H9CHO   -55.80    88.88    30.15   37.25   43.49   48.81   57.65   63.99     .00  10/ 9/14 THERM   C   5 H  10 O   1     0 G 4
 IC4H8CHO    -6.80    93.68    29.38   35.89   41.58   46.41   54.49   60.25     .00  10/ 9/14 THERM   C   5 H   9 O   1     0 G 4
 BC4H7CHO   -31.30    84.44    28.26   35.20   40.98   45.66   52.95   58.04     .00  10/ 9/14 THERM   C   5 H   8 O   1     0 G 3
 BC4H9CHO   -55.33    89.07    29.07   36.41   43.21   48.80   57.77   64.27     .00  10/ 9/14 THERM   C   5 H  10 O   1     0 G 4
 BC4H9CO    -18.28    90.21    28.13   35.04   41.29   46.38   54.47   60.38     .00  10/ 9/14 THERM   C   5 H   9 O   1     0 G 4
 BC4H7CHO   -31.30    84.44    28.26   35.20   40.98   45.66   52.95   58.04     .00  10/ 9/14 THERM   C   5 H   8 O   1     0 G 3
 BC4H7CO      5.75    85.58    27.32   33.83   39.06   43.24   49.65   54.15     .00  10/ 9/14 THERM   C   5 H   7 O   1     0 G 3
 IC3H7COC   -62.78    87.99    28.32   35.75   42.63   48.32   57.41   64.11     .00  10/ 9/14 THERM   C   5 H  10 O   1     0 G 4
 IC3H6COC   -13.78    92.78    27.55   34.39   40.72   45.92   54.25   60.37     .00  10/ 9/14 THERM   C   5 H   9 O   1     0 G 4
 C5H11CHO   -60.73    98.30    35.65   44.20   51.74   58.16   68.72   76.33     .00  10/ 9/14 THERM   C   6 H  12 O   1     0 G 5
 C5H10CHO   -11.73   103.10    34.88   42.84   49.83   55.76   65.56   72.59     .00  10/ 9/14 THERM   C   6 H  11 O   1     0 G 5
 CC5H11CHO  -60.26    97.12    34.57   43.36   51.46   58.15   68.84   76.61     .00  10/ 9/14 THERM   C   6 H  12 O   1     0 G 5
 CC5H10CHO  -11.26   103.29    33.80   42.00   49.55   55.75   65.68   72.87     .00  10/ 9/14 THERM   C   6 H  11 O   1     0 G 5
 C5H11CHO   -60.73    98.30    35.65   44.20   51.74   58.16   68.72   76.33     .00  10/ 9/14 THERM   C   6 H  12 O   1     0 G 5
 C5H11CO_3  -23.68    99.44    34.71   42.83   49.82   55.74   65.42   72.44     .00  10/ 9/14 THERM   C   6 H  11 O   1     0 G 5
 BC4H9COC   -67.71    97.41    33.82   42.70   50.88   57.67   68.48   76.45     .00  10/ 9/14 THERM   C   6 H  12 O   1     0 G 5
 BC4H9COC   -18.71   102.20    33.05   41.34   48.97   55.27   65.32   72.71     .00  10/ 9/14 THERM   C   6 H  11 O   1     0 G 5
 BC4H9COC   -67.71    97.41    33.82   42.70   50.88   57.67   68.48   76.45     .00  10/ 9/14 THERM   C   6 H  12 O   1     0 G 5
 BC4H8COC   -18.71   102.20    33.05   41.34   48.97   55.27   65.32   72.71     .00  10/ 9/14 THERM   C   6 H  11 O   1     0 G 5
 C6H13CHO   -65.66   107.72    41.15   51.15   59.99   67.51   79.79   88.67     .00  10/ 9/14 THERM   C   7 H  14 O   1     0 G 6
 C6H13CO    -28.61   108.86    40.21   49.78   58.07   65.09   76.49   84.78     .00  10/ 9/14 THERM   C   7 H  13 O   1     0 G 6
 C5H11COC   -73.11   106.64    40.40   50.49   59.41   67.03   79.43   88.51     .00  10/ 9/14 THERM   C   7 H  14 O   1     0 G 6
 C5H11COC   -24.11   111.43    39.63   49.13   57.50   64.63   76.27   84.77     .00  10/ 9/14 THERM   C   7 H  13 O   1     0 G 6
 C4H9COC2   -73.03   107.01    40.02   50.40   59.58   67.17   79.58   88.65     .00  10/ 9/14 THERM   C   7 H  14 O   1     0 G 6
 C4H9COC2   -24.03   111.80    39.25   49.04   57.67   64.77   76.42   84.91     .00  10/ 9/14 THERM   C   7 H  13 O   1     0 G 6
 C4H9COC2   -47.05   103.17    37.19   47.01   55.74   62.80   73.88   82.06     .00  10/ 9/14 THERM   C   7 H  12 O   1     0 G 5
 C5H11COC   -70.87   109.32    40.67   50.55   59.34   66.89   79.24   88.37     .00  10/ 9/14 THERM   C   7 H  14 O   1     0 G 6
 C5H10COC   -24.52   113.76    39.17   48.22   56.24   63.50   75.49   83.92     .00  10/ 9/14 THERM   C   7 H  13 O   1     0 G 6
 C7H15CHO   -70.59   117.14    46.65   58.10   68.24   76.86   90.86  101.01     .00  10/ 9/14 THERM   C   8 H  16 O   1     0 G 7
 C7H14CHO   -24.24   121.58    45.15   55.77   65.14   73.47   87.11   96.56     .00  10/ 9/14 THERM   C   8 H  15 O   1     0 G 7
 C6H13COC   -77.24   116.06    45.90   57.44   67.66   76.38   90.50  100.85     .00  10/ 9/14 THERM   C   8 H  16 O   1     0 G 7
 C5H11COC2  -52.45   112.40    43.77   54.80   64.27   72.16   84.83   94.12     .00  10/ 9/14 THERM   C   8 H  14 O   1     0 G 6
 C6H13COC   -77.24   116.06    45.90   57.44   67.66   76.38   90.50  100.85     .00  10/ 9/14 THERM   C   8 H  16 O   1     0 G 7
 C6H12COCA  -28.24   120.85    45.13   56.08   65.75   73.98   87.34   97.11     .00  10/ 9/14 THERM   C   8 H  15 O   1     0 G 7
 C6H13COC   -77.24   116.06    45.90   57.44   67.66   76.38   90.50  100.85     .00  10/ 9/14 THERM   C   8 H  16 O   1     0 G 7
 C6H12COCB  -32.84   121.30    45.12   54.96   64.11   72.23   85.75   95.83     .00  10/ 9/14 THERM   C   8 H  15 O   1     0 G 7
 C6H13COC   -77.24   116.06    45.90   57.44   67.66   76.38   90.50  100.85     .00  10/ 9/14 THERM   C   8 H  16 O   1     0 G 7
 C6H12COCC  -30.89   120.50    44.40   55.11   64.56   72.99   86.75   96.40     .00  10/ 9/14 THERM   C   8 H  15 O   1     0 G 7
 C6H13COC   -77.24   116.06    45.90   57.44   67.66   76.38   90.50  100.85     .00  10/ 9/14 THERM   C   8 H  16 O   1     0 G 7
 C6H12COCD  -30.89   120.50    44.40   55.11   64.56   72.99   86.75   96.40     .00  10/ 9/14 THERM   C   8 H  15 O   1     0 G 7
 C6H13COC   -77.24   116.06    45.90   57.44   67.66   76.38   90.50  100.85     .00  10/ 9/14 THERM   C   8 H  16 O   1     0 G 7
 C6H12COCE  -30.89   120.50    44.40   55.11   64.56   72.99   86.75   96.40     .00  10/ 9/14 THERM   C   8 H  15 O   1     0 G 7
 C8H17CHO   -76.49   124.07    50.80   64.15   76.28   86.34  102.24  113.77     .00  10/ 9/14 THERM   C   9 H  18 O   1     0 G 8
 C8H17CHO3  -75.52   126.56    52.15   65.05   76.49   86.21  101.93  113.35     .00  10/ 9/14 THERM   C   9 H  18 O   1     0 G 8
 C8H17CHO   -76.49   124.07    50.80   64.15   76.28   86.34  102.24  113.77     .00  10/ 9/14 THERM   C   9 H  18 O   1     0 G 8
 C8H16CHO   -27.49   128.86    50.03   62.79   74.37   83.94   99.08  110.03     .00  10/ 9/14 THERM   C   9 H  17 O   1     0 G 8
 C8H15CHO   -52.46   119.43    49.99   62.94   74.05   83.20   97.42  107.54     .00  10/ 9/14 THERM   C   9 H  16 O   1     0 G 7
 C8H15CHO   -52.46   119.43    49.99   62.94   74.05   83.20   97.42  107.54     .00  10/ 9/14 THERM   C   9 H  16 O   1     0 G 7
 C8H15CO    -15.41   120.57    49.05   61.57   72.13   80.78   94.12  103.65     .00  10/ 9/14 THERM   C   9 H  15 O   1     0 G 7
 C8H17CHO   -76.49   124.07    50.80   64.15   76.28   86.34  102.24  113.77     .00  10/ 9/14 THERM   C   9 H  18 O   1     0 G 8
 C8H17CO    -39.44   125.21    49.86   62.78   74.36   83.92   98.94  109.88     .00  10/ 9/14 THERM   C   9 H  17 O   1     0 G 8
 C6H13COC2  -83.36   125.66    52.10   65.14   76.36   85.88  101.60  113.05     .00  10/ 9/14 THERM   C   9 H  18 O   1     0 G 8
 C6H13COC2  -37.01   130.10    50.60   62.81   73.26   82.49   97.85  108.60     .00  10/ 9/14 THERM   C   9 H  17 O   1     0 G 8
 C5H11COC3  -83.36   125.66    52.10   65.14   76.36   85.88  101.60  113.05     .00  10/ 9/14 THERM   C   9 H  18 O   1     0 G 8
 C5H11COC3  -37.01   130.10    50.60   62.81   73.26   82.49   97.85  108.60     .00  10/ 9/14 THERM   C   9 H  17 O   1     0 G 8
 C4H9COC4   -82.89   125.85    51.02   64.30   76.08   85.87  101.72  113.33     .00  10/ 9/14 THERM   C   9 H  18 O   1     0 G 8
 C4H9COC4   -84.80   121.60    51.83   65.08   76.43   86.02  101.79  113.19     .00  10/ 9/14 THERM   C   9 H  18 O   1     0 G 8
 C4H9COC4   -35.80   127.77    51.06   63.72   74.52   83.62   98.63  109.45     .00  10/ 9/14 THERM   C   9 H  17 O   1     0 G 8
 C7H15COC   -82.17   125.48    51.40   64.39   75.91   85.73  101.57  113.19     .00  10/ 9/14 THERM   C   9 H  18 O   1     0 G 8
 C5H11COC3  -84.33   123.17    50.75   64.24   76.15   86.01  101.91  113.47     .00  10/ 9/14 THERM   C   9 H  18 O   1     0 G 8
 C5H11COC3  -35.33   127.96    49.98   62.88   74.24   83.61   98.75  109.73     .00  10/ 9/14 THERM   C   9 H  17 O   1     0 G 8
 C7H15COC   -82.17   125.48    51.40   64.39   75.91   85.73  101.57  113.19     .00  10/ 9/14 THERM   C   9 H  18 O   1     0 G 8
 C7H14COCA  -33.17   130.27    50.63   63.03   74.00   83.33   98.41  109.45     .00  10/ 9/14 THERM   C   9 H  17 O   1     0 G 8
 C7H15COC   -82.17   125.48    51.40   64.39   75.91   85.73  101.57  113.19     .00  10/ 9/14 THERM   C   9 H  18 O   1     0 G 8
 C7H14COCB  -35.82   129.92    49.90   62.06   72.81   82.34   97.82  108.74     .00  10/ 9/14 THERM   C   9 H  17 O   1     0 G 8
 C7H15COC   -82.17   125.48    51.40   64.39   75.91   85.73  101.57  113.19     .00  10/ 9/14 THERM   C   9 H  18 O   1     0 G 8
 C7H14COCC  -37.77   130.72    50.62   61.91   72.36   81.58   96.82  108.17     .00  10/ 9/14 THERM   C   9 H  17 O   1     0 G 8
 C7H15COC   -82.17   125.48    51.40   64.39   75.91   85.73  101.57  113.19     .00  10/ 9/14 THERM   C   9 H  18 O   1     0 G 8
 C7H14COCD  -33.17   130.27    50.63   63.03   74.00   83.33   98.41  109.45     .00  10/ 9/14 THERM   C   9 H  17 O   1     0 G 8
 C7H15COC   -82.17   125.48    51.40   64.39   75.91   85.73  101.57  113.19     .00  10/ 9/14 THERM   C   9 H  18 O   1     0 G 8
 C7H14COCE  -35.82   129.92    49.90   62.06   72.81   82.34   97.82  108.74     .00  10/ 9/14 THERM   C   9 H  17 O   1     0 G 8
 C7H15COC   -82.17   125.48    51.40   64.39   75.91   85.73  101.57  113.19     .00  10/ 9/14 THERM   C   9 H  18 O   1     0 G 8
 C7H14COCF  -35.82   129.92    49.90   62.06   72.81   82.34   97.82  108.74     .00  10/ 9/14 THERM   C   9 H  17 O   1     0 G 8
 C7H15COC   -82.17   125.48    51.40   64.39   75.91   85.73  101.57  113.19     .00  10/ 9/14 THERM   C   9 H  18 O   1     0 G 8
 C7H14COCG  -35.82   129.92    49.90   62.06   72.81   82.34   97.82  108.74     .00  10/ 9/14 THERM   C   9 H  17 O   1     0 G 8
 C7H15COC   -82.17   125.48    51.40   64.39   75.91   85.73  101.57  113.19     .00  10/ 9/14 THERM   C   9 H  18 O   1     0 G 8
 C7H15COC   -33.17   130.27    50.63   63.03   74.00   83.33   98.41  109.45     .00  10/ 9/14 THERM   C   9 H  17 O   1     0 G 8
 C9H19CHO   -81.42   133.49    56.30   71.10   84.53   95.69  113.31  126.11     .00  10/ 9/14 THERM   C  10 H  20 O   1     0 G 9
 C9H19CHO   -81.89   133.30    57.38   71.94   84.81   95.70  113.19  125.83     .00  10/ 9/14 THERM   C  10 H  20 O   1     0 G 9
 C9H19CHO   -81.42   133.49    56.30   71.10   84.53   95.69  113.31  126.11     .00  10/ 9/14 THERM   C  10 H  20 O   1     0 G 9
 C9H18CHO   -32.42   138.28    55.53   69.74   82.62   93.29  110.15  122.37     .00  10/ 9/14 THERM   C  19 H  19 O   1     0 G 9
 C9H19CHO   -81.42   133.49    56.30   71.10   84.53   95.69  113.31  126.11     .00  10/ 9/14 THERM   C  10 H  20 O   1     0 G 9
 C9H18CHO   -32.42   138.28    55.53   69.74   82.62   93.29  110.15  122.37     .00  10/ 9/14 THERM   H  19 O   1     0     0 G 9
 C9H19CHO   -81.42   133.49    56.30   71.10   84.53   95.69  113.31  126.11     .00  10/ 9/14 THERM   C  10 H  20 O   1     0 G 9
 C9H19CO    -44.37   134.63    55.36   69.73   82.61   93.27  110.01  122.22     .00  10/ 9/14 THERM   C  10 H  19 O   1     0 G 9
 C9H19CHO   -81.89   133.30    57.38   71.94   84.81   95.70  113.19  125.83     .00  10/ 9/14 THERM   C  10 H  20 O   1     0 G 9
 C9H19CO    -44.84   134.44    56.44   70.57   82.89   93.28  109.89  121.94     .00  10/ 9/14 THERM   C  10 H  19 O   1     0 G 9
 C6H13COC3  -89.26   132.59    56.25   71.19   84.40   95.36  112.98  125.81     .00  10/ 9/14 THERM   C  10 H  20 O   1     0 G 9
 C6H13COC3  -40.26   137.38    55.48   69.83   82.49   92.96  109.82  122.07     .00  10/ 9/14 THERM   C  10 H  19 O   1     0 G 9
 C8H17COC   -88.87   132.41    55.55   70.44   83.95   95.21  112.95  125.95     .00  10/ 9/14 THERM   C  10 H  20 O   1     0 G 9
 C8H17COC   -39.87   137.20    54.78   69.08   82.04   92.81  109.79  122.21     .00  10/ 9/14 THERM   C  10 H  19 O   1     0 G 9
 C5H11COC4  -89.73   132.40    57.33   72.03   84.68   95.37  112.86  125.53     .00  10/ 9/14 THERM   C  10 H  20 O   1     0 G 9
 C5H11COC4  -40.73   137.19    56.56   70.67   82.77   92.97  109.70  121.79     .00  10/ 9/14 THERM   C  10 H  19 O   1     0 G 9
 C5H11COC4  -89.26   132.59    56.25   71.19   84.40   95.36  112.98  125.81     .00  10/ 9/14 THERM   C  10 H  20 O   1     0 G 9
 C5H11COC4  -40.26   137.38    55.48   69.83   82.49   92.96  109.82  122.07     .00  10/ 9/14 THERM   C  10 H  19 O   1     0 G 9
 C8H17COC   -87.10   134.90    56.90   71.34   84.16   95.08  112.64  125.53     .00  10/ 9/14 THERM   C  10 H  20 O   1     0 G 9
 C8H16COC   -38.10   139.69    56.13   69.98   82.25   92.68  109.48  121.79     .00  10/ 9/14 THERM   C  10 H  19 O   1     0 G 9
 C10H21CHO  -86.82   142.72    62.88   78.89   93.06  105.05  124.26  138.17     .00  10/ 9/14 THERM   C  11 H  22 O   1     0 G10
 C10H21CHO  -86.82   142.72    62.88   78.89   93.06  105.05  124.26  138.17     .00  10/ 9/14 THERM   C  11 H  22 O   1     0 G10
 C10H21CHO  -86.35   142.91    61.80   78.05   92.78  105.04  124.38  138.45     .00  10/ 9/14 THERM   C  11 H  22 O   1     0 G10
 C10H20CHO  -37.35   147.70    61.03   76.69   90.87  102.64  121.22  134.71     .00  10/ 9/14 THERM   C  11 H  21 O   1     0 G10
 C10H21CHO  -86.82   142.72    62.88   78.89   93.06  105.05  124.26  138.17     .00  10/ 9/14 THERM   C  11 H  22 O   1     0 G10
 C10H21CO   -49.77   143.86    61.94   77.52   91.14  102.63  120.96  134.28     .00  10/ 9/14 THERM   C  11 H  21 O   1     0 G10
 C10H21CHO  -86.82   142.72    62.88   78.89   93.06  105.05  124.26  138.17     .00  10/ 9/14 THERM   C  11 H  22 O   1     0 G10
 C10H21CO   -49.77   143.86    61.94   77.52   91.14  102.63  120.96  134.28     .00  10/ 9/14 THERM   C  11 H  21 O   1     0 G10
 C9H19COC   -93.80   141.83    61.05   77.39   92.20  104.56  124.02  138.29     .00  10/ 9/14 THERM   C  11 H  22 O   1     0 G10
 C9H19COC   -44.80   146.62    60.28   76.03   90.29  102.16  120.86  134.55     .00  10/ 9/14 THERM   C  11 H  21 O   1     0 G10
 C8H17COC2  -94.19   142.01    61.75   78.14   92.65  104.71  124.05  138.15     .00  10/ 9/14 THERM   C  11 H  22 O   1     0 G10
 C8H17COC2  -45.19   146.80    60.98   76.78   90.74  102.31  120.89  134.41     .00  10/ 9/14 THERM   C  11 H  21 O   1     0 G10
