 autoOut                                                               
 SPECIES       Hf       S    Cp 300     400     500     600     800     1000     1500     DATE        ELEMENTS
 C15H32     -88.81   170.86    83.07  105.85  126.26  143.55  170.52  190.38  220.84  10/ 9/14 THERM   C  15 H  32     0     0 G14
 C15H31_A   -39.81   175.66    82.30  104.49  124.35  141.15  167.36  186.64  216.18  10/ 9/14 THERM   C  15 H  31     0     0 G14
 C15H32     -88.81   170.86    83.07  105.85  126.26  143.55  170.52  190.38  220.84  10/ 9/14 THERM   C  15 H  32     0     0 G14
 C15H31_B   -44.41   176.11    82.29  103.37  122.71  139.40  165.77  185.36  215.45  10/ 9/14 THERM   C  15 H  31     0     0 G14
 C15H32     -88.81   170.86    83.07  105.85  126.26  143.55  170.52  190.38  220.84  10/ 9/14 THERM   C  15 H  32     0     0 G14
 C15H31_C   -42.46   175.31    81.57  103.52  123.16  140.16  166.77  185.93  215.64  10/ 9/14 THERM   C  15 H  31     0     0 G14
 C15H32     -88.81   170.86    83.07  105.85  126.26  143.55  170.52  190.38  220.84  10/ 9/14 THERM   C  15 H  32     0     0 G14
 C15H31_D   -42.46   175.31    81.57  103.52  123.16  140.16  166.77  185.93  215.64  10/ 9/14 THERM   C  15 H  31     0     0 G14
 C15H32     -88.81   170.86    83.07  105.85  126.26  143.55  170.52  190.38  220.84  10/ 9/14 THERM   C  15 H  32     0     0 G14
 C15H31_E   -42.46   175.31    81.57  103.52  123.16  140.16  166.77  185.93  215.64  10/ 9/14 THERM   C  15 H  31     0     0 G14
 C15H32     -88.81   170.86    83.07  105.85  126.26  143.55  170.52  190.38  220.84  10/ 9/14 THERM   C  15 H  32     0     0 G14
 C15H31_F   -44.41   176.11    82.29  103.37  122.71  139.40  165.77  185.36  215.45  10/ 9/14 THERM   C  15 H  31     0     0 G14
 C15H32     -88.81   170.86    83.07  105.85  126.26  143.55  170.52  190.38  220.84  10/ 9/14 THERM   C  15 H  32     0     0 G14
 C15H31_G   -39.81   175.66    82.30  104.49  124.35  141.15  167.36  186.64  216.18  10/ 9/14 THERM   C  15 H  31     0     0 G14
 C15H32     -88.81   170.86    83.07  105.85  126.26  143.55  170.52  190.38  220.84  10/ 9/14 THERM   C  15 H  32     0     0 G14
 C15H31_H   -42.46   175.31    81.57  103.52  123.16  140.16  166.77  185.93  215.64  10/ 9/14 THERM   C  15 H  31     0     0 G14
 C15H32     -88.81   170.86    83.07  105.85  126.26  143.55  170.52  190.38  220.84  10/ 9/14 THERM   C  15 H  32     0     0 G14
 C15H31_I   -42.46   175.31    81.57  103.52  123.16  140.16  166.77  185.93  215.64  10/ 9/14 THERM   C  15 H  31     0     0 G14
 C15H32     -88.81   170.86    83.07  105.85  126.26  143.55  170.52  190.38  220.84  10/ 9/14 THERM   C  15 H  32     0     0 G14
 C15H31_J   -42.46   175.31    81.57  103.52  123.16  140.16  166.77  185.93  215.64  10/ 9/14 THERM   C  15 H  31     0     0 G14
 C15H32     -88.81   170.86    83.07  105.85  126.26  143.55  170.52  190.38  220.84  10/ 9/14 THERM   C  15 H  32     0     0 G14
 C15H31_K   -44.41   176.11    82.29  103.37  122.71  139.40  165.77  185.36  215.45  10/ 9/14 THERM   C  15 H  31     0     0 G14
 C15H32     -88.81   170.86    83.07  105.85  126.26  143.55  170.52  190.38  220.84  10/ 9/14 THERM   C  15 H  32     0     0 G14
 C15H31_L   -39.81   175.66    82.30  104.49  124.35  141.15  167.36  186.64  216.18  10/ 9/14 THERM   C  15 H  31     0     0 G14
 C15H32     -88.81   170.86    83.07  105.85  126.26  143.55  170.52  190.38  220.84  10/ 9/14 THERM   C  15 H  32     0     0 G14
 C15H31_M   -42.46   175.31    81.57  103.52  123.16  140.16  166.77  185.93  215.64  10/ 9/14 THERM   C  15 H  31     0     0 G14
 C15H32     -88.81   170.86    83.07  105.85  126.26  143.55  170.52  190.38  220.84  10/ 9/14 THERM   C  15 H  32     0     0 G14
 C15H31_N   -39.81   175.66    82.30  104.49  124.35  141.15  167.36  186.64  216.18  10/ 9/14 THERM   C  15 H  31     0     0 G14
 C15H30_1   -59.94   170.00    81.16  102.89  122.26  138.61  164.21  183.05  211.79  10/ 9/14 THERM   C  15 H  30     0     0 G13
 C15H30_2   -62.88   169.16    80.91  102.45  121.71  138.05  163.74  182.66  211.60  10/ 9/14 THERM   C  15 H  30     0     0 G13
 C15H30_3   -61.18   168.72    79.63  101.83  121.62  138.13  163.98  182.88  211.94  10/ 9/14 THERM   C  15 H  30     0     0 G13
 C15H30_4   -61.18   168.72    79.63  101.83  121.62  138.13  163.98  182.88  211.94  10/ 9/14 THERM   C  15 H  30     0     0 G13
 C15H30_5   -62.71   169.54    80.53  102.36  121.78  138.19  163.89  182.80  211.76  10/ 9/14 THERM   C  15 H  30     0     0 G13
 C15H30_6   -62.71   169.54    80.53  102.36  121.78  138.19  163.89  182.80  211.76  10/ 9/14 THERM   C  15 H  30     0     0 G13
 C15H30_7   -61.18   168.72    79.63  101.83  121.62  138.13  163.98  182.88  211.94  10/ 9/14 THERM   C  15 H  30     0     0 G13
 C15H30_9   -62.71   169.54    80.53  102.36  121.78  138.19  163.89  182.80  211.76  10/ 9/14 THERM   C  15 H  30     0     0 G13
 C15H30_10  -62.88   169.16    80.91  102.45  121.71  138.05  163.74  182.66  211.60  10/ 9/14 THERM   C  15 H  30     0     0 G13
 C15H30102  -59.77   168.19    80.78  102.80  122.33  138.75  164.36  183.19  211.95  10/ 9/14 THERM   C  15 H  30     0     0 G13
 C15H30_11  -58.41   166.99    80.26  102.36  122.10  138.55  164.30  183.13  211.97  10/ 9/14 THERM   C  15 H  30     0     0 G13
 C15H30_1   -59.94   170.00    81.16  102.89  122.26  138.61  164.21  183.05  211.79  10/ 9/14 THERM   C  15 H  30     0     0 G13
 C15H29     -26.44   166.19    79.62  101.07  120.18  136.29  161.46  179.91  207.94  10/ 9/14 THERM   C  15 H  29     0     0 G13
 C15H32O_1 -124.61   181.51    86.17  109.36  129.98  147.42  174.63  194.55     .00  10/ 9/14 THERM   C  15 H  32 O   1     0 G15
 C15H31O_1  -72.65   180.05    85.19  108.06  128.37  145.53  172.25  191.75     .00  10/ 9/14 THERM   C  15 H  31 O   1     0 G14
 C15H32O_2 -131.41   178.44    87.16  110.54  131.16  148.43  175.43  195.18     .00  10/ 9/14 THERM   C  15 H  32 O   1     0 G15
 C15H31O_2  -79.45   176.99    86.18  109.24  129.55  146.54  173.05  192.38     .00  10/ 9/14 THERM   C  15 H  31 O   1     0 G14
 C15H32O_3 -128.98   179.51    86.67  110.04  130.93  148.16  175.28  195.05  225.59  10/ 9/14 THERM   C  15 H  32 O   1     0 G15
 C15H31O_3  -77.02   178.06    85.69  108.74  129.32  146.27  172.90  192.25  222.00  10/ 9/14 THERM   C  15 H  31 O   1     0 G14
 C15H32O_4 -128.98   179.51    86.67  110.04  130.93  148.16  175.28  195.05  225.59  10/ 9/14 THERM   C  15 H  32 O   1     0 G15
 C15H31O_4  -77.02   178.06    85.69  108.74  129.32  146.27  172.90  192.25  222.00  10/ 9/14 THERM   C  15 H  31 O   1     0 G14
 C15H32O_5 -128.98   179.51    86.67  110.04  130.93  148.16  175.28  195.05  225.59  10/ 9/14 THERM   C  15 H  32 O   1     0 G15
 C15H32O_6 -131.41   178.44    87.16  110.54  131.16  148.43  175.43  195.18     .00  10/ 9/14 THERM   C  15 H  32 O   1     0 G15
 C15H31O_1  -79.45   176.99    86.18  109.24  129.55  146.54  173.05  192.38     .00  10/ 9/14 THERM   C  15 H  31 O   1     0 G14
 C15H32O_7 -124.61   181.51    86.17  109.36  129.98  147.42  174.63  194.55     .00  10/ 9/14 THERM   C  15 H  32 O   1     0 G15
 C15H31O_7  -72.65   180.05    85.19  108.06  128.37  145.53  172.25  191.75     .00  10/ 9/14 THERM   C  15 H  31 O   1     0 G14
 C15H32O_8 -128.98   179.51    86.67  110.04  130.93  148.16  175.28  195.05  225.59  10/ 9/14 THERM   C  15 H  32 O   1     0 G15
 C15H31O_8  -77.02   178.06    85.69  108.74  129.32  146.27  172.90  192.25  222.00  10/ 9/14 THERM   C  15 H  31 O   1     0 G14
 C15H32O_9 -128.98   179.51    86.67  110.04  130.93  148.16  175.28  195.05  225.59  10/ 9/14 THERM   C  15 H  32 O   1     0 G15
 C15H31O_9  -77.02   178.06    85.69  108.74  129.32  146.27  172.90  192.25  222.00  10/ 9/14 THERM   C  15 H  31 O   1     0 G14
 C15H32O10 -128.98   179.51    86.67  110.04  130.93  148.16  175.28  195.05  225.59  10/ 9/14 THERM   C  15 H  32 O   1     0 G15
 C15H31O10  -77.02   178.06    85.69  108.74  129.32  146.27  172.90  192.25  222.00  10/ 9/14 THERM   C  15 H  31 O   1     0 G14
 C15H32O11 -131.41   178.44    87.16  110.54  131.16  148.43  175.43  195.18     .00  10/ 9/14 THERM   C  15 H  32 O   1     0 G15
 C15H31O11  -79.45   176.99    86.18  109.24  129.55  146.54  173.05  192.38     .00  10/ 9/14 THERM   C  15 H  31 O   1     0 G14
 C15H32O_1 -124.61   181.51    86.17  109.36  129.98  147.42  174.63  194.55     .00  10/ 9/14 THERM   C  15 H  32 O   1     0 G15
 C15H32O_1 -128.98   179.51    86.67  110.04  130.93  148.16  175.28  195.05  225.59  10/ 9/14 THERM   C  15 H  32 O   1     0 G15
 C15H31O_1  -77.02   178.06    85.69  108.74  129.32  146.27  172.90  192.25  222.00  10/ 9/14 THERM   C  15 H  31 O   1     0 G14
 C15H32O_1 -124.61   181.51    86.17  109.36  129.98  147.42  174.63  194.55     .00  10/ 9/14 THERM   C  15 H  32 O   1     0 G15
 C15H31O_1  -72.65   180.05    85.19  108.06  128.37  145.53  172.25  191.75     .00  10/ 9/14 THERM   C  15 H  31 O   1     0 G14
 ROOH_1    -108.51   190.18    90.98  114.89  135.93  153.69  181.08  201.35     .00  10/ 9/14 THERM   C  15 H  32 O   2     0 G16
 ROO_1      -74.31   190.40    88.93  112.05  132.38  149.60  176.36  196.38     .00  10/ 9/14 THERM   C  15 H  31 O   2     0 G15
 ROOH_2    -115.31   187.11    91.97  116.07  137.11  154.70  181.88  201.98     .00  10/ 9/14 THERM   C  15 H  32 O   2     0 G16
 ROO_2      -81.11   187.34    89.92  113.23  133.56  150.61  177.16  197.01     .00  10/ 9/14 THERM   C  15 H  31 O   2     0 G15
 ROOH_3    -112.88   188.18    91.48  115.57  136.88  154.43  181.73  201.85     .00  10/ 9/14 THERM   C  15 H  32 O   2     0 G16
 ROO_3      -78.68   188.41    89.43  112.73  133.33  150.34  177.01  196.88     .00  10/ 9/14 THERM   C  15 H  31 O   2     0 G15
 ROOH_4    -112.88   188.18    91.48  115.57  136.88  154.43  181.73  201.85     .00  10/ 9/14 THERM   C  15 H  32 O   2     0 G16
 ROO_4      -78.68   188.41    89.43  112.73  133.33  150.34  177.01  196.88     .00  10/ 9/14 THERM   C  15 H  31 O   2     0 G15
 ROOH_5    -112.88   188.18    91.48  115.57  136.88  154.43  181.73  201.85     .00  10/ 9/14 THERM   C  15 H  32 O   2     0 G16
 ROO_5      -78.68   188.41    89.43  112.73  133.33  150.34  177.01  196.88     .00  10/ 9/14 THERM   C  15 H  31 O   2     0 G15
 ROOH_6    -115.31   187.11    91.97  116.07  137.11  154.70  181.88  201.98     .00  10/ 9/14 THERM   C  15 H  32 O   2     0 G16
 ROO_6      -81.11   187.34    89.92  113.23  133.56  150.61  177.16  197.01     .00  10/ 9/14 THERM   C  15 H  31 O   2     0 G15
 ROOH_7    -108.51   190.18    90.98  114.89  135.93  153.69  181.08  201.35     .00  10/ 9/14 THERM   C  15 H  32 O   2     0 G16
 ROO_7      -74.31   190.40    88.93  112.05  132.38  149.60  176.36  196.38     .00  10/ 9/14 THERM   C  15 H  31 O   2     0 G15
 ROOH_8    -112.88   188.18    91.48  115.57  136.88  154.43  181.73  201.85     .00  10/ 9/14 THERM   C  15 H  32 O   2     0 G16
 ROO_8      -78.68   188.41    89.43  112.73  133.33  150.34  177.01  196.88     .00  10/ 9/14 THERM   C  15 H  31 O   2     0 G15
 ROOH_9    -112.88   188.18    91.48  115.57  136.88  154.43  181.73  201.85     .00  10/ 9/14 THERM   C  15 H  32 O   2     0 G16
 ROO_9      -78.68   188.41    89.43  112.73  133.33  150.34  177.01  196.88     .00  10/ 9/14 THERM   C  15 H  31 O   2     0 G15
 ROOH_10   -112.88   188.18    91.48  115.57  136.88  154.43  181.73  201.85     .00  10/ 9/14 THERM   C  15 H  32 O   2     0 G16
 ROO_10     -78.68   188.41    89.43  112.73  133.33  150.34  177.01  196.88     .00  10/ 9/14 THERM   C  15 H  31 O   2     0 G15
 ROOH_11   -115.31   187.11    91.97  116.07  137.11  154.70  181.88  201.98     .00  10/ 9/14 THERM   C  15 H  32 O   2     0 G16
 ROO_11     -81.11   187.34    89.92  113.23  133.56  150.61  177.16  197.01     .00  10/ 9/14 THERM   C  15 H  31 O   2     0 G15
 ROOH_12   -108.51   190.18    90.98  114.89  135.93  153.69  181.08  201.35     .00  10/ 9/14 THERM   C  15 H  32 O   2     0 G16
 ROO_12     -74.31   190.40    88.93  112.05  132.38  149.60  176.36  196.38     .00  10/ 9/14 THERM   C  15 H  31 O   2     0 G15
 ROOH_13   -112.88   188.18    91.48  115.57  136.88  154.43  181.73  201.85     .00  10/ 9/14 THERM   C  15 H  32 O   2     0 G16
 ROO_13     -78.68   188.41    89.43  112.73  133.33  150.34  177.01  196.88     .00  10/ 9/14 THERM   C  15 H  31 O   2     0 G15
 ROOH_14   -108.51   190.18    90.98  114.89  135.93  153.69  181.08  201.35     .00  10/ 9/14 THERM   C  15 H  32 O   2     0 G16
 ROO_14     -74.31   190.40    88.93  112.05  132.38  149.60  176.36  196.38     .00  10/ 9/14 THERM   C  15 H  31 O   2     0 G15
 ROOH_1    -108.51   190.18    90.98  114.89  135.93  153.69  181.08  201.35     .00  10/ 9/14 THERM   C  15 H  32 O   2     0 G16
 QOOH_1A    -59.51   194.97    90.21  113.53  134.02  151.29  177.92  197.61     .00  10/ 9/14 THERM   C  15 H  31 O   2     0 G16
 ROOH_1    -108.51   190.18    90.98  114.89  135.93  153.69  181.08  201.35     .00  10/ 9/14 THERM   C  15 H  32 O   2     0 G16
 ROOH_1    -108.51   190.18    90.98  114.89  135.93  153.69  181.08  201.35     .00  10/ 9/14 THERM   C  15 H  32 O   2     0 G16
 QOOH_1C    -62.16   194.62    89.48  112.56  132.83  150.30  177.33  196.90     .00  10/ 9/14 THERM   C  15 H  31 O   2     0 G16
 ROOH_1    -108.51   190.18    90.98  114.89  135.93  153.69  181.08  201.35     .00  10/ 9/14 THERM   C  15 H  32 O   2     0 G16
 QOOH_1D    -62.16   194.62    89.48  112.56  132.83  150.30  177.33  196.90     .00  10/ 9/14 THERM   C  15 H  31 O   2     0 G16
 ROOH_1    -108.51   190.18    90.98  114.89  135.93  153.69  181.08  201.35     .00  10/ 9/14 THERM   C  15 H  32 O   2     0 G16
 QOOH_1E    -62.16   194.62    89.48  112.56  132.83  150.30  177.33  196.90     .00  10/ 9/14 THERM   C  15 H  31 O   2     0 G16
 ROOH_1    -108.51   190.18    90.98  114.89  135.93  153.69  181.08  201.35     .00  10/ 9/14 THERM   C  15 H  32 O   2     0 G16
 QOOH_1F    -64.11   195.42    90.20  112.41  132.38  149.54  176.33  196.33     .00  10/ 9/14 THERM   C  15 H  31 O   2     0 G16
 ROOH_2    -115.31   187.11    91.97  116.07  137.11  154.70  181.88  201.98     .00  10/ 9/14 THERM   C  15 H  32 O   2     0 G16
 QOOH_2A    -66.31   191.91    91.20  114.71  135.20  152.30  178.72  198.24     .00  10/ 9/14 THERM   C  15 H  31 O   2     0 G16
 ROOH_2    -115.31   187.11    91.97  116.07  137.11  154.70  181.88  201.98     .00  10/ 9/14 THERM   C  15 H  32 O   2     0 G16
 QOOH_2C    -68.96   191.56    90.47  113.74  134.01  151.31  178.13  197.53     .00  10/ 9/14 THERM   C  15 H  31 O   2     0 G16
 ROOH_2    -115.31   187.11    91.97  116.07  137.11  154.70  181.88  201.98     .00  10/ 9/14 THERM   C  15 H  32 O   2     0 G16
 QOOH_2D    -68.96   191.56    90.47  113.74  134.01  151.31  178.13  197.53     .00  10/ 9/14 THERM   C  15 H  31 O   2     0 G16
 ROOH_2    -115.31   187.11    91.97  116.07  137.11  154.70  181.88  201.98     .00  10/ 9/14 THERM   C  15 H  32 O   2     0 G16
 QOOH_2E    -68.96   191.56    90.47  113.74  134.01  151.31  178.13  197.53     .00  10/ 9/14 THERM   C  15 H  31 O   2     0 G16
 ROOH_2    -115.31   187.11    91.97  116.07  137.11  154.70  181.88  201.98     .00  10/ 9/14 THERM   C  15 H  32 O   2     0 G16
 QOOH_2F    -70.91   192.36    91.19  113.59  133.56  150.55  177.13  196.96     .00  10/ 9/14 THERM   C  15 H  31 O   2     0 G16
 ROOH_2    -115.31   187.11    91.97  116.07  137.11  154.70  181.88  201.98     .00  10/ 9/14 THERM   C  15 H  32 O   2     0 G16
 QOOH_2G    -66.31   191.91    91.20  114.71  135.20  152.30  178.72  198.24     .00  10/ 9/14 THERM   C  15 H  31 O   2     0 G16
 ROOH_2    -115.31   187.11    91.97  116.07  137.11  154.70  181.88  201.98     .00  10/ 9/14 THERM   C  15 H  32 O   2     0 G16
 QOOH_2H    -68.96   191.56    90.47  113.74  134.01  151.31  178.13  197.53     .00  10/ 9/14 THERM   C  15 H  31 O   2     0 G16
 ROOH_3    -112.88   188.18    91.48  115.57  136.88  154.43  181.73  201.85     .00  10/ 9/14 THERM   C  15 H  32 O   2     0 G16
 QOOH_3A    -63.88   192.98    90.71  114.21  134.97  152.03  178.57  198.11     .00  10/ 9/14 THERM   C  15 H  31 O   2     0 G16
 ROOH_3    -112.88   188.18    91.48  115.57  136.88  154.43  181.73  201.85     .00  10/ 9/14 THERM   C  15 H  32 O   2     0 G16
 QOOH_3B    -68.48   193.43    90.70  113.09  133.33  150.28  176.98  196.83     .00  10/ 9/14 THERM   C  15 H  31 O   2     0 G16
 ROOH_3    -112.88   188.18    91.48  115.57  136.88  154.43  181.73  201.85     .00  10/ 9/14 THERM   C  15 H  32 O   2     0 G16
 QOOH_3D    -66.53   192.63    89.98  113.24  133.78  151.04  177.98  197.40     .00  10/ 9/14 THERM   C  15 H  31 O   2     0 G16
 ROOH_3    -112.88   188.18    91.48  115.57  136.88  154.43  181.73  201.85     .00  10/ 9/14 THERM   C  15 H  32 O   2     0 G16
 QOOH_3E    -66.53   192.63    89.98  113.24  133.78  151.04  177.98  197.40     .00  10/ 9/14 THERM   C  15 H  31 O   2     0 G16
 ROOH_3    -112.88   188.18    91.48  115.57  136.88  154.43  181.73  201.85     .00  10/ 9/14 THERM   C  15 H  32 O   2     0 G16
 QOOH_3F    -68.48   193.43    90.70  113.09  133.33  150.28  176.98  196.83     .00  10/ 9/14 THERM   C  15 H  31 O   2     0 G16
 ROOH_3    -112.88   188.18    91.48  115.57  136.88  154.43  181.73  201.85     .00  10/ 9/14 THERM   C  15 H  32 O   2     0 G16
 QOOH_3G    -63.88   192.98    90.71  114.21  134.97  152.03  178.57  198.11     .00  10/ 9/14 THERM   C  15 H  31 O   2     0 G16
 ROOH_3    -112.88   188.18    91.48  115.57  136.88  154.43  181.73  201.85     .00  10/ 9/14 THERM   C  15 H  32 O   2     0 G16
 QOOH_3H    -66.53   192.63    89.98  113.24  133.78  151.04  177.98  197.40     .00  10/ 9/14 THERM   C  15 H  31 O   2     0 G16
 ROOH_3    -112.88   188.18    91.48  115.57  136.88  154.43  181.73  201.85     .00  10/ 9/14 THERM   C  15 H  32 O   2     0 G16
 QOOH_3I    -66.53   192.63    89.98  113.24  133.78  151.04  177.98  197.40     .00  10/ 9/14 THERM   C  15 H  31 O   2     0 G16
 ROOH_4    -112.88   188.18    91.48  115.57  136.88  154.43  181.73  201.85     .00  10/ 9/14 THERM   C  15 H  32 O   2     0 G16
 QOOH_4A    -63.88   192.98    90.71  114.21  134.97  152.03  178.57  198.11     .00  10/ 9/14 THERM   C  15 H  31 O   2     0 G16
 ROOH_4    -112.88   188.18    91.48  115.57  136.88  154.43  181.73  201.85     .00  10/ 9/14 THERM   C  15 H  32 O   2     0 G16
 QOOH_4B    -68.48   193.43    90.70  113.09  133.33  150.28  176.98  196.83     .00  10/ 9/14 THERM   C  15 H  31 O   2     0 G16
 ROOH_4    -112.88   188.18    91.48  115.57  136.88  154.43  181.73  201.85     .00  10/ 9/14 THERM   C  15 H  32 O   2     0 G16
 QOOH_4C    -66.53   192.63    89.98  113.24  133.78  151.04  177.98  197.40     .00  10/ 9/14 THERM   C  15 H  31 O   2     0 G16
 ROOH_4    -112.88   188.18    91.48  115.57  136.88  154.43  181.73  201.85     .00  10/ 9/14 THERM   C  15 H  32 O   2     0 G16
 QOOH_4E    -66.53   192.63    89.98  113.24  133.78  151.04  177.98  197.40     .00  10/ 9/14 THERM   C  15 H  31 O   2     0 G16
 ROOH_4    -112.88   188.18    91.48  115.57  136.88  154.43  181.73  201.85     .00  10/ 9/14 THERM   C  15 H  32 O   2     0 G16
 QOOH_4F    -68.48   193.43    90.70  113.09  133.33  150.28  176.98  196.83     .00  10/ 9/14 THERM   C  15 H  31 O   2     0 G16
 ROOH_4    -112.88   188.18    91.48  115.57  136.88  154.43  181.73  201.85     .00  10/ 9/14 THERM   C  15 H  32 O   2     0 G16
 QOOH_4G    -63.88   190.80    90.71  114.21  134.97  152.03  178.57  198.11     .00  10/ 9/14 THERM   C  15 H  31 O   2     0 G16
 ROOH_4    -112.88   188.18    91.48  115.57  136.88  154.43  181.73  201.85     .00  10/ 9/14 THERM   C  15 H  32 O   2     0 G16
 QOOH_4H    -66.53   192.63    89.98  113.24  133.78  151.04  177.98  197.40     .00  10/ 9/14 THERM   C  15 H  31 O   2     0 G16
 ROOH_4    -112.88   188.18    91.48  115.57  136.88  154.43  181.73  201.85     .00  10/ 9/14 THERM   C  15 H  32 O   2     0 G16
 QOOH_4I    -66.53   192.63    89.98  113.24  133.78  151.04  177.98  197.40     .00  10/ 9/14 THERM   C  15 H  31 O   2     0 G16
 ROOH_4    -112.88   188.18    91.48  115.57  136.88  154.43  181.73  201.85     .00  10/ 9/14 THERM   C  15 H  32 O   2     0 G16
 QOOH_4J    -66.53   192.63    89.98  113.24  133.78  151.04  177.98  197.40     .00  10/ 9/14 THERM   C  15 H  31 O   2     0 G16
 ROOH_5    -112.88   188.18    91.48  115.57  136.88  154.43  181.73  201.85     .00  10/ 9/14 THERM   C  15 H  32 O   2     0 G16
 QOOH_5A    -63.88   192.98    90.71  114.21  134.97  152.03  178.57  198.11     .00  10/ 9/14 THERM   C  15 H  31 O   2     0 G16
 ROOH_5    -112.88   188.18    91.48  115.57  136.88  154.43  181.73  201.85     .00  10/ 9/14 THERM   C  15 H  32 O   2     0 G16
 QOOH_5B    -68.48   193.43    90.70  113.09  133.33  150.28  176.98  196.83     .00  10/ 9/14 THERM   C  15 H  31 O   2     0 G16
 ROOH_5    -112.88   188.18    91.48  115.57  136.88  154.43  181.73  201.85     .00  10/ 9/14 THERM   C  15 H  32 O   2     0 G16
 QOOH_5C    -66.53   192.63    89.98  113.24  133.78  151.04  177.98  197.40     .00  10/ 9/14 THERM   C  15 H  31 O   2     0 G16
 ROOH_5    -112.88   188.18    91.48  115.57  136.88  154.43  181.73  201.85     .00  10/ 9/14 THERM   C  15 H  32 O   2     0 G16
 QOOH_5D    -66.53   192.63    89.98  113.24  133.78  151.04  177.98  197.40     .00  10/ 9/14 THERM   C  15 H  31 O   2     0 G16
 ROOH_5    -112.88   188.18    91.48  115.57  136.88  154.43  181.73  201.85     .00  10/ 9/14 THERM   C  15 H  32 O   2     0 G16
 QOOH_5F    -68.48   193.43    90.70  113.09  133.33  150.28  176.98  196.83     .00  10/ 9/14 THERM   C  15 H  31 O   2     0 G16
 ROOH_5    -112.88   188.18    91.48  115.57  136.88  154.43  181.73  201.85     .00  10/ 9/14 THERM   C  15 H  32 O   2     0 G16
 QOOH_5G    -63.88   192.98    90.71  114.21  134.97  152.03  178.57  198.11     .00  10/ 9/14 THERM   C  15 H  31 O   2     0 G16
 ROOH_5    -112.88   188.18    91.48  115.57  136.88  154.43  181.73  201.85     .00  10/ 9/14 THERM   C  15 H  32 O   2     0 G16
 QOOH_5H    -66.53   192.63    89.98  113.24  133.78  151.04  177.98  197.40     .00  10/ 9/14 THERM   C  15 H  31 O   2     0 G16
 ROOH_5    -112.88   188.18    91.48  115.57  136.88  154.43  181.73  201.85     .00  10/ 9/14 THERM   C  15 H  32 O   2     0 G16
 QOOH_5I    -66.53   192.63    89.98  113.24  133.78  151.04  177.98  197.40     .00  10/ 9/14 THERM   C  15 H  31 O   2     0 G16
 ROOH_5    -112.88   188.18    91.48  115.57  136.88  154.43  181.73  201.85     .00  10/ 9/14 THERM   C  15 H  32 O   2     0 G16
 QOOH_5J    -66.53   192.63    89.98  113.24  133.78  151.04  177.98  197.40     .00  10/ 9/14 THERM   C  15 H  31 O   2     0 G16
 ROOH_5    -112.88   188.18    91.48  115.57  136.88  154.43  181.73  201.85     .00  10/ 9/14 THERM   C  15 H  32 O   2     0 G16
 QOOH_5K    -68.48   193.43    90.70  113.09  133.33  150.28  176.98  196.83     .00  10/ 9/14 THERM   C  15 H  31 O   2     0 G16
 ROOH_6    -115.31   187.11    91.97  116.07  137.11  154.70  181.88  201.98     .00  10/ 9/14 THERM   C  15 H  32 O   2     0 G16
 QOOH_6A    -66.31   191.91    91.20  114.71  135.20  152.30  178.72  198.24     .00  10/ 9/14 THERM   C  15 H  31 O   2     0 G16
 ROOH_6    -115.31   187.11    91.97  116.07  137.11  154.70  181.88  201.98     .00  10/ 9/14 THERM   C  15 H  32 O   2     0 G16
 QOOH_6B    -70.91   192.36    91.19  113.59  133.56  150.55  177.13  196.96     .00  10/ 9/14 THERM   C  15 H  31 O   2     0 G16
 ROOH_6    -115.31   187.11    91.97  116.07  137.11  154.70  181.88  201.98     .00  10/ 9/14 THERM   C  15 H  32 O   2     0 G16
 QOOH_6C    -68.96   191.56    90.47  113.74  134.01  151.31  178.13  197.53     .00  10/ 9/14 THERM   C  15 H  31 O   2     0 G16
 ROOH_6    -115.31   187.11    91.97  116.07  137.11  154.70  181.88  201.98     .00  10/ 9/14 THERM   C  15 H  32 O   2     0 G16
 QOOH_6D    -68.96   191.56    90.47  113.74  134.01  151.31  178.13  197.53     .00  10/ 9/14 THERM   C  15 H  31 O   2     0 G16
 ROOH_6    -115.31   187.11    91.97  116.07  137.11  154.70  181.88  201.98     .00  10/ 9/14 THERM   C  15 H  32 O   2     0 G16
 QOOH_6E    -68.96   191.56    90.47  113.74  134.01  151.31  178.13  197.53     .00  10/ 9/14 THERM   C  15 H  31 O   2     0 G16
 ROOH_6    -115.31   187.11    91.97  116.07  137.11  154.70  181.88  201.98     .00  10/ 9/14 THERM   C  15 H  32 O   2     0 G16
 QOOH_6G    -66.31   191.91    91.20  114.71  135.20  152.30  178.72  198.24     .00  10/ 9/14 THERM   C  15 H  31 O   2     0 G16
 ROOH_6    -115.31   187.11    91.97  116.07  137.11  154.70  181.88  201.98     .00  10/ 9/14 THERM   C  15 H  32 O   2     0 G16
 QOOH_6H    -68.96   191.56    90.47  113.74  134.01  151.31  178.13  197.53     .00  10/ 9/14 THERM   C  15 H  31 O   2     0 G16
 ROOH_6    -115.31   187.11    91.97  116.07  137.11  154.70  181.88  201.98     .00  10/ 9/14 THERM   C  15 H  32 O   2     0 G16
 QOOH_6I    -68.96   191.56    90.47  113.74  134.01  151.31  178.13  197.53     .00  10/ 9/14 THERM   C  15 H  31 O   2     0 G16
 ROOH_6    -115.31   187.11    91.97  116.07  137.11  154.70  181.88  201.98     .00  10/ 9/14 THERM   C  15 H  32 O   2     0 G16
 QOOH_6J    -68.96   191.56    90.47  113.74  134.01  151.31  178.13  197.53     .00  10/ 9/14 THERM   C  15 H  31 O   2     0 G16
 ROOH_6    -115.31   187.11    91.97  116.07  137.11  154.70  181.88  201.98     .00  10/ 9/14 THERM   C  15 H  32 O   2     0 G16
 QOOH_6K    -70.91   192.36    91.19  113.59  133.56  150.55  177.13  196.96     .00  10/ 9/14 THERM   C  15 H  31 O   2     0 G16
 ROOH_6    -115.31   187.11    91.97  116.07  137.11  154.70  181.88  201.98     .00  10/ 9/14 THERM   C  15 H  32 O   2     0 G16
 QOOH_6L    -66.31   191.91    91.20  114.71  135.20  152.30  178.72  198.24     .00  10/ 9/14 THERM   C  15 H  31 O   2     0 G16
 ROOH_6    -115.31   187.11    91.97  116.07  137.11  154.70  181.88  201.98     .00  10/ 9/14 THERM   C  15 H  32 O   2     0 G16
 QOOH_6M    -68.96   191.56    90.47  113.74  134.01  151.31  178.13  197.53     .00  10/ 9/14 THERM   C  15 H  31 O   2     0 G16
 ROOH_7    -108.51   190.18    90.98  114.89  135.93  153.69  181.08  201.35     .00  10/ 9/14 THERM   C  15 H  32 O   2     0 G16
 QOOH_7B    -64.11   195.42    90.20  112.41  132.38  149.54  176.33  196.33     .00  10/ 9/14 THERM   C  15 H  31 O   2     0 G16
 ROOH_7    -108.51   190.18    90.98  114.89  135.93  153.69  181.08  201.35     .00  10/ 9/14 THERM   C  15 H  32 O   2     0 G16
 QOOH_7C    -62.16   194.62    89.48  112.56  132.83  150.30  177.33  196.90     .00  10/ 9/14 THERM   C  15 H  31 O   2     0 G16
 ROOH_7    -108.51   190.18    90.98  114.89  135.93  153.69  181.08  201.35     .00  10/ 9/14 THERM   C  15 H  32 O   2     0 G16
 QOOH_7D    -62.16   194.62    89.48  112.56  132.83  150.30  177.33  196.90     .00  10/ 9/14 THERM   C  15 H  31 O   2     0 G16
 ROOH_7    -108.51   190.18    90.98  114.89  135.93  153.69  181.08  201.35     .00  10/ 9/14 THERM   C  15 H  32 O   2     0 G16
 QOOH_7E    -62.16   194.62    89.48  112.56  132.83  150.30  177.33  196.90     .00  10/ 9/14 THERM   C  15 H  31 O   2     0 G16
 ROOH_7    -108.51   190.18    90.98  114.89  135.93  153.69  181.08  201.35     .00  10/ 9/14 THERM   C  15 H  32 O   2     0 G16
 QOOH_7F    -64.11   195.42    90.20  112.41  132.38  149.54  176.33  196.33     .00  10/ 9/14 THERM   C  15 H  31 O   2     0 G16
 ROOH_7    -108.51   190.18    90.98  114.89  135.93  153.69  181.08  201.35     .00  10/ 9/14 THERM   C  15 H  32 O   2     0 G16
 QOOH_7H    -62.16   194.62    89.48  112.56  132.83  150.30  177.33  196.90     .00  10/ 9/14 THERM   C  15 H  31 O   2     0 G16
 ROOH_7    -108.51   190.18    90.98  114.89  135.93  153.69  181.08  201.35     .00  10/ 9/14 THERM   C  15 H  32 O   2     0 G16
 QOOH_7I    -62.16   194.62    89.48  112.56  132.83  150.30  177.33  196.90     .00  10/ 9/14 THERM   C  15 H  31 O   2     0 G16
 ROOH_7    -108.51   190.18    90.98  114.89  135.93  153.69  181.08  201.35     .00  10/ 9/14 THERM   C  15 H  32 O   2     0 G16
 QOOH_7J    -62.16   194.62    89.48  112.56  132.83  150.30  177.33  196.90     .00  10/ 9/14 THERM   C  15 H  31 O   2     0 G16
 ROOH_7    -108.51   190.18    90.98  114.89  135.93  153.69  181.08  201.35     .00  10/ 9/14 THERM   C  15 H  32 O   2     0 G16
 QOOH_7K    -64.11   195.42    90.20  112.41  132.38  149.54  176.33  196.33     .00  10/ 9/14 THERM   C  15 H  31 O   2     0 G16
 ROOH_8    -112.88   188.18    91.48  115.57  136.88  154.43  181.73  201.85     .00  10/ 9/14 THERM   C  15 H  32 O   2     0 G16
 QOOH_8B    -68.48   193.43    90.70  113.09  133.33  150.28  176.98  196.83     .00  10/ 9/14 THERM   C  15 H  31 O   2     0 G16
 ROOH_8    -112.88   188.18    91.48  115.57  136.88  154.43  181.73  201.85     .00  10/ 9/14 THERM   C  15 H  32 O   2     0 G16
 QOOH_8C    -66.53   192.63    89.98  113.24  133.78  151.04  177.98  197.40     .00  10/ 9/14 THERM   C  15 H  31 O   2     0 G16
 ROOH_8    -112.88   188.18    91.48  115.57  136.88  154.43  181.73  201.85     .00  10/ 9/14 THERM   C  15 H  32 O   2     0 G16
 QOOH_8D    -66.53   192.63    89.98  113.24  133.78  151.04  177.98  197.40     .00  10/ 9/14 THERM   C  15 H  31 O   2     0 G16
 ROOH_8    -112.88   188.18    91.48  115.57  136.88  154.43  181.73  201.85     .00  10/ 9/14 THERM   C  15 H  32 O   2     0 G16
 QOOH_8E    -66.53   192.63    89.98  113.24  133.78  151.04  177.98  197.40     .00  10/ 9/14 THERM   C  15 H  31 O   2     0 G16
 ROOH_8    -112.88   188.18    91.48  115.57  136.88  154.43  181.73  201.85     .00  10/ 9/14 THERM   C  15 H  32 O   2     0 G16
 QOOH_8F    -68.48   193.43    90.70  113.09  133.33  150.28  176.98  196.83     .00  10/ 9/14 THERM   C  15 H  31 O   2     0 G16
 ROOH_8    -112.88   188.18    91.48  115.57  136.88  154.43  181.73  201.85     .00  10/ 9/14 THERM   C  15 H  32 O   2     0 G16
 QOOH_8G    -63.88   192.98    90.71  114.21  134.97  152.03  178.57  198.11     .00  10/ 9/14 THERM   C  15 H  31 O   2     0 G16
 ROOH_8    -112.88   188.18    91.48  115.57  136.88  154.43  181.73  201.85     .00  10/ 9/14 THERM   C  15 H  32 O   2     0 G16
 QOOH_8I    -66.53   192.63    89.98  113.24  133.78  151.04  177.98  197.40     .00  10/ 9/14 THERM   C  15 H  31 O   2     0 G16
 ROOH_8    -112.88   188.18    91.48  115.57  136.88  154.43  181.73  201.85     .00  10/ 9/14 THERM   C  15 H  32 O   2     0 G16
 QOOH_8J    -66.53   192.63    89.98  113.24  133.78  151.04  177.98  197.40     .00  10/ 9/14 THERM   C  15 H  31 O   2     0 G16
 ROOH_8    -112.88   188.18    91.48  115.57  136.88  154.43  181.73  201.85     .00  10/ 9/14 THERM   C  15 H  32 O   2     0 G16
 QOOH_8K    -68.48   193.43    90.70  113.09  133.33  150.28  176.98  196.83     .00  10/ 9/14 THERM   C  15 H  31 O   2     0 G16
 ROOH_8    -112.88   188.18    91.48  115.57  136.88  154.43  181.73  201.85     .00  10/ 9/14 THERM   C  15 H  32 O   2     0 G16
 QOOH_8L    -63.88   192.98    90.71  114.21  134.97  152.03  178.57  198.11     .00  10/ 9/14 THERM   C  15 H  31 O   2     0 G16
 ROOH_8    -112.88   188.18    91.48  115.57  136.88  154.43  181.73  201.85     .00  10/ 9/14 THERM   C  15 H  32 O   2     0 G16
 QOOH_8M    -66.53   192.63    89.98  113.24  133.78  151.04  177.98  197.40     .00  10/ 9/14 THERM   C  15 H  31 O   2     0 G16
 ROOH_8    -112.88   188.18    91.48  115.57  136.88  154.43  181.73  201.85     .00  10/ 9/14 THERM   C  15 H  32 O   2     0 G16
 QOOH_8N    -63.88   192.98    90.71  114.21  134.97  152.03  178.57  198.11     .00  10/ 9/14 THERM   C  15 H  31 O   2     0 G16
 ROOH_9    -112.88   188.18    91.48  115.57  136.88  154.43  181.73  201.85     .00  10/ 9/14 THERM   C  15 H  32 O   2     0 G16
 QOOH_9C    -66.53   192.63    89.98  113.24  133.78  151.04  177.98  197.40     .00  10/ 9/14 THERM   C  15 H  31 O   2     0 G16
 ROOH_9    -112.88   188.18    91.48  115.57  136.88  154.43  181.73  201.85     .00  10/ 9/14 THERM   C  15 H  32 O   2     0 G16
 QOOH_9D    -66.53   192.63    89.98  113.24  133.78  151.04  177.98  197.40     .00  10/ 9/14 THERM   C  15 H  31 O   2     0 G16
 ROOH_9    -112.88   188.18    91.48  115.57  136.88  154.43  181.73  201.85     .00  10/ 9/14 THERM   C  15 H  32 O   2     0 G16
 QOOH_9E    -66.53   192.63    89.98  113.24  133.78  151.04  177.98  197.40     .00  10/ 9/14 THERM   C  15 H  31 O   2     0 G16
 ROOH_9    -112.88   188.18    91.48  115.57  136.88  154.43  181.73  201.85     .00  10/ 9/14 THERM   C  15 H  32 O   2     0 G16
 QOOH_9F    -68.48   193.43    90.70  113.09  133.33  150.28  176.98  196.83     .00  10/ 9/14 THERM   C  15 H  31 O   2     0 G16
 ROOH_9    -112.88   188.18    91.48  115.57  136.88  154.43  181.73  201.85     .00  10/ 9/14 THERM   C  15 H  32 O   2     0 G16
 QOOH_9G    -63.88   192.98    90.71  114.21  134.97  152.03  178.57  198.11     .00  10/ 9/14 THERM   C  15 H  31 O   2     0 G16
 ROOH_9    -112.88   188.18    91.48  115.57  136.88  154.43  181.73  201.85     .00  10/ 9/14 THERM   C  15 H  32 O   2     0 G16
 QOOH_9H    -66.53   192.63    89.98  113.24  133.78  151.04  177.98  197.40     .00  10/ 9/14 THERM   C  15 H  31 O   2     0 G16
 ROOH_9    -112.88   188.18    91.48  115.57  136.88  154.43  181.73  201.85     .00  10/ 9/14 THERM   C  15 H  32 O   2     0 G16
 QOOH_9I    -66.53   192.63    89.98  113.24  133.78  151.04  177.98  197.40     .00  10/ 9/14 THERM   C  15 H  31 O   2     0 G16
 ROOH_9    -112.88   188.18    91.48  115.57  136.88  154.43  181.73  201.85     .00  10/ 9/14 THERM   C  15 H  32 O   2     0 G16
 QOOH_9J    -66.53   192.63    89.98  113.24  133.78  151.04  177.98  197.40     .00  10/ 9/14 THERM   C  15 H  31 O   2     0 G16
 ROOH_9    -112.88   188.18    91.48  115.57  136.88  154.43  181.73  201.85     .00  10/ 9/14 THERM   C  15 H  32 O   2     0 G16
 QOOH_9K    -68.48   193.43    90.70  113.09  133.33  150.28  176.98  196.83     .00  10/ 9/14 THERM   C  15 H  31 O   2     0 G16
 ROOH_9    -112.88   188.18    91.48  115.57  136.88  154.43  181.73  201.85     .00  10/ 9/14 THERM   C  15 H  32 O   2     0 G16
 QOOH_9L    -63.88   192.98    90.71  114.21  134.97  152.03  178.57  198.11     .00  10/ 9/14 THERM   C  15 H  31 O   2     0 G16
 ROOH_9    -112.88   188.18    91.48  115.57  136.88  154.43  181.73  201.85     .00  10/ 9/14 THERM   C  15 H  32 O   2     0 G16
 QOOH_9M    -66.53   192.63    89.98  113.24  133.78  151.04  177.98  197.40     .00  10/ 9/14 THERM   C  15 H  31 O   2     0 G16
 ROOH_9    -112.88   188.18    91.48  115.57  136.88  154.43  181.73  201.85     .00  10/ 9/14 THERM   C  15 H  32 O   2     0 G16
 QOOH_9N    -63.88   192.98    90.71  114.21  134.97  152.03  178.57  198.11     .00  10/ 9/14 THERM   C  15 H  31 O   2     0 G16
 ROOH_10   -112.88   188.18    91.48  115.57  136.88  154.43  181.73  201.85     .00  10/ 9/14 THERM   C  15 H  32 O   2     0 G16
 QOOH_10D   -66.53   192.63    89.98  113.24  133.78  151.04  177.98  197.40     .00  10/ 9/14 THERM   C  15 H  31 O   2     0 G16
 ROOH_10   -112.88   188.18    91.48  115.57  136.88  154.43  181.73  201.85     .00  10/ 9/14 THERM   C  15 H  32 O   2     0 G16
 QOOH_10E   -66.53   192.63    89.98  113.24  133.78  151.04  177.98  197.40     .00  10/ 9/14 THERM   C  15 H  31 O   2     0 G16
 ROOH_10   -112.88   188.18    91.48  115.57  136.88  154.43  181.73  201.85     .00  10/ 9/14 THERM   C  15 H  32 O   2     0 G16
 QOOH_10F   -68.48   193.43    90.70  113.09  133.33  150.28  176.98  196.83     .00  10/ 9/14 THERM   C  15 H  31 O   2     0 G16
 ROOH_10   -112.88   188.18    91.48  115.57  136.88  154.43  181.73  201.85     .00  10/ 9/14 THERM   C  15 H  32 O   2     0 G16
 QOOH_10G   -63.88   192.98    90.71  114.21  134.97  152.03  178.57  198.11     .00  10/ 9/14 THERM   C  15 H  31 O   2     0 G16
 ROOH_10   -112.88   188.18    91.48  115.57  136.88  154.43  181.73  201.85     .00  10/ 9/14 THERM   C  15 H  32 O   2     0 G16
 QOOH_10H   -66.53   192.63    89.98  113.24  133.78  151.04  177.98  197.40     .00  10/ 9/14 THERM   C  15 H  31 O   2     0 G16
 ROOH_10   -112.88   188.18    91.48  115.57  136.88  154.43  181.73  201.85     .00  10/ 9/14 THERM   C  15 H  32 O   2     0 G16
 QOOH_10I   -66.53   192.63    89.98  113.24  133.78  151.04  177.98  197.40     .00  10/ 9/14 THERM   C  15 H  31 O   2     0 G16
 ROOH_10   -112.88   188.18    91.48  115.57  136.88  154.43  181.73  201.85     .00  10/ 9/14 THERM   C  15 H  32 O   2     0 G16
 ROOH_10   -112.88   188.18    91.48  115.57  136.88  154.43  181.73  201.85     .00  10/ 9/14 THERM   C  15 H  32 O   2     0 G16
 QOOH_10K   -68.48   193.43    90.70  113.09  133.33  150.28  176.98  196.83     .00  10/ 9/14 THERM   C  15 H  31 O   2     0 G16
 ROOH_10   -112.88   188.18    91.48  115.57  136.88  154.43  181.73  201.85     .00  10/ 9/14 THERM   C  15 H  32 O   2     0 G16
 QOOH_10L   -63.88   192.98    90.71  114.21  134.97  152.03  178.57  198.11     .00  10/ 9/14 THERM   C  15 H  31 O   2     0 G16
 ROOH_10   -112.88   188.18    91.48  115.57  136.88  154.43  181.73  201.85     .00  10/ 9/14 THERM   C  15 H  32 O   2     0 G16
 QOOH_10M   -66.53   192.63    89.98  113.24  133.78  151.04  177.98  197.40     .00  10/ 9/14 THERM   C  15 H  31 O   2     0 G16
 ROOH_10   -112.88   188.18    91.48  115.57  136.88  154.43  181.73  201.85     .00  10/ 9/14 THERM   C  15 H  32 O   2     0 G16
 QOOH_10N   -63.88   192.98    90.71  114.21  134.97  152.03  178.57  198.11     .00  10/ 9/14 THERM   C  15 H  31 O   2     0 G16
 ROOH_11   -115.31   187.11    91.97  116.07  137.11  154.70  181.88  201.98     .00  10/ 9/14 THERM   C  15 H  32 O   2     0 G16
 QOOH_11E   -68.96   191.56    90.47  113.74  134.01  151.31  178.13  197.53     .00  10/ 9/14 THERM   C  15 H  31 O   2     0 G16
 ROOH_11   -115.31   187.11    91.97  116.07  137.11  154.70  181.88  201.98     .00  10/ 9/14 THERM   C  15 H  32 O   2     0 G16
 QOOH_11F   -70.91   192.36    91.19  113.59  133.56  150.55  177.13  196.96     .00  10/ 9/14 THERM   C  15 H  31 O   2     0 G16
 ROOH_11   -115.31   187.11    91.97  116.07  137.11  154.70  181.88  201.98     .00  10/ 9/14 THERM   C  15 H  32 O   2     0 G16
 QOOH_11G   -66.31   191.91    91.20  114.71  135.20  152.30  178.72  198.24     .00  10/ 9/14 THERM   C  15 H  31 O   2     0 G16
 ROOH_11   -115.31   187.11    91.97  116.07  137.11  154.70  181.88  201.98     .00  10/ 9/14 THERM   C  15 H  32 O   2     0 G16
 QOOH_11H   -68.96   191.56    90.47  113.74  134.01  151.31  178.13  197.53     .00  10/ 9/14 THERM   C  15 H  31 O   2     0 G16
 ROOH_11   -115.31   187.11    91.97  116.07  137.11  154.70  181.88  201.98     .00  10/ 9/14 THERM   C  15 H  32 O   2     0 G16
 ROOH_11   -115.31   187.11    91.97  116.07  137.11  154.70  181.88  201.98     .00  10/ 9/14 THERM   C  15 H  32 O   2     0 G16
 QOOH_11J   -68.96   191.56    90.47  113.74  134.01  151.31  178.13  197.53     .00  10/ 9/14 THERM   C  15 H  31 O   2     0 G16
 ROOH_11   -115.31   187.11    91.97  116.07  137.11  154.70  181.88  201.98     .00  10/ 9/14 THERM   C  15 H  32 O   2     0 G16
 QOOH_11L   -66.31   191.91    91.20  114.71  135.20  152.30  178.72  198.24     .00  10/ 9/14 THERM   C  15 H  31 O   2     0 G16
 ROOH_11   -115.31   187.11    91.97  116.07  137.11  154.70  181.88  201.98     .00  10/ 9/14 THERM   C  15 H  32 O   2     0 G16
 QOOH_11M   -68.96   191.56    90.47  113.74  134.01  151.31  178.13  197.53     .00  10/ 9/14 THERM   C  15 H  31 O   2     0 G16
 ROOH_11   -115.31   187.11    91.97  116.07  137.11  154.70  181.88  201.98     .00  10/ 9/14 THERM   C  15 H  32 O   2     0 G16
 QOOH_11N   -66.31   191.91    91.20  114.71  135.20  152.30  178.72  198.24     .00  10/ 9/14 THERM   C  15 H  31 O   2     0 G16
 ROOH_12   -108.51   190.18    90.98  114.89  135.93  153.69  181.08  201.35     .00  10/ 9/14 THERM   C  15 H  32 O   2     0 G16
 QOOH_12F   -64.11   195.42    90.20  112.41  132.38  149.54  176.33  196.33     .00  10/ 9/14 THERM   C  15 H  31 O   2     0 G16
 ROOH_12   -108.51   190.18    90.98  114.89  135.93  153.69  181.08  201.35     .00  10/ 9/14 THERM   C  15 H  32 O   2     0 G16
 QOOH_12H   -62.16   194.62    89.48  112.56  132.83  150.30  177.33  196.90     .00  10/ 9/14 THERM   C  15 H  31 O   2     0 G16
 ROOH_12   -108.51   190.18    90.98  114.89  135.93  153.69  181.08  201.35     .00  10/ 9/14 THERM   C  15 H  32 O   2     0 G16
 QOOH_12I   -62.16   194.62    89.48  112.56  132.83  150.30  177.33  196.90     .00  10/ 9/14 THERM   C  15 H  31 O   2     0 G16
 ROOH_12   -108.51   190.18    90.98  114.89  135.93  153.69  181.08  201.35     .00  10/ 9/14 THERM   C  15 H  32 O   2     0 G16
 QOOH_12J   -62.16   194.62    89.48  112.56  132.83  150.30  177.33  196.90     .00  10/ 9/14 THERM   C  15 H  31 O   2     0 G16
 ROOH_12   -108.51   190.18    90.98  114.89  135.93  153.69  181.08  201.35     .00  10/ 9/14 THERM   C  15 H  32 O   2     0 G16
 QOOH_12K   -64.11   195.42    90.20  112.41  132.38  149.54  176.33  196.33     .00  10/ 9/14 THERM   C  15 H  31 O   2     0 G16
 ROOH_12   -108.51   190.18    90.98  114.89  135.93  153.69  181.08  201.35     .00  10/ 9/14 THERM   C  15 H  32 O   2     0 G16
 QOOH_12M   -62.16   194.62    89.48  112.56  132.83  150.30  177.33  196.90     .00  10/ 9/14 THERM   C  15 H  31 O   2     0 G16
 ROOH_12   -108.51   190.18    90.98  114.89  135.93  153.69  181.08  201.35     .00  10/ 9/14 THERM   C  15 H  32 O   2     0 G16
 QOOH_12N   -59.51   194.97    90.21  113.53  134.02  151.29  177.92  197.61     .00  10/ 9/14 THERM   C  15 H  31 O   2     0 G16
 ROOH_13   -112.88   188.18    91.48  115.57  136.88  154.43  181.73  201.85     .00  10/ 9/14 THERM   C  15 H  32 O   2     0 G16
 QOOH_13F   -68.48   193.43    90.70  113.09  133.33  150.28  176.98  196.83     .00  10/ 9/14 THERM   C  15 H  31 O   2     0 G16
 ROOH_13   -112.88   188.18    91.48  115.57  136.88  154.43  181.73  201.85     .00  10/ 9/14 THERM   C  15 H  32 O   2     0 G16
 QOOH_13H   -66.53   192.63    89.98  113.24  133.78  151.04  177.98  197.40     .00  10/ 9/14 THERM   C  15 H  31 O   2     0 G16
 ROOH_13   -112.88   188.18    91.48  115.57  136.88  154.43  181.73  201.85     .00  10/ 9/14 THERM   C  15 H  32 O   2     0 G16
 QOOH_13I   -66.53   192.63    89.98  113.24  133.78  151.04  177.98  197.40     .00  10/ 9/14 THERM   C  15 H  31 O   2     0 G16
 ROOH_13   -112.88   188.18    91.48  115.57  136.88  154.43  181.73  201.85     .00  10/ 9/14 THERM   C  15 H  32 O   2     0 G16
 QOOH_13J   -66.53   192.63    89.98  113.24  133.78  151.04  177.98  197.40     .00  10/ 9/14 THERM   C  15 H  31 O   2     0 G16
 ROOH_13   -112.88   188.18    91.48  115.57  136.88  154.43  181.73  201.85     .00  10/ 9/14 THERM   C  15 H  32 O   2     0 G16
 QOOH_13K   -68.48   193.43    90.70  113.09  133.33  150.28  176.98  196.83     .00  10/ 9/14 THERM   C  15 H  31 O   2     0 G16
 ROOH_13   -112.88   188.18    91.48  115.57  136.88  154.43  181.73  201.85     .00  10/ 9/14 THERM   C  15 H  32 O   2     0 G16
 QOOH_13L   -63.88   192.98    90.71  114.21  134.97  152.03  178.57  198.11     .00  10/ 9/14 THERM   C  15 H  31 O   2     0 G16
 ROOH_13   -112.88   188.18    91.48  115.57  136.88  154.43  181.73  201.85     .00  10/ 9/14 THERM   C  15 H  32 O   2     0 G16
 ROOH_14   -108.51   190.18    90.98  114.89  135.93  153.69  181.08  201.35     .00  10/ 9/14 THERM   C  15 H  32 O   2     0 G16
 QOOH_14H   -62.16   194.62    89.48  112.56  132.83  150.30  177.33  196.90     .00  10/ 9/14 THERM   C  15 H  31 O   2     0 G16
 ROOH_14   -108.51   190.18    90.98  114.89  135.93  153.69  181.08  201.35     .00  10/ 9/14 THERM   C  15 H  32 O   2     0 G16
 QOOH_14I   -62.16   194.62    89.48  112.56  132.83  150.30  177.33  196.90     .00  10/ 9/14 THERM   C  15 H  31 O   2     0 G16
 ROOH_14   -108.51   190.18    90.98  114.89  135.93  153.69  181.08  201.35     .00  10/ 9/14 THERM   C  15 H  32 O   2     0 G16
 QOOH_14J   -62.16   194.62    89.48  112.56  132.83  150.30  177.33  196.90     .00  10/ 9/14 THERM   C  15 H  31 O   2     0 G16
 ROOH_14   -108.51   190.18    90.98  114.89  135.93  153.69  181.08  201.35     .00  10/ 9/14 THERM   C  15 H  32 O   2     0 G16
 QOOH_14K   -64.11   195.42    90.20  112.41  132.38  149.54  176.33  196.33     .00  10/ 9/14 THERM   C  15 H  31 O   2     0 G16
 ROOH_14   -108.51   190.18    90.98  114.89  135.93  153.69  181.08  201.35     .00  10/ 9/14 THERM   C  15 H  32 O   2     0 G16
 QOOH_14L   -59.51   194.97    90.21  113.53  134.02  151.29  177.92  197.61     .00  10/ 9/14 THERM   C  15 H  31 O   2     0 G16
 ROOH_14   -108.51   190.18    90.98  114.89  135.93  153.69  181.08  201.35     .00  10/ 9/14 THERM   C  15 H  32 O   2     0 G16
 QOOH_14M   -62.16   194.62    89.48  112.56  132.83  150.30  177.33  196.90     .00  10/ 9/14 THERM   C  15 H  31 O   2     0 G16
 OOHOOH11  -128.21   209.49    98.89  123.93  145.60  163.83  191.64  212.32     .00  10/ 9/14 THERM   C  15 H  32 O   4     0 G18
 OOOOH11    -94.01   209.71    96.84  121.09  142.05  159.74  186.92  207.35     .00  10/ 9/14 THERM   C  15 H  31 O   4     0 G17
 OOHOOH12  -135.01   206.43    99.88  125.11  146.78  164.84  192.44  212.95     .00  10/ 9/14 THERM   C  15 H  32 O   4     0 G18
 OOOOH12   -100.81   206.65    97.83  122.27  143.23  160.75  187.72  207.98     .00  10/ 9/14 THERM   C  15 H  31 O   4     0 G17
 OOHOOH13  -132.58   207.50    99.39  124.61  146.55  164.57  192.29  212.82     .00  10/ 9/14 THERM   C  15 H  32 O   4     0 G18
 OOOOH13    -98.38   207.72    97.34  121.77  143.00  160.48  187.57  207.85     .00  10/ 9/14 THERM   C  15 H  31 O   4     0 G17
 OOHOOH14  -132.58   207.50    99.39  124.61  146.55  164.57  192.29  212.82     .00  10/ 9/14 THERM   C  15 H  32 O   4     0 G18
 OOOOH14    -98.38   207.72    97.34  121.77  143.00  160.48  187.57  207.85     .00  10/ 9/14 THERM   C  15 H  31 O   4     0 G17
 OOHOOH15  -132.58   207.50    99.39  124.61  146.55  164.57  192.29  212.82     .00  10/ 9/14 THERM   C  15 H  32 O   4     0 G18
 OOOOH15    -98.38   207.72    97.34  121.77  143.00  160.48  187.57  207.85     .00  10/ 9/14 THERM   C  15 H  31 O   4     0 G17
 OOHOOH16  -135.01   206.43    99.88  125.11  146.78  164.84  192.44  212.95     .00  10/ 9/14 THERM   C  15 H  32 O   4     0 G18
 OOOOH16   -100.81   206.65    97.83  122.27  143.23  160.75  187.72  207.98     .00  10/ 9/14 THERM   C  15 H  31 O   4     0 G17
 OOHOOH21  -135.01   206.43    99.88  125.11  146.78  164.84  192.44  212.95     .00  10/ 9/14 THERM   C  15 H  32 O   4     0 G18
 OOOOH21   -100.81   206.65    97.83  122.27  143.23  160.75  187.72  207.98     .00  10/ 9/14 THERM   C  15 H  31 O   4     0 G17
 OOHOOH23  -139.38   204.43   100.38  125.79  147.73  165.58  193.09  213.45     .00  10/ 9/14 THERM   C  15 H  32 O   4     0 G18
 OOOOH23   -105.18   204.66    98.33  122.95  144.18  161.49  188.37  208.48     .00  10/ 9/14 THERM   C  15 H  31 O   4     0 G17
 OOHOOH24  -139.38   204.43   100.38  125.79  147.73  165.58  193.09  213.45     .00  10/ 9/14 THERM   C  15 H  32 O   4     0 G18
 OOOOH24   -105.18   204.66    98.33  122.95  144.18  161.49  188.37  208.48     .00  10/ 9/14 THERM   C  15 H  31 O   4     0 G17
 OOHOOH25  -139.38   204.43   100.38  125.79  147.73  165.58  193.09  213.45     .00  10/ 9/14 THERM   C  15 H  32 O   4     0 G18
 OOOOH25   -105.18   204.66    98.33  122.95  144.18  161.49  188.37  208.48     .00  10/ 9/14 THERM   C  15 H  31 O   4     0 G17
 OOHOOH26  -141.81   203.36   100.87  126.29  147.96  165.85  193.24  213.58     .00  10/ 9/14 THERM   C  15 H  32 O   4     0 G18
 OOOOH26   -107.61   203.59    98.82  123.45  144.41  161.76  188.52  208.61     .00  10/ 9/14 THERM   C  15 H  31 O   4     0 G17
 OOHOOH27  -135.01   206.43    99.88  125.11  146.78  164.84  192.44  212.95     .00  10/ 9/14 THERM   C  15 H  32 O   4     0 G18
 OOOOH27   -100.81   206.65    97.83  122.27  143.23  160.75  187.72  207.98     .00  10/ 9/14 THERM   C  15 H  31 O   4     0 G17
 OOHOOH28  -139.38   204.43   100.38  125.79  147.73  165.58  193.09  213.45     .00  10/ 9/14 THERM   C  15 H  32 O   4     0 G18
 OOOOH28   -105.18   204.66    98.33  122.95  144.18  161.49  188.37  208.48     .00  10/ 9/14 THERM   C  15 H  31 O   4     0 G17
 OOHOOH31  -132.58   207.50    99.39  124.61  146.55  164.57  192.29  212.82     .00  10/ 9/14 THERM   C  15 H  32 O   4     0 G18
 OOOOH31    -98.38   207.72    97.34  121.77  143.00  160.48  187.57  207.85     .00  10/ 9/14 THERM   C  15 H  31 O   4     0 G17
 OOHOOH32  -139.38   204.43   100.38  125.79  147.73  165.58  193.09  213.45     .00  10/ 9/14 THERM   C  15 H  32 O   4     0 G18
 OOOOH32   -105.18   204.66    98.33  122.95  144.18  161.49  188.37  208.48     .00  10/ 9/14 THERM   C  15 H  31 O   4     0 G17
 OOHOOH34  -136.95   205.50    99.89  125.29  147.50  165.31  192.94  213.32     .00  10/ 9/14 THERM   C  15 H  32 O   4     0 G18
 OOOOH34   -102.75   205.73    97.84  122.45  143.95  161.22  188.22  208.35     .00  10/ 9/14 THERM   C  15 H  31 O   4     0 G17
 OOHOOH35  -136.95   205.50    99.89  125.29  147.50  165.31  192.94  213.32     .00  10/ 9/14 THERM   C  15 H  32 O   4     0 G18
 OOOOH35   -102.75   205.73    97.84  122.45  143.95  161.22  188.22  208.35     .00  10/ 9/14 THERM   C  15 H  31 O   4     0 G17
 OOHOOH36  -139.38   204.43   100.38  125.79  147.73  165.58  193.09  213.45     .00  10/ 9/14 THERM   C  15 H  32 O   4     0 G18
 OOOOH36   -105.18   204.66    98.33  122.95  144.18  161.49  188.37  208.48     .00  10/ 9/14 THERM   C  15 H  31 O   4     0 G17
 OOHOOH37  -132.58   207.50    99.39  124.61  146.55  164.57  192.29  212.82     .00  10/ 9/14 THERM   C  15 H  32 O   4     0 G18
 OOOOH37    -98.38   207.72    97.34  121.77  143.00  160.48  187.57  207.85     .00  10/ 9/14 THERM   C  15 H  31 O   4     0 G17
 OOHOOH38  -136.95   205.50    99.89  125.29  147.50  165.31  192.94  213.32     .00  10/ 9/14 THERM   C  15 H  32 O   4     0 G18
 OOOOH38   -102.75   205.73    97.84  122.45  143.95  161.22  188.22  208.35     .00  10/ 9/14 THERM   C  15 H  31 O   4     0 G17
 OOHOOH39  -136.95   205.50    99.89  125.29  147.50  165.31  192.94  213.32     .00  10/ 9/14 THERM   C  15 H  32 O   4     0 G18
 OOOOH39   -102.75   205.73    97.84  122.45  143.95  161.22  188.22  208.35     .00  10/ 9/14 THERM   C  15 H  31 O   4     0 G17
 OOHOOH41  -132.58   207.50    99.39  124.61  146.55  164.57  192.29  212.82     .00  10/ 9/14 THERM   C  15 H  32 O   4     0 G18
 OOOOH41    -98.38   207.72    97.34  121.77  143.00  160.48  187.57  207.85     .00  10/ 9/14 THERM   C  15 H  31 O   4     0 G17
 OOHOOH42  -139.38   204.43   100.38  125.79  147.73  165.58  193.09  213.45     .00  10/ 9/14 THERM   C  15 H  32 O   4     0 G18
 OOOOH42   -105.18   204.66    98.33  122.95  144.18  161.49  188.37  208.48     .00  10/ 9/14 THERM   C  15 H  31 O   4     0 G17
 OOHOOH43  -136.95   205.50    99.89  125.29  147.50  165.31  192.94  213.32     .00  10/ 9/14 THERM   C  15 H  32 O   4     0 G18
 OOOOH43   -102.75   205.73    97.84  122.45  143.95  161.22  188.22  208.35     .00  10/ 9/14 THERM   C  15 H  31 O   4     0 G17
 OOHOOH45  -136.95   205.50    99.89  125.29  147.50  165.31  192.94  213.32     .00  10/ 9/14 THERM   C  15 H  32 O   4     0 G18
 OOOOH45   -102.75   205.73    97.84  122.45  143.95  161.22  188.22  208.35     .00  10/ 9/14 THERM   C  15 H  31 O   4     0 G17
 OOHOOH46  -139.38   204.43   100.38  125.79  147.73  165.58  193.09  213.45     .00  10/ 9/14 THERM   C  15 H  32 O   4     0 G18
 OOOOH46   -105.18   204.66    98.33  122.95  144.18  161.49  188.37  208.48     .00  10/ 9/14 THERM   C  15 H  31 O   4     0 G17
 OOHOOH47  -132.58   207.50    99.39  124.61  146.55  164.57  192.29  212.82     .00  10/ 9/14 THERM   C  15 H  32 O   4     0 G18
 OOOOH47    -98.38   207.72    97.34  121.77  143.00  160.48  187.57  207.85     .00  10/ 9/14 THERM   C  15 H  31 O   4     0 G17
 OOHOOH48  -136.95   205.50    99.89  125.29  147.50  165.31  192.94  213.32     .00  10/ 9/14 THERM   C  15 H  32 O   4     0 G18
 OOOOH48   -102.75   205.73    97.84  122.45  143.95  161.22  188.22  208.35     .00  10/ 9/14 THERM   C  15 H  31 O   4     0 G17
 OOHOOH49  -136.95   205.50    99.89  125.29  147.50  165.31  192.94  213.32     .00  10/ 9/14 THERM   C  15 H  32 O   4     0 G18
 OOOOH49   -102.75   205.73    97.84  122.45  143.95  161.22  188.22  208.35     .00  10/ 9/14 THERM   C  15 H  31 O   4     0 G17
 OOHOOH410 -136.95   205.50    99.89  125.29  147.50  165.31  192.94  213.32     .00  10/ 9/14 THERM   C  15 H  32 O   4     0 G18
 OOOOH410  -102.75   205.73    97.84  122.45  143.95  161.22  188.22  208.35     .00  10/ 9/14 THERM   C  15 H  31 O   4     0 G17
 OOHOOH51  -132.58   207.50    99.39  124.61  146.55  164.57  192.29  212.82     .00  10/ 9/14 THERM   C  15 H  32 O   4     0 G18
 OOOOH51    -98.38   207.72    97.34  121.77  143.00  160.48  187.57  207.85     .00  10/ 9/14 THERM   C  15 H  31 O   4     0 G17
 OOHOOH52  -139.38   204.43   100.38  125.79  147.73  165.58  193.09  213.45     .00  10/ 9/14 THERM   C  15 H  32 O   4     0 G18
 OOOOH52   -105.18   204.66    98.33  122.95  144.18  161.49  188.37  208.48     .00  10/ 9/14 THERM   C  15 H  31 O   4     0 G17
 OOHOOH53  -136.95   205.50    99.89  125.29  147.50  165.31  192.94  213.32     .00  10/ 9/14 THERM   C  15 H  32 O   4     0 G18
 OOOOH53   -102.75   205.73    97.84  122.45  143.95  161.22  188.22  208.35     .00  10/ 9/14 THERM   C  15 H  31 O   4     0 G17
 OOHOOH54  -136.95   205.50    99.89  125.29  147.50  165.31  192.94  213.32     .00  10/ 9/14 THERM   C  15 H  32 O   4     0 G18
 OOOOH54   -102.75   205.73    97.84  122.45  143.95  161.22  188.22  208.35     .00  10/ 9/14 THERM   C  15 H  31 O   4     0 G17
 OOHOOH56  -139.38   204.43   100.38  125.79  147.73  165.58  193.09  213.45     .00  10/ 9/14 THERM   C  15 H  32 O   4     0 G18
 OOOOH56   -105.18   204.66    98.33  122.95  144.18  161.49  188.37  208.48     .00  10/ 9/14 THERM   C  15 H  31 O   4     0 G17
 OOHOOH57  -132.58   207.50    99.39  124.61  146.55  164.57  192.29  212.82     .00  10/ 9/14 THERM   C  15 H  32 O   4     0 G18
 OOOOH57    -98.38   207.72    97.34  121.77  143.00  160.48  187.57  207.85     .00  10/ 9/14 THERM   C  15 H  31 O   4     0 G17
 OOHOOH58  -136.95   205.50    99.89  125.29  147.50  165.31  192.94  213.32     .00  10/ 9/14 THERM   C  15 H  32 O   4     0 G18
 OOOOH58   -102.75   205.73    97.84  122.45  143.95  161.22  188.22  208.35     .00  10/ 9/14 THERM   C  15 H  31 O   4     0 G17
 OOHOOH59  -136.95   205.50    99.89  125.29  147.50  165.31  192.94  213.32     .00  10/ 9/14 THERM   C  15 H  32 O   4     0 G18
 OOOOH59   -102.75   205.73    97.84  122.45  143.95  161.22  188.22  208.35     .00  10/ 9/14 THERM   C  15 H  31 O   4     0 G17
 OOHOOH510 -136.95   205.50    99.89  125.29  147.50  165.31  192.94  213.32     .00  10/ 9/14 THERM   C  15 H  32 O   4     0 G18
 OOOOH510  -102.75   205.73    97.84  122.45  143.95  161.22  188.22  208.35     .00  10/ 9/14 THERM   C  15 H  31 O   4     0 G17
 OOHOOH511 -139.38   204.43   100.38  125.79  147.73  165.58  193.09  213.45     .00  10/ 9/14 THERM   C  15 H  32 O   4     0 G18
 OOOOH511  -105.18   204.66    98.33  122.95  144.18  161.49  188.37  208.48     .00  10/ 9/14 THERM   C  15 H  31 O   4     0 G17
 OOHOOH61  -135.01   206.43    99.88  125.11  146.78  164.84  192.44  212.95     .00  10/ 9/14 THERM   C  15 H  32 O   4     0 G18
 OOOOH61   -100.81   206.65    97.83  122.27  143.23  160.75  187.72  207.98     .00  10/ 9/14 THERM   C  15 H  31 O   4     0 G17
 OOHOOH62  -141.81   203.36   100.87  126.29  147.96  165.85  193.24  213.58     .00  10/ 9/14 THERM   C  15 H  32 O   4     0 G18
 OOOOH62   -107.61   203.59    98.82  123.45  144.41  161.76  188.52  208.61     .00  10/ 9/14 THERM   C  15 H  31 O   4     0 G17
 OOHOOH63  -139.38   204.43   100.38  125.79  147.73  165.58  193.09  213.45     .00  10/ 9/14 THERM   C  15 H  32 O   4     0 G18
 OOOOH63   -105.18   204.66    98.33  122.95  144.18  161.49  188.37  208.48     .00  10/ 9/14 THERM   C  15 H  31 O   4     0 G17
 OOHOOH64  -139.38   204.43   100.38  125.79  147.73  165.58  193.09  213.45     .00  10/ 9/14 THERM   C  15 H  32 O   4     0 G18
 OOOOH64   -105.18   204.66    98.33  122.95  144.18  161.49  188.37  208.48     .00  10/ 9/14 THERM   C  15 H  31 O   4     0 G17
 OOHOOH65  -139.38   204.43   100.38  125.79  147.73  165.58  193.09  213.45     .00  10/ 9/14 THERM   C  15 H  32 O   4     0 G18
 OOOOH65   -105.18   204.66    98.33  122.95  144.18  161.49  188.37  208.48     .00  10/ 9/14 THERM   C  15 H  31 O   4     0 G17
 OOHOOH67  -135.01   206.43    99.88  125.11  146.78  164.84  192.44  212.95     .00  10/ 9/14 THERM   C  15 H  32 O   4     0 G18
 OOOOH67   -100.81   206.65    97.83  122.27  143.23  160.75  187.72  207.98     .00  10/ 9/14 THERM   C  15 H  31 O   4     0 G17
 OOHOOH68  -139.38   204.43   100.38  125.79  147.73  165.58  193.09  213.45     .00  10/ 9/14 THERM   C  15 H  32 O   4     0 G18
 OOOOH68   -105.18   204.66    98.33  122.95  144.18  161.49  188.37  208.48     .00  10/ 9/14 THERM   C  15 H  31 O   4     0 G17
 OOHOOH69  -139.38   204.43   100.38  125.79  147.73  165.58  193.09  213.45     .00  10/ 9/14 THERM   C  15 H  32 O   4     0 G18
 OOOOH69   -105.18   204.66    98.33  122.95  144.18  161.49  188.37  208.48     .00  10/ 9/14 THERM   C  15 H  31 O   4     0 G17
 OOHOOH610 -139.38   204.43   100.38  125.79  147.73  165.58  193.09  213.45     .00  10/ 9/14 THERM   C  15 H  32 O   4     0 G18
 OOOOH610  -105.18   204.66    98.33  122.95  144.18  161.49  188.37  208.48     .00  10/ 9/14 THERM   C  15 H  31 O   4     0 G17
 OOHOOH611 -141.81   203.36   100.87  126.29  147.96  165.85  193.24  213.58     .00  10/ 9/14 THERM   C  15 H  32 O   4     0 G18
 OOOOH611  -107.61   203.59    98.82  123.45  144.41  161.76  188.52  208.61     .00  10/ 9/14 THERM   C  15 H  31 O   4     0 G17
 OOHOOH612 -135.01   206.43    99.88  125.11  146.78  164.84  192.44  212.95     .00  10/ 9/14 THERM   C  15 H  32 O   4     0 G18
 OOOOH612  -100.81   206.65    97.83  122.27  143.23  160.75  187.72  207.98     .00  10/ 9/14 THERM   C  15 H  31 O   4     0 G17
 OOHOOH613 -139.38   204.43   100.38  125.79  147.73  165.58  193.09  213.45     .00  10/ 9/14 THERM   C  15 H  32 O   4     0 G18
 OOOOH613  -105.18   204.66    98.33  122.95  144.18  161.49  188.37  208.48     .00  10/ 9/14 THERM   C  15 H  31 O   4     0 G17
 OOHOOH72  -135.01   206.43    99.88  125.11  146.78  164.84  192.44  212.95     .00  10/ 9/14 THERM   C  15 H  32 O   4     0 G18
 OOOOH72   -100.81   206.65    97.83  122.27  143.23  160.75  187.72  207.98     .00  10/ 9/14 THERM   C  15 H  31 O   4     0 G17
 OOHOOH73  -132.58   207.50    99.39  124.61  146.55  164.57  192.29  212.82     .00  10/ 9/14 THERM   C  15 H  32 O   4     0 G18
 OOOOH73    -98.38   207.72    97.34  121.77  143.00  160.48  187.57  207.85     .00  10/ 9/14 THERM   C  15 H  31 O   4     0 G17
 OOHOOH74  -132.58   207.50    99.39  124.61  146.55  164.57  192.29  212.82     .00  10/ 9/14 THERM   C  15 H  32 O   4     0 G18
 OOOOH74    -98.38   207.72    97.34  121.77  143.00  160.48  187.57  207.85     .00  10/ 9/14 THERM   C  15 H  31 O   4     0 G17
 OOHOOH75  -132.58   207.50    99.39  124.61  146.55  164.57  192.29  212.82     .00  10/ 9/14 THERM   C  15 H  32 O   4     0 G18
 OOOOH75    -98.38   207.72    97.34  121.77  143.00  160.48  187.57  207.85     .00  10/ 9/14 THERM   C  15 H  31 O   4     0 G17
 OOHOOH76  -135.01   206.43    99.88  125.11  146.78  164.84  192.44  212.95     .00  10/ 9/14 THERM   C  15 H  32 O   4     0 G18
 OOOOH76   -100.81   206.65    97.83  122.27  143.23  160.75  187.72  207.98     .00  10/ 9/14 THERM   C  15 H  31 O   4     0 G17
 OOHOOH78  -132.58   207.50    99.39  124.61  146.55  164.57  192.29  212.82     .00  10/ 9/14 THERM   C  15 H  32 O   4     0 G18
 OOOOH78    -98.38   207.72    97.34  121.77  143.00  160.48  187.57  207.85     .00  10/ 9/14 THERM   C  15 H  31 O   4     0 G17
 OOHOOH79  -132.58   207.50    99.39  124.61  146.55  164.57  192.29  212.82     .00  10/ 9/14 THERM   C  15 H  32 O   4     0 G18
 OOOOH79    -98.38   207.72    97.34  121.77  143.00  160.48  187.57  207.85     .00  10/ 9/14 THERM   C  15 H  31 O   4     0 G17
 OOHOOH710 -132.58   207.50    99.39  124.61  146.55  164.57  192.29  212.82     .00  10/ 9/14 THERM   C  15 H  32 O   4     0 G18
 OOOOH710   -98.38   207.72    97.34  121.77  143.00  160.48  187.57  207.85     .00  10/ 9/14 THERM   C  15 H  31 O   4     0 G17
 OOHOOH711 -135.01   206.43    99.88  125.11  146.78  164.84  192.44  212.95     .00  10/ 9/14 THERM   C  15 H  32 O   4     0 G18
 OOOOH711  -100.81   206.65    97.83  122.27  143.23  160.75  187.72  207.98     .00  10/ 9/14 THERM   C  15 H  31 O   4     0 G17
 OOHOOH82  -139.38   204.43   100.38  125.79  147.73  165.58  193.09  213.45     .00  10/ 9/14 THERM   C  15 H  32 O   4     0 G18
 OOOOH82   -105.18   204.66    98.33  122.95  144.18  161.49  188.37  208.48     .00  10/ 9/14 THERM   C  15 H  31 O   4     0 G17
 OOHOOH83  -136.95   205.50    99.89  125.29  147.50  165.31  192.94  213.32     .00  10/ 9/14 THERM   C  15 H  32 O   4     0 G18
 OOOOH83   -102.75   205.73    97.84  122.45  143.95  161.22  188.22  208.35     .00  10/ 9/14 THERM   C  15 H  31 O   4     0 G17
 OOHOOH84  -136.95   205.50    99.89  125.29  147.50  165.31  192.94  213.32     .00  10/ 9/14 THERM   C  15 H  32 O   4     0 G18
 OOOOH84   -102.75   205.73    97.84  122.45  143.95  161.22  188.22  208.35     .00  10/ 9/14 THERM   C  15 H  31 O   4     0 G17
 OOHOOH85  -136.95   205.50    99.89  125.29  147.50  165.31  192.94  213.32     .00  10/ 9/14 THERM   C  15 H  32 O   4     0 G18
 OOOOH85   -102.75   205.73    97.84  122.45  143.95  161.22  188.22  208.35     .00  10/ 9/14 THERM   C  15 H  31 O   4     0 G17
 OOHOOH86  -139.38   204.43   100.38  125.79  147.73  165.58  193.09  213.45     .00  10/ 9/14 THERM   C  15 H  32 O   4     0 G18
 OOOOH86   -105.18   204.66    98.33  122.95  144.18  161.49  188.37  208.48     .00  10/ 9/14 THERM   C  15 H  31 O   4     0 G17
 OOHOOH87  -132.58   207.50    99.39  124.61  146.55  164.57  192.29  212.82     .00  10/ 9/14 THERM   C  15 H  32 O   4     0 G18
 OOOOH87    -98.38   207.72    97.34  121.77  143.00  160.48  187.57  207.85     .00  10/ 9/14 THERM   C  15 H  31 O   4     0 G17
 OOHOOH89  -136.95   205.50    99.89  125.29  147.50  165.31  192.94  213.32     .00  10/ 9/14 THERM   C  15 H  32 O   4     0 G18
 OOOOH89   -102.75   205.73    97.84  122.45  143.95  161.22  188.22  208.35     .00  10/ 9/14 THERM   C  15 H  31 O   4     0 G17
 OOHOOH810 -136.95   205.50    99.89  125.29  147.50  165.31  192.94  213.32     .00  10/ 9/14 THERM   C  15 H  32 O   4     0 G18
 OOOOH810  -102.75   205.73    97.84  122.45  143.95  161.22  188.22  208.35     .00  10/ 9/14 THERM   C  15 H  31 O   4     0 G17
 OOHOOH811 -139.38   204.43   100.38  125.79  147.73  165.58  193.09  213.45     .00  10/ 9/14 THERM   C  15 H  32 O   4     0 G18
 OOOOH811  -105.18   204.66    98.33  122.95  144.18  161.49  188.37  208.48     .00  10/ 9/14 THERM   C  15 H  31 O   4     0 G17
 OOHOOH812 -132.58   207.50    99.39  124.61  146.55  164.57  192.29  212.82     .00  10/ 9/14 THERM   C  15 H  32 O   4     0 G18
 OOOOH812   -98.38   207.72    97.34  121.77  143.00  160.48  187.57  207.85     .00  10/ 9/14 THERM   C  15 H  31 O   4     0 G17
 OOHOOH813 -136.95   205.50    99.89  125.29  147.50  165.31  192.94  213.32     .00  10/ 9/14 THERM   C  15 H  32 O   4     0 G18
 OOOOH813  -102.75   205.73    97.84  122.45  143.95  161.22  188.22  208.35     .00  10/ 9/14 THERM   C  15 H  31 O   4     0 G17
 OOHOOH814 -132.58   207.50    99.39  124.61  146.55  164.57  192.29  212.82     .00  10/ 9/14 THERM   C  15 H  32 O   4     0 G18
 OOOOH814   -98.38   207.72    97.34  121.77  143.00  160.48  187.57  207.85     .00  10/ 9/14 THERM   C  15 H  31 O   4     0 G17
 OOHOOH93  -136.95   205.50    99.89  125.29  147.50  165.31  192.94  213.32     .00  10/ 9/14 THERM   C  15 H  32 O   4     0 G18
 OOOOH93   -102.75   205.73    97.84  122.45  143.95  161.22  188.22  208.35     .00  10/ 9/14 THERM   C  15 H  31 O   4     0 G17
 OOHOOH94  -136.95   205.50    99.89  125.29  147.50  165.31  192.94  213.32     .00  10/ 9/14 THERM   C  15 H  32 O   4     0 G18
 OOOOH94   -102.75   205.73    97.84  122.45  143.95  161.22  188.22  208.35     .00  10/ 9/14 THERM   C  15 H  31 O   4     0 G17
 OOHOOH95  -136.95   205.50    99.89  125.29  147.50  165.31  192.94  213.32     .00  10/ 9/14 THERM   C  15 H  32 O   4     0 G18
 OOOOH95   -102.75   205.73    97.84  122.45  143.95  161.22  188.22  208.35     .00  10/ 9/14 THERM   C  15 H  31 O   4     0 G17
 OOHOOH96  -139.38   204.43   100.38  125.79  147.73  165.58  193.09  213.45     .00  10/ 9/14 THERM   C  15 H  32 O   4     0 G18
 OOOOH96   -105.18   204.66    98.33  122.95  144.18  161.49  188.37  208.48     .00  10/ 9/14 THERM   C  15 H  31 O   4     0 G17
 OOHOOH97  -132.58   207.50    99.39  124.61  146.55  164.57  192.29  212.82     .00  10/ 9/14 THERM   C  15 H  32 O   4     0 G18
 OOOOH97    -98.38   207.72    97.34  121.77  143.00  160.48  187.57  207.85     .00  10/ 9/14 THERM   C  15 H  31 O   4     0 G17
 OOHOOH98  -136.95   205.50    99.89  125.29  147.50  165.31  192.94  213.32     .00  10/ 9/14 THERM   C  15 H  32 O   4     0 G18
 OOOOH98   -102.75   205.73    97.84  122.45  143.95  161.22  188.22  208.35     .00  10/ 9/14 THERM   C  15 H  31 O   4     0 G17
 OOHOOH910 -136.95   205.50    99.89  125.29  147.50  165.31  192.94  213.32     .00  10/ 9/14 THERM   C  15 H  32 O   4     0 G18
 OOOOH910  -102.75   205.73    97.84  122.45  143.95  161.22  188.22  208.35     .00  10/ 9/14 THERM   C  15 H  31 O   4     0 G17
 OOHOOH911 -139.38   204.43   100.38  125.79  147.73  165.58  193.09  213.45     .00  10/ 9/14 THERM   C  15 H  32 O   4     0 G18
 OOOOH911  -105.18   204.66    98.33  122.95  144.18  161.49  188.37  208.48     .00  10/ 9/14 THERM   C  15 H  31 O   4     0 G17
 OOHOOH912 -132.58   207.50    99.39  124.61  146.55  164.57  192.29  212.82     .00  10/ 9/14 THERM   C  15 H  32 O   4     0 G18
 OOOOH912   -98.38   207.72    97.34  121.77  143.00  160.48  187.57  207.85     .00  10/ 9/14 THERM   C  15 H  31 O   4     0 G17
 OOHOOH913 -136.95   205.50    99.89  125.29  147.50  165.31  192.94  213.32     .00  10/ 9/14 THERM   C  15 H  32 O   4     0 G18
 OOOOH913  -102.75   205.73    97.84  122.45  143.95  161.22  188.22  208.35     .00  10/ 9/14 THERM   C  15 H  31 O   4     0 G17
 OOHOOH914 -132.58   207.50    99.39  124.61  146.55  164.57  192.29  212.82     .00  10/ 9/14 THERM   C  15 H  32 O   4     0 G18
 OOOOH914   -98.38   207.72    97.34  121.77  143.00  160.48  187.57  207.85     .00  10/ 9/14 THERM   C  15 H  31 O   4     0 G17
 OOHOOH104 -136.95   205.50    99.89  125.29  147.50  165.31  192.94  213.32     .00  10/ 9/14 THERM   C  15 H  32 O   4     0 G18
 OOOOH104  -102.75   205.73    97.84  122.45  143.95  161.22  188.22  208.35     .00  10/ 9/14 THERM   C  15 H  31 O   4     0 G17
 OOHOOH105 -136.95   205.50    99.89  125.29  147.50  165.31  192.94  213.32     .00  10/ 9/14 THERM   C  15 H  32 O   4     0 G18
 OOOOH105  -102.75   205.73    97.84  122.45  143.95  161.22  188.22  208.35     .00  10/ 9/14 THERM   C  15 H  31 O   4     0 G17
 OOHOOH106 -139.38   204.43   100.38  125.79  147.73  165.58  193.09  213.45     .00  10/ 9/14 THERM   C  15 H  32 O   4     0 G18
 OOOOH106  -105.18   204.66    98.33  122.95  144.18  161.49  188.37  208.48     .00  10/ 9/14 THERM   C  15 H  31 O   4     0 G17
 OOHOOH107 -132.58   207.50    99.39  124.61  146.55  164.57  192.29  212.82     .00  10/ 9/14 THERM   C  15 H  32 O   4     0 G18
 OOOOH107   -98.38   207.72    97.34  121.77  143.00  160.48  187.57  207.85     .00  10/ 9/14 THERM   C  15 H  31 O   4     0 G17
 OOHOOH108 -136.95   205.50    99.89  125.29  147.50  165.31  192.94  213.32     .00  10/ 9/14 THERM   C  15 H  32 O   4     0 G18
 OOOOH108  -102.75   205.73    97.84  122.45  143.95  161.22  188.22  208.35     .00  10/ 9/14 THERM   C  15 H  31 O   4     0 G17
 OOHOOH109 -136.95   205.50    99.89  125.29  147.50  165.31  192.94  213.32     .00  10/ 9/14 THERM   C  15 H  32 O   4     0 G18
 OOOOH109  -102.75   205.73    97.84  122.45  143.95  161.22  188.22  208.35     .00  10/ 9/14 THERM   C  15 H  31 O   4     0 G17
 OOHOOH101 -139.38   204.43   100.38  125.79  147.73  165.58  193.09  213.45     .00  10/ 9/14 THERM   C  15 H  32 O   4     0 G18
 OOOOH1011 -105.18   204.66    98.33  122.95  144.18  161.49  188.37  208.48     .00  10/ 9/14 THERM   C  15 H  31 O   4     0 G17
 OOHOOH101 -132.58   207.50    99.39  124.61  146.55  164.57  192.29  212.82     .00  10/ 9/14 THERM   C  15 H  32 O   4     0 G18
 OOOOH1012  -98.38   207.72    97.34  121.77  143.00  160.48  187.57  207.85     .00  10/ 9/14 THERM   C  15 H  31 O   4     0 G17
 OOHOOH101 -136.95   205.50    99.89  125.29  147.50  165.31  192.94  213.32     .00  10/ 9/14 THERM   C  15 H  32 O   4     0 G18
 OOOOH1013 -102.75   205.73    97.84  122.45  143.95  161.22  188.22  208.35     .00  10/ 9/14 THERM   C  15 H  31 O   4     0 G17
 OOHOOH101 -132.58   207.50    99.39  124.61  146.55  164.57  192.29  212.82     .00  10/ 9/14 THERM   C  15 H  32 O   4     0 G18
 OOOOH1014  -98.38   207.72    97.34  121.77  143.00  160.48  187.57  207.85     .00  10/ 9/14 THERM   C  15 H  31 O   4     0 G17
 OOOOH115    34.20   -10.69    -2.05   -2.84   -3.55   -4.09   -4.72   -4.97     .00  10/ 9/14 THERM   C  15 H  31 O   4     0 G17
 OOHOOH116 -141.81   203.36   100.87  126.29  147.96  165.85  193.24  213.58     .00  10/ 9/14 THERM   C  15 H  32 O   4     0 G18
 OOOOH116  -107.61   203.59    98.82  123.45  144.41  161.76  188.52  208.61     .00  10/ 9/14 THERM   C  15 H  31 O   4     0 G17
 OOHOOH117 -135.01   206.43    99.88  125.11  146.78  164.84  192.44  212.95     .00  10/ 9/14 THERM   C  15 H  32 O   4     0 G18
 OOOOH117  -100.81   206.65    97.83  122.27  143.23  160.75  187.72  207.98     .00  10/ 9/14 THERM   C  15 H  31 O   4     0 G17
 OOHOOH118 -139.38   204.43   100.38  125.79  147.73  165.58  193.09  213.45     .00  10/ 9/14 THERM   C  15 H  32 O   4     0 G18
 OOOOH118  -105.18   204.66    98.33  122.95  144.18  161.49  188.37  208.48     .00  10/ 9/14 THERM   C  15 H  31 O   4     0 G17
 OOHOOH119 -139.38   204.43   100.38  125.79  147.73  165.58  193.09  213.45     .00  10/ 9/14 THERM   C  15 H  32 O   4     0 G18
 OOOOH119  -105.18   204.66    98.33  122.95  144.18  161.49  188.37  208.48     .00  10/ 9/14 THERM   C  15 H  31 O   4     0 G17
 OOHOOH111 -139.38   204.43   100.38  125.79  147.73  165.58  193.09  213.45     .00  10/ 9/14 THERM   C  15 H  32 O   4     0 G18
 OOOOH1110 -105.18   204.66    98.33  122.95  144.18  161.49  188.37  208.48     .00  10/ 9/14 THERM   C  15 H  31 O   4     0 G17
 OOHOOH111 -135.01   206.43    99.88  125.11  146.78  164.84  192.44  212.95     .00  10/ 9/14 THERM   C  15 H  32 O   4     0 G18
 OOOOH1112 -100.81   206.65    97.83  122.27  143.23  160.75  187.72  207.98     .00  10/ 9/14 THERM   C  15 H  31 O   4     0 G17
 OOHOOH111 -139.38   204.43   100.38  125.79  147.73  165.58  193.09  213.45     .00  10/ 9/14 THERM   C  15 H  32 O   4     0 G18
 OOOOH1113 -105.18   204.66    98.33  122.95  144.18  161.49  188.37  208.48     .00  10/ 9/14 THERM   C  15 H  31 O   4     0 G17
 OOHOOH111 -135.01   206.43    99.88  125.11  146.78  164.84  192.44  212.95     .00  10/ 9/14 THERM   C  15 H  32 O   4     0 G18
 OOOOH1114 -100.81   206.65    97.83  122.27  143.23  160.75  187.72  207.98     .00  10/ 9/14 THERM   C  15 H  31 O   4     0 G17
 OOHOOH126 -135.01   206.43    99.88  125.11  146.78  164.84  192.44  212.95     .00  10/ 9/14 THERM   C  15 H  32 O   4     0 G18
 OOOOH126  -100.81   206.65    97.83  122.27  143.23  160.75  187.72  207.98     .00  10/ 9/14 THERM   C  15 H  31 O   4     0 G17
 OOHOOH128 -132.58   207.50    99.39  124.61  146.55  164.57  192.29  212.82     .00  10/ 9/14 THERM   C  15 H  32 O   4     0 G18
 OOHOOH129 -132.58   207.50    99.39  124.61  146.55  164.57  192.29  212.82     .00  10/ 9/14 THERM   C  15 H  32 O   4     0 G18
 OOOOH129   -98.38   207.72    97.34  121.77  143.00  160.48  187.57  207.85     .00  10/ 9/14 THERM   C  15 H  31 O   4     0 G17
 OOHOOH121 -132.58   207.50    99.39  124.61  146.55  164.57  192.29  212.82     .00  10/ 9/14 THERM   C  15 H  32 O   4     0 G18
 OOOOH1210  -98.38   207.72    97.34  121.77  143.00  160.48  187.57  207.85     .00  10/ 9/14 THERM   C  15 H  31 O   4     0 G17
 OOHOOH121 -135.01   206.43    99.88  125.11  146.78  164.84  192.44  212.95     .00  10/ 9/14 THERM   C  15 H  32 O   4     0 G18
 OOOOH1211 -100.81   206.65    97.83  122.27  143.23  160.75  187.72  207.98     .00  10/ 9/14 THERM   C  15 H  31 O   4     0 G17
 OOHOOH121 -132.58   207.50    99.39  124.61  146.55  164.57  192.29  212.82     .00  10/ 9/14 THERM   C  15 H  32 O   4     0 G18
 OOOOH1213  -98.38   207.72    97.34  121.77  143.00  160.48  187.57  207.85     .00  10/ 9/14 THERM   C  15 H  31 O   4     0 G17
 OOHOOH121 -128.21   209.49    98.89  123.93  145.60  163.83  191.64  212.32     .00  10/ 9/14 THERM   C  15 H  32 O   4     0 G18
 OOOOH1214  -94.01   209.71    96.84  121.09  142.05  159.74  186.92  207.35     .00  10/ 9/14 THERM   C  15 H  31 O   4     0 G17
 OOHOOH136 -139.38   204.43   100.38  125.79  147.73  165.58  193.09  213.45     .00  10/ 9/14 THERM   C  15 H  32 O   4     0 G18
 OOOOH136  -105.18   204.66    98.33  122.95  144.18  161.49  188.37  208.48     .00  10/ 9/14 THERM   C  15 H  31 O   4     0 G17
 OOHOOH138 -136.95   205.50    99.89  125.29  147.50  165.31  192.94  213.32     .00  10/ 9/14 THERM   C  15 H  32 O   4     0 G18
 OOOOH138  -102.75   205.73    97.84  122.45  143.95  161.22  188.22  208.35     .00  10/ 9/14 THERM   C  15 H  31 O   4     0 G17
 OOHOOH139 -136.95   205.50    99.89  125.29  147.50  165.31  192.94  213.32     .00  10/ 9/14 THERM   C  15 H  32 O   4     0 G18
 OOOOH139  -102.75   205.73    97.84  122.45  143.95  161.22  188.22  208.35     .00  10/ 9/14 THERM   C  15 H  31 O   4     0 G17
 OOHOOH131 -139.38   204.43   100.38  125.79  147.73  165.58  193.09  213.45     .00  10/ 9/14 THERM   C  15 H  32 O   4     0 G18
 OOOOH1311 -105.18   204.66    98.33  122.95  144.18  161.49  188.37  208.48     .00  10/ 9/14 THERM   C  15 H  31 O   4     0 G17
 OOHOOH131 -132.58   207.50    99.39  124.61  146.55  164.57  192.29  212.82     .00  10/ 9/14 THERM   C  15 H  32 O   4     0 G18
 OOOOH1312  -98.38   207.72    97.34  121.77  143.00  160.48  187.57  207.85     .00  10/ 9/14 THERM   C  15 H  31 O   4     0 G17
 OOHOOH131 -132.58   207.50    99.39  124.61  146.55  164.57  192.29  212.82     .00  10/ 9/14 THERM   C  15 H  32 O   4     0 G18
 OOOOH1314  -98.38   207.72    97.34  121.77  143.00  160.48  187.57  207.85     .00  10/ 9/14 THERM   C  15 H  31 O   4     0 G17
 OOHOOH148 -132.58   207.50    99.39  124.61  146.55  164.57  192.29  212.82     .00  10/ 9/14 THERM   C  15 H  32 O   4     0 G18
 OOOOH148   -98.38   207.72    97.34  121.77  143.00  160.48  187.57  207.85     .00  10/ 9/14 THERM   C  15 H  31 O   4     0 G17
 OOHOOH149 -132.58   207.50    99.39  124.61  146.55  164.57  192.29  212.82     .00  10/ 9/14 THERM   C  15 H  32 O   4     0 G18
 OOOOH149   -98.38   207.72    97.34  121.77  143.00  160.48  187.57  207.85     .00  10/ 9/14 THERM   C  15 H  31 O   4     0 G17
 OOHOOH141 -132.58   207.50    99.39  124.61  146.55  164.57  192.29  212.82     .00  10/ 9/14 THERM   C  15 H  32 O   4     0 G18
 OOOOH1410  -98.38   207.72    97.34  121.77  143.00  160.48  187.57  207.85     .00  10/ 9/14 THERM   C  15 H  31 O   4     0 G17
 OOHOOH141 -135.01   206.43    99.88  125.11  146.78  164.84  192.44  212.95     .00  10/ 9/14 THERM   C  15 H  32 O   4     0 G18
 OOOOH1411 -100.81   206.65    97.83  122.27  143.23  160.75  187.72  207.98     .00  10/ 9/14 THERM   C  15 H  31 O   4     0 G17
 OOHOOH141 -128.21   209.49    98.89  123.93  145.60  163.83  191.64  212.32     .00  10/ 9/14 THERM   C  15 H  32 O   4     0 G18
 OOOOH1412  -94.01   209.71    96.84  121.09  142.05  159.74  186.92  207.35     .00  10/ 9/14 THERM   C  15 H  31 O   4     0 G17
 OOHOOH141 -132.58   207.50    99.39  124.61  146.55  164.57  192.29  212.82     .00  10/ 9/14 THERM   C  15 H  32 O   4     0 G18
 OOOOH1413  -98.38   207.72    97.34  121.77  143.00  160.48  187.57  207.85     .00  10/ 9/14 THERM   C  15 H  31 O   4     0 G17
 QO11      -107.81   142.69    84.07  107.57  127.76  144.63  171.10  190.10     .00  10/ 9/14 THERM   C  15 H  30 O   1     0 G12
 QO12      -114.61   139.63    85.06  108.75  128.94  145.64  171.90  190.73     .00  10/ 9/14 THERM   C  15 H  30 O   1     0 G13
 QO13      -112.18   140.70    84.57  108.25  128.71  145.37  171.75  190.60     .00  10/ 9/14 THERM   C  15 H  30 O   1     0 G12
 QO14      -112.18   140.70    84.57  108.25  128.71  145.37  171.75  190.60     .00  10/ 9/14 THERM   C  15 H  30 O   1     0 G11
 QO15      -112.18   140.70    84.57  108.25  128.71  145.37  171.75  190.60     .00  10/ 9/14 THERM   C  15 H  30 O   1     0 G10
 QO16      -114.61   139.63    85.06  108.75  128.94  145.64  171.90  190.73     .00  10/ 9/14 THERM   C  15 H  30 O   1     0 G 9
 QO23      -118.98   137.63    85.56  109.43  129.89  146.38  172.55  191.23     .00  10/ 9/14 THERM   C  15 H  30 O   1     0 G13
 QO24      -118.98   137.63    85.56  109.43  129.89  146.38  172.55  191.23     .00  10/ 9/14 THERM   C  15 H  30 O   1     0 G12
 QO25      -118.98   137.63    85.56  109.43  129.89  146.38  172.55  191.23     .00  10/ 9/14 THERM   C  15 H  30 O   1     0 G11
 QO26      -121.41   136.56    86.05  109.93  130.12  146.65  172.70  191.36     .00  10/ 9/14 THERM   C  15 H  30 O   1     0 G10
 QO27      -114.61   139.63    85.06  108.75  128.94  145.64  171.90  190.73     .00  10/ 9/14 THERM   C  15 H  30 O   1     0 G 9
 QO28      -118.98   137.63    85.56  109.43  129.89  146.38  172.55  191.23     .00  10/ 9/14 THERM   C  15 H  30 O   1     0 G 9
 QO34      -116.55   138.70    85.07  108.93  129.66  146.11  172.40  191.10     .00  10/ 9/14 THERM   C  15 H  30 O   1     0 G13
 QO35      -116.55   138.70    85.07  108.93  129.66  146.11  172.40  191.10     .00  10/ 9/14 THERM   C  15 H  30 O   1     0 G12
 QO36      -118.98   137.63    85.56  109.43  129.89  146.38  172.55  191.23     .00  10/ 9/14 THERM   C  15 H  30 O   1     0 G11
 QO37      -112.18   140.70    84.57  108.25  128.71  145.37  171.75  190.60     .00  10/ 9/14 THERM   C  15 H  30 O   1     0 G10
 QO38      -116.55   138.70    85.07  108.93  129.66  146.11  172.40  191.10     .00  10/ 9/14 THERM   C  15 H  30 O   1     0 G10
 QO39      -116.55   138.70    85.07  108.93  129.66  146.11  172.40  191.10     .00  10/ 9/14 THERM   C  15 H  30 O   1     0 G 9
 QO45      -116.55   138.70    85.07  108.93  129.66  146.11  172.40  191.10     .00  10/ 9/14 THERM   C  15 H  30 O   1     0 G13
 QO46      -118.98   137.63    85.56  109.43  129.89  146.38  172.55  191.23     .00  10/ 9/14 THERM   C  15 H  30 O   1     0 G12
 QO47      -112.18   140.70    84.57  108.25  128.71  145.37  171.75  190.60     .00  10/ 9/14 THERM   C  15 H  30 O   1     0 G11
 QO48      -116.55   138.70    85.07  108.93  129.66  146.11  172.40  191.10     .00  10/ 9/14 THERM   C  15 H  30 O   1     0 G11
 QO49      -116.55   138.70    85.07  108.93  129.66  146.11  172.40  191.10     .00  10/ 9/14 THERM   C  15 H  30 O   1     0 G10
 QO410     -116.55   138.70    85.07  108.93  129.66  146.11  172.40  191.10     .00  10/ 9/14 THERM   C  15 H  30 O   1     0 G 9
 QO56      -118.98   137.63    85.56  109.43  129.89  146.38  172.55  191.23     .00  10/ 9/14 THERM   C  15 H  30 O   1     0 G13
 QO57      -112.18   140.70    84.57  108.25  128.71  145.37  171.75  190.60     .00  10/ 9/14 THERM   C  15 H  30 O   1     0 G12
 QO58      -116.55   138.70    85.07  108.93  129.66  146.11  172.40  191.10     .00  10/ 9/14 THERM   C  15 H  30 O   1     0 G12
 QO510     -116.55   138.70    85.07  108.93  129.66  146.11  172.40  191.10     .00  10/ 9/14 THERM   C  15 H  30 O   1     0 G10
 QO511     -118.98   137.63    85.56  109.43  129.89  146.38  172.55  191.23     .00  10/ 9/14 THERM   C  15 H  30 O   1     0 G 9
 QO67      -114.61   139.63    85.06  108.75  128.94  145.64  171.90  190.73     .00  10/ 9/14 THERM   C  15 H  30 O   1     0 G13
 QO68      -118.98   137.63    85.56  109.43  129.89  146.38  172.55  191.23     .00  10/ 9/14 THERM   C  15 H  30 O   1     0 G13
 QO69      -118.98   137.63    85.56  109.43  129.89  146.38  172.55  191.23     .00  10/ 9/14 THERM   C  15 H  30 O   1     0 G12
 QO610     -118.98   137.63    85.56  109.43  129.89  146.38  172.55  191.23     .00  10/ 9/14 THERM   C  15 H  30 O   1     0 G11
 QO611     -121.41   136.56    86.05  109.93  130.12  146.65  172.70  191.36     .00  10/ 9/14 THERM   C  15 H  30 O   1     0 G10
 QO612     -114.61   139.63    85.06  108.75  128.94  145.64  171.90  190.73     .00  10/ 9/14 THERM   C  15 H  30 O   1     0 G 9
 QO613     -118.98   137.63    85.56  109.43  129.89  146.38  172.55  191.23     .00  10/ 9/14 THERM   C  15 H  30 O   1     0 G 9
 QO78      -112.18   140.70    84.57  108.25  128.71  145.37  171.75  190.60     .00  10/ 9/14 THERM   C  15 H  30 O   1     0 G12
 QO79      -112.18   140.70    84.57  108.25  128.71  145.37  171.75  190.60     .00  10/ 9/14 THERM   C  15 H  30 O   1     0 G11
 QO710     -112.18   140.70    84.57  108.25  128.71  145.37  171.75  190.60     .00  10/ 9/14 THERM   C  15 H  30 O   1     0 G10
 QO711     -114.61   139.63    85.06  108.75  128.94  145.64  171.90  190.73     .00  10/ 9/14 THERM   C  15 H  30 O   1     0 G 9
 QO89      -116.55   138.70    85.07  108.93  129.66  146.11  172.40  191.10     .00  10/ 9/14 THERM   C  15 H  30 O   1     0 G13
 QO810     -116.55   138.70    85.07  108.93  129.66  146.11  172.40  191.10     .00  10/ 9/14 THERM   C  15 H  30 O   1     0 G12
 QO811     -118.98   137.63    85.56  109.43  129.89  146.38  172.55  191.23     .00  10/ 9/14 THERM   C  15 H  30 O   1     0 G11
 QO812     -112.18   140.70    84.57  108.25  128.71  145.37  171.75  190.60     .00  10/ 9/14 THERM   C  15 H  30 O   1     0 G10
 QO813     -116.55   138.70    85.07  108.93  129.66  146.11  172.40  191.10     .00  10/ 9/14 THERM   C  15 H  30 O   1     0 G10
 QO814     -112.18   140.70    84.57  108.25  128.71  145.37  171.75  190.60     .00  10/ 9/14 THERM   C  15 H  30 O   1     0 G 9
 QO910     -116.55   138.70    85.07  108.93  129.66  146.11  172.40  191.10     .00  10/ 9/14 THERM   C  15 H  30 O   1     0 G13
 QO911     -118.98   137.63    85.56  109.43  129.89  146.38  172.55  191.23     .00  10/ 9/14 THERM   C  15 H  30 O   1     0 G12
 QO912     -112.18   140.70    84.57  108.25  128.71  145.37  171.75  190.60     .00  10/ 9/14 THERM   C  15 H  30 O   1     0 G11
 QO913     -116.55   138.70    85.07  108.93  129.66  146.11  172.40  191.10     .00  10/ 9/14 THERM   C  15 H  30 O   1     0 G11
 QO914     -112.18   140.70    84.57  108.25  128.71  145.37  171.75  190.60     .00  10/ 9/14 THERM   C  15 H  30 O   1     0 G10
 QO1011    -118.98   137.63    85.56  109.43  129.89  146.38  172.55  191.23     .00  10/ 9/14 THERM   C  15 H  30 O   1     0 G13
 QO1012    -112.18   140.70    84.57  108.25  128.71  145.37  171.75  190.60     .00  10/ 9/14 THERM   C  15 H  30 O   1     0 G12
 QO1013    -116.55   138.70    85.07  108.93  129.66  146.11  172.40  191.10     .00  10/ 9/14 THERM   C  15 H  30 O   1     0 G12
 QO1014    -112.18   140.70    84.57  108.25  128.71  145.37  171.75  190.60     .00  10/ 9/14 THERM   C  15 H  30 O   1     0 G11
 QO1113    -118.98   137.63    85.56  109.43  129.89  146.38  172.55  191.23     .00  10/ 9/14 THERM   C  15 H  30 O   1     0 G13
 QO1114    -114.61   139.63    85.06  108.75  128.94  145.64  171.90  190.73     .00  10/ 9/14 THERM   C  15 H  30 O   1     0 G12
 QO1213    -112.18   140.70    84.57  108.25  128.71  145.37  171.75  190.60     .00  10/ 9/14 THERM   C  15 H  30 O   1     0 G12
 QO1214    -106.01   101.09    83.69  107.15  127.36  143.23  168.50  186.24     .00  10/ 9/14 THERM   C  15 H  30 O   1     0 G11
 QO1314    -112.18   140.70    84.57  108.25  128.71  145.37  171.75  190.60     .00  10/ 9/14 THERM   C  15 H  30 O   1     0 G13
 KET11     -127.21   197.22    91.44  114.83  135.52  152.72  179.41  198.92     .00  10/ 9/14 THERM   C  15 H  30 O   3     0 G16
 KET12     -131.21   192.63    92.47  115.95  136.71  154.15  180.78  200.13     .00  10/ 9/14 THERM   C  15 H  30 O   3     0 G16
 KET13     -131.58   195.23    91.94  115.51  136.47  153.46  180.06  199.42     .00  10/ 9/14 THERM   C  15 H  30 O   3     0 G16
 KET14     -131.58   195.23    91.94  115.51  136.47  153.46  180.06  199.42     .00  10/ 9/14 THERM   C  15 H  30 O   3     0 G16
 KET15     -131.58   195.23    91.94  115.51  136.47  153.46  180.06  199.42     .00  10/ 9/14 THERM   C  15 H  30 O   3     0 G16
 KET16     -134.01   194.16    92.43  116.01  136.70  153.73  180.21  199.55     .00  10/ 9/14 THERM   C  15 H  30 O   3     0 G16
 KET31     -135.05   196.32    91.39  114.92  135.39  152.39  179.08  198.62     .00  10/ 9/14 THERM   C  15 H  30 O   3     0 G16
 KET32     -139.05   191.72    92.42  116.04  136.58  153.82  180.45  199.83     .00  10/ 9/14 THERM   C  15 H  30 O   3     0 G16
 KET34     -137.95   194.04    90.86  115.03  136.24  153.42  180.13  199.66     .00  10/ 9/14 THERM   C  15 H  30 O   3     0 G16
 KET35     -139.42   194.32    91.89  115.60  136.34  153.13  179.73  199.12     .00  10/ 9/14 THERM   C  15 H  30 O   3     0 G16
 KET36     -141.85   193.25    92.38  116.10  136.57  153.40  179.88  199.25     .00  10/ 9/14 THERM   C  15 H  30 O   3     0 G16
 KET37     -135.05   196.32    91.39  114.92  135.39  152.39  179.08  198.62     .00  10/ 9/14 THERM   C  15 H  30 O   3     0 G16
 KET38     -139.42   194.32    91.89  115.60  136.34  153.13  179.73  199.12     .00  10/ 9/14 THERM   C  15 H  30 O   3     0 G16
 KET39     -139.42   194.32    91.89  115.60  136.34  153.13  179.73  199.12     .00  10/ 9/14 THERM   C  15 H  30 O   3     0 G16
 KET41     -135.52   196.13    92.47  115.76  135.67  152.40  178.96  198.34     .00  10/ 9/14 THERM   C  15 H  30 O   3     0 G16
 KET42     -142.32   193.06    93.46  116.94  136.85  153.41  179.76  198.97     .00  10/ 9/14 THERM   C  15 H  30 O   3     0 G16
 KET43     -138.42   193.85    91.94  115.87  136.52  153.43  180.01  199.38     .00  10/ 9/14 THERM   C  15 H  30 O   3     0 G16
 KET45     -138.42   193.85    91.94  115.87  136.52  153.43  180.01  199.38     .00  10/ 9/14 THERM   C  15 H  30 O   3     0 G16
 KET46     -142.32   193.06    93.46  116.94  136.85  153.41  179.76  198.97     .00  10/ 9/14 THERM   C  15 H  30 O   3     0 G16
 KET47     -135.52   196.13    92.47  115.76  135.67  152.40  178.96  198.34     .00  10/ 9/14 THERM   C  15 H  30 O   3     0 G16
 KET48     -139.89   194.13    92.97  116.44  136.62  153.14  179.61  198.84     .00  10/ 9/14 THERM   C  15 H  30 O   3     0 G16
 KET49     -139.89   194.13    92.97  116.44  136.62  153.14  179.61  198.84     .00  10/ 9/14 THERM   C  15 H  30 O   3     0 G16
 KET410    -139.89   194.13    92.97  116.44  136.62  153.14  179.61  198.84     .00  10/ 9/14 THERM   C  15 H  30 O   3     0 G16
 KET51     -135.05   196.32    91.39  114.92  135.39  152.39  179.08  198.62     .00  10/ 9/14 THERM   C  15 H  30 O   3     0 G16
 KET52     -141.85   193.25    92.38  116.10  136.57  153.40  179.88  199.25     .00  10/ 9/14 THERM   C  15 H  30 O   3     0 G16
 KET53     -139.42   194.32    91.89  115.60  136.34  153.13  179.73  199.12     .00  10/ 9/14 THERM   C  15 H  30 O   3     0 G16
 KET54     -137.95   194.04    90.86  115.03  136.24  153.42  180.13  199.66     .00  10/ 9/14 THERM   C  15 H  30 O   3     0 G16
 KET56     -139.05   191.72    92.42  116.04  136.58  153.82  180.45  199.83     .00  10/ 9/14 THERM   C  15 H  30 O   3     0 G16
 KET58     -139.42   194.32    91.89  115.60  136.34  153.13  179.73  199.12     .00  10/ 9/14 THERM   C  15 H  30 O   3     0 G16
 KET59     -139.42   194.32    91.89  115.60  136.34  153.13  179.73  199.12     .00  10/ 9/14 THERM   C  15 H  30 O   3     0 G16
 KET510    -139.42   194.32    91.89  115.60  136.34  153.13  179.73  199.12     .00  10/ 9/14 THERM   C  15 H  30 O   3     0 G16
 KET511    -141.85   193.25    92.38  116.10  136.57  153.40  179.88  199.25     .00  10/ 9/14 THERM   C  15 H  30 O   3     0 G16
 KET72     -134.01   194.16    92.43  116.01  136.70  153.73  180.21  199.55     .00  10/ 9/14 THERM   C  15 H  30 O   3     0 G16
 KET73     -131.58   195.23    91.94  115.51  136.47  153.46  180.06  199.42     .00  10/ 9/14 THERM   C  15 H  30 O   3     0 G16
 KET74     -131.58   195.23    91.94  115.51  136.47  153.46  180.06  199.42     .00  10/ 9/14 THERM   C  15 H  30 O   3     0 G16
 KET75     -131.58   195.23    91.94  115.51  136.47  153.46  180.06  199.42     .00  10/ 9/14 THERM   C  15 H  30 O   3     0 G16
 KET76     -131.21   192.63    92.47  115.95  136.71  154.15  180.78  200.13     .00  10/ 9/14 THERM   C  15 H  30 O   3     0 G16
 KET78     -131.58   195.23    91.94  115.51  136.47  153.46  180.06  199.42     .00  10/ 9/14 THERM   C  15 H  30 O   3     0 G16
 KET79     -131.58   195.23    91.94  115.51  136.47  153.46  180.06  199.42     .00  10/ 9/14 THERM   C  15 H  30 O   3     0 G16
 KET710    -131.58   195.23    91.94  115.51  136.47  153.46  180.06  199.42     .00  10/ 9/14 THERM   C  15 H  30 O   3     0 G16
 KET711    -134.01   194.16    92.43  116.01  136.70  153.73  180.21  199.55     .00  10/ 9/14 THERM   C  15 H  30 O   3     0 G16
 KET82     -141.85   193.25    92.38  116.10  136.57  153.40  179.88  199.25     .00  10/ 9/14 THERM   C  15 H  30 O   3     0 G16
 KET83     -139.42   194.32    91.89  115.60  136.34  153.13  179.73  199.12     .00  10/ 9/14 THERM   C  15 H  30 O   3     0 G16
 KET84     -139.42   194.32    91.89  115.60  136.34  153.13  179.73  199.12     .00  10/ 9/14 THERM   C  15 H  30 O   3     0 G16
 KET85     -139.42   194.32    91.89  115.60  136.34  153.13  179.73  199.12     .00  10/ 9/14 THERM   C  15 H  30 O   3     0 G16
 KET86     -139.05   191.72    92.42  116.04  136.58  153.82  180.45  199.83     .00  10/ 9/14 THERM   C  15 H  30 O   3     0 G16
 KET87     -135.05   196.32    91.39  114.92  135.39  152.39  179.08  198.62     .00  10/ 9/14 THERM   C  15 H  30 O   3     0 G16
 KET89     -137.95   194.04    90.86  115.03  136.24  153.42  180.13  199.66     .00  10/ 9/14 THERM   C  15 H  30 O   3     0 G16
 KET810    -139.42   194.32    91.89  115.60  136.34  153.13  179.73  199.12     .00  10/ 9/14 THERM   C  15 H  30 O   3     0 G16
 KET811    -141.85   193.25    92.38  116.10  136.57  153.40  179.88  199.25     .00  10/ 9/14 THERM   C  15 H  30 O   3     0 G16
 KET812    -135.05   196.32    91.39  114.92  135.39  152.39  179.08  198.62     .00  10/ 9/14 THERM   C  15 H  30 O   3     0 G16
 KET813    -139.42   194.32    91.89  115.60  136.34  153.13  179.73  199.12     .00  10/ 9/14 THERM   C  15 H  30 O   3     0 G16
 KET814    -135.05   196.32    91.39  114.92  135.39  152.39  179.08  198.62     .00  10/ 9/14 THERM   C  15 H  30 O   3     0 G16
 KET93     -139.89   194.13    92.97  116.44  136.62  153.14  179.61  198.84     .00  10/ 9/14 THERM   C  15 H  30 O   3     0 G16
 KET94     -139.89   194.13    92.97  116.44  136.62  153.14  179.61  198.84     .00  10/ 9/14 THERM   C  15 H  30 O   3     0 G16
 KET95     -139.89   194.13    92.97  116.44  136.62  153.14  179.61  198.84     .00  10/ 9/14 THERM   C  15 H  30 O   3     0 G16
 KET96     -142.32   193.06    93.46  116.94  136.85  153.41  179.76  198.97     .00  10/ 9/14 THERM   C  15 H  30 O   3     0 G16
 KET97     -135.52   196.13    92.47  115.76  135.67  152.40  178.96  198.34     .00  10/ 9/14 THERM   C  15 H  30 O   3     0 G16
 KET98     -138.42   193.85    91.94  115.87  136.52  153.43  180.01  199.38     .00  10/ 9/14 THERM   C  15 H  30 O   3     0 G16
 KET910    -138.42   193.85    91.94  115.87  136.52  153.43  180.01  199.38     .00  10/ 9/14 THERM   C  15 H  30 O   3     0 G16
 KET911    -142.32   193.06    93.46  116.94  136.85  153.41  179.76  198.97     .00  10/ 9/14 THERM   C  15 H  30 O   3     0 G16
 KET912    -135.52   196.13    92.47  115.76  135.67  152.40  178.96  198.34     .00  10/ 9/14 THERM   C  15 H  30 O   3     0 G16
 KET913    -139.89   194.13    92.97  116.44  136.62  153.14  179.61  198.84     .00  10/ 9/14 THERM   C  15 H  30 O   3     0 G16
 KET914    -135.52   196.13    92.47  115.76  135.67  152.40  178.96  198.34     .00  10/ 9/14 THERM   C  15 H  30 O   3     0 G16
 KET104    -139.42   194.32    91.89  115.60  136.34  153.13  179.73  199.12     .00  10/ 9/14 THERM   C  15 H  30 O   3     0 G16
 KET105    -139.42   194.32    91.89  115.60  136.34  153.13  179.73  199.12     .00  10/ 9/14 THERM   C  15 H  30 O   3     0 G16
 KET106    -141.85   193.25    92.38  116.10  136.57  153.40  179.88  199.25     .00  10/ 9/14 THERM   C  15 H  30 O   3     0 G16
 KET107    -135.05   196.32    91.39  114.92  135.39  152.39  179.08  198.62     .00  10/ 9/14 THERM   C  15 H  30 O   3     0 G16
 KET108    -139.42   194.32    91.89  115.60  136.34  153.13  179.73  199.12     .00  10/ 9/14 THERM   C  15 H  30 O   3     0 G16
 KET109    -137.95   194.04    90.86  115.03  136.24  153.42  180.13  199.66     .00  10/ 9/14 THERM   C  15 H  30 O   3     0 G16
 KET1011   -139.05   191.72    92.42  116.04  136.58  153.82  180.45  199.83     .00  10/ 9/14 THERM   C  15 H  30 O   3     0 G16
 KET1012   -135.05   196.32    91.39  114.92  135.39  152.39  179.08  198.62     .00  10/ 9/14 THERM   C  15 H  30 O   3     0 G16
 KET1013   -139.42   194.32    91.89  115.60  136.34  153.13  179.73  199.12     .00  10/ 9/14 THERM   C  15 H  30 O   3     0 G16
 KET1014   -135.05   196.32    91.39  114.92  135.39  152.39  179.08  198.62     .00  10/ 9/14 THERM   C  15 H  30 O   3     0 G16
 KET128    -131.58   195.23    91.94  115.51  136.47  153.46  180.06  199.42     .00  10/ 9/14 THERM   C  15 H  30 O   3     0 G16
 KET129    -131.58   195.23    91.94  115.51  136.47  153.46  180.06  199.42     .00  10/ 9/14 THERM   C  15 H  30 O   3     0 G16
 KET1210   -131.58   195.23    91.94  115.51  136.47  153.46  180.06  199.42     .00  10/ 9/14 THERM   C  15 H  30 O   3     0 G16
 KET1211   -131.21   192.63    92.47  115.95  136.71  154.15  180.78  200.13     .00  10/ 9/14 THERM   C  15 H  30 O   3     0 G16
 KET1213   -131.58   195.23    91.94  115.51  136.47  153.46  180.06  199.42     .00  10/ 9/14 THERM   C  15 H  30 O   3     0 G16
 KET1214   -127.21   197.22    91.44  114.83  135.52  152.72  179.41  198.92     .00  10/ 9/14 THERM   C  15 H  30 O   3     0 G16
 KET136    -141.85   193.25    92.38  116.10  136.57  153.40  179.88  199.25     .00  10/ 9/14 THERM   C  15 H  30 O   3     0 G16
 KET138    -139.42   194.32    91.89  115.60  136.34  153.13  179.73  199.12     .00  10/ 9/14 THERM   C  15 H  30 O   3     0 G16
 KET139    -139.42   194.32    91.89  115.60  136.34  153.13  179.73  199.12     .00  10/ 9/14 THERM   C  15 H  30 O   3     0 G16
 KET1310   -139.42   194.32    91.89  115.60  136.34  153.13  179.73  199.12     .00  10/ 9/14 THERM   C  15 H  30 O   3     0 G16
 KET1311   -139.05   191.72    92.42  116.04  136.58  153.82  180.45  199.83     .00  10/ 9/14 THERM   C  15 H  30 O   3     0 G16
 KET1312   -135.05   196.32    91.39  114.92  135.39  152.39  179.08  198.62     .00  10/ 9/14 THERM   C  15 H  30 O   3     0 G16
 KET1314   -131.65   196.51    88.65  114.06  135.17  152.61  179.55  199.08     .00  10/ 9/14 THERM   C  15 H  30 O   3     0 G16
 KET148    -132.05   195.04    93.02  116.35  136.75  153.47  179.94  199.14     .00  10/ 9/14 THERM   C  15 H  30 O   3     0 G16
 KET149    -132.05   195.04    93.02  116.35  136.75  153.47  179.94  199.14     .00  10/ 9/14 THERM   C  15 H  30 O   3     0 G16
 KET1410   -132.05   195.04    93.02  116.35  136.75  153.47  179.94  199.14     .00  10/ 9/14 THERM   C  15 H  30 O   3     0 G16
 KET1411   -134.48   193.97    93.51  116.85  136.98  153.74  180.09  199.27     .00  10/ 9/14 THERM   C  15 H  30 O   3     0 G16
 KET1412   -127.68   197.03    92.52  115.67  135.80  152.73  179.29  198.64     .00  10/ 9/14 THERM   C  15 H  30 O   3     0 G16
 KET1413   -130.58   196.94    91.99  115.78  136.65  153.76  180.34  199.68     .00  10/ 9/14 THERM   C  15 H  30 O   3     0 G16
 C7H16_3    -46.49   100.87    39.61   50.37   60.12   68.47   81.58   91.38  106.52  10/ 9/14 THERM   C   7 H  16     0     0 G 6
 C7H15_3A     2.51   105.66    38.84   49.01   58.21   66.07   78.42   87.64  101.86  10/ 9/14 THERM   C   7 H  15     0     0 G 6
 C7H16_3    -46.49   100.87    39.61   50.37   60.12   68.47   81.58   91.38  106.52  10/ 9/14 THERM   C   7 H  16     0     0 G 6
 C7H15_3F     2.51   105.66    38.84   49.01   58.21   66.07   78.42   87.64  101.86  10/ 9/14 THERM   C   7 H  15     0     0 G 6
 C8H18_4    -51.42   108.91    45.11   57.32   68.37   77.82   92.65  103.72  120.72  10/ 9/14 THERM   C   8 H  18     0     0 G 7
 C8H17_4A    -2.42   115.08    44.34   55.96   66.46   75.42   89.49   99.98  116.06  10/ 9/14 THERM   C   8 H  17     0     0 G 7
 C8H18_3    -51.42   110.29    45.11   57.32   68.37   77.82   92.65  103.72  120.72  10/ 9/14 THERM   C   8 H  18     0     0 G 7
 C8H17_3G    -2.42   115.08    44.34   55.96   66.46   75.42   89.49   99.98  116.06  10/ 9/14 THERM   C   8 H  17     0     0 G 7
 C8H18_3    -51.42   110.29    45.11   57.32   68.37   77.82   92.65  103.72  120.72  10/ 9/14 THERM   C   8 H  18     0     0 G 7
 C8H17_3A    -2.42   115.08    44.34   55.96   66.46   75.42   89.49   99.98  116.06  10/ 9/14 THERM   C   8 H  17     0     0 G 7
 C9H20_3    -56.35   119.71    50.61   64.27   76.62   87.17  103.72  116.06  134.92  10/ 9/14 THERM   C   9 H  20     0     0 G 8
 C9H19_3H   -10.00   124.15    49.11   61.94   73.52   83.78   99.97  111.61  129.72  10/ 9/14 THERM   C   9 H  19     0     0 G 8
 C9H20_3    -56.35   119.71    50.61   64.27   76.62   87.17  103.72  116.06  134.92  10/ 9/14 THERM   C   9 H  20     0     0 G 8
 C9H19_3A    -7.35   124.50    49.84   62.91   74.71   84.77  100.56  112.32  130.26  10/ 9/14 THERM   C   9 H  19     0     0 G 8
 C9H20_2    -56.35   119.71    50.61   64.27   76.62   87.17  103.72  116.06  134.92  10/ 9/14 THERM   C   9 H  20     0     0 G 8
 C9H19_2H    -7.35   124.50    49.84   62.91   74.71   84.77  100.56  112.32  130.26  10/ 9/14 THERM   C   9 H  19     0     0 G 8
 C10H22_26  -62.72   126.45    55.84   71.16   84.94   96.66  114.98  128.54  149.48  10/ 9/14 THERM   C  10 H  22     0     0 G 9
 C10H2126A  -13.72   131.24    55.07   69.80   83.03   94.26  111.82  124.80  144.82  10/ 9/14 THERM   C  10 H  21     0     0 G 9
 C10H22_26  -62.72   126.45    55.84   71.16   84.94   96.66  114.98  128.54  149.48  10/ 9/14 THERM   C  10 H  22     0     0 G 9
 C10H2126I  -13.72   131.24    55.07   69.80   83.03   94.26  111.82  124.80  144.82  10/ 9/14 THERM   C  10 H  21     0     0 G 9
 C10H22_4   -61.28   129.13    56.11   71.22   84.87   96.52  114.79  128.40  149.12  10/ 9/14 THERM   C  10 H  22     0     0 G 9
 C10H21_4A  -12.28   133.92    55.34   69.86   82.96   94.12  111.63  124.66  144.46  10/ 9/14 THERM   C  10 H  21     0     0 G 9
 C10H22_3   -61.28   129.13    56.11   71.22   84.87   96.52  114.79  128.40  149.12  10/ 9/14 THERM   C  10 H  22     0     0 G 9
 C10H21_3J  -12.28   133.92    55.34   69.86   82.96   94.12  111.63  124.66  144.46  10/ 9/14 THERM   C  10 H  21     0     0 G 9
