 autoOut                                                               
 SPECIES       Hf       S    Cp 300     400     500     600     800     1000     1500     DATE        ELEMENTS
 C15H32     -88.81   170.86    83.07  105.85  126.26  143.55  170.52  190.38  220.84  10/ 9/14 THERM   C  15 H  32     0     0 G14
 C15H31_A   -39.81   175.66    82.30  104.49  124.35  141.15  167.36  186.64  216.18  10/ 9/14 THERM   C  15 H  31     0     0 G14
 C15H32     -88.81   170.86    83.07  105.85  126.26  143.55  170.52  190.38  220.84  10/ 9/14 THERM   C  15 H  32     0     0 G14
 C15H31_B   -44.41   176.11    82.29  103.37  122.71  139.40  165.77  185.36  215.45  10/ 9/14 THERM   C  15 H  31     0     0 G14
 C15H32     -88.81   170.86    83.07  105.85  126.26  143.55  170.52  190.38  220.84  10/ 9/14 THERM   C  15 H  32     0     0 G14
 C15H31_C   -42.46   175.31    81.57  103.52  123.16  140.16  166.77  185.93  215.64  10/ 9/14 THERM   C  15 H  31     0     0 G14
 C15H32     -88.81   170.86    83.07  105.85  126.26  143.55  170.52  190.38  220.84  10/ 9/14 THERM   C  15 H  32     0     0 G14
 C15H31_D   -42.46   175.31    81.57  103.52  123.16  140.16  166.77  185.93  215.64  10/ 9/14 THERM   C  15 H  31     0     0 G14
 C15H32     -88.81   170.86    83.07  105.85  126.26  143.55  170.52  190.38  220.84  10/ 9/14 THERM   C  15 H  32     0     0 G14
 C15H31_E   -42.46   175.31    81.57  103.52  123.16  140.16  166.77  185.93  215.64  10/ 9/14 THERM   C  15 H  31     0     0 G14
 C15H32     -88.81   170.86    83.07  105.85  126.26  143.55  170.52  190.38  220.84  10/ 9/14 THERM   C  15 H  32     0     0 G14
 C15H31_F   -44.41   176.11    82.29  103.37  122.71  139.40  165.77  185.36  215.45  10/ 9/14 THERM   C  15 H  31     0     0 G14
 C15H32     -88.81   170.86    83.07  105.85  126.26  143.55  170.52  190.38  220.84  10/ 9/14 THERM   C  15 H  32     0     0 G14
 C15H31_G   -39.81   175.66    82.30  104.49  124.35  141.15  167.36  186.64  216.18  10/ 9/14 THERM   C  15 H  31     0     0 G14
 C15H32     -88.81   170.86    83.07  105.85  126.26  143.55  170.52  190.38  220.84  10/ 9/14 THERM   C  15 H  32     0     0 G14
 C15H31_H   -42.46   175.31    81.57  103.52  123.16  140.16  166.77  185.93  215.64  10/ 9/14 THERM   C  15 H  31     0     0 G14
 C15H32     -88.81   170.86    83.07  105.85  126.26  143.55  170.52  190.38  220.84  10/ 9/14 THERM   C  15 H  32     0     0 G14
 C15H31_I   -42.46   175.31    81.57  103.52  123.16  140.16  166.77  185.93  215.64  10/ 9/14 THERM   C  15 H  31     0     0 G14
 C15H32     -88.81   170.86    83.07  105.85  126.26  143.55  170.52  190.38  220.84  10/ 9/14 THERM   C  15 H  32     0     0 G14
 C15H31_J   -42.46   175.31    81.57  103.52  123.16  140.16  166.77  185.93  215.64  10/ 9/14 THERM   C  15 H  31     0     0 G14
 C15H32     -88.81   170.86    83.07  105.85  126.26  143.55  170.52  190.38  220.84  10/ 9/14 THERM   C  15 H  32     0     0 G14
 C15H31_K   -44.41   176.11    82.29  103.37  122.71  139.40  165.77  185.36  215.45  10/ 9/14 THERM   C  15 H  31     0     0 G14
 C15H32     -88.81   170.86    83.07  105.85  126.26  143.55  170.52  190.38  220.84  10/ 9/14 THERM   C  15 H  32     0     0 G14
 C15H31_L   -39.81   175.66    82.30  104.49  124.35  141.15  167.36  186.64  216.18  10/ 9/14 THERM   C  15 H  31     0     0 G14
 C15H32     -88.81   170.86    83.07  105.85  126.26  143.55  170.52  190.38  220.84  10/ 9/14 THERM   C  15 H  32     0     0 G14
 C15H31_M   -42.46   175.31    81.57  103.52  123.16  140.16  166.77  185.93  215.64  10/ 9/14 THERM   C  15 H  31     0     0 G14
 C15H32     -88.81   170.86    83.07  105.85  126.26  143.55  170.52  190.38  220.84  10/ 9/14 THERM   C  15 H  32     0     0 G14
 C15H31_N   -39.81   175.66    82.30  104.49  124.35  141.15  167.36  186.64  216.18  10/ 9/14 THERM   C  15 H  31     0     0 G14
 C15H30_1   -59.94   170.00    81.16  102.89  122.26  138.61  164.21  183.05  211.79  10/ 9/14 THERM   C  15 H  30     0     0 G13
 C15H30_2   -62.88   169.16    80.91  102.45  121.71  138.05  163.74  182.66  211.60  10/ 9/14 THERM   C  15 H  30     0     0 G13
 C15H30_3   -61.18   168.72    79.63  101.83  121.62  138.13  163.98  182.88  211.94  10/ 9/14 THERM   C  15 H  30     0     0 G13
 C15H30_5   -62.71   169.54    80.53  102.36  121.78  138.19  163.89  182.80  211.76  10/ 9/14 THERM   C  15 H  30     0     0 G13
 C15H30_6   -62.71   169.54    80.53  102.36  121.78  138.19  163.89  182.80  211.76  10/ 9/14 THERM   C  15 H  30     0     0 G13
 C15H30_62  -59.77   168.19    80.78  102.80  122.33  138.75  164.36  183.19  211.95  10/ 9/14 THERM   C  15 H  30     0     0 G13
 C15H30_7   -61.18   168.72    79.63  101.83  121.62  138.13  163.98  182.88  211.94  10/ 9/14 THERM   C  15 H  30     0     0 G13
 C15H30_8   -61.18   168.72    79.63  101.83  121.62  138.13  163.98  182.88  211.94  10/ 9/14 THERM   C  15 H  30     0     0 G13
 C15H30_9   -62.71   169.54    80.53  102.36  121.78  138.19  163.89  182.80  211.76  10/ 9/14 THERM   C  15 H  30     0     0 G13
 C15H30_10  -62.88   169.16    80.91  102.45  121.71  138.05  163.74  182.66  211.60  10/ 9/14 THERM   C  15 H  30     0     0 G13
 C15H30102  -59.77   168.19    80.78  102.80  122.33  138.75  164.36  183.19  211.95  10/ 9/14 THERM   C  15 H  30     0     0 G13
 C15H30_11  -58.41   166.99    80.26  102.36  122.10  138.55  164.30  183.13  211.97  10/ 9/14 THERM   C  15 H  30     0     0 G13
 C15H30_1   -59.94   170.00    81.16  102.89  122.26  138.61  164.21  183.05  211.79  10/ 9/14 THERM   C  15 H  30     0     0 G13
 C15H29     -26.44   166.19    79.62  101.07  120.18  136.29  161.46  179.91  207.94  10/ 9/14 THERM   C  15 H  29     0     0 G13
 C15H32O_1 -124.61   181.51    86.17  109.36  129.98  147.42  174.63  194.55     .00  10/ 9/14 THERM   C  15 H  32 O   1     0 G15
 C15H31O_1  -72.65   180.05    85.19  108.06  128.37  145.53  172.25  191.75     .00  10/ 9/14 THERM   C  15 H  31 O   1     0 G14
 C15H32O_2 -131.41   178.44    87.16  110.54  131.16  148.43  175.43  195.18     .00  10/ 9/14 THERM   C  15 H  32 O   1     0 G15
 C15H31O_2  -79.45   176.99    86.18  109.24  129.55  146.54  173.05  192.38     .00  10/ 9/14 THERM   C  15 H  31 O   1     0 G14
 C15H32O_3 -128.98   179.51    86.67  110.04  130.93  148.16  175.28  195.05  225.59  10/ 9/14 THERM   C  15 H  32 O   1     0 G15
 C15H31O_3  -77.02   178.06    85.69  108.74  129.32  146.27  172.90  192.25  222.00  10/ 9/14 THERM   C  15 H  31 O   1     0 G14
