 autoOut                                                               
 SPECIES       Hf       S    Cp 300     400     500     600     800     1000     1500     DATE        ELEMENTS
 C9H19CHO   -81.89   133.30    57.38   71.94   84.81   95.70  113.19  125.83     .00  10/ 9/14 THERM   C  10 H  20 O   1     0 G 9
 C9H19CHO   -81.42   133.49    56.30   71.10   84.53   95.69  113.31  126.11     .00  10/ 9/14 THERM   C  10 H  20 O   1     0 G 9
 C9H18CHO   -32.42   138.28    55.53   69.74   82.62   93.29  110.15  122.37     .00  10/ 9/14 THERM   C  10 H  19 O   1     0 G 9
 C9H19CHO   -81.42   133.49    56.30   71.10   84.53   95.69  113.31  126.11     .00  10/ 9/14 THERM   C  10 H  20 O   1     0 G 9
 C9H18CHO   -32.42   138.28    55.53   69.74   82.62   93.29  110.15  122.37     .00  10/ 9/14 THERM   C  10 H  19 O   1     0 G 9
 C9H19CHO   -81.42   133.49    56.30   71.10   84.53   95.69  113.31  126.11     .00  10/ 9/14 THERM   C  10 H  20 O   1     0 G 9
 C9H19CO    -44.37   134.63    55.36   69.73   82.61   93.27  110.01  122.22     .00  10/ 9/14 THERM   C  10 H  19 O   1     0 G 9
 C9H19CHO   -81.89   133.30    57.38   71.94   84.81   95.70  113.19  125.83     .00  10/ 9/14 THERM   C  10 H  20 O   1     0 G 9
 C9H19CO    -44.84   134.44    56.44   70.57   82.89   93.28  109.89  121.94     .00  10/ 9/14 THERM   C  10 H  19 O   1     0 G 9
 C6H13COC3  -89.26   132.59    56.25   71.19   84.40   95.36  112.98  125.81     .00  10/ 9/14 THERM   C  10 H  20 O   1     0 G 9
 C6H13COC3  -40.26   137.38    55.48   69.83   82.49   92.96  109.82  122.07     .00  10/ 9/14 THERM   C  10 H  19 O   1     0 G 9
 C8H17COC   -88.87   132.41    55.55   70.44   83.95   95.21  112.95  125.95     .00  10/ 9/14 THERM   C  10 H  20 O   1     0 G 9
 C8H17COC   -39.87   137.20    54.78   69.08   82.04   92.81  109.79  122.21     .00  10/ 9/14 THERM   C  10 H  19 O   1     0 G 9
 C5H11COC4  -89.73   132.40    57.33   72.03   84.68   95.37  112.86  125.53     .00  10/ 9/14 THERM   C  10 H  20 O   1     0 G 9
 C5H11COC4  -40.73   137.19    56.56   70.67   82.77   92.97  109.70  121.79     .00  10/ 9/14 THERM   C  10 H  19 O   1     0 G 9
 C5H11COC4  -89.26   132.59    56.25   71.19   84.40   95.36  112.98  125.81     .00  10/ 9/14 THERM   C  10 H  20 O   1     0 G 9
 C5H11COC4  -40.26   137.38    55.48   69.83   82.49   92.96  109.82  122.07     .00  10/ 9/14 THERM   C  10 H  19 O   1     0 G 9
 C8H17COC   -87.10   134.90    56.90   71.34   84.16   95.08  112.64  125.53     .00  10/ 9/14 THERM   C  10 H  20 O   1     0 G 9
 C8H16COC   -38.10   139.69    56.13   69.98   82.25   92.68  109.48  121.79     .00  10/ 9/14 THERM   C  10 H  19 O   1     0 G 9
 C10H21CHO  -86.82   142.72    62.88   78.89   93.06  105.05  124.26  138.17     .00  10/ 9/14 THERM   C  11 H  22 O   1     0 G10
 C10H21CHO  -86.82   142.72    62.88   78.89   93.06  105.05  124.26  138.17     .00  10/ 9/14 THERM   C  11 H  22 O   1     0 G10
 C10H21CHO  -86.35   142.91    61.80   78.05   92.78  105.04  124.38  138.45     .00  10/ 9/14 THERM   C  11 H  22 O   1     0 G10
 C10H20CHO  -37.35   147.70    61.03   76.69   90.87  102.64  121.22  134.71     .00  10/ 9/14 THERM   C  11 H  21 O   1     0 G10
 C10H21CHO  -86.82   142.72    62.88   78.89   93.06  105.05  124.26  138.17     .00  10/ 9/14 THERM   C  11 H  22 O   1     0 G10
 C10H21CO   -49.77   143.86    61.94   77.52   91.14  102.63  120.96  134.28     .00  10/ 9/14 THERM   C  11 H  21 O   1     0 G10
 C10H21CHO  -86.82   142.72    62.88   78.89   93.06  105.05  124.26  138.17     .00  10/ 9/14 THERM   C  11 H  22 O   1     0 G10
 C10H21CO   -49.77   143.86    61.94   77.52   91.14  102.63  120.96  134.28     .00  10/ 9/14 THERM   C  11 H  21 O   1     0 G10
 C9H19COC   -93.80   141.83    61.05   77.39   92.20  104.56  124.02  138.29     .00  10/ 9/14 THERM   C  11 H  22 O   1     0 G10
 C9H19COC   -44.80   146.62    60.28   76.03   90.29  102.16  120.86  134.55     .00  10/ 9/14 THERM   C  11 H  21 O   1     0 G10
 C8H17COC2  -94.19   142.01    61.75   78.14   92.65  104.71  124.05  138.15     .00  10/ 9/14 THERM   C  11 H  22 O   1     0 G10
 C8H17COC2  -45.19   146.80    60.98   76.78   90.74  102.31  120.89  134.41     .00  10/ 9/14 THERM   C  11 H  21 O   1     0 G10
