 2,6-DMH
 SPECIES       Hf       S    Cp 300     400     500     600     800     1000     1500     DATE        ELEMENTS
 26_DMH     -58.71   109.86    47.45   61.53   74.80   86.35  104.74  118.42  139.61   5/29/14 THERM   c   9 h  20     0     0 G 0
 RO2_1      -45.28   120.98    52.77   67.69   81.49   93.35  111.92  125.52  146.34   5/29/14 THERM   c   9 h  19 o   2     0 G 0
 RO2_2      -53.54   120.20    54.33   69.09   82.62   94.23  112.44  125.83  146.44   5/29/14 THERM   c   9 h  19 o   2     0 G 0
 RO2_3      -49.59   122.79    53.84   68.58   82.19   93.88  112.22  125.69  146.39   5/29/14 THERM   c   9 h  19 o   2     0 G 0
 RO2_4      -50.49   121.19    53.73   68.54   82.18   93.88  112.23  125.70  146.39   5/29/14 THERM   c   9 h  19 o   2     0 G 0
 R_1         -9.18   111.79    48.30   61.91   74.51   85.39  102.61  115.40  135.28   5/29/14 THERM   c   9 h  19     0     0 G 0
 R_2        -13.70   117.12    47.88   61.23   73.81   84.78  102.23  115.22  135.29   5/29/14 THERM   c   9 h  19     0     0 G 0
 R_3        -11.81   113.55    48.10   61.61   74.20   85.12  102.43  115.31  135.27   5/29/14 THERM   c   9 h  19     0     0 G 0
 R_4        -13.10   113.09    48.04   61.59   74.21   85.15  102.50  115.40  135.36   5/29/14 THERM   c   9 h  19     0     0 G 0
 c9ooh_1b   -27.82   124.03    55.79   70.60   84.04   95.47  113.28  126.36  146.56   5/29/14 THERM   c   9 h  19 o   2     0 G 0
 c9ooh_1c   -33.78   126.16    55.16   69.78   83.23   94.77  112.83  126.10  146.53   5/29/14 THERM   c   9 h  19 o   2     0 G 0
 c9ooh_1d   -31.18   126.04    55.55   70.25   83.70   95.18  113.11  126.28  146.59   5/29/14 THERM   c   9 h  19 o   2     0 G 0
 c9ooh_1e   -32.38   125.53    55.53   70.27   83.73   95.22  113.16  126.34  146.63   5/29/14 THERM   c   9 h  19 o   2     0 G 0
 c9ooh_1f   -30.93   127.11    55.67   70.35   83.77   95.23  113.13  126.28  146.57   5/29/14 THERM   c   9 h  19 o   2     0 G 0
 c9ooh_1g   -32.85   129.28    55.37   69.89   83.31   94.83  112.89  126.16  146.57   5/29/14 THERM   c   9 h  19 o   2     0 G 0
 c9ooh_2a   -34.78   123.31    57.33   72.03   85.22   96.40  113.84  126.69  146.66   5/29/14 THERM   c   9 h  19 o   2     0 G 0
 c9ooh_2c   -38.61   123.77    57.04   71.66   84.85   96.07  113.61  126.54  146.61   5/29/14 THERM   c   9 h  19 o   2     0 G 0
 c9ooh_2d   -40.31   123.52    56.91   71.63   84.87   96.11  113.68  126.61  146.67   5/29/14 THERM   c   9 h  19 o   2     0 G 0
 c9ooh_2e   -38.88   125.48    57.07   71.67   84.86   96.09  113.64  126.57  146.65   5/29/14 THERM   c   9 h  19 o   2     0 G 0
 c9ooh_2f   -40.85   127.29    56.73   71.19   84.40   95.69  113.40  126.46  146.65   5/29/14 THERM   c   9 h  19 o   2     0 G 0
 c9ooh_2g   -36.19   124.26    57.30   71.99   85.18   96.36  113.80  126.65  146.64   5/29/14 THERM   c   9 h  19 o   2     0 G 0
 c9ooh_3a   -31.93   123.82    56.43   71.18   84.51   95.83  113.49  126.48  146.62   5/29/14 THERM   c   9 h  19 o   2     0 G 0
 c9ooh_3b   -38.64   126.06    56.17   70.58   83.85   95.24  113.12  126.28  146.60   5/29/14 THERM   c   9 h  19 o   2     0 G 0
 c9ooh_3d   -34.76   123.62    56.43   71.06   84.34   95.68  113.40  126.45  146.63   5/29/14 THERM   c   9 h  19 o   2     0 G 0
 c9ooh_3e   -33.73   125.36    56.59   71.15   84.40   95.72  113.41  126.44  146.61   5/29/14 THERM   c   9 h  19 o   2     0 G 0
 c9ooh_3f   -35.85   127.76    56.23   70.67   83.94   95.32  113.18  126.32  146.62   5/29/14 THERM   c   9 h  19 o   2     0 G 0
 c9ooh_3g   -31.35   122.31    56.58   71.28   84.58   95.88  113.51  126.48  146.59   5/29/14 THERM   c   9 h  19 o   2     0 G 0
 c9ooh_4a   -33.52   124.13    56.64   71.38   84.69   95.99  113.61  126.56  146.64   5/29/14 THERM   c   9 h  19 o   2     0 G 0
 c9ooh_4b   -39.42   125.80    55.97   70.53   83.87   95.29  113.17  126.32  146.62   5/29/14 THERM   c   9 h  19 o   2     0 G 0
 c9ooh_4c   -35.82   125.89    56.48   71.09   84.37   95.69  113.38  126.41  146.58   5/29/14 THERM   c   9 h  19 o   2     0 G 0
 qo_11      -55.88   110.23    45.57   59.97   73.39   84.91  102.87  115.96  135.88   5/29/14 THERM   c   9 h  18 o   1     0 G 0
 qo_12      -61.84   109.83    47.87   61.99   74.99   86.13  103.57  116.36  135.98   5/29/14 THERM   c   9 h  18 o   1     0 G 0
 qo_13      -61.87   109.36    46.50   60.75   74.00   85.37  103.14  116.12  135.93   5/29/14 THERM   c   9 h  18 o   1     0 G 0
 qo_14      -79.42   106.35    45.80   60.22   73.58   85.04  102.92  115.97  135.85   5/29/14 THERM   c   9 h  18 o   1     0 G 0
 qo_15      -84.84   101.21    45.47   59.98   73.37   84.86  102.80  115.89  135.82   5/29/14 THERM   c   9 h  18 o   1     0 G 0
 qo_16      -82.94    98.88    45.99   60.59   73.92   85.30  103.05  116.02  135.84   5/29/14 THERM   c   9 h  18 o   1     0 G 0
 qo_23      -66.48   110.77    48.79   62.69   75.49   86.49  103.76  116.47  136.01   5/29/14 THERM   c   9 h  18 o   1     0 G 0
 qo_24      -70.54   107.59    47.84   62.13   75.19   86.34  103.74  116.48  136.04   5/29/14 THERM   c   9 h  18 o   1     0 G 0
 qo_25      -87.80   104.30    47.05   61.50   74.68   85.92  103.43  116.25  135.90   5/29/14 THERM   c   9 h  18 o   1     0 G 0
 qo_26      -89.48    98.37    47.19   61.85   75.02   86.20  103.60  116.34  135.91   5/29/14 THERM   c   9 h  18 o   1     0 G 0
 qo_34      -64.46   110.03    48.27   62.25   75.17   86.25  103.63  116.39  135.98   5/29/14 THERM   c   9 h  18 o   1     0 G 0
 qo_35      -67.74   106.62    47.21   61.49   74.64   85.89  103.44  116.28  135.94   5/29/14 THERM   c   9 h  18 o   1     0 G 0
 c9h18_1    -31.28   106.81    45.47   58.79   71.12   81.76   98.58  111.04  130.31   5/29/14 THERM   c   9 h  18     0     0 G 0
 c9h18_2    -32.64   108.52    46.04   59.10   71.27   81.83   98.59  111.04  130.31   5/29/14 THERM   c   9 h  18     0     0 G 0
 c9h18_3    -32.60   107.32    46.00   59.13   71.35   81.93   98.67  111.10  130.34   5/29/14 THERM   c   9 h  18     0     0 G 0
 c8h16-6-2  -22.59   100.11    39.98   51.80   62.79   72.26   87.22   98.28  115.39   5/29/14 THERM   c   8 h  16     0     0 G 0
 c8h16-5-2  -25.05   101.19    40.57   52.14   62.98   72.37   87.26   98.32  115.43   5/29/14 THERM   c   8 h  16     0     0 G 0
 dc6h12     -12.82    84.95    30.26   38.93   46.95   53.87   64.82   72.96   85.63   5/29/14 THERM   c   6 h  12     0     0 G 0
 ch3coch3   -52.72    71.38    18.94   23.18   27.11   30.53   36.02   40.14   46.59   5/29/14 THERM   c   3 h   6 o   1     0 G 0
 c3h6         4.55    63.24    15.05   18.98   22.65   25.84   30.94   34.80   40.92   5/29/14 THERM   c   3 h   6     0     0 G 0
 ic5h11cho  -62.12    92.77    33.22   42.21   50.62   57.94   69.54   78.12   91.29   5/29/14 THERM   c   6 h  12 o   1     0 G 0
 cc5h10      -7.23    77.69    25.39   32.46   38.99   44.63   53.57   60.26   70.72   5/29/14 THERM   c   5 h  10     0     0 G 0
 ic3h7cho   -51.81    77.88    23.51   29.27   34.70   39.46   47.07   52.73   61.49   5/29/14 THERM   c   4 h   8 o   1     0 G 0
 ic4h8       -4.37    70.76    20.51   25.98   31.01   35.36   42.33   47.58   55.85   5/29/14 THERM   c   4 h   8     0     0 G 0
 ic4h9cho   -57.98    83.39    28.28   35.75   42.71   48.76   58.37   65.49   76.43   5/29/14 THERM   c   5 h  10 o   1     0 G 0
 o2           0.00    48.98     7.00    7.15    7.36    7.58    7.96    8.23    8.58   5/29/14 THERM   c   0 h   0 o   2     0 G 0