%%%%%%%%%%%%%%%%%%%%%%%%%%%%%%%%%%%%%%%%%%%%%%%%%%%%%%%%%%%%%%%%%%%%%%%%%%%%%%

                                        John R. Barker
               Mominert-2014            University of Michigan
                                        Ann Arbor, MI 48109-2143
               Jan 2014                 jrbarker@umich.edu
                                        (734) 763 6239

              http://aoss.engin.umich.edu/multiwell/

%%%%%%%%%%%%%%%%%%%%%%%%%%%%%%%%%%%%%%%%%%%%%%%%%%%%%%%%%%%%%%%%%%%%%%%%%%%%%%

        Suggested Literature Citation:

        a) MultiWell-2014   Software, Jan 2014, designed and
           maintained by J.R. Barker with contributors N.F. Ortiz,
           J.M. Preses, L.L. Lohr, A. Maranzana, P.J. Stimac, T. L.
           Nguyen, and T. J. Dhilip Kumar, University of Michigan,
           Ann Arbor, MI; http://aoss.engin.umich.edu/multiwell/

        b) J.R. Barker, Int. J. Chem. Kinetics, 33, 232-45 (2001)



%%%%%%%%%%%%%%%%%%%%%%%%%%%%%%%%%%%%%%%%%%%%%%%%%%%%%%%%%%%%%%%%%%%%%%%%%%%%%%

 C5P                                                                                                 

 NUMBER  TYPE         X           Y           Z
    1     C        -3.572082   -0.851437   -0.444674
    2     H        -3.883762   -0.915566   -1.492984
    3     H        -4.481927   -0.954534    0.157144
    4     H        -2.934701   -1.710911   -0.232001
    5     C        -2.904330    0.465517   -0.171013
    6     H        -3.512816    1.339465   -0.394876
    7     C        -1.680229    0.687703    0.311564
    8     H        -1.368380    1.719672    0.448668
    9     C        -0.650220   -0.338063    0.699686
   10     H        -0.457693   -0.280029    1.778977
   11     H        -1.000110   -1.353153    0.499501
   12     C         0.689533   -0.151679   -0.019427
   13     H         0.551517   -0.026360   -1.095309
   14     C         1.710580   -1.245586    0.288408
   15     H         1.249968   -2.204122    0.023533
   16     H         1.876949   -1.268569    1.371132
   17     C         3.042774   -1.088543   -0.448695
   18     H         3.529280   -0.144775   -0.195561
   19     H         3.724375   -1.900641   -0.183770
   20     H         2.901185   -1.108319   -1.532821
   21     O         1.231342    1.136086    0.454687
   22     O         1.767404    1.856460   -0.510527



  ATOMS   1 AND   5 DEFINE INTERNAL ROTATION AXIS

  MOIETY 1 CONTAINS ATOMS:  1  2  3  4

  MOIETY 2 CONTAINS ATOMS:  5  6  7  8  9 10 11 12 13 14 15 16 17 18 19 20 21 22

  MOMENT OF INERTIA ABOUT BOND FOR MOIETY #1:     3.132   amu*Ang^2
                                              5.201E-40   g*cm^2
              Rotational constant:  B =         5.38222   cm-1
                                    B =    161354.89895   MHz
                                    B =       161.35490   GHz


  MOMENT OF INERTIA ABOUT BOND FOR MOIETY #2:  1564.096   amu*Ang^2
                                              2.597E-37   g*cm^2
              Rotational constant:  B =         0.01078   cm-1
                                    B =       323.11250   MHz
                                    B =         0.32311   GHz


  REDUCED MOMENT OF INERTIA ABOUT  1-- 5 BOND:    3.126   amu*Ang^2
                                              5.191E-40   g*cm^2
              Rotational constant:  B =         5.39300   cm-1
                                    B =    161678.01145   MHz
                                    B =       161.67801   GHz




  ATOMS   7 AND   9 DEFINE INTERNAL ROTATION AXIS

  MOIETY 1 CONTAINS ATOMS:  1  2  3  4  5  6  7  8

  MOIETY 2 CONTAINS ATOMS:  9 10 11 12 13 14 15 16 17 18 19 20 21 22

  MOMENT OF INERTIA ABOUT BOND FOR MOIETY #1:   118.402   amu*Ang^2
                                              1.966E-38   g*cm^2
              Rotational constant:  B =         0.14238   cm-1
                                    B =      4268.34684   MHz
                                    B =         4.26835   GHz


  MOMENT OF INERTIA ABOUT BOND FOR MOIETY #2:   471.956   amu*Ang^2
                                              7.837E-38   g*cm^2
              Rotational constant:  B =         0.03572   cm-1
                                    B =      1070.81832   MHz
                                    B =         1.07082   GHz


  REDUCED MOMENT OF INERTIA ABOUT  7-- 9 BOND:   94.655   amu*Ang^2
                                              1.572E-38   g*cm^2
              Rotational constant:  B =         0.17810   cm-1
                                    B =      5339.16516   MHz
                                    B =         5.33917   GHz




  ATOMS   9 AND  12 DEFINE INTERNAL ROTATION AXIS

  MOIETY 1 CONTAINS ATOMS:  1  2  3  4  5  6  7  8  9 10 11

  MOIETY 2 CONTAINS ATOMS: 12 13 14 15 16 17 18 19 20 21 22

  MOMENT OF INERTIA ABOUT BOND FOR MOIETY #1:   183.147   amu*Ang^2
                                              3.041E-38   g*cm^2
              Rotational constant:  B =         0.09204   cm-1
                                    B =      2759.41550   MHz
                                    B =         2.75942   GHz


  MOMENT OF INERTIA ABOUT BOND FOR MOIETY #2:   153.801   amu*Ang^2
                                              2.554E-38   g*cm^2
              Rotational constant:  B =         0.10961   cm-1
                                    B =      3285.92943   MHz
                                    B =         3.28593   GHz


  REDUCED MOMENT OF INERTIA ABOUT  9--12 BOND:   83.598   amu*Ang^2
                                              1.388E-38   g*cm^2
              Rotational constant:  B =         0.20165   cm-1
                                    B =      6045.34493   MHz
                                    B =         6.04534   GHz




  ATOMS  14 AND  12 DEFINE INTERNAL ROTATION AXIS

  MOIETY 1 CONTAINS ATOMS: 14 15 16 17 18 19 20

  MOIETY 2 CONTAINS ATOMS:  1  2  3  4  5  6  7  8  9 10 11 12 13 21 22

  MOMENT OF INERTIA ABOUT BOND FOR MOIETY #1:    36.700   amu*Ang^2
                                              6.094E-39   g*cm^2
              Rotational constant:  B =         0.45933   cm-1
                                    B =     13770.41070   MHz
                                    B =        13.77041   GHz


  MOMENT OF INERTIA ABOUT BOND FOR MOIETY #2:   435.427   amu*Ang^2
                                              7.230E-38   g*cm^2
              Rotational constant:  B =         0.03872   cm-1
                                    B =      1160.65044   MHz
                                    B =         1.16065   GHz


  REDUCED MOMENT OF INERTIA ABOUT 14--12 BOND:   33.847   amu*Ang^2
                                              5.621E-39   g*cm^2
              Rotational constant:  B =         0.49805   cm-1
                                    B =     14931.06114   MHz
                                    B =        14.93106   GHz




  ATOMS  21 AND  12 DEFINE INTERNAL ROTATION AXIS

  MOIETY 1 CONTAINS ATOMS: 21 22

  MOIETY 2 CONTAINS ATOMS:  1  2  3  4  5  6  7  8  9 10 11 12 13 14 15 16 17 18 19 20

  MOMENT OF INERTIA ABOUT BOND FOR MOIETY #1:    23.555   amu*Ang^2
                                              3.911E-39   g*cm^2
              Rotational constant:  B =         0.71567   cm-1
                                    B =     21455.37620   MHz
                                    B =        21.45538   GHz


  MOMENT OF INERTIA ABOUT BOND FOR MOIETY #2:   635.354   amu*Ang^2
                                              1.055E-37   g*cm^2
              Rotational constant:  B =         0.02653   cm-1
                                    B =       795.42882   MHz
                                    B =         0.79543   GHz


  REDUCED MOMENT OF INERTIA ABOUT 21--12 BOND:   22.713   amu*Ang^2
                                              3.772E-39   g*cm^2
              Rotational constant:  B =         0.74221   cm-1
                                    B =     22250.80502   MHz
                                    B =        22.25081   GHz




  ATOMS  17 AND  14 DEFINE INTERNAL ROTATION AXIS

  MOIETY 1 CONTAINS ATOMS: 17 18 19 20

  MOIETY 2 CONTAINS ATOMS:  1  2  3  4  5  6  7  8  9 10 11 12 13 14 15 16 21 22

  MOMENT OF INERTIA ABOUT BOND FOR MOIETY #1:     3.144   amu*Ang^2
                                              5.221E-40   g*cm^2
              Rotational constant:  B =         5.36200   cm-1
                                    B =    160748.76615   MHz
                                    B =       160.74877   GHz


  MOMENT OF INERTIA ABOUT BOND FOR MOIETY #2:   731.545   amu*Ang^2
                                              1.215E-37   g*cm^2
              Rotational constant:  B =         0.02304   cm-1
                                    B =       690.83783   MHz
                                    B =         0.69084   GHz


  REDUCED MOMENT OF INERTIA ABOUT 17--14 BOND:    3.130   amu*Ang^2
                                              5.198E-40   g*cm^2
              Rotational constant:  B =         5.38505   cm-1
                                    B =    161439.60398   MHz
                                    B =       161.43960   GHz



PRINCIPAL MOMENTS OF INERTIA AND ROTATIONAL CONSTANTS
  Ia =     181.7473   Ib =     652.3509   Ic =     769.4447   amu*ang^2
  Ia =   3.0180E-38   Ib =   1.0833E-37   Ic =   1.2777E-37   g*cm^2
  Ba =       0.0928   Bb =       0.0258   Bc =       0.0219   cm-1
  Ba =    2780.6680   Bb =     774.7043   Bc =     656.8100   MHz
  Ba =       2.7807   Bb =       0.7747   Bc =       0.6568   GHz

