%%%%%%%%%%%%%%%%%%%%%%%%%%%%%%%%%%%%%%%%%%%%%%%%%%%%%%%%%%%%%%%%%%%%%%%%%%%%%%

                                        John R. Barker
               Mominert-2014            University of Michigan
                                        Ann Arbor, MI 48109-2143
               Jan 2014                 jrbarker@umich.edu
                                        (734) 763 6239

              http://aoss.engin.umich.edu/multiwell/

%%%%%%%%%%%%%%%%%%%%%%%%%%%%%%%%%%%%%%%%%%%%%%%%%%%%%%%%%%%%%%%%%%%%%%%%%%%%%%

        Suggested Literature Citation:

        a) MultiWell-2014   Software, Jan 2014, designed and
           maintained by J.R. Barker with contributors N.F. Ortiz,
           J.M. Preses, L.L. Lohr, A. Maranzana, P.J. Stimac, T. L.
           Nguyen, and T. J. Dhilip Kumar, University of Michigan,
           Ann Arbor, MI; http://aoss.engin.umich.edu/multiwell/

        b) J.R. Barker, Int. J. Chem. Kinetics, 33, 232-45 (2001)



%%%%%%%%%%%%%%%%%%%%%%%%%%%%%%%%%%%%%%%%%%%%%%%%%%%%%%%%%%%%%%%%%%%%%%%%%%%%%%

 C9H18OOH_2_26_g                                                                                     

 NUMBER  TYPE         X           Y           Z
    1     C         3.226958    0.036044    1.131579
    2     H         3.199166   -1.009507    1.442970
    3     H         3.153743    0.658303    2.027187
    4     H         4.189711    0.236635    0.653519
    5     C         0.718786    0.011288    0.811945
    6     H         0.757236   -1.032525    1.137599
    7     H         0.621099    0.618120    1.720385
    8     C        -0.508453    0.210159   -0.084289
    9     H        -0.345932   -0.319839   -1.028395
   10     H        -0.628272    1.269073   -0.334695
   11     C        -1.796882   -0.296661    0.572031
   12     H        -1.965718    0.231519    1.519781
   13     H        -1.679589   -1.357915    0.825174
   14     C        -3.066885   -0.146934   -0.311022
   15     H        -2.862090   -0.669380   -1.254226
   16     C        -4.266001   -0.835108    0.369324
   17     H        -4.501519   -0.348561    1.321725
   18     H        -5.158185   -0.786722   -0.259762
   19     H        -4.049652   -1.887662    0.575182
   20     C         2.163384    1.785471   -0.341530
   21     H         1.984563    2.479284    0.483522
   22     H         3.153968    1.986000   -0.755359
   23     H         1.423543    1.972542   -1.120471
   24     C        -3.375525    1.282861   -0.619909
   25     H        -3.830072    1.914884    0.136618
   26     H        -3.084759    1.745262   -1.554713
   27     C         2.078144    0.342727    0.165969
   28     O         2.251740   -0.409113   -1.065227
   29     O         2.183573   -1.834645   -0.778098
   30     H         3.099090   -2.088524   -0.954039



  ATOMS   1 AND  27 DEFINE INTERNAL ROTATION AXIS

  MOIETY 1 CONTAINS ATOMS:  1  2  3  4

  MOIETY 2 CONTAINS ATOMS:  5  6  7  8  9 10 11 12 13 14 15 16 17 18 19 20 21 22 23 24 25 26 27 28 29 30

  MOMENT OF INERTIA ABOUT BOND FOR MOIETY #1:     3.165   amu*Ang^2
                                              5.256E-40   g*cm^2
              Rotational constant:  B =         5.32622   cm-1
                                    B =    159676.16852   MHz
                                    B =       159.67617   GHz


  MOMENT OF INERTIA ABOUT BOND FOR MOIETY #2:   973.134   amu*Ang^2
                                              1.616E-37   g*cm^2
              Rotational constant:  B =         0.01732   cm-1
                                    B =       519.33162   MHz
                                    B =         0.51933   GHz


  REDUCED MOMENT OF INERTIA ABOUT  1--27 BOND:    3.155   amu*Ang^2
                                              5.239E-40   g*cm^2
              Rotational constant:  B =         5.34355   cm-1
                                    B =    160195.50014   MHz
                                    B =       160.19550   GHz




  ATOMS   5 AND   8 DEFINE INTERNAL ROTATION AXIS

  MOIETY 1 CONTAINS ATOMS:  1  2  3  4  5  6  7 20 21 22 23 27 28 29 30

  MOIETY 2 CONTAINS ATOMS:  8  9 10 11 12 13 14 15 16 17 18 19 24 25 26

  MOMENT OF INERTIA ABOUT BOND FOR MOIETY #1:   390.853   amu*Ang^2
                                              6.490E-38   g*cm^2
              Rotational constant:  B =         0.04313   cm-1
                                    B =      1293.01650   MHz
                                    B =         1.29302   GHz


  MOMENT OF INERTIA ABOUT BOND FOR MOIETY #2:   234.775   amu*Ang^2
                                              3.899E-38   g*cm^2
              Rotational constant:  B =         0.07180   cm-1
                                    B =      2152.61373   MHz
                                    B =         2.15261   GHz


  REDUCED MOMENT OF INERTIA ABOUT  5-- 8 BOND:  146.672   amu*Ang^2
                                              2.436E-38   g*cm^2
              Rotational constant:  B =         0.11493   cm-1
                                    B =      3445.63023   MHz
                                    B =         3.44563   GHz




  ATOMS  27 AND   5 DEFINE INTERNAL ROTATION AXIS

  MOIETY 1 CONTAINS ATOMS:  1  2  3  4 20 21 22 23 27 28 29 30

  MOIETY 2 CONTAINS ATOMS:  5  6  7  8  9 10 11 12 13 14 15 16 17 18 19 24 25 26

  MOMENT OF INERTIA ABOUT BOND FOR MOIETY #1:   198.697   amu*Ang^2
                                              3.299E-38   g*cm^2
              Rotational constant:  B =         0.08484   cm-1
                                    B =      2543.46633   MHz
                                    B =         2.54347   GHz


  MOMENT OF INERTIA ABOUT BOND FOR MOIETY #2:   443.773   amu*Ang^2
                                              7.369E-38   g*cm^2
              Rotational constant:  B =         0.03799   cm-1
                                    B =      1138.82399   MHz
                                    B =         1.13882   GHz


  REDUCED MOMENT OF INERTIA ABOUT 27-- 5 BOND:  137.246   amu*Ang^2
                                              2.279E-38   g*cm^2
              Rotational constant:  B =         0.12283   cm-1
                                    B =      3682.29032   MHz
                                    B =         3.68229   GHz




  ATOMS  11 AND   8 DEFINE INTERNAL ROTATION AXIS

  MOIETY 1 CONTAINS ATOMS: 11 12 13 14 15 16 17 18 19 24 25 26

  MOIETY 2 CONTAINS ATOMS:  1  2  3  4  5  6  7  8  9 10 20 21 22 23 27 28 29 30

  MOMENT OF INERTIA ABOUT BOND FOR MOIETY #1:   154.518   amu*Ang^2
                                              2.566E-38   g*cm^2
              Rotational constant:  B =         0.10910   cm-1
                                    B =      3270.67520   MHz
                                    B =         3.27068   GHz


  MOMENT OF INERTIA ABOUT BOND FOR MOIETY #2:   416.263   amu*Ang^2
                                              6.912E-38   g*cm^2
              Rotational constant:  B =         0.04050   cm-1
                                    B =      1214.08656   MHz
                                    B =         1.21409   GHz


  REDUCED MOMENT OF INERTIA ABOUT 11-- 8 BOND:  112.688   amu*Ang^2
                                              1.871E-38   g*cm^2
              Rotational constant:  B =         0.14960   cm-1
                                    B =      4484.76177   MHz
                                    B =         4.48476   GHz




  ATOMS  14 AND  11 DEFINE INTERNAL ROTATION AXIS

  MOIETY 1 CONTAINS ATOMS: 14 15 16 17 18 19 24 25 26

  MOIETY 2 CONTAINS ATOMS:  1  2  3  4  5  6  7  8  9 10 11 12 13 20 21 22 23 27 28 29 30

  MOMENT OF INERTIA ABOUT BOND FOR MOIETY #1:    70.128   amu*Ang^2
                                              1.165E-38   g*cm^2
              Rotational constant:  B =         0.24038   cm-1
                                    B =      7206.50380   MHz
                                    B =         7.20650   GHz


  MOMENT OF INERTIA ABOUT BOND FOR MOIETY #2:   915.378   amu*Ang^2
                                              1.520E-37   g*cm^2
              Rotational constant:  B =         0.01842   cm-1
                                    B =       552.09848   MHz
                                    B =         0.55210   GHz


  REDUCED MOMENT OF INERTIA ABOUT 14--11 BOND:   65.138   amu*Ang^2
                                              1.082E-38   g*cm^2
              Rotational constant:  B =         0.25880   cm-1
                                    B =      7758.60228   MHz
                                    B =         7.75860   GHz




  ATOMS  16 AND  14 DEFINE INTERNAL ROTATION AXIS

  MOIETY 1 CONTAINS ATOMS: 16 17 18 19

  MOIETY 2 CONTAINS ATOMS:  1  2  3  4  5  6  7  8  9 10 11 12 13 14 15 20 21 22 23 24 25 26 27 28 29 30

  MOMENT OF INERTIA ABOUT BOND FOR MOIETY #1:     3.156   amu*Ang^2
                                              5.240E-40   g*cm^2
              Rotational constant:  B =         5.34184   cm-1
                                    B =    160144.33570   MHz
                                    B =       160.14434   GHz


  MOMENT OF INERTIA ABOUT BOND FOR MOIETY #2:  1300.916   amu*Ang^2
                                              2.160E-37   g*cm^2
              Rotational constant:  B =         0.01296   cm-1
                                    B =       388.47925   MHz
                                    B =         0.38848   GHz


  REDUCED MOMENT OF INERTIA ABOUT 16--14 BOND:    3.148   amu*Ang^2
                                              5.228E-40   g*cm^2
              Rotational constant:  B =         5.35480   cm-1
                                    B =    160532.81495   MHz
                                    B =       160.53281   GHz




  ATOMS  24 AND  14 DEFINE INTERNAL ROTATION AXIS

  MOIETY 1 CONTAINS ATOMS: 24 25 26

  MOIETY 2 CONTAINS ATOMS:  1  2  3  4  5  6  7  8  9 10 11 12 13 14 15 16 17 18 19 20 21 22 23 27 28 29 30

  MOMENT OF INERTIA ABOUT BOND FOR MOIETY #1:     1.740   amu*Ang^2
                                              2.889E-40   g*cm^2
              Rotational constant:  B =         9.69090   cm-1
                                    B =    290525.95343   MHz
                                    B =       290.52595   GHz


  MOMENT OF INERTIA ABOUT BOND FOR MOIETY #2:  2623.409   amu*Ang^2
                                              4.356E-37   g*cm^2
              Rotational constant:  B =         0.00643   cm-1
                                    B =       192.64209   MHz
                                    B =         0.19264   GHz


  REDUCED MOMENT OF INERTIA ABOUT 24--14 BOND:    1.738   amu*Ang^2
                                              2.887E-40   g*cm^2
              Rotational constant:  B =         9.69733   cm-1
                                    B =    290718.59552   MHz
                                    B =       290.71860   GHz




  ATOMS  20 AND  27 DEFINE INTERNAL ROTATION AXIS

  MOIETY 1 CONTAINS ATOMS: 20 21 22 23

  MOIETY 2 CONTAINS ATOMS:  1  2  3  4  5  6  7  8  9 10 11 12 13 14 15 16 17 18 19 24 25 26 27 28 29 30

  MOMENT OF INERTIA ABOUT BOND FOR MOIETY #1:     3.164   amu*Ang^2
                                              5.254E-40   g*cm^2
              Rotational constant:  B =         5.32793   cm-1
                                    B =    159727.16643   MHz
                                    B =       159.72717   GHz


  MOMENT OF INERTIA ABOUT BOND FOR MOIETY #2:  1833.383   amu*Ang^2
                                              3.044E-37   g*cm^2
              Rotational constant:  B =         0.00919   cm-1
                                    B =       275.65385   MHz
                                    B =         0.27565   GHz


  REDUCED MOMENT OF INERTIA ABOUT 20--27 BOND:    3.159   amu*Ang^2
                                              5.245E-40   g*cm^2
              Rotational constant:  B =         5.33712   cm-1
                                    B =    160002.82028   MHz
                                    B =       160.00282   GHz




  ATOMS  28 AND  27 DEFINE INTERNAL ROTATION AXIS

  MOIETY 1 CONTAINS ATOMS: 28 29 30

  MOIETY 2 CONTAINS ATOMS:  1  2  3  4  5  6  7  8  9 10 11 12 13 14 15 16 17 18 19 20 21 22 23 24 25 26 27

  MOMENT OF INERTIA ABOUT BOND FOR MOIETY #1:    32.930   amu*Ang^2
                                              5.468E-39   g*cm^2
              Rotational constant:  B =         0.51192   cm-1
                                    B =     15347.01508   MHz
                                    B =        15.34702   GHz


  MOMENT OF INERTIA ABOUT BOND FOR MOIETY #2:  1851.427   amu*Ang^2
                                              3.074E-37   g*cm^2
              Rotational constant:  B =         0.00911   cm-1
                                    B =       272.96730   MHz
                                    B =         0.27297   GHz


  REDUCED MOMENT OF INERTIA ABOUT 28--27 BOND:   32.355   amu*Ang^2
                                              5.373E-39   g*cm^2
              Rotational constant:  B =         0.52103   cm-1
                                    B =     15619.98238   MHz
                                    B =        15.61998   GHz




  ATOMS  29 AND  28 DEFINE INTERNAL ROTATION AXIS

  MOIETY 1 CONTAINS ATOMS: 29 30

  MOIETY 2 CONTAINS ATOMS:  1  2  3  4  5  6  7  8  9 10 11 12 13 14 15 16 17 18 19 20 21 22 23 24 25 26 27 28

  MOMENT OF INERTIA ABOUT BOND FOR MOIETY #1:     0.912   amu*Ang^2
                                              1.514E-40   g*cm^2
              Rotational constant:  B =        18.49422   cm-1
                                    B =    554442.59251   MHz
                                    B =       554.44259   GHz


  MOMENT OF INERTIA ABOUT BOND FOR MOIETY #2:  2139.189   amu*Ang^2
                                              3.552E-37   g*cm^2
              Rotational constant:  B =         0.00788   cm-1
                                    B =       236.24789   MHz
                                    B =         0.23625   GHz


  REDUCED MOMENT OF INERTIA ABOUT 29--28 BOND:    0.911   amu*Ang^2
                                              1.513E-40   g*cm^2
              Rotational constant:  B =        18.50210   cm-1
                                    B =    554678.84040   MHz
                                    B =       554.67884   GHz



PRINCIPAL MOMENTS OF INERTIA AND ROTATIONAL CONSTANTS
  Ia =     251.1867   Ib =    1163.6002   Ic =    1238.2998   amu*ang^2
  Ia =   4.1711E-38   Ib =   1.9322E-37   Ic =   2.0562E-37   g*cm^2
  Ba =       0.0671   Bb =       0.0145   Bc =       0.0136   cm-1
  Ba =    2011.9658   Bb =     434.3236   Bc =     408.1233   MHz
  Ba =       2.0120   Bb =       0.4343   Bc =       0.4081   GHz

