%%%%%%%%%%%%%%%%%%%%%%%%%%%%%%%%%%%%%%%%%%%%%%%%%%%%%%%%%%%%%%%%%%%%%%%%%%%%%%

                                        John R. Barker
               Mominert-2014            University of Michigan
                                        Ann Arbor, MI 48109-2143
               Jan 2014                 jrbarker@umich.edu
                                        (734) 763 6239

              http://aoss.engin.umich.edu/multiwell/

%%%%%%%%%%%%%%%%%%%%%%%%%%%%%%%%%%%%%%%%%%%%%%%%%%%%%%%%%%%%%%%%%%%%%%%%%%%%%%

        Suggested Literature Citation:

        a) MultiWell-2014   Software, Jan 2014, designed and
           maintained by J.R. Barker with contributors N.F. Ortiz,
           J.M. Preses, L.L. Lohr, A. Maranzana, P.J. Stimac, T. L.
           Nguyen, and T. J. Dhilip Kumar, University of Michigan,
           Ann Arbor, MI; http://aoss.engin.umich.edu/multiwell/

        b) J.R. Barker, Int. J. Chem. Kinetics, 33, 232-45 (2001)



%%%%%%%%%%%%%%%%%%%%%%%%%%%%%%%%%%%%%%%%%%%%%%%%%%%%%%%%%%%%%%%%%%%%%%%%%%%%%%

 C9H18O_12_26                                                                                        

 NUMBER  TYPE         X           Y           Z
    1     C        -3.582702   -1.007681   -0.398017
    2     H        -3.511381   -1.938200    0.173282
    3     H        -3.613650   -1.265293   -1.461102
    4     H        -4.519173   -0.515489   -0.130183
    5     C        -1.040413   -0.740731   -0.355365
    6     H        -0.997786   -1.667728    0.231613
    7     H        -1.003193   -1.048618   -1.407887
    8     C         0.181542    0.119674   -0.018157
    9     H         0.054287    0.529255    0.989337
   10     H         0.228086    0.971752   -0.703565
   11     C         1.492868   -0.672740   -0.089085
   12     H         1.629748   -1.071335   -1.104104
   13     H         1.407220   -1.545920    0.569652
   14     C         2.755852    0.114030    0.310065
   15     H         2.573610    0.548551    1.302499
   16     C         3.962282   -0.828265    0.426085
   17     H         4.185068   -1.298119   -0.538337
   18     H         4.858340   -0.288378    0.745913
   19     H         3.776470   -1.627057    1.150050
   20     C        -2.599901    1.346213   -0.077754
   21     H        -3.582669    1.750139   -0.312655
   22     H        -1.768736    2.019672   -0.266628
   23     C         3.064707    1.264505   -0.659037
   24     H         3.968790    1.799672   -0.354393
   25     H         3.231448    0.883113   -1.672847
   26     H         2.252549    1.993880   -0.705257
   27     C        -2.401368   -0.111709   -0.091476
   28     O        -2.520777    0.608791    1.151382



  ATOMS   1 AND  27 DEFINE INTERNAL ROTATION AXIS

  MOIETY 1 CONTAINS ATOMS:  1  2  3  4

  MOIETY 2 CONTAINS ATOMS:  5  6  7  8  9 10 11 12 13 14 15 16 17 18 19 20 21 22 23 24 25 26 27 28

  MOMENT OF INERTIA ABOUT BOND FOR MOIETY #1:     3.165   amu*Ang^2
                                              5.255E-40   g*cm^2
              Rotational constant:  B =         5.32645   cm-1
                                    B =    159682.86471   MHz
                                    B =       159.68286   GHz


  MOMENT OF INERTIA ABOUT BOND FOR MOIETY #2:   772.560   amu*Ang^2
                                              1.283E-37   g*cm^2
              Rotational constant:  B =         0.02182   cm-1
                                    B =       654.16112   MHz
                                    B =         0.65416   GHz


  REDUCED MOMENT OF INERTIA ABOUT  1--27 BOND:    3.152   amu*Ang^2
                                              5.234E-40   g*cm^2
              Rotational constant:  B =         5.34827   cm-1
                                    B =    160337.02583   MHz
                                    B =       160.33703   GHz




  ATOMS   5 AND   8 DEFINE INTERNAL ROTATION AXIS

  MOIETY 1 CONTAINS ATOMS:  1  2  3  4  5  6  7 20 21 22 27 28

  MOIETY 2 CONTAINS ATOMS:  8  9 10 11 12 13 14 15 16 17 18 19 23 24 25 26

  MOMENT OF INERTIA ABOUT BOND FOR MOIETY #1:   256.411   amu*Ang^2
                                              4.258E-38   g*cm^2
              Rotational constant:  B =         0.06574   cm-1
                                    B =      1970.97231   MHz
                                    B =         1.97097   GHz


  MOMENT OF INERTIA ABOUT BOND FOR MOIETY #2:   240.850   amu*Ang^2
                                              3.999E-38   g*cm^2
              Rotational constant:  B =         0.06999   cm-1
                                    B =      2098.31497   MHz
                                    B =         2.09831   GHz


  REDUCED MOMENT OF INERTIA ABOUT  5-- 8 BOND:  124.193   amu*Ang^2
                                              2.062E-38   g*cm^2
              Rotational constant:  B =         0.13574   cm-1
                                    B =      4069.28729   MHz
                                    B =         4.06929   GHz




  ATOMS  27 AND   5 DEFINE INTERNAL ROTATION AXIS

  MOIETY 1 CONTAINS ATOMS:  1  2  3  4 20 21 22 27 28

  MOIETY 2 CONTAINS ATOMS:  5  6  7  8  9 10 11 12 13 14 15 16 17 18 19 23 24 25 26

  MOMENT OF INERTIA ABOUT BOND FOR MOIETY #1:    86.016   amu*Ang^2
                                              1.428E-38   g*cm^2
              Rotational constant:  B =         0.19598   cm-1
                                    B =      5875.37369   MHz
                                    B =         5.87537   GHz


  MOMENT OF INERTIA ABOUT BOND FOR MOIETY #2:   451.540   amu*Ang^2
                                              7.498E-38   g*cm^2
              Rotational constant:  B =         0.03733   cm-1
                                    B =      1119.23469   MHz
                                    B =         1.11923   GHz


  REDUCED MOMENT OF INERTIA ABOUT 27-- 5 BOND:   72.253   amu*Ang^2
                                              1.200E-38   g*cm^2
              Rotational constant:  B =         0.23332   cm-1
                                    B =      6994.60838   MHz
                                    B =         6.99461   GHz




  ATOMS  11 AND   8 DEFINE INTERNAL ROTATION AXIS

  MOIETY 1 CONTAINS ATOMS: 11 12 13 14 15 16 17 18 19 23 24 25 26

  MOIETY 2 CONTAINS ATOMS:  1  2  3  4  5  6  7  8  9 10 20 21 22 27 28

  MOMENT OF INERTIA ABOUT BOND FOR MOIETY #1:   162.223   amu*Ang^2
                                              2.694E-38   g*cm^2
              Rotational constant:  B =         0.10392   cm-1
                                    B =      3115.33266   MHz
                                    B =         3.11533   GHz


  MOMENT OF INERTIA ABOUT BOND FOR MOIETY #2:   240.327   amu*Ang^2
                                              3.991E-38   g*cm^2
              Rotational constant:  B =         0.07014   cm-1
                                    B =      2102.88357   MHz
                                    B =         2.10288   GHz


  REDUCED MOMENT OF INERTIA ABOUT 11-- 8 BOND:   96.849   amu*Ang^2
                                              1.608E-38   g*cm^2
              Rotational constant:  B =         0.17406   cm-1
                                    B =      5218.21623   MHz
                                    B =         5.21822   GHz




  ATOMS  14 AND  11 DEFINE INTERNAL ROTATION AXIS

  MOIETY 1 CONTAINS ATOMS: 14 15 16 17 18 19 23 24 25 26

  MOIETY 2 CONTAINS ATOMS:  1  2  3  4  5  6  7  8  9 10 11 12 13 20 21 22 27 28

  MOMENT OF INERTIA ABOUT BOND FOR MOIETY #1:    73.172   amu*Ang^2
                                              1.215E-38   g*cm^2
              Rotational constant:  B =         0.23038   cm-1
                                    B =      6906.68058   MHz
                                    B =         6.90668   GHz


  MOMENT OF INERTIA ABOUT BOND FOR MOIETY #2:   690.643   amu*Ang^2
                                              1.147E-37   g*cm^2
              Rotational constant:  B =         0.02441   cm-1
                                    B =       731.75092   MHz
                                    B =         0.73175   GHz


  REDUCED MOMENT OF INERTIA ABOUT 14--11 BOND:   66.163   amu*Ang^2
                                              1.099E-38   g*cm^2
              Rotational constant:  B =         0.25479   cm-1
                                    B =      7638.43149   MHz
                                    B =         7.63843   GHz




  ATOMS  16 AND  14 DEFINE INTERNAL ROTATION AXIS

  MOIETY 1 CONTAINS ATOMS: 16 17 18 19

  MOIETY 2 CONTAINS ATOMS:  1  2  3  4  5  6  7  8  9 10 11 12 13 14 15 20 21 22 23 24 25 26 27 28

  MOMENT OF INERTIA ABOUT BOND FOR MOIETY #1:     3.149   amu*Ang^2
                                              5.230E-40   g*cm^2
              Rotational constant:  B =         5.35263   cm-1
                                    B =    160467.94405   MHz
                                    B =       160.46794   GHz


  MOMENT OF INERTIA ABOUT BOND FOR MOIETY #2:   965.688   amu*Ang^2
                                              1.604E-37   g*cm^2
              Rotational constant:  B =         0.01746   cm-1
                                    B =       523.33574   MHz
                                    B =         0.52334   GHz


  REDUCED MOMENT OF INERTIA ABOUT 16--14 BOND:    3.139   amu*Ang^2
                                              5.213E-40   g*cm^2
              Rotational constant:  B =         5.37009   cm-1
                                    B =    160991.27980   MHz
                                    B =       160.99128   GHz




  ATOMS  23 AND  14 DEFINE INTERNAL ROTATION AXIS

  MOIETY 1 CONTAINS ATOMS: 23 24 25 26

  MOIETY 2 CONTAINS ATOMS:  1  2  3  4  5  6  7  8  9 10 11 12 13 14 15 16 17 18 19 20 21 22 27 28

  MOMENT OF INERTIA ABOUT BOND FOR MOIETY #1:     3.143   amu*Ang^2
                                              5.220E-40   g*cm^2
              Rotational constant:  B =         5.36280   cm-1
                                    B =    160772.63918   MHz
                                    B =       160.77264   GHz


  MOMENT OF INERTIA ABOUT BOND FOR MOIETY #2:  2152.541   amu*Ang^2
                                              3.574E-37   g*cm^2
              Rotational constant:  B =         0.00783   cm-1
                                    B =       234.78248   MHz
                                    B =         0.23478   GHz


  REDUCED MOMENT OF INERTIA ABOUT 23--14 BOND:    3.139   amu*Ang^2
                                              5.212E-40   g*cm^2
              Rotational constant:  B =         5.37063   cm-1
                                    B =    161007.42166   MHz
                                    B =       161.00742   GHz




  ATOMS  20 AND  27 DEFINE INTERNAL ROTATION AXIS

  MOIETY 1 CONTAINS ATOMS: 20 21 22 28

  MOIETY 2 CONTAINS ATOMS:  1  2  3  4  5  6  7  8  9 10 11 12 13 14 15 16 17 18 19 23 24 25 26 27

  MOMENT OF INERTIA ABOUT BOND FOR MOIETY #1:    26.240   amu*Ang^2
                                              4.357E-39   g*cm^2
              Rotational constant:  B =         0.64245   cm-1
                                    B =     19260.06021   MHz
                                    B =        19.26006   GHz


  MOMENT OF INERTIA ABOUT BOND FOR MOIETY #2:  1781.834   amu*Ang^2
                                              2.959E-37   g*cm^2
              Rotational constant:  B =         0.00946   cm-1
                                    B =       283.62860   MHz
                                    B =         0.28363   GHz


  REDUCED MOMENT OF INERTIA ABOUT 20--27 BOND:   25.859   amu*Ang^2
                                              4.294E-39   g*cm^2
              Rotational constant:  B =         0.65191   cm-1
                                    B =     19543.68881   MHz
                                    B =        19.54369   GHz




  ATOMS  28 AND  20 DEFINE INTERNAL ROTATION AXIS

  MOIETY 1 CONTAINS ATOMS:  1  2  3  4  5  6  7  8  9 10 11 12 13 14 15 16 17 18 19 23 24 25 26 27 28

  MOIETY 2 CONTAINS ATOMS: 20 21 22

  MOMENT OF INERTIA ABOUT BOND FOR MOIETY #1:  2146.956   amu*Ang^2
                                              3.565E-37   g*cm^2
              Rotational constant:  B =         0.00785   cm-1
                                    B =       235.39332   MHz
                                    B =         0.23539   GHz


  MOMENT OF INERTIA ABOUT BOND FOR MOIETY #2:     1.952   amu*Ang^2
                                              3.242E-40   g*cm^2
              Rotational constant:  B =         8.63550   cm-1
                                    B =    258885.87248   MHz
                                    B =       258.88587   GHz


  REDUCED MOMENT OF INERTIA ABOUT 28--20 BOND:    1.950   amu*Ang^2
                                              3.239E-40   g*cm^2
              Rotational constant:  B =         8.64336   cm-1
                                    B =    259121.26579   MHz
                                    B =       259.12127   GHz




  ATOMS  28 AND  27 DEFINE INTERNAL ROTATION AXIS

  MOIETY 1 CONTAINS ATOMS: 20 21 22 28

  MOIETY 2 CONTAINS ATOMS:  1  2  3  4  5  6  7  8  9 10 11 12 13 14 15 16 17 18 19 23 24 25 26 27

  MOMENT OF INERTIA ABOUT BOND FOR MOIETY #1:    27.630   amu*Ang^2
                                              4.588E-39   g*cm^2
              Rotational constant:  B =         0.61011   cm-1
                                    B =     18290.71776   MHz
                                    B =        18.29072   GHz


  MOMENT OF INERTIA ABOUT BOND FOR MOIETY #2:  1842.655   amu*Ang^2
                                              3.060E-37   g*cm^2
              Rotational constant:  B =         0.00915   cm-1
                                    B =       274.26671   MHz
                                    B =         0.27427   GHz


  REDUCED MOMENT OF INERTIA ABOUT 28--27 BOND:   27.222   amu*Ang^2
                                              4.520E-39   g*cm^2
              Rotational constant:  B =         0.61926   cm-1
                                    B =     18564.98446   MHz
                                    B =        18.56498   GHz



PRINCIPAL MOMENTS OF INERTIA AND ROTATIONAL CONSTANTS
  Ia =     162.2965   Ib =    1049.6274   Ic =    1115.8485   amu*ang^2
  Ia =   2.6950E-38   Ib =   1.7429E-37   Ic =   1.8529E-37   g*cm^2
  Ba =       0.1039   Bb =       0.0161   Bc =       0.0151   cm-1
  Ba =    3113.9238   Bb =     481.4842   Bc =     452.9100   MHz
  Ba =       3.1139   Bb =       0.4815   Bc =       0.4529   GHz

