%%%%%%%%%%%%%%%%%%%%%%%%%%%%%%%%%%%%%%%%%%%%%%%%%%%%%%%%%%%%%%%%%%%%%%%%%%%%%%

                                        John R. Barker
               Mominert-2014            University of Michigan
                                        Ann Arbor, MI 48109-2143
               Jan 2014                 jrbarker@umich.edu
                                        (734) 763 6239

              http://aoss.engin.umich.edu/multiwell/

%%%%%%%%%%%%%%%%%%%%%%%%%%%%%%%%%%%%%%%%%%%%%%%%%%%%%%%%%%%%%%%%%%%%%%%%%%%%%%

        Suggested Literature Citation:

        a) MultiWell-2014   Software, Jan 2014, designed and
           maintained by J.R. Barker with contributors N.F. Ortiz,
           J.M. Preses, L.L. Lohr, A. Maranzana, P.J. Stimac, T. L.
           Nguyen, and T. J. Dhilip Kumar, University of Michigan,
           Ann Arbor, MI; http://aoss.engin.umich.edu/multiwell/

        b) J.R. Barker, Int. J. Chem. Kinetics, 33, 232-45 (2001)



%%%%%%%%%%%%%%%%%%%%%%%%%%%%%%%%%%%%%%%%%%%%%%%%%%%%%%%%%%%%%%%%%%%%%%%%%%%%%%

 C9H18O_3_26                                                                                         

 NUMBER  TYPE         X           Y           Z
    1     C         3.583421   -0.592776   -0.744076
    2     H         3.312381   -1.184352   -1.622729
    3     H         3.784041   -1.286225    0.074679
    4     H         4.501441   -0.045496   -0.974149
    5     C         2.461140    0.375150   -0.354211
    6     H         2.216590    1.017209   -1.208586
    7     C        -0.134175    0.218078   -0.390243
    8     H        -0.157960    0.144217   -1.487909
    9     H        -0.104634    1.294003   -0.181350
   10     C        -1.363375   -0.454131    0.220309
   11     H        -1.367832   -0.282049    1.303510
   12     H        -1.258000   -1.535558    0.095385
   13     C        -2.709286   -0.000011   -0.373517
   14     H        -2.663175   -0.155915   -1.460642
   15     C        -3.852029   -0.866766    0.173222
   16     H        -3.943131   -0.752058    1.258754
   17     H        -4.811075   -0.585975   -0.271712
   18     H        -3.681654   -1.926816   -0.035243
   19     C        -2.993890    1.488155   -0.123290
   20     H        -3.961614    1.777496   -0.543029
   21     H        -3.021193    1.702192    0.951048
   22     H        -2.236525    2.135263   -0.573437
   23     C         1.192304   -0.384594    0.051943
   24     O         1.252876   -1.403406    0.704340
   25     C         2.881113    1.281471    0.821307
   26     H         2.089316    1.982105    1.101435
   27     H         3.124027    0.675250    1.697734
   28     H         3.764650    1.866507    0.552854



  ATOMS   1 AND   5 DEFINE INTERNAL ROTATION AXIS

  MOIETY 1 CONTAINS ATOMS:  1  2  3  4

  MOIETY 2 CONTAINS ATOMS:  5  6  7  8  9 10 11 12 13 14 15 16 17 18 19 20 21 22 23 24 25 26 27 28

  MOMENT OF INERTIA ABOUT BOND FOR MOIETY #1:     3.158   amu*Ang^2
                                              5.244E-40   g*cm^2
              Rotational constant:  B =         5.33830   cm-1
                                    B =    160038.11167   MHz
                                    B =       160.03811   GHz


  MOMENT OF INERTIA ABOUT BOND FOR MOIETY #2:  1063.805   amu*Ang^2
                                              1.766E-37   g*cm^2
              Rotational constant:  B =         0.01585   cm-1
                                    B =       475.06718   MHz
                                    B =         0.47507   GHz


  REDUCED MOMENT OF INERTIA ABOUT  1-- 5 BOND:    3.149   amu*Ang^2
                                              5.228E-40   g*cm^2
              Rotational constant:  B =         5.35414   cm-1
                                    B =    160513.17885   MHz
                                    B =       160.51318   GHz




  ATOMS   5 AND  23 DEFINE INTERNAL ROTATION AXIS

  MOIETY 1 CONTAINS ATOMS:  1  2  3  4  5  6 25 26 27 28

  MOIETY 2 CONTAINS ATOMS:  7  8  9 10 11 12 13 14 15 16 17 18 19 20 21 22 23 24

  MOMENT OF INERTIA ABOUT BOND FOR MOIETY #1:    74.766   amu*Ang^2
                                              1.242E-38   g*cm^2
              Rotational constant:  B =         0.22547   cm-1
                                    B =      6759.45992   MHz
                                    B =         6.75946   GHz


  MOMENT OF INERTIA ABOUT BOND FOR MOIETY #2:   491.633   amu*Ang^2
                                              8.164E-38   g*cm^2
              Rotational constant:  B =         0.03429   cm-1
                                    B =      1027.96070   MHz
                                    B =         1.02796   GHz


  REDUCED MOMENT OF INERTIA ABOUT  5--23 BOND:   64.897   amu*Ang^2
                                              1.078E-38   g*cm^2
              Rotational constant:  B =         0.25976   cm-1
                                    B =      7787.42062   MHz
                                    B =         7.78742   GHz




  ATOMS  25 AND   5 DEFINE INTERNAL ROTATION AXIS

  MOIETY 1 CONTAINS ATOMS: 25 26 27 28

  MOIETY 2 CONTAINS ATOMS:  1  2  3  4  5  6  7  8  9 10 11 12 13 14 15 16 17 18 19 20 21 22 23 24

  MOMENT OF INERTIA ABOUT BOND FOR MOIETY #1:     3.156   amu*Ang^2
                                              5.241E-40   g*cm^2
              Rotational constant:  B =         5.34124   cm-1
                                    B =    160126.46984   MHz
                                    B =       160.12647   GHz


  MOMENT OF INERTIA ABOUT BOND FOR MOIETY #2:  1799.988   amu*Ang^2
                                              2.989E-37   g*cm^2
              Rotational constant:  B =         0.00937   cm-1
                                    B =       280.76804   MHz
                                    B =         0.28077   GHz


  REDUCED MOMENT OF INERTIA ABOUT 25-- 5 BOND:    3.151   amu*Ang^2
                                              5.232E-40   g*cm^2
              Rotational constant:  B =         5.35061   cm-1
                                    B =    160407.23787   MHz
                                    B =       160.40724   GHz




  ATOMS  10 AND   7 DEFINE INTERNAL ROTATION AXIS

  MOIETY 1 CONTAINS ATOMS: 10 11 12 13 14 15 16 17 18 19 20 21 22

  MOIETY 2 CONTAINS ATOMS:  1  2  3  4  5  6  7  8  9 23 24 25 26 27 28

  MOMENT OF INERTIA ABOUT BOND FOR MOIETY #1:   162.749   amu*Ang^2
                                              2.703E-38   g*cm^2
              Rotational constant:  B =         0.10358   cm-1
                                    B =      3105.26147   MHz
                                    B =         3.10526   GHz


  MOMENT OF INERTIA ABOUT BOND FOR MOIETY #2:   349.935   amu*Ang^2
                                              5.811E-38   g*cm^2
              Rotational constant:  B =         0.04817   cm-1
                                    B =      1444.20951   MHz
                                    B =         1.44421   GHz


  REDUCED MOMENT OF INERTIA ABOUT 10-- 7 BOND:  111.085   amu*Ang^2
                                              1.845E-38   g*cm^2
              Rotational constant:  B =         0.15175   cm-1
                                    B =      4549.47098   MHz
                                    B =         4.54947   GHz




  ATOMS  23 AND   7 DEFINE INTERNAL ROTATION AXIS

  MOIETY 1 CONTAINS ATOMS:  1  2  3  4  5  6 23 24 25 26 27 28

  MOIETY 2 CONTAINS ATOMS:  7  8  9 10 11 12 13 14 15 16 17 18 19 20 21 22

  MOMENT OF INERTIA ABOUT BOND FOR MOIETY #1:   171.607   amu*Ang^2
                                              2.850E-38   g*cm^2
              Rotational constant:  B =         0.09823   cm-1
                                    B =      2944.97161   MHz
                                    B =         2.94497   GHz


  MOMENT OF INERTIA ABOUT BOND FOR MOIETY #2:   218.647   amu*Ang^2
                                              3.631E-38   g*cm^2
              Rotational constant:  B =         0.07710   cm-1
                                    B =      2311.38869   MHz
                                    B =         2.31139   GHz


  REDUCED MOMENT OF INERTIA ABOUT 23-- 7 BOND:   96.146   amu*Ang^2
                                              1.597E-38   g*cm^2
              Rotational constant:  B =         0.17533   cm-1
                                    B =      5256.36030   MHz
                                    B =         5.25636   GHz




  ATOMS  13 AND  10 DEFINE INTERNAL ROTATION AXIS

  MOIETY 1 CONTAINS ATOMS: 13 14 15 16 17 18 19 20 21 22

  MOIETY 2 CONTAINS ATOMS:  1  2  3  4  5  6  7  8  9 10 11 12 23 24 25 26 27 28

  MOMENT OF INERTIA ABOUT BOND FOR MOIETY #1:    73.223   amu*Ang^2
                                              1.216E-38   g*cm^2
              Rotational constant:  B =         0.23022   cm-1
                                    B =      6901.90619   MHz
                                    B =         6.90191   GHz


  MOMENT OF INERTIA ABOUT BOND FOR MOIETY #2:   463.030   amu*Ang^2
                                              7.689E-38   g*cm^2
              Rotational constant:  B =         0.03641   cm-1
                                    B =      1091.46151   MHz
                                    B =         1.09146   GHz


  REDUCED MOMENT OF INERTIA ABOUT 13--10 BOND:   63.225   amu*Ang^2
                                              1.050E-38   g*cm^2
              Rotational constant:  B =         0.26663   cm-1
                                    B =      7993.36769   MHz
                                    B =         7.99337   GHz




  ATOMS  15 AND  13 DEFINE INTERNAL ROTATION AXIS

  MOIETY 1 CONTAINS ATOMS: 15 16 17 18

  MOIETY 2 CONTAINS ATOMS:  1  2  3  4  5  6  7  8  9 10 11 12 13 14 19 20 21 22 23 24 25 26 27 28

  MOMENT OF INERTIA ABOUT BOND FOR MOIETY #1:     3.150   amu*Ang^2
                                              5.231E-40   g*cm^2
              Rotational constant:  B =         5.35168   cm-1
                                    B =    160439.29842   MHz
                                    B =       160.43930   GHz


  MOMENT OF INERTIA ABOUT BOND FOR MOIETY #2:  1132.805   amu*Ang^2
                                              1.881E-37   g*cm^2
              Rotational constant:  B =         0.01488   cm-1
                                    B =       446.13054   MHz
                                    B =         0.44613   GHz


  REDUCED MOMENT OF INERTIA ABOUT 15--13 BOND:    3.141   amu*Ang^2
                                              5.216E-40   g*cm^2
              Rotational constant:  B =         5.36656   cm-1
                                    B =    160885.42895   MHz
                                    B =       160.88543   GHz




  ATOMS  19 AND  13 DEFINE INTERNAL ROTATION AXIS

  MOIETY 1 CONTAINS ATOMS: 19 20 21 22

  MOIETY 2 CONTAINS ATOMS:  1  2  3  4  5  6  7  8  9 10 11 12 13 14 15 16 17 18 23 24 25 26 27 28

  MOMENT OF INERTIA ABOUT BOND FOR MOIETY #1:     3.143   amu*Ang^2
                                              5.219E-40   g*cm^2
              Rotational constant:  B =         5.36412   cm-1
                                    B =    160812.18744   MHz
                                    B =       160.81219   GHz


  MOMENT OF INERTIA ABOUT BOND FOR MOIETY #2:  2012.799   amu*Ang^2
                                              3.342E-37   g*cm^2
              Rotational constant:  B =         0.00838   cm-1
                                    B =       251.08267   MHz
                                    B =         0.25108   GHz


  REDUCED MOMENT OF INERTIA ABOUT 19--13 BOND:    3.138   amu*Ang^2
                                              5.210E-40   g*cm^2
              Rotational constant:  B =         5.37249   cm-1
                                    B =    161063.27011   MHz
                                    B =       161.06327   GHz



PRINCIPAL MOMENTS OF INERTIA AND ROTATIONAL CONSTANTS
  Ia =     176.7217   Ib =     985.7561   Ic =    1067.2602   amu*ang^2
  Ia =   2.9345E-38   Ib =   1.6369E-37   Ic =   1.7722E-37   g*cm^2
  Ba =       0.0954   Bb =       0.0171   Bc =       0.0158   cm-1
  Ba =    2859.7455   Bb =     512.6816   Bc =     473.5293   MHz
  Ba =       2.8597   Bb =       0.5127   Bc =       0.4735   GHz

