%%%%%%%%%%%%%%%%%%%%%%%%%%%%%%%%%%%%%%%%%%%%%%%%%%%%%%%%%%%%%%%%%%%%%%%%%%%%%%

                                        John R. Barker
               Mominert-2014            University of Michigan
                                        Ann Arbor, MI 48109-2143
               Jan 2014                 jrbarker@umich.edu
                                        (734) 763 6239

              http://aoss.engin.umich.edu/multiwell/

%%%%%%%%%%%%%%%%%%%%%%%%%%%%%%%%%%%%%%%%%%%%%%%%%%%%%%%%%%%%%%%%%%%%%%%%%%%%%%

        Suggested Literature Citation:

        a) MultiWell-2014   Software, Jan 2014, designed and
           maintained by J.R. Barker with contributors N.F. Ortiz,
           J.M. Preses, L.L. Lohr, A. Maranzana, P.J. Stimac, T. L.
           Nguyen, and T. J. Dhilip Kumar, University of Michigan,
           Ann Arbor, MI; http://aoss.engin.umich.edu/multiwell/

        b) J.R. Barker, Int. J. Chem. Kinetics, 33, 232-45 (2001)



%%%%%%%%%%%%%%%%%%%%%%%%%%%%%%%%%%%%%%%%%%%%%%%%%%%%%%%%%%%%%%%%%%%%%%%%%%%%%%

 C9H18O_24_26                                                                                        

 NUMBER  TYPE         X           Y           Z
    1     C         2.662751   -0.701261    1.309206
    2     H         1.866107   -1.135301    1.916799
    3     H         3.235099   -0.003139    1.928440
    4     H         3.330285   -1.508582    0.994638
    5     C         0.876374    0.941044    0.347854
    6     H         0.516593    0.927792    1.378029
    7     H         0.996714    1.974578    0.019993
    8     C         0.097893    0.002580   -0.599461
    9     H        -0.083797    0.448441   -1.587239
   10     C        -1.161395   -0.706550   -0.122202
   11     H        -1.043964   -0.985207    0.932891
   12     H        -1.217175   -1.646375   -0.683938
   13     C        -2.475449    0.071762   -0.318132
   14     H        -2.552746    0.321259   -1.385337
   15     C        -3.678766   -0.810602    0.041734
   16     H        -3.654028   -1.091545    1.100234
   17     H        -4.621772   -0.286803   -0.140149
   18     H        -3.687595   -1.732422   -0.546841
   19     C         3.167475    0.583784   -0.807721
   20     H         3.770330    1.322840   -0.270495
   21     H         3.828939   -0.213259   -1.158012
   22     H         2.727031    1.067739   -1.682801
   23     C        -2.513157    1.387517    0.473125
   24     H        -3.463775    1.906490    0.319029
   25     H        -2.408744    1.200777    1.547620
   26     H        -1.713957    2.070288    0.174126
   27     C         2.083082    0.004036    0.092869
   28     O         1.227951   -0.908929   -0.670077



  ATOMS   1 AND  27 DEFINE INTERNAL ROTATION AXIS

  MOIETY 1 CONTAINS ATOMS:  1  2  3  4

  MOIETY 2 CONTAINS ATOMS:  5  6  7  8  9 10 11 12 13 14 15 16 17 18 19 20 21 22 23 24 25 26 27 28

  MOMENT OF INERTIA ABOUT BOND FOR MOIETY #1:     3.171   amu*Ang^2
                                              5.265E-40   g*cm^2
              Rotational constant:  B =         5.31681   cm-1
                                    B =    159393.96503   MHz
                                    B =       159.39397   GHz


  MOMENT OF INERTIA ABOUT BOND FOR MOIETY #2:  1248.580   amu*Ang^2
                                              2.073E-37   g*cm^2
              Rotational constant:  B =         0.01350   cm-1
                                    B =       404.76296   MHz
                                    B =         0.40476   GHz


  REDUCED MOMENT OF INERTIA ABOUT  1--27 BOND:    3.163   amu*Ang^2
                                              5.252E-40   g*cm^2
              Rotational constant:  B =         5.33031   cm-1
                                    B =    159798.72799   MHz
                                    B =       159.79873   GHz




  ATOMS   5 AND   8 DEFINE INTERNAL ROTATION AXIS

  MOIETY 1 CONTAINS ATOMS:  1  2  3  4  5  6  7 19 20 21 22 27 28

  MOIETY 2 CONTAINS ATOMS:  8  9 10 11 12 13 14 15 16 17 18 23 24 25 26

  MOMENT OF INERTIA ABOUT BOND FOR MOIETY #1:   277.298   amu*Ang^2
                                              4.605E-38   g*cm^2
              Rotational constant:  B =         0.06079   cm-1
                                    B =      1822.51377   MHz
                                    B =         1.82251   GHz


  MOMENT OF INERTIA ABOUT BOND FOR MOIETY #2:   432.668   amu*Ang^2
                                              7.185E-38   g*cm^2
              Rotational constant:  B =         0.03896   cm-1
                                    B =      1168.05296   MHz
                                    B =         1.16805   GHz


  REDUCED MOMENT OF INERTIA ABOUT  5-- 8 BOND:  168.991   amu*Ang^2
                                              2.806E-38   g*cm^2
              Rotational constant:  B =         0.09975   cm-1
                                    B =      2990.56672   MHz
                                    B =         2.99057   GHz




  ATOMS   5 AND  27 DEFINE INTERNAL ROTATION AXIS

  MOIETY 1 CONTAINS ATOMS:  5  6  7  8  9 10 11 12 13 14 15 16 17 18 23 24 25 26 28

  MOIETY 2 CONTAINS ATOMS:  1  2  3  4 19 20 21 22 27

  MOMENT OF INERTIA ABOUT BOND FOR MOIETY #1:   612.580   amu*Ang^2
                                              1.017E-37   g*cm^2
              Rotational constant:  B =         0.02752   cm-1
                                    B =       825.00141   MHz
                                    B =         0.82500   GHz


  MOMENT OF INERTIA ABOUT BOND FOR MOIETY #2:    66.812   amu*Ang^2
                                              1.109E-38   g*cm^2
              Rotational constant:  B =         0.25231   cm-1
                                    B =      7564.20614   MHz
                                    B =         7.56421   GHz


  REDUCED MOMENT OF INERTIA ABOUT  5--27 BOND:   60.242   amu*Ang^2
                                              1.000E-38   g*cm^2
              Rotational constant:  B =         0.27983   cm-1
                                    B =      8389.20755   MHz
                                    B =         8.38921   GHz




  ATOMS  28 AND   5 DEFINE INTERNAL ROTATION AXIS

  MOIETY 1 CONTAINS ATOMS:  1  2  3  4  8  9 10 11 12 13 14 15 16 17 18 19 20 21 22 23 24 25 26 27 28

  MOIETY 2 CONTAINS ATOMS:  5  6  7

  MOMENT OF INERTIA ABOUT BOND FOR MOIETY #1:   961.448   amu*Ang^2
                                              1.597E-37   g*cm^2
              Rotational constant:  B =         0.01753   cm-1
                                    B =       525.64375   MHz
                                    B =         0.52564   GHz


  MOMENT OF INERTIA ABOUT BOND FOR MOIETY #2:     1.590   amu*Ang^2
                                              2.640E-40   g*cm^2
              Rotational constant:  B =        10.60374   cm-1
                                    B =    317892.15513   MHz
                                    B =       317.89216   GHz


  REDUCED MOMENT OF INERTIA ABOUT 28-- 5 BOND:    1.587   amu*Ang^2
                                              2.636E-40   g*cm^2
              Rotational constant:  B =        10.62128   cm-1
                                    B =    318417.79889   MHz
                                    B =       318.41780   GHz




  ATOMS  10 AND   8 DEFINE INTERNAL ROTATION AXIS

  MOIETY 1 CONTAINS ATOMS: 10 11 12 13 14 15 16 17 18 23 24 25 26

  MOIETY 2 CONTAINS ATOMS:  1  2  3  4  5  6  7  8  9 19 20 21 22 27 28

  MOMENT OF INERTIA ABOUT BOND FOR MOIETY #1:   161.570   amu*Ang^2
                                              2.683E-38   g*cm^2
              Rotational constant:  B =         0.10434   cm-1
                                    B =      3127.92723   MHz
                                    B =         3.12793   GHz


  MOMENT OF INERTIA ABOUT BOND FOR MOIETY #2:   262.476   amu*Ang^2
                                              4.359E-38   g*cm^2
              Rotational constant:  B =         0.06423   cm-1
                                    B =      1925.42641   MHz
                                    B =         1.92543   GHz


  REDUCED MOMENT OF INERTIA ABOUT 10-- 8 BOND:  100.009   amu*Ang^2
                                              1.661E-38   g*cm^2
              Rotational constant:  B =         0.16856   cm-1
                                    B =      5053.35364   MHz
                                    B =         5.05335   GHz




  ATOMS  28 AND   8 DEFINE INTERNAL ROTATION AXIS

  MOIETY 1 CONTAINS ATOMS:  1  2  3  4  5  6  7 19 20 21 22 27 28

  MOIETY 2 CONTAINS ATOMS:  8  9 10 11 12 13 14 15 16 17 18 23 24 25 26

  MOMENT OF INERTIA ABOUT BOND FOR MOIETY #1:   240.277   amu*Ang^2
                                              3.990E-38   g*cm^2
              Rotational constant:  B =         0.07016   cm-1
                                    B =      2103.31866   MHz
                                    B =         2.10332   GHz


  MOMENT OF INERTIA ABOUT BOND FOR MOIETY #2:   236.059   amu*Ang^2
                                              3.920E-38   g*cm^2
              Rotational constant:  B =         0.07141   cm-1
                                    B =      2140.90571   MHz
                                    B =         2.14091   GHz


  REDUCED MOMENT OF INERTIA ABOUT 28-- 8 BOND:  119.075   amu*Ang^2
                                              1.977E-38   g*cm^2
              Rotational constant:  B =         0.14157   cm-1
                                    B =      4244.22437   MHz
                                    B =         4.24422   GHz




  ATOMS  13 AND  10 DEFINE INTERNAL ROTATION AXIS

  MOIETY 1 CONTAINS ATOMS: 13 14 15 16 17 18 23 24 25 26

  MOIETY 2 CONTAINS ATOMS:  1  2  3  4  5  6  7  8  9 10 11 12 19 20 21 22 27 28

  MOMENT OF INERTIA ABOUT BOND FOR MOIETY #1:    73.079   amu*Ang^2
                                              1.214E-38   g*cm^2
              Rotational constant:  B =         0.23068   cm-1
                                    B =      6915.54164   MHz
                                    B =         6.91554   GHz


  MOMENT OF INERTIA ABOUT BOND FOR MOIETY #2:   479.406   amu*Ang^2
                                              7.961E-38   g*cm^2
              Rotational constant:  B =         0.03516   cm-1
                                    B =      1054.17647   MHz
                                    B =         1.05418   GHz


  REDUCED MOMENT OF INERTIA ABOUT 13--10 BOND:   63.412   amu*Ang^2
                                              1.053E-38   g*cm^2
              Rotational constant:  B =         0.26584   cm-1
                                    B =      7969.71811   MHz
                                    B =         7.96972   GHz




  ATOMS  15 AND  13 DEFINE INTERNAL ROTATION AXIS

  MOIETY 1 CONTAINS ATOMS: 15 16 17 18

  MOIETY 2 CONTAINS ATOMS:  1  2  3  4  5  6  7  8  9 10 11 12 13 14 19 20 21 22 23 24 25 26 27 28

  MOMENT OF INERTIA ABOUT BOND FOR MOIETY #1:     3.150   amu*Ang^2
                                              5.231E-40   g*cm^2
              Rotational constant:  B =         5.35178   cm-1
                                    B =    160442.28895   MHz
                                    B =       160.44229   GHz


  MOMENT OF INERTIA ABOUT BOND FOR MOIETY #2:   850.175   amu*Ang^2
                                              1.412E-37   g*cm^2
              Rotational constant:  B =         0.01983   cm-1
                                    B =       594.44080   MHz
                                    B =         0.59444   GHz


  REDUCED MOMENT OF INERTIA ABOUT 15--13 BOND:    3.138   amu*Ang^2
                                              5.211E-40   g*cm^2
              Rotational constant:  B =         5.37161   cm-1
                                    B =    161036.72975   MHz
                                    B =       161.03673   GHz




  ATOMS  23 AND  13 DEFINE INTERNAL ROTATION AXIS

  MOIETY 1 CONTAINS ATOMS: 23 24 25 26

  MOIETY 2 CONTAINS ATOMS:  1  2  3  4  5  6  7  8  9 10 11 12 13 14 15 16 17 18 19 20 21 22 27 28

  MOMENT OF INERTIA ABOUT BOND FOR MOIETY #1:     3.143   amu*Ang^2
                                              5.219E-40   g*cm^2
              Rotational constant:  B =         5.36340   cm-1
                                    B =    160790.61755   MHz
                                    B =       160.79062   GHz


  MOMENT OF INERTIA ABOUT BOND FOR MOIETY #2:  1739.297   amu*Ang^2
                                              2.888E-37   g*cm^2
              Rotational constant:  B =         0.00969   cm-1
                                    B =       290.56517   MHz
                                    B =         0.29057   GHz


  REDUCED MOMENT OF INERTIA ABOUT 23--13 BOND:    3.137   amu*Ang^2
                                              5.210E-40   g*cm^2
              Rotational constant:  B =         5.37309   cm-1
                                    B =    161081.18272   MHz
                                    B =       161.08118   GHz




  ATOMS  19 AND  27 DEFINE INTERNAL ROTATION AXIS

  MOIETY 1 CONTAINS ATOMS: 19 20 21 22

  MOIETY 2 CONTAINS ATOMS:  1  2  3  4  5  6  7  8  9 10 11 12 13 14 15 16 17 18 23 24 25 26 27 28

  MOMENT OF INERTIA ABOUT BOND FOR MOIETY #1:     3.168   amu*Ang^2
                                              5.261E-40   g*cm^2
              Rotational constant:  B =         5.32123   cm-1
                                    B =    159526.36680   MHz
                                    B =       159.52637   GHz


  MOMENT OF INERTIA ABOUT BOND FOR MOIETY #2:   827.959   amu*Ang^2
                                              1.375E-37   g*cm^2
              Rotational constant:  B =         0.02036   cm-1
                                    B =       610.39106   MHz
                                    B =         0.61039   GHz


  REDUCED MOMENT OF INERTIA ABOUT 19--27 BOND:    3.156   amu*Ang^2
                                              5.241E-40   g*cm^2
              Rotational constant:  B =         5.34159   cm-1
                                    B =    160136.75786   MHz
                                    B =       160.13676   GHz




  ATOMS  28 AND  27 DEFINE INTERNAL ROTATION AXIS

  MOIETY 1 CONTAINS ATOMS:  5  6  7  8  9 10 11 12 13 14 15 16 17 18 23 24 25 26 28

  MOIETY 2 CONTAINS ATOMS:  1  2  3  4 19 20 21 22 27

  MOMENT OF INERTIA ABOUT BOND FOR MOIETY #1:   915.463   amu*Ang^2
                                              1.520E-37   g*cm^2
              Rotational constant:  B =         0.01841   cm-1
                                    B =       552.04715   MHz
                                    B =         0.55205   GHz


  MOMENT OF INERTIA ABOUT BOND FOR MOIETY #2:    71.855   amu*Ang^2
                                              1.193E-38   g*cm^2
              Rotational constant:  B =         0.23461   cm-1
                                    B =      7033.35731   MHz
                                    B =         7.03336   GHz


  REDUCED MOMENT OF INERTIA ABOUT 28--27 BOND:   66.625   amu*Ang^2
                                              1.106E-38   g*cm^2
              Rotational constant:  B =         0.25302   cm-1
                                    B =      7585.40446   MHz
                                    B =         7.58540   GHz



PRINCIPAL MOMENTS OF INERTIA AND ROTATIONAL CONSTANTS
  Ia =     170.0601   Ib =     831.0994   Ic =     861.4208   amu*ang^2
  Ia =   2.8239E-38   Ib =   1.3801E-37   Ic =   1.4304E-37   g*cm^2
  Ba =       0.0991   Bb =       0.0203   Bc =       0.0196   cm-1
  Ba =    2971.7673   Bb =     608.0849   Bc =     586.6808   MHz
  Ba =       2.9718   Bb =       0.6081   Bc =       0.5867   GHz

