%%%%%%%%%%%%%%%%%%%%%%%%%%%%%%%%%%%%%%%%%%%%%%%%%%%%%%%%%%%%%%%%%%%%%%%%%%%%%%

                                        John R. Barker
               Mominert-2014            University of Michigan
                                        Ann Arbor, MI 48109-2143
               Jan 2014                 jrbarker@umich.edu
                                        (734) 763 6239

              http://aoss.engin.umich.edu/multiwell/

%%%%%%%%%%%%%%%%%%%%%%%%%%%%%%%%%%%%%%%%%%%%%%%%%%%%%%%%%%%%%%%%%%%%%%%%%%%%%%

        Suggested Literature Citation:

        a) MultiWell-2014   Software, Jan 2014, designed and
           maintained by J.R. Barker with contributors N.F. Ortiz,
           J.M. Preses, L.L. Lohr, A. Maranzana, P.J. Stimac, T. L.
           Nguyen, and T. J. Dhilip Kumar, University of Michigan,
           Ann Arbor, MI; http://aoss.engin.umich.edu/multiwell/

        b) J.R. Barker, Int. J. Chem. Kinetics, 33, 232-45 (2001)



%%%%%%%%%%%%%%%%%%%%%%%%%%%%%%%%%%%%%%%%%%%%%%%%%%%%%%%%%%%%%%%%%%%%%%%%%%%%%%

 C9H18_2_26                                                                                          

 NUMBER  TYPE         X           Y           Z
    1     C         3.744979   -0.838915    0.227751
    2     H         3.613086   -1.882386   -0.064924
    3     H         4.051434   -0.815422    1.280483
    4     H         4.581324   -0.426006   -0.349239
    5     C         1.384296   -0.602230   -0.487500
    6     H         1.438591   -1.666434   -0.717292
    7     C         0.044537    0.022769   -0.766261
    8     H        -0.216448   -0.157509   -1.818603
    9     H         0.086996    1.106681   -0.644583
   10     C        -1.073614   -0.565635    0.117009
   11     H        -0.869935   -0.315409    1.166141
   12     H        -1.027379   -1.659733    0.053097
   13     C        -2.500820   -0.114733   -0.246291
   14     H        -2.661331   -0.350341   -1.307645
   15     C        -3.536610   -0.901088    0.569403
   16     H        -3.420066   -0.704484    1.640823
   17     H        -4.557011   -0.621776    0.290643
   18     H        -3.430383   -1.979021    0.415811
   19     C        -2.705703    1.395871   -0.063184
   20     H        -3.730433    1.684774   -0.314639
   21     H        -2.525024    1.688178    0.977503
   22     H        -2.035371    1.982347   -0.696150
   23     C         2.608535    1.420685    0.398638
   24     H         3.390331    1.913127   -0.191866
   25     H         1.684160    1.981730    0.265130
   26     H         2.908758    1.513230    1.448954
   27     C         2.487517   -0.031980    0.011494



  ATOMS   1 AND  27 DEFINE INTERNAL ROTATION AXIS

  MOIETY 1 CONTAINS ATOMS:  1  2  3  4

  MOIETY 2 CONTAINS ATOMS:  5  6  7  8  9 10 11 12 13 14 15 16 17 18 19 20 21 22 23 24 25 26 27

  MOMENT OF INERTIA ABOUT BOND FOR MOIETY #1:     3.148   amu*Ang^2
                                              5.227E-40   g*cm^2
              Rotational constant:  B =         5.35507   cm-1
                                    B =    160540.99753   MHz
                                    B =       160.54100   GHz


  MOMENT OF INERTIA ABOUT BOND FOR MOIETY #2:   589.269   amu*Ang^2
                                              9.785E-38   g*cm^2
              Rotational constant:  B =         0.02861   cm-1
                                    B =       857.63785   MHz
                                    B =         0.85764   GHz


  REDUCED MOMENT OF INERTIA ABOUT  1--27 BOND:    3.131   amu*Ang^2
                                              5.200E-40   g*cm^2
              Rotational constant:  B =         5.38368   cm-1
                                    B =    161398.63538   MHz
                                    B =       161.39864   GHz




  ATOMS   5 AND   7 DEFINE INTERNAL ROTATION AXIS

  MOIETY 1 CONTAINS ATOMS:  1  2  3  4  5  6 23 24 25 26 27

  MOIETY 2 CONTAINS ATOMS:  7  8  9 10 11 12 13 14 15 16 17 18 19 20 21 22

  MOMENT OF INERTIA ABOUT BOND FOR MOIETY #1:   128.738   amu*Ang^2
                                              2.138E-38   g*cm^2
              Rotational constant:  B =         0.13094   cm-1
                                    B =      3925.62579   MHz
                                    B =         3.92563   GHz


  MOMENT OF INERTIA ABOUT BOND FOR MOIETY #2:   235.966   amu*Ang^2
                                              3.918E-38   g*cm^2
              Rotational constant:  B =         0.07144   cm-1
                                    B =      2141.74281   MHz
                                    B =         2.14174   GHz


  REDUCED MOMENT OF INERTIA ABOUT  5-- 7 BOND:   83.295   amu*Ang^2
                                              1.383E-38   g*cm^2
              Rotational constant:  B =         0.20239   cm-1
                                    B =      6067.36860   MHz
                                    B =         6.06737   GHz




  ATOMS  10 AND   7 DEFINE INTERNAL ROTATION AXIS

  MOIETY 1 CONTAINS ATOMS: 10 11 12 13 14 15 16 17 18 19 20 21 22

  MOIETY 2 CONTAINS ATOMS:  1  2  3  4  5  6  7  8  9 23 24 25 26 27

  MOMENT OF INERTIA ABOUT BOND FOR MOIETY #1:   162.064   amu*Ang^2
                                              2.691E-38   g*cm^2
              Rotational constant:  B =         0.10402   cm-1
                                    B =      3118.38500   MHz
                                    B =         3.11838   GHz


  MOMENT OF INERTIA ABOUT BOND FOR MOIETY #2:   391.830   amu*Ang^2
                                              6.506E-38   g*cm^2
              Rotational constant:  B =         0.04302   cm-1
                                    B =      1289.79023   MHz
                                    B =         1.28979   GHz


  REDUCED MOMENT OF INERTIA ABOUT 10-- 7 BOND:  114.646   amu*Ang^2
                                              1.904E-38   g*cm^2
              Rotational constant:  B =         0.14704   cm-1
                                    B =      4408.17523   MHz
                                    B =         4.40818   GHz




  ATOMS  13 AND  10 DEFINE INTERNAL ROTATION AXIS

  MOIETY 1 CONTAINS ATOMS: 13 14 15 16 17 18 19 20 21 22

  MOIETY 2 CONTAINS ATOMS:  1  2  3  4  5  6  7  8  9 10 11 12 23 24 25 26 27

  MOMENT OF INERTIA ABOUT BOND FOR MOIETY #1:    73.184   amu*Ang^2
                                              1.215E-38   g*cm^2
              Rotational constant:  B =         0.23035   cm-1
                                    B =      6905.63649   MHz
                                    B =         6.90564   GHz


  MOMENT OF INERTIA ABOUT BOND FOR MOIETY #2:   283.383   amu*Ang^2
                                              4.706E-38   g*cm^2
              Rotational constant:  B =         0.05949   cm-1
                                    B =      1783.37918   MHz
                                    B =         1.78338   GHz


  REDUCED MOMENT OF INERTIA ABOUT 13--10 BOND:   58.163   amu*Ang^2
                                              9.658E-39   g*cm^2
              Rotational constant:  B =         0.28983   cm-1
                                    B =      8689.01567   MHz
                                    B =         8.68902   GHz




  ATOMS  15 AND  13 DEFINE INTERNAL ROTATION AXIS

  MOIETY 1 CONTAINS ATOMS: 15 16 17 18

  MOIETY 2 CONTAINS ATOMS:  1  2  3  4  5  6  7  8  9 10 11 12 13 14 19 20 21 22 23 24 25 26 27

  MOMENT OF INERTIA ABOUT BOND FOR MOIETY #1:     3.150   amu*Ang^2
                                              5.230E-40   g*cm^2
              Rotational constant:  B =         5.35210   cm-1
                                    B =    160451.98909   MHz
                                    B =       160.45199   GHz


  MOMENT OF INERTIA ABOUT BOND FOR MOIETY #2:  1028.814   amu*Ang^2
                                              1.708E-37   g*cm^2
              Rotational constant:  B =         0.01639   cm-1
                                    B =       491.22468   MHz
                                    B =         0.49122   GHz


  REDUCED MOMENT OF INERTIA ABOUT 15--13 BOND:    3.140   amu*Ang^2
                                              5.214E-40   g*cm^2
              Rotational constant:  B =         5.36849   cm-1
                                    B =    160943.21377   MHz
                                    B =       160.94321   GHz




  ATOMS  19 AND  13 DEFINE INTERNAL ROTATION AXIS

  MOIETY 1 CONTAINS ATOMS: 19 20 21 22

  MOIETY 2 CONTAINS ATOMS:  1  2  3  4  5  6  7  8  9 10 11 12 13 14 15 16 17 18 23 24 25 26 27

  MOMENT OF INERTIA ABOUT BOND FOR MOIETY #1:     3.144   amu*Ang^2
                                              5.220E-40   g*cm^2
              Rotational constant:  B =         5.36237   cm-1
                                    B =    160759.74065   MHz
                                    B =       160.75974   GHz


  MOMENT OF INERTIA ABOUT BOND FOR MOIETY #2:  1653.081   amu*Ang^2
                                              2.745E-37   g*cm^2
              Rotational constant:  B =         0.01020   cm-1
                                    B =       305.71952   MHz
                                    B =         0.30572   GHz


  REDUCED MOMENT OF INERTIA ABOUT 19--13 BOND:    3.138   amu*Ang^2
                                              5.210E-40   g*cm^2
              Rotational constant:  B =         5.37257   cm-1
                                    B =    161065.46017   MHz
                                    B =       161.06546   GHz




  ATOMS  23 AND  27 DEFINE INTERNAL ROTATION AXIS

  MOIETY 1 CONTAINS ATOMS: 23 24 25 26

  MOIETY 2 CONTAINS ATOMS:  1  2  3  4  5  6  7  8  9 10 11 12 13 14 15 16 17 18 19 20 21 22 27

  MOMENT OF INERTIA ABOUT BOND FOR MOIETY #1:     3.134   amu*Ang^2
                                              5.205E-40   g*cm^2
              Rotational constant:  B =         5.37841   cm-1
                                    B =    161240.56857   MHz
                                    B =       161.24057   GHz


  MOMENT OF INERTIA ABOUT BOND FOR MOIETY #2:  1622.943   amu*Ang^2
                                              2.695E-37   g*cm^2
              Rotational constant:  B =         0.01039   cm-1
                                    B =       311.39659   MHz
                                    B =         0.31140   GHz


  REDUCED MOMENT OF INERTIA ABOUT 23--27 BOND:    3.128   amu*Ang^2
                                              5.195E-40   g*cm^2
              Rotational constant:  B =         5.38879   cm-1
                                    B =    161551.96516   MHz
                                    B =       161.55197   GHz



PRINCIPAL MOMENTS OF INERTIA AND ROTATIONAL CONSTANTS
  Ia =     143.3394   Ib =     861.9090   Ic =     938.9389   amu*ang^2
  Ia =   2.3802E-38   Ib =   1.4312E-37   Ic =   1.5591E-37   g*cm^2
  Ba =       0.1176   Bb =       0.0196   Bc =       0.0180   cm-1
  Ba =    3525.7514   Bb =     586.3485   Bc =     538.2448   MHz
  Ba =       3.5258   Bb =       0.5863   Bc =       0.5382   GHz

