%%%%%%%%%%%%%%%%%%%%%%%%%%%%%%%%%%%%%%%%%%%%%%%%%%%%%%%%%%%%%%%%%%%%%%%%%%%%%%

                                        John R. Barker
               Mominert-2014            University of Michigan
                                        Ann Arbor, MI 48109-2143
               Jan 2014                 jrbarker@umich.edu
                                        (734) 763 6239

              http://aoss.engin.umich.edu/multiwell/

%%%%%%%%%%%%%%%%%%%%%%%%%%%%%%%%%%%%%%%%%%%%%%%%%%%%%%%%%%%%%%%%%%%%%%%%%%%%%%

        Suggested Literature Citation:

        a) MultiWell-2014   Software, Jan 2014, designed and
           maintained by J.R. Barker with contributors N.F. Ortiz,
           J.M. Preses, L.L. Lohr, A. Maranzana, P.J. Stimac, T. L.
           Nguyen, and T. J. Dhilip Kumar, University of Michigan,
           Ann Arbor, MI; http://aoss.engin.umich.edu/multiwell/

        b) J.R. Barker, Int. J. Chem. Kinetics, 33, 232-45 (2001)



%%%%%%%%%%%%%%%%%%%%%%%%%%%%%%%%%%%%%%%%%%%%%%%%%%%%%%%%%%%%%%%%%%%%%%%%%%%%%%

 C9H18O_12_6                                                                                         

 NUMBER  TYPE         X           Y           Z
    1     C        -3.574527   -1.040901   -0.323248
    2     H        -3.662388   -1.870330    0.385225
    3     H        -3.451851   -1.463817   -1.324920
    4     H        -4.503294   -0.468137   -0.307617
    5     C        -2.394988   -0.156600    0.021669
    6     C        -1.040253   -0.847035   -0.049693
    7     H        -1.058838   -1.707847    0.630705
    8     H        -0.945323   -1.264628   -1.060748
    9     C         0.183897    0.025831    0.244170
   10     H         0.178980    0.329747    1.297722
   11     H         0.107385    0.940392   -0.349560
   12     C         1.502541   -0.699588   -0.052187
   13     H         1.538881   -0.968332   -1.116827
   14     H         1.515739   -1.647951    0.500181
   15     C         2.776560    0.089209    0.304724
   16     H         2.695602    0.390423    1.358494
   17     C         4.018442   -0.802851    0.168757
   18     H         4.146734   -1.137945   -0.866378
   19     H         4.926631   -0.265806    0.457501
   20     H         3.940954   -1.693572    0.799311
   21     C        -2.620433    1.036912    0.852133
   22     H        -3.622885    1.245438    1.220464
   23     H        -1.814782    1.455746    1.448328
   24     C         2.933600    1.362484   -0.539263
   25     H         3.846204    1.901369   -0.268120
   26     H         2.999527    1.114406   -1.604573
   27     H         2.094836    2.050290   -0.409589
   28     O        -2.455144    1.156973   -0.568995



  ATOMS   1 AND   5 DEFINE INTERNAL ROTATION AXIS

  MOIETY 1 CONTAINS ATOMS:  1  2  3  4

  MOIETY 2 CONTAINS ATOMS:  5  6  7  8  9 10 11 12 13 14 15 16 17 18 19 20 21 22 23 24 25 26 27 28

  MOMENT OF INERTIA ABOUT BOND FOR MOIETY #1:     3.165   amu*Ang^2
                                              5.255E-40   g*cm^2
              Rotational constant:  B =         5.32675   cm-1
                                    B =    159691.99100   MHz
                                    B =       159.69199   GHz


  MOMENT OF INERTIA ABOUT BOND FOR MOIETY #2:   769.637   amu*Ang^2
                                              1.278E-37   g*cm^2
              Rotational constant:  B =         0.02190   cm-1
                                    B =       656.64606   MHz
                                    B =         0.65665   GHz


  REDUCED MOMENT OF INERTIA ABOUT  1-- 5 BOND:    3.152   amu*Ang^2
                                              5.234E-40   g*cm^2
              Rotational constant:  B =         5.34866   cm-1
                                    B =    160348.63706   MHz
                                    B =       160.34864   GHz




  ATOMS   5 AND   6 DEFINE INTERNAL ROTATION AXIS

  MOIETY 1 CONTAINS ATOMS:  1  2  3  4  5 21 22 23 28

  MOIETY 2 CONTAINS ATOMS:  6  7  8  9 10 11 12 13 14 15 16 17 18 19 20 24 25 26 27

  MOMENT OF INERTIA ABOUT BOND FOR MOIETY #1:    86.016   amu*Ang^2
                                              1.428E-38   g*cm^2
              Rotational constant:  B =         0.19598   cm-1
                                    B =      5875.41274   MHz
                                    B =         5.87541   GHz


  MOMENT OF INERTIA ABOUT BOND FOR MOIETY #2:   461.875   amu*Ang^2
                                              7.670E-38   g*cm^2
              Rotational constant:  B =         0.03650   cm-1
                                    B =      1094.19097   MHz
                                    B =         1.09419   GHz


  REDUCED MOMENT OF INERTIA ABOUT  5-- 6 BOND:   72.512   amu*Ang^2
                                              1.204E-38   g*cm^2
              Rotational constant:  B =         0.23248   cm-1
                                    B =      6969.60370   MHz
                                    B =         6.96960   GHz




  ATOMS  21 AND   5 DEFINE INTERNAL ROTATION AXIS

  MOIETY 1 CONTAINS ATOMS: 21 22 23 28

  MOIETY 2 CONTAINS ATOMS:  1  2  3  4  5  6  7  8  9 10 11 12 13 14 15 16 17 18 19 20 24 25 26 27

  MOMENT OF INERTIA ABOUT BOND FOR MOIETY #1:    26.244   amu*Ang^2
                                              4.358E-39   g*cm^2
              Rotational constant:  B =         0.64234   cm-1
                                    B =     19256.78874   MHz
                                    B =        19.25679   GHz


  MOMENT OF INERTIA ABOUT BOND FOR MOIETY #2:  1784.366   amu*Ang^2
                                              2.963E-37   g*cm^2
              Rotational constant:  B =         0.00945   cm-1
                                    B =       283.22604   MHz
                                    B =         0.28323   GHz


  REDUCED MOMENT OF INERTIA ABOUT 21-- 5 BOND:   25.864   amu*Ang^2
                                              4.295E-39   g*cm^2
              Rotational constant:  B =         0.65178   cm-1
                                    B =     19540.01479   MHz
                                    B =        19.54001   GHz




  ATOMS  28 AND   5 DEFINE INTERNAL ROTATION AXIS

  MOIETY 1 CONTAINS ATOMS: 21 22 23 28

  MOIETY 2 CONTAINS ATOMS:  1  2  3  4  5  6  7  8  9 10 11 12 13 14 15 16 17 18 19 20 24 25 26 27

  MOMENT OF INERTIA ABOUT BOND FOR MOIETY #1:    27.633   amu*Ang^2
                                              4.589E-39   g*cm^2
              Rotational constant:  B =         0.61005   cm-1
                                    B =     18288.87027   MHz
                                    B =        18.28887   GHz


  MOMENT OF INERTIA ABOUT BOND FOR MOIETY #2:  1791.983   amu*Ang^2
                                              2.976E-37   g*cm^2
              Rotational constant:  B =         0.00941   cm-1
                                    B =       282.02215   MHz
                                    B =         0.28202   GHz


  REDUCED MOMENT OF INERTIA ABOUT 28-- 5 BOND:   27.214   amu*Ang^2
                                              4.519E-39   g*cm^2
              Rotational constant:  B =         0.61946   cm-1
                                    B =     18570.89241   MHz
                                    B =        18.57089   GHz




  ATOMS   6 AND   9 DEFINE INTERNAL ROTATION AXIS

  MOIETY 1 CONTAINS ATOMS:  1  2  3  4  5  6  7  8 21 22 23 28

  MOIETY 2 CONTAINS ATOMS:  9 10 11 12 13 14 15 16 17 18 19 20 24 25 26 27

  MOMENT OF INERTIA ABOUT BOND FOR MOIETY #1:   256.303   amu*Ang^2
                                              4.256E-38   g*cm^2
              Rotational constant:  B =         0.06577   cm-1
                                    B =      1971.80139   MHz
                                    B =         1.97180   GHz


  MOMENT OF INERTIA ABOUT BOND FOR MOIETY #2:   239.627   amu*Ang^2
                                              3.979E-38   g*cm^2
              Rotational constant:  B =         0.07035   cm-1
                                    B =      2109.02162   MHz
                                    B =         2.10902   GHz


  REDUCED MOMENT OF INERTIA ABOUT  6-- 9 BOND:  123.842   amu*Ang^2
                                              2.056E-38   g*cm^2
              Rotational constant:  B =         0.13612   cm-1
                                    B =      4080.82301   MHz
                                    B =         4.08082   GHz




  ATOMS  12 AND   9 DEFINE INTERNAL ROTATION AXIS

  MOIETY 1 CONTAINS ATOMS: 12 13 14 15 16 17 18 19 20 24 25 26 27

  MOIETY 2 CONTAINS ATOMS:  1  2  3  4  5  6  7  8  9 10 11 21 22 23 28

  MOMENT OF INERTIA ABOUT BOND FOR MOIETY #1:   162.225   amu*Ang^2
                                              2.694E-38   g*cm^2
              Rotational constant:  B =         0.10392   cm-1
                                    B =      3115.29701   MHz
                                    B =         3.11530   GHz


  MOMENT OF INERTIA ABOUT BOND FOR MOIETY #2:   238.351   amu*Ang^2
                                              3.958E-38   g*cm^2
              Rotational constant:  B =         0.07073   cm-1
                                    B =      2120.31033   MHz
                                    B =         2.12031   GHz


  REDUCED MOMENT OF INERTIA ABOUT 12-- 9 BOND:   96.527   amu*Ang^2
                                              1.603E-38   g*cm^2
              Rotational constant:  B =         0.17464   cm-1
                                    B =      5235.60734   MHz
                                    B =         5.23561   GHz




  ATOMS  15 AND  12 DEFINE INTERNAL ROTATION AXIS

  MOIETY 1 CONTAINS ATOMS: 15 16 17 18 19 20 24 25 26 27

  MOIETY 2 CONTAINS ATOMS:  1  2  3  4  5  6  7  8  9 10 11 12 13 14 21 22 23 28

  MOMENT OF INERTIA ABOUT BOND FOR MOIETY #1:    73.215   amu*Ang^2
                                              1.216E-38   g*cm^2
              Rotational constant:  B =         0.23025   cm-1
                                    B =      6902.63341   MHz
                                    B =         6.90263   GHz


  MOMENT OF INERTIA ABOUT BOND FOR MOIETY #2:   678.574   amu*Ang^2
                                              1.127E-37   g*cm^2
              Rotational constant:  B =         0.02484   cm-1
                                    B =       744.76619   MHz
                                    B =         0.74477   GHz


  REDUCED MOMENT OF INERTIA ABOUT 15--12 BOND:   66.085   amu*Ang^2
                                              1.097E-38   g*cm^2
              Rotational constant:  B =         0.25509   cm-1
                                    B =      7647.39960   MHz
                                    B =         7.64740   GHz




  ATOMS  17 AND  15 DEFINE INTERNAL ROTATION AXIS

  MOIETY 1 CONTAINS ATOMS: 17 18 19 20

  MOIETY 2 CONTAINS ATOMS:  1  2  3  4  5  6  7  8  9 10 11 12 13 14 15 16 21 22 23 24 25 26 27 28

  MOMENT OF INERTIA ABOUT BOND FOR MOIETY #1:     3.149   amu*Ang^2
                                              5.230E-40   g*cm^2
              Rotational constant:  B =         5.35252   cm-1
                                    B =    160464.37868   MHz
                                    B =       160.46438   GHz


  MOMENT OF INERTIA ABOUT BOND FOR MOIETY #2:   905.946   amu*Ang^2
                                              1.504E-37   g*cm^2
              Rotational constant:  B =         0.01861   cm-1
                                    B =       557.84641   MHz
                                    B =         0.55785   GHz


  REDUCED MOMENT OF INERTIA ABOUT 17--15 BOND:    3.139   amu*Ang^2
                                              5.212E-40   g*cm^2
              Rotational constant:  B =         5.37112   cm-1
                                    B =    161022.22509   MHz
                                    B =       161.02223   GHz




  ATOMS  24 AND  15 DEFINE INTERNAL ROTATION AXIS

  MOIETY 1 CONTAINS ATOMS: 24 25 26 27

  MOIETY 2 CONTAINS ATOMS:  1  2  3  4  5  6  7  8  9 10 11 12 13 14 15 16 17 18 19 20 21 22 23 28

  MOMENT OF INERTIA ABOUT BOND FOR MOIETY #1:     3.143   amu*Ang^2
                                              5.218E-40   g*cm^2
              Rotational constant:  B =         5.36432   cm-1
                                    B =    160818.39817   MHz
                                    B =       160.81840   GHz


  MOMENT OF INERTIA ABOUT BOND FOR MOIETY #2:  2201.234   amu*Ang^2
                                              3.655E-37   g*cm^2
              Rotational constant:  B =         0.00766   cm-1
                                    B =       229.58894   MHz
                                    B =         0.22959   GHz


  REDUCED MOMENT OF INERTIA ABOUT 24--15 BOND:    3.138   amu*Ang^2
                                              5.211E-40   g*cm^2
              Rotational constant:  B =         5.37198   cm-1
                                    B =    161047.98711   MHz
                                    B =       161.04799   GHz




  ATOMS  28 AND  21 DEFINE INTERNAL ROTATION AXIS

  MOIETY 1 CONTAINS ATOMS:  1  2  3  4  5  6  7  8  9 10 11 12 13 14 15 16 17 18 19 20 24 25 26 27 28

  MOIETY 2 CONTAINS ATOMS: 21 22 23

  MOMENT OF INERTIA ABOUT BOND FOR MOIETY #1:  2126.636   amu*Ang^2
                                              3.531E-37   g*cm^2
              Rotational constant:  B =         0.00793   cm-1
                                    B =       237.64243   MHz
                                    B =         0.23764   GHz


  MOMENT OF INERTIA ABOUT BOND FOR MOIETY #2:     1.952   amu*Ang^2
                                              3.241E-40   g*cm^2
              Rotational constant:  B =         8.63762   cm-1
                                    B =    258949.26093   MHz
                                    B =       258.94926   GHz


  REDUCED MOMENT OF INERTIA ABOUT 28--21 BOND:    1.950   amu*Ang^2
                                              3.238E-40   g*cm^2
              Rotational constant:  B =         8.64555   cm-1
                                    B =    259186.90336   MHz
                                    B =       259.18690   GHz



PRINCIPAL MOMENTS OF INERTIA AND ROTATIONAL CONSTANTS
  Ia =     162.1861   Ib =    1031.3535   Ic =    1118.3308   amu*ang^2
  Ia =   2.6932E-38   Ib =   1.7126E-37   Ic =   1.8570E-37   g*cm^2
  Ba =       0.1039   Bb =       0.0163   Bc =       0.0151   cm-1
  Ba =    3116.0443   Bb =     490.0153   Bc =     451.9048   MHz
  Ba =       3.1160   Bb =       0.4900   Bc =       0.4519   GHz

