%%%%%%%%%%%%%%%%%%%%%%%%%%%%%%%%%%%%%%%%%%%%%%%%%%%%%%%%%%%%%%%%%%%%%%%%%%%%%%

                                        John R. Barker
               Mominert-2014            University of Michigan
                                        Ann Arbor, MI 48109-2143
               Jan 2014                 jrbarker@umich.edu
                                        (734) 763 6239

              http://aoss.engin.umich.edu/multiwell/

%%%%%%%%%%%%%%%%%%%%%%%%%%%%%%%%%%%%%%%%%%%%%%%%%%%%%%%%%%%%%%%%%%%%%%%%%%%%%%

        Suggested Literature Citation:

        a) MultiWell-2014   Software, Jan 2014, designed and
           maintained by J.R. Barker with contributors N.F. Ortiz,
           J.M. Preses, L.L. Lohr, A. Maranzana, P.J. Stimac, T. L.
           Nguyen, and T. J. Dhilip Kumar, University of Michigan,
           Ann Arbor, MI; http://aoss.engin.umich.edu/multiwell/

        b) J.R. Barker, Int. J. Chem. Kinetics, 33, 232-45 (2001)



%%%%%%%%%%%%%%%%%%%%%%%%%%%%%%%%%%%%%%%%%%%%%%%%%%%%%%%%%%%%%%%%%%%%%%%%%%%%%%

 C9H19O2_3_26                                                                                        

 NUMBER  TYPE         X           Y           Z
    1     C        -3.617513    0.035762    0.046878
    2     H        -3.667694    1.032301   -0.392692
    3     H        -3.713125    0.142508    1.132302
    4     H        -4.478772   -0.535357   -0.309639
    5     C        -2.313762   -0.687675   -0.321457
    6     H        -2.266567   -0.778978   -1.413964
    7     C         0.271941   -0.444810   -0.319319
    8     H         0.296727   -0.465340   -1.415827
    9     H         0.333369   -1.482601    0.015388
   10     C         1.468310    0.352401    0.216988
   11     H         1.477212    0.298765    1.314035
   12     H         1.331048    1.407717   -0.036956
   13     C         2.838903   -0.104739   -0.317371
   14     H         2.793752   -0.070026   -1.414625
   15     C         3.937339    0.867105    0.135574
   16     H         4.029606    0.870470    1.227184
   17     H         4.910111    0.586344   -0.278186
   18     H         3.719283    1.890395   -0.182951
   19     C        -2.299434   -2.100690    0.285070
   20     H        -2.261940   -2.056380    1.378721
   21     H        -3.212316   -2.634699    0.009694
   22     H        -1.454061   -2.699242   -0.059229
   23     C         3.186842   -1.542070    0.096097
   24     H         4.173296   -1.827910   -0.279941
   25     H         3.208387   -1.637243    1.187601
   26     H         2.468443   -2.270176   -0.289166
   27     C        -1.078495    0.118290    0.119474
   28     H        -1.104693    0.301625    1.197223
   29     O        -1.176615    1.457171   -0.498527
   30     O        -1.441742    2.413628    0.368456



  ATOMS   1 AND   5 DEFINE INTERNAL ROTATION AXIS

  MOIETY 1 CONTAINS ATOMS:  1  2  3  4

  MOIETY 2 CONTAINS ATOMS:  5  6  7  8  9 10 11 12 13 14 15 16 17 18 19 20 21 22 23 24 25 26 27 28 29 30

  MOMENT OF INERTIA ABOUT BOND FOR MOIETY #1:     3.147   amu*Ang^2
                                              5.225E-40   g*cm^2
              Rotational constant:  B =         5.35717   cm-1
                                    B =    160603.85833   MHz
                                    B =       160.60386   GHz


  MOMENT OF INERTIA ABOUT BOND FOR MOIETY #2:  1058.209   amu*Ang^2
                                              1.757E-37   g*cm^2
              Rotational constant:  B =         0.01593   cm-1
                                    B =       477.57976   MHz
                                    B =         0.47758   GHz


  REDUCED MOMENT OF INERTIA ABOUT  1-- 5 BOND:    3.137   amu*Ang^2
                                              5.210E-40   g*cm^2
              Rotational constant:  B =         5.37310   cm-1
                                    B =    161081.43810   MHz
                                    B =       161.08144   GHz




  ATOMS  19 AND   5 DEFINE INTERNAL ROTATION AXIS

  MOIETY 1 CONTAINS ATOMS: 19 20 21 22

  MOIETY 2 CONTAINS ATOMS:  1  2  3  4  5  6  7  8  9 10 11 12 13 14 15 16 17 18 23 24 25 26 27 28 29 30

  MOMENT OF INERTIA ABOUT BOND FOR MOIETY #1:     3.139   amu*Ang^2
                                              5.213E-40   g*cm^2
              Rotational constant:  B =         5.36969   cm-1
                                    B =    160979.22567   MHz
                                    B =       160.97923   GHz


  MOMENT OF INERTIA ABOUT BOND FOR MOIETY #2:  1901.139   amu*Ang^2
                                              3.157E-37   g*cm^2
              Rotational constant:  B =         0.00887   cm-1
                                    B =       265.82955   MHz
                                    B =         0.26583   GHz


  REDUCED MOMENT OF INERTIA ABOUT 19-- 5 BOND:    3.134   amu*Ang^2
                                              5.205E-40   g*cm^2
              Rotational constant:  B =         5.37856   cm-1
                                    B =    161245.05522   MHz
                                    B =       161.24506   GHz




  ATOMS   5 AND  27 DEFINE INTERNAL ROTATION AXIS

  MOIETY 1 CONTAINS ATOMS:  1  2  3  4  5  6 19 20 21 22

  MOIETY 2 CONTAINS ATOMS:  7  8  9 10 11 12 13 14 15 16 17 18 23 24 25 26 27 28 29 30

  MOMENT OF INERTIA ABOUT BOND FOR MOIETY #1:    73.457   amu*Ang^2
                                              1.220E-38   g*cm^2
              Rotational constant:  B =         0.22949   cm-1
                                    B =      6879.95830   MHz
                                    B =         6.87996   GHz


  MOMENT OF INERTIA ABOUT BOND FOR MOIETY #2:   579.379   amu*Ang^2
                                              9.621E-38   g*cm^2
              Rotational constant:  B =         0.02910   cm-1
                                    B =       872.27699   MHz
                                    B =         0.87228   GHz


  REDUCED MOMENT OF INERTIA ABOUT  5--27 BOND:   65.191   amu*Ang^2
                                              1.083E-38   g*cm^2
              Rotational constant:  B =         0.25859   cm-1
                                    B =      7752.23529   MHz
                                    B =         7.75224   GHz




  ATOMS  10 AND   7 DEFINE INTERNAL ROTATION AXIS

  MOIETY 1 CONTAINS ATOMS: 10 11 12 13 14 15 16 17 18 23 24 25 26

  MOIETY 2 CONTAINS ATOMS:  1  2  3  4  5  6  7  8  9 19 20 21 22 27 28 29 30

  MOMENT OF INERTIA ABOUT BOND FOR MOIETY #1:   163.032   amu*Ang^2
                                              2.707E-38   g*cm^2
              Rotational constant:  B =         0.10340   cm-1
                                    B =      3099.86985   MHz
                                    B =         3.09987   GHz


  MOMENT OF INERTIA ABOUT BOND FOR MOIETY #2:   511.934   amu*Ang^2
                                              8.501E-38   g*cm^2
              Rotational constant:  B =         0.03293   cm-1
                                    B =       987.19495   MHz
                                    B =         0.98719   GHz


  REDUCED MOMENT OF INERTIA ABOUT 10-- 7 BOND:  123.653   amu*Ang^2
                                              2.053E-38   g*cm^2
              Rotational constant:  B =         0.13633   cm-1
                                    B =      4087.06480   MHz
                                    B =         4.08706   GHz




  ATOMS  27 AND   7 DEFINE INTERNAL ROTATION AXIS

  MOIETY 1 CONTAINS ATOMS:  1  2  3  4  5  6 19 20 21 22 27 28 29 30

  MOIETY 2 CONTAINS ATOMS:  7  8  9 10 11 12 13 14 15 16 17 18 23 24 25 26

  MOMENT OF INERTIA ABOUT BOND FOR MOIETY #1:   254.383   amu*Ang^2
                                              4.224E-38   g*cm^2
              Rotational constant:  B =         0.06627   cm-1
                                    B =      1986.68801   MHz
                                    B =         1.98669   GHz


  MOMENT OF INERTIA ABOUT BOND FOR MOIETY #2:   227.276   amu*Ang^2
                                              3.774E-38   g*cm^2
              Rotational constant:  B =         0.07417   cm-1
                                    B =      2223.63249   MHz
                                    B =         2.22363   GHz


  REDUCED MOMENT OF INERTIA ABOUT 27-- 7 BOND:  120.033   amu*Ang^2
                                              1.993E-38   g*cm^2
              Rotational constant:  B =         0.14044   cm-1
                                    B =      4210.32050   MHz
                                    B =         4.21032   GHz




  ATOMS  13 AND  10 DEFINE INTERNAL ROTATION AXIS

  MOIETY 1 CONTAINS ATOMS: 13 14 15 16 17 18 23 24 25 26

  MOIETY 2 CONTAINS ATOMS:  1  2  3  4  5  6  7  8  9 10 11 12 19 20 21 22 27 28 29 30

  MOMENT OF INERTIA ABOUT BOND FOR MOIETY #1:    73.205   amu*Ang^2
                                              1.216E-38   g*cm^2
              Rotational constant:  B =         0.23028   cm-1
                                    B =      6903.60579   MHz
                                    B =         6.90361   GHz


  MOMENT OF INERTIA ABOUT BOND FOR MOIETY #2:   552.219   amu*Ang^2
                                              9.170E-38   g*cm^2
              Rotational constant:  B =         0.03053   cm-1
                                    B =       915.17886   MHz
                                    B =         0.91518   GHz


  REDUCED MOMENT OF INERTIA ABOUT 13--10 BOND:   64.637   amu*Ang^2
                                              1.073E-38   g*cm^2
              Rotational constant:  B =         0.26081   cm-1
                                    B =      7818.78465   MHz
                                    B =         7.81878   GHz




  ATOMS  15 AND  13 DEFINE INTERNAL ROTATION AXIS

  MOIETY 1 CONTAINS ATOMS: 15 16 17 18

  MOIETY 2 CONTAINS ATOMS:  1  2  3  4  5  6  7  8  9 10 11 12 13 14 19 20 21 22 23 24 25 26 27 28 29 30

  MOMENT OF INERTIA ABOUT BOND FOR MOIETY #1:     3.150   amu*Ang^2
                                              5.230E-40   g*cm^2
              Rotational constant:  B =         5.35201   cm-1
                                    B =    160449.19923   MHz
                                    B =       160.44920   GHz


  MOMENT OF INERTIA ABOUT BOND FOR MOIETY #2:  1448.244   amu*Ang^2
                                              2.405E-37   g*cm^2
              Rotational constant:  B =         0.01164   cm-1
                                    B =       348.95996   MHz
                                    B =         0.34896   GHz


  REDUCED MOMENT OF INERTIA ABOUT 15--13 BOND:    3.143   amu*Ang^2
                                              5.219E-40   g*cm^2
              Rotational constant:  B =         5.36365   cm-1
                                    B =    160798.15919   MHz
                                    B =       160.79816   GHz




  ATOMS  23 AND  13 DEFINE INTERNAL ROTATION AXIS

  MOIETY 1 CONTAINS ATOMS: 23 24 25 26

  MOIETY 2 CONTAINS ATOMS:  1  2  3  4  5  6  7  8  9 10 11 12 13 14 15 16 17 18 19 20 21 22 27 28 29 30

  MOMENT OF INERTIA ABOUT BOND FOR MOIETY #1:     3.142   amu*Ang^2
                                              5.217E-40   g*cm^2
              Rotational constant:  B =         5.36546   cm-1
                                    B =    160852.46939   MHz
                                    B =       160.85247   GHz


  MOMENT OF INERTIA ABOUT BOND FOR MOIETY #2:  2216.505   amu*Ang^2
                                              3.681E-37   g*cm^2
              Rotational constant:  B =         0.00761   cm-1
                                    B =       228.00710   MHz
                                    B =         0.22801   GHz


  REDUCED MOMENT OF INERTIA ABOUT 23--13 BOND:    3.137   amu*Ang^2
                                              5.210E-40   g*cm^2
              Rotational constant:  B =         5.37307   cm-1
                                    B =    161080.47649   MHz
                                    B =       161.08048   GHz




  ATOMS  29 AND  27 DEFINE INTERNAL ROTATION AXIS

  MOIETY 1 CONTAINS ATOMS: 29 30

  MOIETY 2 CONTAINS ATOMS:  1  2  3  4  5  6  7  8  9 10 11 12 13 14 15 16 17 18 19 20 21 22 23 24 25 26 27 28

  MOMENT OF INERTIA ABOUT BOND FOR MOIETY #1:    23.435   amu*Ang^2
                                              3.891E-39   g*cm^2
              Rotational constant:  B =         0.71934   cm-1
                                    B =     21565.13800   MHz
                                    B =        21.56514   GHz


  MOMENT OF INERTIA ABOUT BOND FOR MOIETY #2:  1174.536   amu*Ang^2
                                              1.950E-37   g*cm^2
              Rotational constant:  B =         0.01435   cm-1
                                    B =       430.27954   MHz
                                    B =         0.43028   GHz


  REDUCED MOMENT OF INERTIA ABOUT 29--27 BOND:   22.977   amu*Ang^2
                                              3.815E-39   g*cm^2
              Rotational constant:  B =         0.73369   cm-1
                                    B =     21995.41755   MHz
                                    B =        21.99542   GHz



PRINCIPAL MOMENTS OF INERTIA AND ROTATIONAL CONSTANTS
  Ia =     295.8035   Ib =     986.3995   Ic =    1226.6032   amu*ang^2
  Ia =   4.9119E-38   Ib =   1.6380E-37   Ic =   2.0368E-37   g*cm^2
  Ba =       0.0570   Bb =       0.0171   Bc =       0.0137   cm-1
  Ba =    1708.4954   Bb =     512.3472   Bc =     412.0151   MHz
  Ba =       1.7085   Bb =       0.5123   Bc =       0.4120   GHz

