%%%%%%%%%%%%%%%%%%%%%%%%%%%%%%%%%%%%%%%%%%%%%%%%%%%%%%%%%%%%%%%%%%%%%%%%%%%%%%

                                        John R. Barker
               Mominert-2014            University of Michigan
                                        Ann Arbor, MI 48109-2143
               Jan 2014                 jrbarker@umich.edu
                                        (734) 763 6239

              http://aoss.engin.umich.edu/multiwell/

%%%%%%%%%%%%%%%%%%%%%%%%%%%%%%%%%%%%%%%%%%%%%%%%%%%%%%%%%%%%%%%%%%%%%%%%%%%%%%

        Suggested Literature Citation:

        a) MultiWell-2014   Software, Jan 2014, designed and
           maintained by J.R. Barker with contributors N.F. Ortiz,
           J.M. Preses, L.L. Lohr, A. Maranzana, P.J. Stimac, T. L.
           Nguyen, and T. J. Dhilip Kumar, University of Michigan,
           Ann Arbor, MI; http://aoss.engin.umich.edu/multiwell/

        b) J.R. Barker, Int. J. Chem. Kinetics, 33, 232-45 (2001)



%%%%%%%%%%%%%%%%%%%%%%%%%%%%%%%%%%%%%%%%%%%%%%%%%%%%%%%%%%%%%%%%%%%%%%%%%%%%%%

 C9H18OOH_2_26_d                                                                                     

 NUMBER  TYPE         X           Y           Z
    1     C         3.317786   -0.253495   -0.761874
    2     H         3.144888    0.279670   -1.698008
    3     H         3.629823   -1.272682   -1.003006
    4     H         4.134375    0.235586   -0.223437
    5     C         0.863893   -0.912047   -0.683561
    6     H         0.741122   -0.326373   -1.600980
    7     H         1.191326   -1.914605   -0.982813
    8     C        -0.434943   -0.993331    0.046531
    9     H        -0.648096   -1.888159    0.626479
   10     C        -1.360601    0.168054    0.193975
   11     H        -1.210576    0.870673   -0.635887
   12     H        -1.087400    0.741960    1.095897
   13     C        -2.854556   -0.209942    0.292513
   14     H        -2.955605   -0.944125    1.103939
   15     C        -3.704276    1.013605    0.657670
   16     H        -3.628815    1.784845   -0.116659
   17     H        -4.760687    0.747599    0.758739
   18     H        -3.377294    1.458222    1.602180
   19     C         2.297425   -0.951608    1.441496
   20     H         2.551250   -2.002215    1.280286
   21     H         3.124450   -0.471209    1.968957
   22     H         1.407306   -0.902378    2.070167
   23     C        -3.358616   -0.863171   -1.001171
   24     H        -4.404598   -1.170985   -0.909502
   25     H        -3.290154   -0.160940   -1.839679
   26     H        -2.767087   -1.745711   -1.258795
   27     C         2.050175   -0.266945    0.096142
   28     O         1.709037    1.080436    0.507030
   29     O         1.432554    1.892650   -0.669455
   30     H         2.175320    2.509422   -0.628805



  ATOMS   1 AND  27 DEFINE INTERNAL ROTATION AXIS

  MOIETY 1 CONTAINS ATOMS:  1  2  3  4

  MOIETY 2 CONTAINS ATOMS:  5  6  7  8  9 10 11 12 13 14 15 16 17 18 19 20 21 22 23 24 25 26 27 28 29 30

  MOMENT OF INERTIA ABOUT BOND FOR MOIETY #1:     3.165   amu*Ang^2
                                              5.256E-40   g*cm^2
              Rotational constant:  B =         5.32607   cm-1
                                    B =    159671.58253   MHz
                                    B =       159.67158   GHz


  MOMENT OF INERTIA ABOUT BOND FOR MOIETY #2:   765.513   amu*Ang^2
                                              1.271E-37   g*cm^2
              Rotational constant:  B =         0.02202   cm-1
                                    B =       660.18306   MHz
                                    B =         0.66018   GHz


  REDUCED MOMENT OF INERTIA ABOUT  1--27 BOND:    3.152   amu*Ang^2
                                              5.234E-40   g*cm^2
              Rotational constant:  B =         5.34809   cm-1
                                    B =    160331.76559   MHz
                                    B =       160.33177   GHz




  ATOMS   5 AND   8 DEFINE INTERNAL ROTATION AXIS

  MOIETY 1 CONTAINS ATOMS:  1  2  3  4  5  6  7 19 20 21 22 27 28 29 30

  MOIETY 2 CONTAINS ATOMS:  8  9 10 11 12 13 14 15 16 17 18 23 24 25 26

  MOMENT OF INERTIA ABOUT BOND FOR MOIETY #1:   390.410   amu*Ang^2
                                              6.483E-38   g*cm^2
              Rotational constant:  B =         0.04318   cm-1
                                    B =      1294.48250   MHz
                                    B =         1.29448   GHz


  MOMENT OF INERTIA ABOUT BOND FOR MOIETY #2:   234.796   amu*Ang^2
                                              3.899E-38   g*cm^2
              Rotational constant:  B =         0.07180   cm-1
                                    B =      2152.41356   MHz
                                    B =         2.15241   GHz


  REDUCED MOMENT OF INERTIA ABOUT  5-- 8 BOND:  146.619   amu*Ang^2
                                              2.435E-38   g*cm^2
              Rotational constant:  B =         0.11498   cm-1
                                    B =      3446.89606   MHz
                                    B =         3.44690   GHz




  ATOMS  27 AND   5 DEFINE INTERNAL ROTATION AXIS

  MOIETY 1 CONTAINS ATOMS:  1  2  3  4 19 20 21 22 27 28 29 30

  MOIETY 2 CONTAINS ATOMS:  5  6  7  8  9 10 11 12 13 14 15 16 17 18 23 24 25 26

  MOMENT OF INERTIA ABOUT BOND FOR MOIETY #1:   198.620   amu*Ang^2
                                              3.298E-38   g*cm^2
              Rotational constant:  B =         0.08487   cm-1
                                    B =      2544.45108   MHz
                                    B =         2.54445   GHz


  MOMENT OF INERTIA ABOUT BOND FOR MOIETY #2:   715.530   amu*Ang^2
                                              1.188E-37   g*cm^2
              Rotational constant:  B =         0.02356   cm-1
                                    B =       706.30032   MHz
                                    B =         0.70630   GHz


  REDUCED MOMENT OF INERTIA ABOUT 27-- 5 BOND:  155.465   amu*Ang^2
                                              2.582E-38   g*cm^2
              Rotational constant:  B =         0.10843   cm-1
                                    B =      3250.75140   MHz
                                    B =         3.25075   GHz




  ATOMS  10 AND   8 DEFINE INTERNAL ROTATION AXIS

  MOIETY 1 CONTAINS ATOMS: 10 11 12 13 14 15 16 17 18 23 24 25 26

  MOIETY 2 CONTAINS ATOMS:  1  2  3  4  5  6  7  8  9 19 20 21 22 27 28 29 30

  MOMENT OF INERTIA ABOUT BOND FOR MOIETY #1:   163.226   amu*Ang^2
                                              2.710E-38   g*cm^2
              Rotational constant:  B =         0.10328   cm-1
                                    B =      3096.19318   MHz
                                    B =         3.09619   GHz


  MOMENT OF INERTIA ABOUT BOND FOR MOIETY #2:   736.779   amu*Ang^2
                                              1.223E-37   g*cm^2
              Rotational constant:  B =         0.02288   cm-1
                                    B =       685.93048   MHz
                                    B =         0.68593   GHz


  REDUCED MOMENT OF INERTIA ABOUT 10-- 8 BOND:  133.623   amu*Ang^2
                                              2.219E-38   g*cm^2
              Rotational constant:  B =         0.12616   cm-1
                                    B =      3782.12366   MHz
                                    B =         3.78212   GHz




  ATOMS  13 AND  10 DEFINE INTERNAL ROTATION AXIS

  MOIETY 1 CONTAINS ATOMS: 13 14 15 16 17 18 23 24 25 26

  MOIETY 2 CONTAINS ATOMS:  1  2  3  4  5  6  7  8  9 10 11 12 19 20 21 22 27 28 29 30

  MOMENT OF INERTIA ABOUT BOND FOR MOIETY #1:    73.341   amu*Ang^2
                                              1.218E-38   g*cm^2
              Rotational constant:  B =         0.22985   cm-1
                                    B =      6890.85482   MHz
                                    B =         6.89085   GHz


  MOMENT OF INERTIA ABOUT BOND FOR MOIETY #2:   272.672   amu*Ang^2
                                              4.528E-38   g*cm^2
              Rotational constant:  B =         0.06182   cm-1
                                    B =      1853.43179   MHz
                                    B =         1.85343   GHz


  REDUCED MOMENT OF INERTIA ABOUT 13--10 BOND:   57.795   amu*Ang^2
                                              9.597E-39   g*cm^2
              Rotational constant:  B =         0.29168   cm-1
                                    B =      8744.28662   MHz
                                    B =         8.74429   GHz




  ATOMS  15 AND  13 DEFINE INTERNAL ROTATION AXIS

  MOIETY 1 CONTAINS ATOMS: 15 16 17 18

  MOIETY 2 CONTAINS ATOMS:  1  2  3  4  5  6  7  8  9 10 11 12 13 14 19 20 21 22 23 24 25 26 27 28 29 30

  MOMENT OF INERTIA ABOUT BOND FOR MOIETY #1:     3.151   amu*Ang^2
                                              5.232E-40   g*cm^2
              Rotational constant:  B =         5.35033   cm-1
                                    B =    160398.83771   MHz
                                    B =       160.39884   GHz


  MOMENT OF INERTIA ABOUT BOND FOR MOIETY #2:  1799.771   amu*Ang^2
                                              2.989E-37   g*cm^2
              Rotational constant:  B =         0.00937   cm-1
                                    B =       280.80184   MHz
                                    B =         0.28080   GHz


  REDUCED MOMENT OF INERTIA ABOUT 15--13 BOND:    3.145   amu*Ang^2
                                              5.223E-40   g*cm^2
              Rotational constant:  B =         5.35970   cm-1
                                    B =    160679.63955   MHz
                                    B =       160.67964   GHz




  ATOMS  23 AND  13 DEFINE INTERNAL ROTATION AXIS

  MOIETY 1 CONTAINS ATOMS: 23 24 25 26

  MOIETY 2 CONTAINS ATOMS:  1  2  3  4  5  6  7  8  9 10 11 12 13 14 15 16 17 18 19 20 21 22 27 28 29 30

  MOMENT OF INERTIA ABOUT BOND FOR MOIETY #1:     3.153   amu*Ang^2
                                              5.235E-40   g*cm^2
              Rotational constant:  B =         5.34700   cm-1
                                    B =    160299.09301   MHz
                                    B =       160.29909   GHz


  MOMENT OF INERTIA ABOUT BOND FOR MOIETY #2:  2229.831   amu*Ang^2
                                              3.703E-37   g*cm^2
              Rotational constant:  B =         0.00756   cm-1
                                    B =       226.64453   MHz
                                    B =         0.22664   GHz


  REDUCED MOMENT OF INERTIA ABOUT 23--13 BOND:    3.148   amu*Ang^2
                                              5.228E-40   g*cm^2
              Rotational constant:  B =         5.35456   cm-1
                                    B =    160525.73754   MHz
                                    B =       160.52574   GHz




  ATOMS  19 AND  27 DEFINE INTERNAL ROTATION AXIS

  MOIETY 1 CONTAINS ATOMS: 19 20 21 22

  MOIETY 2 CONTAINS ATOMS:  1  2  3  4  5  6  7  8  9 10 11 12 13 14 15 16 17 18 23 24 25 26 27 28 29 30

  MOMENT OF INERTIA ABOUT BOND FOR MOIETY #1:     3.169   amu*Ang^2
                                              5.263E-40   g*cm^2
              Rotational constant:  B =         5.31880   cm-1
                                    B =    159453.73550   MHz
                                    B =       159.45374   GHz


  MOMENT OF INERTIA ABOUT BOND FOR MOIETY #2:  1662.646   amu*Ang^2
                                              2.761E-37   g*cm^2
              Rotational constant:  B =         0.01014   cm-1
                                    B =       303.96071   MHz
                                    B =         0.30396   GHz


  REDUCED MOMENT OF INERTIA ABOUT 19--27 BOND:    3.163   amu*Ang^2
                                              5.253E-40   g*cm^2
              Rotational constant:  B =         5.32894   cm-1
                                    B =    159757.69621   MHz
                                    B =       159.75770   GHz




  ATOMS  28 AND  27 DEFINE INTERNAL ROTATION AXIS

  MOIETY 1 CONTAINS ATOMS: 28 29 30

  MOIETY 2 CONTAINS ATOMS:  1  2  3  4  5  6  7  8  9 10 11 12 13 14 15 16 17 18 19 20 21 22 23 24 25 26 27

  MOMENT OF INERTIA ABOUT BOND FOR MOIETY #1:    32.902   amu*Ang^2
                                              5.463E-39   g*cm^2
              Rotational constant:  B =         0.51237   cm-1
                                    B =     15360.36059   MHz
                                    B =        15.36036   GHz


  MOMENT OF INERTIA ABOUT BOND FOR MOIETY #2:  1531.288   amu*Ang^2
                                              2.543E-37   g*cm^2
              Rotational constant:  B =         0.01101   cm-1
                                    B =       330.03521   MHz
                                    B =         0.33004   GHz


  REDUCED MOMENT OF INERTIA ABOUT 28--27 BOND:   32.209   amu*Ang^2
                                              5.349E-39   g*cm^2
              Rotational constant:  B =         0.52338   cm-1
                                    B =     15690.39579   MHz
                                    B =        15.69040   GHz




  ATOMS  29 AND  28 DEFINE INTERNAL ROTATION AXIS

  MOIETY 1 CONTAINS ATOMS: 29 30

  MOIETY 2 CONTAINS ATOMS:  1  2  3  4  5  6  7  8  9 10 11 12 13 14 15 16 17 18 19 20 21 22 23 24 25 26 27 28

  MOMENT OF INERTIA ABOUT BOND FOR MOIETY #1:     0.912   amu*Ang^2
                                              1.514E-40   g*cm^2
              Rotational constant:  B =        18.48439   cm-1
                                    B =    554148.01359   MHz
                                    B =       554.14801   GHz


  MOMENT OF INERTIA ABOUT BOND FOR MOIETY #2:  1695.525   amu*Ang^2
                                              2.815E-37   g*cm^2
              Rotational constant:  B =         0.00994   cm-1
                                    B =       298.06633   MHz
                                    B =         0.29807   GHz


  REDUCED MOMENT OF INERTIA ABOUT 29--28 BOND:    0.912   amu*Ang^2
                                              1.514E-40   g*cm^2
              Rotational constant:  B =        18.49433   cm-1
                                    B =    554446.07992   MHz
                                    B =       554.44608   GHz



PRINCIPAL MOMENTS OF INERTIA AND ROTATIONAL CONSTANTS
  Ia =     263.2196   Ib =    1018.2681   Ic =    1086.0031   amu*ang^2
  Ia =   4.3709E-38   Ib =   1.6909E-37   Ic =   1.8034E-37   g*cm^2
  Ba =       0.0640   Bb =       0.0166   Bc =       0.0155   cm-1
  Ba =    1919.9898   Bb =     496.3123   Bc =     465.3569   MHz
  Ba =       1.9200   Bb =       0.4963   Bc =       0.4654   GHz

