%%%%%%%%%%%%%%%%%%%%%%%%%%%%%%%%%%%%%%%%%%%%%%%%%%%%%%%%%%%%%%%%%%%%%%%%%%%%%%

                                        John R. Barker
               Mominert-2014            University of Michigan
                                        Ann Arbor, MI 48109-2143
               Jan 2014                 jrbarker@umich.edu
                                        (734) 763 6239

              http://aoss.engin.umich.edu/multiwell/

%%%%%%%%%%%%%%%%%%%%%%%%%%%%%%%%%%%%%%%%%%%%%%%%%%%%%%%%%%%%%%%%%%%%%%%%%%%%%%

        Suggested Literature Citation:

        a) MultiWell-2014   Software, Jan 2014, designed and
           maintained by J.R. Barker with contributors N.F. Ortiz,
           J.M. Preses, L.L. Lohr, A. Maranzana, P.J. Stimac, T. L.
           Nguyen, and T. J. Dhilip Kumar, University of Michigan,
           Ann Arbor, MI; http://aoss.engin.umich.edu/multiwell/

        b) J.R. Barker, Int. J. Chem. Kinetics, 33, 232-45 (2001)



%%%%%%%%%%%%%%%%%%%%%%%%%%%%%%%%%%%%%%%%%%%%%%%%%%%%%%%%%%%%%%%%%%%%%%%%%%%%%%

 C9H18_1_26                                                                                          

 NUMBER  TYPE         X           Y           Z
    1     C         3.893390   -0.759544    0.263655
    2     H         3.927923   -1.636419   -0.393324
    3     H         3.862771   -1.139442    1.291418
    4     H         4.821874   -0.200507    0.134307
    5     C         2.682958    0.090938   -0.034205
    6     C         1.356967   -0.620858    0.130900
    7     H         1.369876   -1.514421   -0.509846
    8     H         1.309627   -1.014306    1.156627
    9     C         0.087940    0.185331   -0.155958
   10     H         0.114315    0.552080   -1.189011
   11     H         0.072762    1.070425    0.487672
   12     C        -1.189710   -0.637656    0.053245
   13     H        -1.244697   -0.968128    1.099721
   14     H        -1.121104   -1.552236   -0.549327
   15     C        -2.502037    0.083725   -0.308852
   16     H        -2.409724    0.437060   -1.345234
   17     C        -3.686132   -0.891472   -0.251532
   18     H        -3.822233   -1.280639    0.763535
   19     H        -4.618798   -0.401334   -0.545833
   20     H        -3.532069   -1.745748   -0.917339
   21     C        -2.767657    1.305463    0.582900
   22     H        -3.710292    1.789301    0.311068
   23     H        -2.838797    1.009366    1.635663
   24     H        -1.977684    2.055536    0.500320
   25     C         2.802914    1.364403   -0.411190
   26     H         1.946062    1.989548   -0.630344
   27     H         3.778391    1.827881   -0.513848



  ATOMS   1 AND   5 DEFINE INTERNAL ROTATION AXIS

  MOIETY 1 CONTAINS ATOMS:  1  2  3  4

  MOIETY 2 CONTAINS ATOMS:  5  6  7  8  9 10 11 12 13 14 15 16 17 18 19 20 21 22 23 24 25 26 27

  MOMENT OF INERTIA ABOUT BOND FOR MOIETY #1:     3.148   amu*Ang^2
                                              5.228E-40   g*cm^2
              Rotational constant:  B =         5.35461   cm-1
                                    B =    160527.13900   MHz
                                    B =       160.52714   GHz


  MOMENT OF INERTIA ABOUT BOND FOR MOIETY #2:   755.834   amu*Ang^2
                                              1.255E-37   g*cm^2
              Rotational constant:  B =         0.02230   cm-1
                                    B =       668.63786   MHz
                                    B =         0.66864   GHz


  REDUCED MOMENT OF INERTIA ABOUT  1-- 5 BOND:    3.135   amu*Ang^2
                                              5.206E-40   g*cm^2
              Rotational constant:  B =         5.37691   cm-1
                                    B =    161195.77685   MHz
                                    B =       161.19578   GHz




  ATOMS   5 AND   6 DEFINE INTERNAL ROTATION AXIS

  MOIETY 1 CONTAINS ATOMS:  1  2  3  4  5 25 26 27

  MOIETY 2 CONTAINS ATOMS:  6  7  8  9 10 11 12 13 14 15 16 17 18 19 20 21 22 23 24

  MOMENT OF INERTIA ABOUT BOND FOR MOIETY #1:    53.817   amu*Ang^2
                                              8.937E-39   g*cm^2
              Rotational constant:  B =         0.31324   cm-1
                                    B =      9390.71602   MHz
                                    B =         9.39072   GHz


  MOMENT OF INERTIA ABOUT BOND FOR MOIETY #2:   436.501   amu*Ang^2
                                              7.248E-38   g*cm^2
              Rotational constant:  B =         0.03862   cm-1
                                    B =      1157.79638   MHz
                                    B =         1.15780   GHz


  REDUCED MOMENT OF INERTIA ABOUT  5-- 6 BOND:   47.910   amu*Ang^2
                                              7.956E-39   g*cm^2
              Rotational constant:  B =         0.35186   cm-1
                                    B =     10548.51240   MHz
                                    B =        10.54851   GHz




  ATOMS   6 AND   9 DEFINE INTERNAL ROTATION AXIS

  MOIETY 1 CONTAINS ATOMS:  1  2  3  4  5  6  7  8 25 26 27

  MOIETY 2 CONTAINS ATOMS:  9 10 11 12 13 14 15 16 17 18 19 20 21 22 23 24

  MOMENT OF INERTIA ABOUT BOND FOR MOIETY #1:   145.987   amu*Ang^2
                                              2.424E-38   g*cm^2
              Rotational constant:  B =         0.11547   cm-1
                                    B =      3461.79894   MHz
                                    B =         3.46180   GHz


  MOMENT OF INERTIA ABOUT BOND FOR MOIETY #2:   238.637   amu*Ang^2
                                              3.963E-38   g*cm^2
              Rotational constant:  B =         0.07064   cm-1
                                    B =      2117.77347   MHz
                                    B =         2.11777   GHz


  REDUCED MOMENT OF INERTIA ABOUT  6-- 9 BOND:   90.577   amu*Ang^2
                                              1.504E-38   g*cm^2
              Rotational constant:  B =         0.18611   cm-1
                                    B =      5579.57241   MHz
                                    B =         5.57957   GHz




  ATOMS  12 AND   9 DEFINE INTERNAL ROTATION AXIS

  MOIETY 1 CONTAINS ATOMS: 12 13 14 15 16 17 18 19 20 21 22 23 24

  MOIETY 2 CONTAINS ATOMS:  1  2  3  4  5  6  7  8  9 10 11 25 26 27

  MOMENT OF INERTIA ABOUT BOND FOR MOIETY #1:   162.056   amu*Ang^2
                                              2.691E-38   g*cm^2
              Rotational constant:  B =         0.10402   cm-1
                                    B =      3118.54638   MHz
                                    B =         3.11855   GHz


  MOMENT OF INERTIA ABOUT BOND FOR MOIETY #2:   208.351   amu*Ang^2
                                              3.460E-38   g*cm^2
              Rotational constant:  B =         0.08091   cm-1
                                    B =      2425.61000   MHz
                                    B =         2.42561   GHz


  REDUCED MOMENT OF INERTIA ABOUT 12-- 9 BOND:   91.155   amu*Ang^2
                                              1.514E-38   g*cm^2
              Rotational constant:  B =         0.18493   cm-1
                                    B =      5544.15638   MHz
                                    B =         5.54416   GHz




  ATOMS  15 AND  12 DEFINE INTERNAL ROTATION AXIS

  MOIETY 1 CONTAINS ATOMS: 15 16 17 18 19 20 21 22 23 24

  MOIETY 2 CONTAINS ATOMS:  1  2  3  4  5  6  7  8  9 10 11 12 13 14 25 26 27

  MOMENT OF INERTIA ABOUT BOND FOR MOIETY #1:    73.175   amu*Ang^2
                                              1.215E-38   g*cm^2
              Rotational constant:  B =         0.23037   cm-1
                                    B =      6906.42832   MHz
                                    B =         6.90643   GHz


  MOMENT OF INERTIA ABOUT BOND FOR MOIETY #2:   450.907   amu*Ang^2
                                              7.487E-38   g*cm^2
              Rotational constant:  B =         0.03739   cm-1
                                    B =      1120.80555   MHz
                                    B =         1.12081   GHz


  REDUCED MOMENT OF INERTIA ABOUT 15--12 BOND:   62.958   amu*Ang^2
                                              1.045E-38   g*cm^2
              Rotational constant:  B =         0.26776   cm-1
                                    B =      8027.23386   MHz
                                    B =         8.02723   GHz




  ATOMS  17 AND  15 DEFINE INTERNAL ROTATION AXIS

  MOIETY 1 CONTAINS ATOMS: 17 18 19 20

  MOIETY 2 CONTAINS ATOMS:  1  2  3  4  5  6  7  8  9 10 11 12 13 14 15 16 21 22 23 24 25 26 27

  MOMENT OF INERTIA ABOUT BOND FOR MOIETY #1:     3.150   amu*Ang^2
                                              5.230E-40   g*cm^2
              Rotational constant:  B =         5.35228   cm-1
                                    B =    160457.16755   MHz
                                    B =       160.45717   GHz


  MOMENT OF INERTIA ABOUT BOND FOR MOIETY #2:   809.722   amu*Ang^2
                                              1.345E-37   g*cm^2
              Rotational constant:  B =         0.02082   cm-1
                                    B =       624.13925   MHz
                                    B =         0.62414   GHz


  REDUCED MOMENT OF INERTIA ABOUT 17--15 BOND:    3.137   amu*Ang^2
                                              5.210E-40   g*cm^2
              Rotational constant:  B =         5.37309   cm-1
                                    B =    161081.30680   MHz
                                    B =       161.08131   GHz




  ATOMS  21 AND  15 DEFINE INTERNAL ROTATION AXIS

  MOIETY 1 CONTAINS ATOMS: 21 22 23 24

  MOIETY 2 CONTAINS ATOMS:  1  2  3  4  5  6  7  8  9 10 11 12 13 14 15 16 17 18 19 20 25 26 27

  MOMENT OF INERTIA ABOUT BOND FOR MOIETY #1:     3.143   amu*Ang^2
                                              5.219E-40   g*cm^2
              Rotational constant:  B =         5.36318   cm-1
                                    B =    160784.15616   MHz
                                    B =       160.78416   GHz


  MOMENT OF INERTIA ABOUT BOND FOR MOIETY #2:  1725.178   amu*Ang^2
                                              2.865E-37   g*cm^2
              Rotational constant:  B =         0.00977   cm-1
                                    B =       292.94304   MHz
                                    B =         0.29294   GHz


  REDUCED MOMENT OF INERTIA ABOUT 21--15 BOND:    3.137   amu*Ang^2
                                              5.210E-40   g*cm^2
              Rotational constant:  B =         5.37295   cm-1
                                    B =    161077.09920   MHz
                                    B =       161.07710   GHz



PRINCIPAL MOMENTS OF INERTIA AND ROTATIONAL CONSTANTS
  Ia =     125.9003   Ib =     914.9904   Ic =     994.2529   amu*ang^2
  Ia =   2.0906E-38   Ib =   1.5194E-37   Ic =   1.6510E-37   g*cm^2
  Ba =       0.1339   Bb =       0.0184   Bc =       0.0170   cm-1
  Ba =    4014.1195   Bb =     552.3326   Bc =     508.3003   MHz
  Ba =       4.0141   Bb =       0.5523   Bc =       0.5083   GHz

