%%%%%%%%%%%%%%%%%%%%%%%%%%%%%%%%%%%%%%%%%%%%%%%%%%%%%%%%%%%%%%%%%%%%%%%%%%%%%%

                                        John R. Barker
               Mominert-2014            University of Michigan
                                        Ann Arbor, MI 48109-2143
               Jan 2014                 jrbarker@umich.edu
                                        (734) 763 6239

              http://aoss.engin.umich.edu/multiwell/

%%%%%%%%%%%%%%%%%%%%%%%%%%%%%%%%%%%%%%%%%%%%%%%%%%%%%%%%%%%%%%%%%%%%%%%%%%%%%%

        Suggested Literature Citation:

        a) MultiWell-2014   Software, Jan 2014, designed and
           maintained by J.R. Barker with contributors N.F. Ortiz,
           J.M. Preses, L.L. Lohr, A. Maranzana, P.J. Stimac, T. L.
           Nguyen, and T. J. Dhilip Kumar, University of Michigan,
           Ann Arbor, MI; http://aoss.engin.umich.edu/multiwell/

        b) J.R. Barker, Int. J. Chem. Kinetics, 33, 232-45 (2001)



%%%%%%%%%%%%%%%%%%%%%%%%%%%%%%%%%%%%%%%%%%%%%%%%%%%%%%%%%%%%%%%%%%%%%%%%%%%%%%

 C9H18OOH_3_26_d                                                                                     

 NUMBER  TYPE         X           Y           Z
    1     C         3.522938    0.359961   -0.125093
    2     H         3.738439   -0.538886   -0.708383
    3     H         3.686622    0.138264    0.933780
    4     H         4.251153    1.119196   -0.423888
    5     C         2.096194    0.861986   -0.381511
    6     H         1.979364    0.992456   -1.465182
    7     C        -0.345971    0.185024   -0.452319
    8     H        -0.423684    0.816203   -1.334052
    9     C        -1.551877   -0.564516    0.001786
   10     H        -1.485635   -0.755532    1.082983
   11     H        -1.537434   -1.565112   -0.459999
   12     C        -2.897593    0.113457   -0.322329
   13     H        -2.904194    0.330823   -1.399221
   14     C        -4.068413   -0.832685   -0.027668
   15     H        -4.100506   -1.094435    1.035607
   16     H        -5.025505   -0.369066   -0.283440
   17     H        -3.982726   -1.762838   -0.596710
   18     C         1.868580    2.221193    0.297410
   19     H         1.991694    2.136966    1.382531
   20     H         2.589080    2.960725   -0.062510
   21     H         0.865348    2.608857    0.105375
   22     C        -3.061525    1.440604    0.430545
   23     H        -4.000524    1.933486    0.162404
   24     H        -3.071264    1.272329    1.513176
   25     H        -2.244328    2.132572    0.210141
   26     C         1.012955   -0.138422    0.067806
   27     H         0.997583   -0.207013    1.163240
   28     O         1.287102   -1.497641   -0.399279
   29     O         2.004885   -2.221989    0.643799
   30     H         2.888894   -2.271564    0.256217



  ATOMS   1 AND   5 DEFINE INTERNAL ROTATION AXIS

  MOIETY 1 CONTAINS ATOMS:  1  2  3  4

  MOIETY 2 CONTAINS ATOMS:  5  6  7  8  9 10 11 12 13 14 15 16 17 18 19 20 21 22 23 24 25 26 27 28 29 30

  MOMENT OF INERTIA ABOUT BOND FOR MOIETY #1:     3.150   amu*Ang^2
                                              5.231E-40   g*cm^2
              Rotational constant:  B =         5.35172   cm-1
                                    B =    160440.45717   MHz
                                    B =       160.44046   GHz


  MOMENT OF INERTIA ABOUT BOND FOR MOIETY #2:   837.418   amu*Ang^2
                                              1.391E-37   g*cm^2
              Rotational constant:  B =         0.02013   cm-1
                                    B =       603.49652   MHz
                                    B =         0.60350   GHz


  REDUCED MOMENT OF INERTIA ABOUT  1-- 5 BOND:    3.138   amu*Ang^2
                                              5.211E-40   g*cm^2
              Rotational constant:  B =         5.37185   cm-1
                                    B =    161043.95370   MHz
                                    B =       161.04395   GHz




  ATOMS  18 AND   5 DEFINE INTERNAL ROTATION AXIS

  MOIETY 1 CONTAINS ATOMS: 18 19 20 21

  MOIETY 2 CONTAINS ATOMS:  1  2  3  4  5  6  7  8  9 10 11 12 13 14 15 16 17 22 23 24 25 26 27 28 29 30

  MOMENT OF INERTIA ABOUT BOND FOR MOIETY #1:     3.148   amu*Ang^2
                                              5.227E-40   g*cm^2
              Rotational constant:  B =         5.35541   cm-1
                                    B =    160551.20449   MHz
                                    B =       160.55120   GHz


  MOMENT OF INERTIA ABOUT BOND FOR MOIETY #2:  1835.630   amu*Ang^2
                                              3.048E-37   g*cm^2
              Rotational constant:  B =         0.00918   cm-1
                                    B =       275.31637   MHz
                                    B =         0.27532   GHz


  REDUCED MOMENT OF INERTIA ABOUT 18-- 5 BOND:    3.142   amu*Ang^2
                                              5.218E-40   g*cm^2
              Rotational constant:  B =         5.36460   cm-1
                                    B =    160826.52086   MHz
                                    B =       160.82652   GHz




  ATOMS   5 AND  26 DEFINE INTERNAL ROTATION AXIS

  MOIETY 1 CONTAINS ATOMS:  1  2  3  4  5  6 18 19 20 21

  MOIETY 2 CONTAINS ATOMS:  7  8  9 10 11 12 13 14 15 16 17 22 23 24 25 26 27 28 29 30

  MOMENT OF INERTIA ABOUT BOND FOR MOIETY #1:    73.078   amu*Ang^2
                                              1.213E-38   g*cm^2
              Rotational constant:  B =         0.23068   cm-1
                                    B =      6915.59368   MHz
                                    B =         6.91559   GHz


  MOMENT OF INERTIA ABOUT BOND FOR MOIETY #2:   706.955   amu*Ang^2
                                              1.174E-37   g*cm^2
              Rotational constant:  B =         0.02385   cm-1
                                    B =       714.86731   MHz
                                    B =         0.71487   GHz


  REDUCED MOMENT OF INERTIA ABOUT  5--26 BOND:   66.232   amu*Ang^2
                                              1.100E-38   g*cm^2
              Rotational constant:  B =         0.25452   cm-1
                                    B =      7630.46099   MHz
                                    B =         7.63046   GHz




  ATOMS   9 AND   7 DEFINE INTERNAL ROTATION AXIS

  MOIETY 1 CONTAINS ATOMS:  9 10 11 12 13 14 15 16 17 22 23 24 25

  MOIETY 2 CONTAINS ATOMS:  1  2  3  4  5  6  7  8 18 19 20 21 26 27 28 29 30

  MOMENT OF INERTIA ABOUT BOND FOR MOIETY #1:   162.249   amu*Ang^2
                                              2.694E-38   g*cm^2
              Rotational constant:  B =         0.10390   cm-1
                                    B =      3114.84194   MHz
                                    B =         3.11484   GHz


  MOMENT OF INERTIA ABOUT BOND FOR MOIETY #2:   474.760   amu*Ang^2
                                              7.884E-38   g*cm^2
              Rotational constant:  B =         0.03551   cm-1
                                    B =      1064.49304   MHz
                                    B =         1.06449   GHz


  REDUCED MOMENT OF INERTIA ABOUT  9-- 7 BOND:  120.923   amu*Ang^2
                                              2.008E-38   g*cm^2
              Rotational constant:  B =         0.13941   cm-1
                                    B =      4179.33498   MHz
                                    B =         4.17933   GHz




  ATOMS   7 AND  26 DEFINE INTERNAL ROTATION AXIS

  MOIETY 1 CONTAINS ATOMS:  7  8  9 10 11 12 13 14 15 16 17 22 23 24 25

  MOIETY 2 CONTAINS ATOMS:  1  2  3  4  5  6 18 19 20 21 26 27 28 29 30

  MOMENT OF INERTIA ABOUT BOND FOR MOIETY #1:   204.708   amu*Ang^2
                                              3.399E-38   g*cm^2
              Rotational constant:  B =         0.08235   cm-1
                                    B =      2468.78198   MHz
                                    B =         2.46878   GHz


  MOMENT OF INERTIA ABOUT BOND FOR MOIETY #2:   252.501   amu*Ang^2
                                              4.193E-38   g*cm^2
              Rotational constant:  B =         0.06676   cm-1
                                    B =      2001.49304   MHz
                                    B =         2.00149   GHz


  REDUCED MOMENT OF INERTIA ABOUT  7--26 BOND:  113.053   amu*Ang^2
                                              1.877E-38   g*cm^2
              Rotational constant:  B =         0.14911   cm-1
                                    B =      4470.27502   MHz
                                    B =         4.47028   GHz




  ATOMS  12 AND   9 DEFINE INTERNAL ROTATION AXIS

  MOIETY 1 CONTAINS ATOMS: 12 13 14 15 16 17 22 23 24 25

  MOIETY 2 CONTAINS ATOMS:  1  2  3  4  5  6  7  8  9 10 11 18 19 20 21 26 27 28 29 30

  MOMENT OF INERTIA ABOUT BOND FOR MOIETY #1:    73.329   amu*Ang^2
                                              1.218E-38   g*cm^2
              Rotational constant:  B =         0.22989   cm-1
                                    B =      6891.92060   MHz
                                    B =         6.89192   GHz


  MOMENT OF INERTIA ABOUT BOND FOR MOIETY #2:   625.546   amu*Ang^2
                                              1.039E-37   g*cm^2
              Rotational constant:  B =         0.02695   cm-1
                                    B =       807.90044   MHz
                                    B =         0.80790   GHz


  REDUCED MOMENT OF INERTIA ABOUT 12-- 9 BOND:   65.635   amu*Ang^2
                                              1.090E-38   g*cm^2
              Rotational constant:  B =         0.25684   cm-1
                                    B =      7699.82104   MHz
                                    B =         7.69982   GHz




  ATOMS  14 AND  12 DEFINE INTERNAL ROTATION AXIS

  MOIETY 1 CONTAINS ATOMS: 14 15 16 17

  MOIETY 2 CONTAINS ATOMS:  1  2  3  4  5  6  7  8  9 10 11 12 13 18 19 20 21 22 23 24 25 26 27 28 29 30

  MOMENT OF INERTIA ABOUT BOND FOR MOIETY #1:     3.150   amu*Ang^2
                                              5.230E-40   g*cm^2
              Rotational constant:  B =         5.35201   cm-1
                                    B =    160449.11806   MHz
                                    B =       160.44912   GHz


  MOMENT OF INERTIA ABOUT BOND FOR MOIETY #2:  1311.219   amu*Ang^2
                                              2.177E-37   g*cm^2
              Rotational constant:  B =         0.01286   cm-1
                                    B =       385.42686   MHz
                                    B =         0.38543   GHz


  REDUCED MOMENT OF INERTIA ABOUT 14--12 BOND:    3.142   amu*Ang^2
                                              5.218E-40   g*cm^2
              Rotational constant:  B =         5.36486   cm-1
                                    B =    160834.54492   MHz
                                    B =       160.83454   GHz




  ATOMS  22 AND  12 DEFINE INTERNAL ROTATION AXIS

  MOIETY 1 CONTAINS ATOMS: 22 23 24 25

  MOIETY 2 CONTAINS ATOMS:  1  2  3  4  5  6  7  8  9 10 11 12 13 14 15 16 17 18 19 20 21 26 27 28 29 30

  MOMENT OF INERTIA ABOUT BOND FOR MOIETY #1:     3.149   amu*Ang^2
                                              5.229E-40   g*cm^2
              Rotational constant:  B =         5.35311   cm-1
                                    B =    160482.06471   MHz
                                    B =       160.48206   GHz


  MOMENT OF INERTIA ABOUT BOND FOR MOIETY #2:  2418.022   amu*Ang^2
                                              4.015E-37   g*cm^2
              Rotational constant:  B =         0.00697   cm-1
                                    B =       209.00514   MHz
                                    B =         0.20901   GHz


  REDUCED MOMENT OF INERTIA ABOUT 22--12 BOND:    3.145   amu*Ang^2
                                              5.222E-40   g*cm^2
              Rotational constant:  B =         5.36008   cm-1
                                    B =    160691.06986   MHz
                                    B =       160.69107   GHz




  ATOMS  28 AND  26 DEFINE INTERNAL ROTATION AXIS

  MOIETY 1 CONTAINS ATOMS: 28 29 30

  MOIETY 2 CONTAINS ATOMS:  1  2  3  4  5  6  7  8  9 10 11 12 13 14 15 16 17 18 19 20 21 22 23 24 25 26 27

  MOMENT OF INERTIA ABOUT BOND FOR MOIETY #1:    33.406   amu*Ang^2
                                              5.547E-39   g*cm^2
              Rotational constant:  B =         0.50462   cm-1
                                    B =     15128.24945   MHz
                                    B =        15.12825   GHz


  MOMENT OF INERTIA ABOUT BOND FOR MOIETY #2:  1105.267   amu*Ang^2
                                              1.835E-37   g*cm^2
              Rotational constant:  B =         0.01525   cm-1
                                    B =       457.24606   MHz
                                    B =         0.45725   GHz


  REDUCED MOMENT OF INERTIA ABOUT 28--26 BOND:   32.426   amu*Ang^2
                                              5.385E-39   g*cm^2
              Rotational constant:  B =         0.51988   cm-1
                                    B =     15585.49551   MHz
                                    B =        15.58550   GHz




  ATOMS  29 AND  28 DEFINE INTERNAL ROTATION AXIS

  MOIETY 1 CONTAINS ATOMS: 29 30

  MOIETY 2 CONTAINS ATOMS:  1  2  3  4  5  6  7  8  9 10 11 12 13 14 15 16 17 18 19 20 21 22 23 24 25 26 27 28

  MOMENT OF INERTIA ABOUT BOND FOR MOIETY #1:     0.908   amu*Ang^2
                                              1.508E-40   g*cm^2
              Rotational constant:  B =        18.56544   cm-1
                                    B =    556577.92260   MHz
                                    B =       556.57792   GHz


  MOMENT OF INERTIA ABOUT BOND FOR MOIETY #2:  1370.542   amu*Ang^2
                                              2.276E-37   g*cm^2
              Rotational constant:  B =         0.01230   cm-1
                                    B =       368.74387   MHz
                                    B =         0.36874   GHz


  REDUCED MOMENT OF INERTIA ABOUT 29--28 BOND:    0.907   amu*Ang^2
                                              1.507E-40   g*cm^2
              Rotational constant:  B =        18.57774   cm-1
                                    B =    556946.66647   MHz
                                    B =       556.94667   GHz



PRINCIPAL MOMENTS OF INERTIA AND ROTATIONAL CONSTANTS
  Ia =     302.6576   Ib =     997.0885   Ic =    1231.1175   amu*ang^2
  Ia =   5.0257E-38   Ib =   1.6557E-37   Ic =   2.0443E-37   g*cm^2
  Ba =       0.0557   Bb =       0.0169   Bc =       0.0137   cm-1
  Ba =    1669.8046   Bb =     506.8547   Bc =     410.5043   MHz
  Ba =       1.6698   Bb =       0.5069   Bc =       0.4105   GHz

