%%%%%%%%%%%%%%%%%%%%%%%%%%%%%%%%%%%%%%%%%%%%%%%%%%%%%%%%%%%%%%%%%%%%%%%%%%%%%%

                                        John R. Barker
               Mominert-2014            University of Michigan
                                        Ann Arbor, MI 48109-2143
               Jan 2014                 jrbarker@umich.edu
                                        (734) 763 6239

              http://aoss.engin.umich.edu/multiwell/

%%%%%%%%%%%%%%%%%%%%%%%%%%%%%%%%%%%%%%%%%%%%%%%%%%%%%%%%%%%%%%%%%%%%%%%%%%%%%%

        Suggested Literature Citation:

        a) MultiWell-2014   Software, Jan 2014, designed and
           maintained by J.R. Barker with contributors N.F. Ortiz,
           J.M. Preses, L.L. Lohr, A. Maranzana, P.J. Stimac, T. L.
           Nguyen, and T. J. Dhilip Kumar, University of Michigan,
           Ann Arbor, MI; http://aoss.engin.umich.edu/multiwell/

        b) J.R. Barker, Int. J. Chem. Kinetics, 33, 232-45 (2001)



%%%%%%%%%%%%%%%%%%%%%%%%%%%%%%%%%%%%%%%%%%%%%%%%%%%%%%%%%%%%%%%%%%%%%%%%%%%%%%

 C9H18OOH_2_26_f                                                                                     

 NUMBER  TYPE         X           Y           Z
    1     C        -3.281376   -0.520798    0.887777
    2     H        -3.247738    0.254559    1.654955
    3     H        -3.277538   -1.492878    1.387485
    4     H        -4.217359   -0.425911    0.330459
    5     C        -0.758365   -0.480043    0.726394
    6     H        -0.797196    0.272123    1.519986
    7     H        -0.724030   -1.457009    1.224020
    8     C         0.516140   -0.266400   -0.097023
    9     H         0.430208    0.673659   -0.648419
   10     H         0.631754   -1.058747   -0.843507
   11     C         1.786182   -0.236006    0.785673
   12     H         1.862619   -1.187371    1.326018
   13     H         1.646780    0.542301    1.552393
   14     C         3.051463    0.019651    0.019015
   15     C         3.394493    1.421186   -0.374647
   16     H         4.007539    1.923365    0.394828
   17     H         3.976905    1.455105   -1.302183
   18     H         2.501644    2.037363   -0.514516
   19     C        -2.173122   -1.420761   -1.191624
   20     H        -2.075894   -2.430809   -0.786117
   21     H        -3.136860   -1.342297   -1.699411
   22     H        -1.385383   -1.263972   -1.929207
   23     C         4.104957   -1.036856   -0.074504
   24     H         4.719815   -0.920062   -0.973729
   25     H         4.802054   -1.005112    0.782352
   26     H         3.673384   -2.042700   -0.087020
   27     C        -2.082635   -0.395108   -0.057525
   28     O        -2.159115    0.856766   -0.790634
   29     O        -2.063581    1.971296    0.141330
   30     H        -2.955553    2.334703    0.064834



  ATOMS   1 AND  27 DEFINE INTERNAL ROTATION AXIS

  MOIETY 1 CONTAINS ATOMS:  1  2  3  4

  MOIETY 2 CONTAINS ATOMS:  5  6  7  8  9 10 11 12 13 14 15 16 17 18 19 20 21 22 23 24 25 26 27 28 29 30

  MOMENT OF INERTIA ABOUT BOND FOR MOIETY #1:     3.166   amu*Ang^2
                                              5.257E-40   g*cm^2
              Rotational constant:  B =         5.32498   cm-1
                                    B =    159638.95857   MHz
                                    B =       159.63896   GHz


  MOMENT OF INERTIA ABOUT BOND FOR MOIETY #2:   925.933   amu*Ang^2
                                              1.538E-37   g*cm^2
              Rotational constant:  B =         0.01821   cm-1
                                    B =       545.80527   MHz
                                    B =         0.54581   GHz


  REDUCED MOMENT OF INERTIA ABOUT  1--27 BOND:    3.155   amu*Ang^2
                                              5.239E-40   g*cm^2
              Rotational constant:  B =         5.34319   cm-1
                                    B =    160184.76385   MHz
                                    B =       160.18476   GHz




  ATOMS   5 AND   8 DEFINE INTERNAL ROTATION AXIS

  MOIETY 1 CONTAINS ATOMS:  1  2  3  4  5  6  7 19 20 21 22 27 28 29 30

  MOIETY 2 CONTAINS ATOMS:  8  9 10 11 12 13 14 15 16 17 18 23 24 25 26

  MOMENT OF INERTIA ABOUT BOND FOR MOIETY #1:   391.348   amu*Ang^2
                                              6.498E-38   g*cm^2
              Rotational constant:  B =         0.04308   cm-1
                                    B =      1291.37994   MHz
                                    B =         1.29138   GHz


  MOMENT OF INERTIA ABOUT BOND FOR MOIETY #2:   205.024   amu*Ang^2
                                              3.405E-38   g*cm^2
              Rotational constant:  B =         0.08222   cm-1
                                    B =      2464.97370   MHz
                                    B =         2.46497   GHz


  REDUCED MOMENT OF INERTIA ABOUT  5-- 8 BOND:  134.540   amu*Ang^2
                                              2.234E-38   g*cm^2
              Rotational constant:  B =         0.12530   cm-1
                                    B =      3756.35363   MHz
                                    B =         3.75635   GHz




  ATOMS  27 AND   5 DEFINE INTERNAL ROTATION AXIS

  MOIETY 1 CONTAINS ATOMS:  1  2  3  4 19 20 21 22 27 28 29 30

  MOIETY 2 CONTAINS ATOMS:  5  6  7  8  9 10 11 12 13 14 15 16 17 18 23 24 25 26

  MOMENT OF INERTIA ABOUT BOND FOR MOIETY #1:   198.678   amu*Ang^2
                                              3.299E-38   g*cm^2
              Rotational constant:  B =         0.08485   cm-1
                                    B =      2543.71366   MHz
                                    B =         2.54371   GHz


  MOMENT OF INERTIA ABOUT BOND FOR MOIETY #2:   513.755   amu*Ang^2
                                              8.531E-38   g*cm^2
              Rotational constant:  B =         0.03281   cm-1
                                    B =       983.69570   MHz
                                    B =         0.98370   GHz


  REDUCED MOMENT OF INERTIA ABOUT 27-- 5 BOND:  143.272   amu*Ang^2
                                              2.379E-38   g*cm^2
              Rotational constant:  B =         0.11766   cm-1
                                    B =      3527.40936   MHz
                                    B =         3.52741   GHz




  ATOMS  11 AND   8 DEFINE INTERNAL ROTATION AXIS

  MOIETY 1 CONTAINS ATOMS: 11 12 13 14 15 16 17 18 23 24 25 26

  MOIETY 2 CONTAINS ATOMS:  1  2  3  4  5  6  7  8  9 10 19 20 21 22 27 28 29 30

  MOMENT OF INERTIA ABOUT BOND FOR MOIETY #1:   203.884   amu*Ang^2
                                              3.386E-38   g*cm^2
              Rotational constant:  B =         0.08268   cm-1
                                    B =      2478.75979   MHz
                                    B =         2.47876   GHz


  MOMENT OF INERTIA ABOUT BOND FOR MOIETY #2:   408.902   amu*Ang^2
                                              6.790E-38   g*cm^2
              Rotational constant:  B =         0.04123   cm-1
                                    B =      1235.94278   MHz
                                    B =         1.23594   GHz


  REDUCED MOMENT OF INERTIA ABOUT 11-- 8 BOND:  136.048   amu*Ang^2
                                              2.259E-38   g*cm^2
              Rotational constant:  B =         0.12391   cm-1
                                    B =      3714.70257   MHz
                                    B =         3.71470   GHz




  ATOMS  14 AND  11 DEFINE INTERNAL ROTATION AXIS

  MOIETY 1 CONTAINS ATOMS: 14 15 16 17 18 23 24 25 26

  MOIETY 2 CONTAINS ATOMS:  1  2  3  4  5  6  7  8  9 10 11 12 13 19 20 21 22 27 28 29 30

  MOMENT OF INERTIA ABOUT BOND FOR MOIETY #1:    60.889   amu*Ang^2
                                              1.011E-38   g*cm^2
              Rotational constant:  B =         0.27686   cm-1
                                    B =      8299.97059   MHz
                                    B =         8.29997   GHz


  MOMENT OF INERTIA ABOUT BOND FOR MOIETY #2:   941.771   amu*Ang^2
                                              1.564E-37   g*cm^2
              Rotational constant:  B =         0.01790   cm-1
                                    B =       536.62604   MHz
                                    B =         0.53663   GHz


  REDUCED MOMENT OF INERTIA ABOUT 14--11 BOND:   57.192   amu*Ang^2
                                              9.497E-39   g*cm^2
              Rotational constant:  B =         0.29476   cm-1
                                    B =      8836.59663   MHz
                                    B =         8.83660   GHz




  ATOMS  15 AND  14 DEFINE INTERNAL ROTATION AXIS

  MOIETY 1 CONTAINS ATOMS: 15 16 17 18

  MOIETY 2 CONTAINS ATOMS:  1  2  3  4  5  6  7  8  9 10 11 12 13 14 19 20 21 22 23 24 25 26 27 28 29 30

  MOMENT OF INERTIA ABOUT BOND FOR MOIETY #1:     3.140   amu*Ang^2
                                              5.213E-40   g*cm^2
              Rotational constant:  B =         5.36936   cm-1
                                    B =    160969.42730   MHz
                                    B =       160.96943   GHz


  MOMENT OF INERTIA ABOUT BOND FOR MOIETY #2:  2538.397   amu*Ang^2
                                              4.215E-37   g*cm^2
              Rotational constant:  B =         0.00664   cm-1
                                    B =       199.09380   MHz
                                    B =         0.19909   GHz


  REDUCED MOMENT OF INERTIA ABOUT 15--14 BOND:    3.136   amu*Ang^2
                                              5.207E-40   g*cm^2
              Rotational constant:  B =         5.37600   cm-1
                                    B =    161168.52110   MHz
                                    B =       161.16852   GHz




  ATOMS  23 AND  14 DEFINE INTERNAL ROTATION AXIS

  MOIETY 1 CONTAINS ATOMS: 23 24 25 26

  MOIETY 2 CONTAINS ATOMS:  1  2  3  4  5  6  7  8  9 10 11 12 13 14 15 16 17 18 19 20 21 22 27 28 29 30

  MOMENT OF INERTIA ABOUT BOND FOR MOIETY #1:     3.140   amu*Ang^2
                                              5.214E-40   g*cm^2
              Rotational constant:  B =         5.36833   cm-1
                                    B =    160938.57411   MHz
                                    B =       160.93857   GHz


  MOMENT OF INERTIA ABOUT BOND FOR MOIETY #2:  1446.806   amu*Ang^2
                                              2.402E-37   g*cm^2
              Rotational constant:  B =         0.01165   cm-1
                                    B =       349.30658   MHz
                                    B =         0.34931   GHz


  REDUCED MOMENT OF INERTIA ABOUT 23--14 BOND:    3.133   amu*Ang^2
                                              5.203E-40   g*cm^2
              Rotational constant:  B =         5.37998   cm-1
                                    B =    161287.88069   MHz
                                    B =       161.28788   GHz




  ATOMS  19 AND  27 DEFINE INTERNAL ROTATION AXIS

  MOIETY 1 CONTAINS ATOMS: 19 20 21 22

  MOIETY 2 CONTAINS ATOMS:  1  2  3  4  5  6  7  8  9 10 11 12 13 14 15 16 17 18 23 24 25 26 27 28 29 30

  MOMENT OF INERTIA ABOUT BOND FOR MOIETY #1:     3.163   amu*Ang^2
                                              5.253E-40   g*cm^2
              Rotational constant:  B =         5.32889   cm-1
                                    B =    159756.21993   MHz
                                    B =       159.75622   GHz


  MOMENT OF INERTIA ABOUT BOND FOR MOIETY #2:  1845.793   amu*Ang^2
                                              3.065E-37   g*cm^2
              Rotational constant:  B =         0.00913   cm-1
                                    B =       273.80052   MHz
                                    B =         0.27380   GHz


  REDUCED MOMENT OF INERTIA ABOUT 19--27 BOND:    3.158   amu*Ang^2
                                              5.244E-40   g*cm^2
              Rotational constant:  B =         5.33803   cm-1
                                    B =    160030.02046   MHz
                                    B =       160.03002   GHz




  ATOMS  28 AND  27 DEFINE INTERNAL ROTATION AXIS

  MOIETY 1 CONTAINS ATOMS: 28 29 30

  MOIETY 2 CONTAINS ATOMS:  1  2  3  4  5  6  7  8  9 10 11 12 13 14 15 16 17 18 19 20 21 22 23 24 25 26 27

  MOMENT OF INERTIA ABOUT BOND FOR MOIETY #1:    32.943   amu*Ang^2
                                              5.470E-39   g*cm^2
              Rotational constant:  B =         0.51172   cm-1
                                    B =     15341.02562   MHz
                                    B =        15.34103   GHz


  MOMENT OF INERTIA ABOUT BOND FOR MOIETY #2:  1803.602   amu*Ang^2
                                              2.995E-37   g*cm^2
              Rotational constant:  B =         0.00935   cm-1
                                    B =       280.20532   MHz
                                    B =         0.28021   GHz


  REDUCED MOMENT OF INERTIA ABOUT 28--27 BOND:   32.352   amu*Ang^2
                                              5.372E-39   g*cm^2
              Rotational constant:  B =         0.52107   cm-1
                                    B =     15621.23094   MHz
                                    B =        15.62123   GHz




  ATOMS  29 AND  28 DEFINE INTERNAL ROTATION AXIS

  MOIETY 1 CONTAINS ATOMS: 29 30

  MOIETY 2 CONTAINS ATOMS:  1  2  3  4  5  6  7  8  9 10 11 12 13 14 15 16 17 18 19 20 21 22 23 24 25 26 27 28

  MOMENT OF INERTIA ABOUT BOND FOR MOIETY #1:     0.912   amu*Ang^2
                                              1.514E-40   g*cm^2
              Rotational constant:  B =        18.49285   cm-1
                                    B =    554401.66714   MHz
                                    B =       554.40167   GHz


  MOMENT OF INERTIA ABOUT BOND FOR MOIETY #2:  2091.016   amu*Ang^2
                                              3.472E-37   g*cm^2
              Rotational constant:  B =         0.00806   cm-1
                                    B =       241.69062   MHz
                                    B =         0.24169   GHz


  REDUCED MOMENT OF INERTIA ABOUT 29--28 BOND:    0.911   amu*Ang^2
                                              1.513E-40   g*cm^2
              Rotational constant:  B =        18.50091   cm-1
                                    B =    554643.35776   MHz
                                    B =       554.64336   GHz



PRINCIPAL MOMENTS OF INERTIA AND ROTATIONAL CONSTANTS
  Ia =     260.9365   Ib =    1129.3795   Ic =    1235.4434   amu*ang^2
  Ia =   4.3330E-38   Ib =   1.8754E-37   Ic =   2.0515E-37   g*cm^2
  Ba =       0.0646   Bb =       0.0149   Bc =       0.0136   cm-1
  Ba =    1936.7893   Bb =     447.4838   Bc =     409.0669   MHz
  Ba =       1.9368   Bb =       0.4475   Bc =       0.4091   GHz

