%%%%%%%%%%%%%%%%%%%%%%%%%%%%%%%%%%%%%%%%%%%%%%%%%%%%%%%%%%%%%%%%%%%%%%%%%%%%%%

                                        John R. Barker
               Mominert-2014            University of Michigan
                                        Ann Arbor, MI 48109-2143
               Jan 2014                 jrbarker@umich.edu
                                        (734) 763 6239

              http://aoss.engin.umich.edu/multiwell/

%%%%%%%%%%%%%%%%%%%%%%%%%%%%%%%%%%%%%%%%%%%%%%%%%%%%%%%%%%%%%%%%%%%%%%%%%%%%%%

        Suggested Literature Citation:

        a) MultiWell-2014   Software, Jan 2014, designed and
           maintained by J.R. Barker with contributors N.F. Ortiz,
           J.M. Preses, L.L. Lohr, A. Maranzana, P.J. Stimac, T. L.
           Nguyen, and T. J. Dhilip Kumar, University of Michigan,
           Ann Arbor, MI; http://aoss.engin.umich.edu/multiwell/

        b) J.R. Barker, Int. J. Chem. Kinetics, 33, 232-45 (2001)



%%%%%%%%%%%%%%%%%%%%%%%%%%%%%%%%%%%%%%%%%%%%%%%%%%%%%%%%%%%%%%%%%%%%%%%%%%%%%%

 C9H18OOH_3_26_f                                                                                     

 NUMBER  TYPE         X           Y           Z
    1     C         3.491027    0.128783   -0.436105
    2     H         3.491107   -0.796189   -1.018321
    3     H         3.797339   -0.099615    0.588977
    4     H         4.249152    0.785282   -0.872220
    5     C         2.115098    0.809155   -0.473717
    6     H         1.856710    0.969140   -1.528761
    7     C        -0.408697    0.351209   -0.327112
    8     H        -0.508319    0.068678   -1.381150
    9     H        -0.498953    1.440409   -0.287447
   10     C        -1.548547   -0.298159    0.490922
   11     H        -1.434141    0.012696    1.540032
   12     H        -1.403597   -1.381859    0.467921
   13     C        -2.918982    0.059914   -0.005914
   14     C        -3.744852   -0.955914   -0.727796
   15     H        -4.345452   -1.568750   -0.032189
   16     H        -4.456021   -0.487672   -1.417297
   17     H        -3.124356   -1.653068   -1.299143
   18     C         2.183216    2.179321    0.219034
   19     H         2.464296    2.067357    1.271671
   20     H         2.933327    2.816034   -0.257737
   21     H         1.230365    2.712402    0.182738
   22     C        -3.569317    1.321223    0.466687
   23     H        -4.244785    1.741600   -0.286934
   24     H        -4.181030    1.153954    1.370991
   25     H        -2.834465    2.089555    0.726613
   26     C         0.991341   -0.056388    0.144224
   27     H         1.051109   -0.013237    1.237323
   28     O         1.099841   -1.448338   -0.222543
   29     O         1.866771   -2.146307    0.795151
   30     H         2.683102   -2.334419    0.312727



  ATOMS   1 AND   5 DEFINE INTERNAL ROTATION AXIS

  MOIETY 1 CONTAINS ATOMS:  1  2  3  4

  MOIETY 2 CONTAINS ATOMS:  5  6  7  8  9 10 11 12 13 14 15 16 17 18 19 20 21 22 23 24 25 26 27 28 29 30

  MOMENT OF INERTIA ABOUT BOND FOR MOIETY #1:     3.152   amu*Ang^2
                                              5.234E-40   g*cm^2
              Rotational constant:  B =         5.34795   cm-1
                                    B =    160327.43088   MHz
                                    B =       160.32743   GHz


  MOMENT OF INERTIA ABOUT BOND FOR MOIETY #2:   931.654   amu*Ang^2
                                              1.547E-37   g*cm^2
              Rotational constant:  B =         0.01809   cm-1
                                    B =       542.45337   MHz
                                    B =         0.54245   GHz


  REDUCED MOMENT OF INERTIA ABOUT  1-- 5 BOND:    3.142   amu*Ang^2
                                              5.217E-40   g*cm^2
              Rotational constant:  B =         5.36604   cm-1
                                    B =    160869.88425   MHz
                                    B =       160.86988   GHz




  ATOMS  18 AND   5 DEFINE INTERNAL ROTATION AXIS

  MOIETY 1 CONTAINS ATOMS: 18 19 20 21

  MOIETY 2 CONTAINS ATOMS:  1  2  3  4  5  6  7  8  9 10 11 12 13 14 15 16 17 22 23 24 25 26 27 28 29 30

  MOMENT OF INERTIA ABOUT BOND FOR MOIETY #1:     3.141   amu*Ang^2
                                              5.215E-40   g*cm^2
              Rotational constant:  B =         5.36756   cm-1
                                    B =    160915.27955   MHz
                                    B =       160.91528   GHz


  MOMENT OF INERTIA ABOUT BOND FOR MOIETY #2:  1845.706   amu*Ang^2
                                              3.065E-37   g*cm^2
              Rotational constant:  B =         0.00913   cm-1
                                    B =       273.81333   MHz
                                    B =         0.27381   GHz


  REDUCED MOMENT OF INERTIA ABOUT 18-- 5 BOND:    3.135   amu*Ang^2
                                              5.206E-40   g*cm^2
              Rotational constant:  B =         5.37669   cm-1
                                    B =    161189.09288   MHz
                                    B =       161.18909   GHz




  ATOMS   5 AND  26 DEFINE INTERNAL ROTATION AXIS

  MOIETY 1 CONTAINS ATOMS:  1  2  3  4  5  6 18 19 20 21

  MOIETY 2 CONTAINS ATOMS:  7  8  9 10 11 12 13 14 15 16 17 22 23 24 25 26 27 28 29 30

  MOMENT OF INERTIA ABOUT BOND FOR MOIETY #1:    72.888   amu*Ang^2
                                              1.210E-38   g*cm^2
              Rotational constant:  B =         0.23128   cm-1
                                    B =      6933.66780   MHz
                                    B =         6.93367   GHz


  MOMENT OF INERTIA ABOUT BOND FOR MOIETY #2:   692.807   amu*Ang^2
                                              1.150E-37   g*cm^2
              Rotational constant:  B =         0.02433   cm-1
                                    B =       729.46556   MHz
                                    B =         0.72947   GHz


  REDUCED MOMENT OF INERTIA ABOUT  5--26 BOND:   65.949   amu*Ang^2
                                              1.095E-38   g*cm^2
              Rotational constant:  B =         0.25561   cm-1
                                    B =      7663.13336   MHz
                                    B =         7.66313   GHz




  ATOMS  10 AND   7 DEFINE INTERNAL ROTATION AXIS

  MOIETY 1 CONTAINS ATOMS: 10 11 12 13 14 15 16 17 22 23 24 25

  MOIETY 2 CONTAINS ATOMS:  1  2  3  4  5  6  7  8  9 18 19 20 21 26 27 28 29 30

  MOMENT OF INERTIA ABOUT BOND FOR MOIETY #1:   207.869   amu*Ang^2
                                              3.452E-38   g*cm^2
              Rotational constant:  B =         0.08110   cm-1
                                    B =      2431.23729   MHz
                                    B =         2.43124   GHz


  MOMENT OF INERTIA ABOUT BOND FOR MOIETY #2:   553.859   amu*Ang^2
                                              9.197E-38   g*cm^2
              Rotational constant:  B =         0.03044   cm-1
                                    B =       912.46808   MHz
                                    B =         0.91247   GHz


  REDUCED MOMENT OF INERTIA ABOUT 10-- 7 BOND:  151.143   amu*Ang^2
                                              2.510E-38   g*cm^2
              Rotational constant:  B =         0.11153   cm-1
                                    B =      3343.70537   MHz
                                    B =         3.34371   GHz




  ATOMS   7 AND  26 DEFINE INTERNAL ROTATION AXIS

  MOIETY 1 CONTAINS ATOMS:  7  8  9 10 11 12 13 14 15 16 17 22 23 24 25

  MOIETY 2 CONTAINS ATOMS:  1  2  3  4  5  6 18 19 20 21 26 27 28 29 30

  MOMENT OF INERTIA ABOUT BOND FOR MOIETY #1:   193.524   amu*Ang^2
                                              3.214E-38   g*cm^2
              Rotational constant:  B =         0.08711   cm-1
                                    B =      2611.45320   MHz
                                    B =         2.61145   GHz


  MOMENT OF INERTIA ABOUT BOND FOR MOIETY #2:   254.070   amu*Ang^2
                                              4.219E-38   g*cm^2
              Rotational constant:  B =         0.06635   cm-1
                                    B =      1989.13035   MHz
                                    B =         1.98913   GHz


  REDUCED MOMENT OF INERTIA ABOUT  7--26 BOND:  109.851   amu*Ang^2
                                              1.824E-38   g*cm^2
              Rotational constant:  B =         0.15346   cm-1
                                    B =      4600.58354   MHz
                                    B =         4.60058   GHz




  ATOMS  13 AND  10 DEFINE INTERNAL ROTATION AXIS

  MOIETY 1 CONTAINS ATOMS: 13 14 15 16 17 22 23 24 25

  MOIETY 2 CONTAINS ATOMS:  1  2  3  4  5  6  7  8  9 10 11 12 18 19 20 21 26 27 28 29 30

  MOMENT OF INERTIA ABOUT BOND FOR MOIETY #1:    60.799   amu*Ang^2
                                              1.010E-38   g*cm^2
              Rotational constant:  B =         0.27727   cm-1
                                    B =      8312.30060   MHz
                                    B =         8.31230   GHz


  MOMENT OF INERTIA ABOUT BOND FOR MOIETY #2:   582.462   amu*Ang^2
                                              9.672E-38   g*cm^2
              Rotational constant:  B =         0.02894   cm-1
                                    B =       867.66022   MHz
                                    B =         0.86766   GHz


  REDUCED MOMENT OF INERTIA ABOUT 13--10 BOND:   55.052   amu*Ang^2
                                              9.142E-39   g*cm^2
              Rotational constant:  B =         0.30621   cm-1
                                    B =      9179.96082   MHz
                                    B =         9.17996   GHz




  ATOMS  14 AND  13 DEFINE INTERNAL ROTATION AXIS

  MOIETY 1 CONTAINS ATOMS: 14 15 16 17

  MOIETY 2 CONTAINS ATOMS:  1  2  3  4  5  6  7  8  9 10 11 12 13 18 19 20 21 22 23 24 25 26 27 28 29 30

  MOMENT OF INERTIA ABOUT BOND FOR MOIETY #1:     3.141   amu*Ang^2
                                              5.216E-40   g*cm^2
              Rotational constant:  B =         5.36671   cm-1
                                    B =    160889.91365   MHz
                                    B =       160.88991   GHz


  MOMENT OF INERTIA ABOUT BOND FOR MOIETY #2:  1844.677   amu*Ang^2
                                              3.063E-37   g*cm^2
              Rotational constant:  B =         0.00914   cm-1
                                    B =       273.96613   MHz
                                    B =         0.27397   GHz


  REDUCED MOMENT OF INERTIA ABOUT 14--13 BOND:    3.136   amu*Ang^2
                                              5.207E-40   g*cm^2
              Rotational constant:  B =         5.37585   cm-1
                                    B =    161163.87978   MHz
                                    B =       161.16388   GHz




  ATOMS  22 AND  13 DEFINE INTERNAL ROTATION AXIS

  MOIETY 1 CONTAINS ATOMS: 22 23 24 25

  MOIETY 2 CONTAINS ATOMS:  1  2  3  4  5  6  7  8  9 10 11 12 13 14 15 16 17 18 19 20 21 26 27 28 29 30

  MOMENT OF INERTIA ABOUT BOND FOR MOIETY #1:     3.138   amu*Ang^2
                                              5.211E-40   g*cm^2
              Rotational constant:  B =         5.37183   cm-1
                                    B =    161043.27993   MHz
                                    B =       161.04328   GHz


  MOMENT OF INERTIA ABOUT BOND FOR MOIETY #2:  1976.490   amu*Ang^2
                                              3.282E-37   g*cm^2
              Rotational constant:  B =         0.00853   cm-1
                                    B =       255.69514   MHz
                                    B =         0.25570   GHz


  REDUCED MOMENT OF INERTIA ABOUT 22--13 BOND:    3.133   amu*Ang^2
                                              5.203E-40   g*cm^2
              Rotational constant:  B =         5.38036   cm-1
                                    B =    161298.97507   MHz
                                    B =       161.29898   GHz




  ATOMS  28 AND  26 DEFINE INTERNAL ROTATION AXIS

  MOIETY 1 CONTAINS ATOMS: 28 29 30

  MOIETY 2 CONTAINS ATOMS:  1  2  3  4  5  6  7  8  9 10 11 12 13 14 15 16 17 18 19 20 21 22 23 24 25 26 27

  MOMENT OF INERTIA ABOUT BOND FOR MOIETY #1:    33.109   amu*Ang^2
                                              5.498E-39   g*cm^2
              Rotational constant:  B =         0.50915   cm-1
                                    B =     15263.87202   MHz
                                    B =        15.26387   GHz


  MOMENT OF INERTIA ABOUT BOND FOR MOIETY #2:  1147.843   amu*Ang^2
                                              1.906E-37   g*cm^2
              Rotational constant:  B =         0.01469   cm-1
                                    B =       440.28592   MHz
                                    B =         0.44029   GHz


  REDUCED MOMENT OF INERTIA ABOUT 28--26 BOND:   32.181   amu*Ang^2
                                              5.344E-39   g*cm^2
              Rotational constant:  B =         0.52383   cm-1
                                    B =     15704.15794   MHz
                                    B =        15.70416   GHz




  ATOMS  29 AND  28 DEFINE INTERNAL ROTATION AXIS

  MOIETY 1 CONTAINS ATOMS: 29 30

  MOIETY 2 CONTAINS ATOMS:  1  2  3  4  5  6  7  8  9 10 11 12 13 14 15 16 17 18 19 20 21 22 23 24 25 26 27 28

  MOMENT OF INERTIA ABOUT BOND FOR MOIETY #1:     0.908   amu*Ang^2
                                              1.508E-40   g*cm^2
              Rotational constant:  B =        18.56467   cm-1
                                    B =    556554.62997   MHz
                                    B =       556.55463   GHz


  MOMENT OF INERTIA ABOUT BOND FOR MOIETY #2:  1228.054   amu*Ang^2
                                              2.039E-37   g*cm^2
              Rotational constant:  B =         0.01373   cm-1
                                    B =       411.52846   MHz
                                    B =         0.41153   GHz


  REDUCED MOMENT OF INERTIA ABOUT 29--28 BOND:    0.907   amu*Ang^2
                                              1.507E-40   g*cm^2
              Rotational constant:  B =        18.57839   cm-1
                                    B =    556966.15843   MHz
                                    B =       556.96616   GHz



PRINCIPAL MOMENTS OF INERTIA AND ROTATIONAL CONSTANTS
  Ia =     300.8142   Ib =    1017.9719   Ic =    1221.7618   amu*ang^2
  Ia =   4.9951E-38   Ib =   1.6904E-37   Ic =   2.0288E-37   g*cm^2
  Ba =       0.0560   Bb =       0.0166   Bc =       0.0138   cm-1
  Ba =    1680.0370   Bb =     496.4567   Bc =     413.6477   MHz
  Ba =       1.6800   Bb =       0.4965   Bc =       0.4136   GHz

