%%%%%%%%%%%%%%%%%%%%%%%%%%%%%%%%%%%%%%%%%%%%%%%%%%%%%%%%%%%%%%%%%%%%%%%%%%%%%%

                                        John R. Barker
               Mominert-2014            University of Michigan
                                        Ann Arbor, MI 48109-2143
               Jan 2014                 jrbarker@umich.edu
                                        (734) 763 6239

              http://aoss.engin.umich.edu/multiwell/

%%%%%%%%%%%%%%%%%%%%%%%%%%%%%%%%%%%%%%%%%%%%%%%%%%%%%%%%%%%%%%%%%%%%%%%%%%%%%%

        Suggested Literature Citation:

        a) MultiWell-2014   Software, Jan 2014, designed and
           maintained by J.R. Barker with contributors N.F. Ortiz,
           J.M. Preses, L.L. Lohr, A. Maranzana, P.J. Stimac, T. L.
           Nguyen, and T. J. Dhilip Kumar, University of Michigan,
           Ann Arbor, MI; http://aoss.engin.umich.edu/multiwell/

        b) J.R. Barker, Int. J. Chem. Kinetics, 33, 232-45 (2001)



%%%%%%%%%%%%%%%%%%%%%%%%%%%%%%%%%%%%%%%%%%%%%%%%%%%%%%%%%%%%%%%%%%%%%%%%%%%%%%

 C9H18O_23_26                                                                                        

 NUMBER  TYPE         X           Y           Z
    1     C         3.675064   -0.332441    0.799718
    2     H         3.436932   -1.122473    1.513903
    3     H         4.047831    0.536773    1.350460
    4     H         4.479815   -0.691340    0.150751
    5     C         1.116895   -0.244284    0.530949
    6     H         1.100564   -0.697810    1.524599
    7     C        -0.164167    0.472668    0.177582
    8     H        -0.068008    0.965252   -0.793570
    9     H        -0.329371    1.259910    0.922366
   10     C        -1.357978   -0.493950    0.138929
   11     H        -1.488592   -0.954552    1.127748
   12     H        -1.107081   -1.308536   -0.548997
   13     C        -2.693553    0.134751   -0.299580
   14     H        -2.528617    0.616017   -1.273581
   15     C        -3.758507   -0.954102   -0.490805
   16     H        -3.962259   -1.469681    0.454073
   17     H        -4.701690   -0.529244   -0.846561
   18     H        -3.433189   -1.705273   -1.216200
   19     C         2.697726    1.091483   -1.076280
   20     H         2.989220    2.038550   -0.611499
   21     H         3.511548    0.778669   -1.737617
   22     H         1.815061    1.260891   -1.691122
   23     C        -3.189757    1.208723    0.679208
   24     H        -4.142331    1.630571    0.345691
   25     H        -3.347751    0.781922    1.676133
   26     H        -2.483028    2.036350    0.778650
   27     C         2.457380    0.029147   -0.025752
   28     O         1.689041   -1.112246   -0.466130



  ATOMS   1 AND  27 DEFINE INTERNAL ROTATION AXIS

  MOIETY 1 CONTAINS ATOMS:  1  2  3  4

  MOIETY 2 CONTAINS ATOMS:  5  6  7  8  9 10 11 12 13 14 15 16 17 18 19 20 21 22 23 24 25 26 27 28

  MOMENT OF INERTIA ABOUT BOND FOR MOIETY #1:     3.165   amu*Ang^2
                                              5.255E-40   g*cm^2
              Rotational constant:  B =         5.32701   cm-1
                                    B =    159699.71825   MHz
                                    B =       159.69972   GHz


  MOMENT OF INERTIA ABOUT BOND FOR MOIETY #2:   775.629   amu*Ang^2
                                              1.288E-37   g*cm^2
              Rotational constant:  B =         0.02173   cm-1
                                    B =       651.57348   MHz
                                    B =         0.65157   GHz


  REDUCED MOMENT OF INERTIA ABOUT  1--27 BOND:    3.152   amu*Ang^2
                                              5.234E-40   g*cm^2
              Rotational constant:  B =         5.34874   cm-1
                                    B =    160351.29173   MHz
                                    B =       160.35129   GHz




  ATOMS   5 AND   7 DEFINE INTERNAL ROTATION AXIS

  MOIETY 1 CONTAINS ATOMS:  1  2  3  4  5  6 19 20 21 22 27 28

  MOIETY 2 CONTAINS ATOMS:  7  8  9 10 11 12 13 14 15 16 17 18 23 24 25 26

  MOMENT OF INERTIA ABOUT BOND FOR MOIETY #1:   178.712   amu*Ang^2
                                              2.968E-38   g*cm^2
              Rotational constant:  B =         0.09433   cm-1
                                    B =      2827.90042   MHz
                                    B =         2.82790   GHz


  MOMENT OF INERTIA ABOUT BOND FOR MOIETY #2:   245.868   amu*Ang^2
                                              4.083E-38   g*cm^2
              Rotational constant:  B =         0.06856   cm-1
                                    B =      2055.48714   MHz
                                    B =         2.05549   GHz


  REDUCED MOMENT OF INERTIA ABOUT  5-- 7 BOND:  103.489   amu*Ang^2
                                              1.718E-38   g*cm^2
              Rotational constant:  B =         0.16289   cm-1
                                    B =      4883.38756   MHz
                                    B =         4.88339   GHz




  ATOMS  27 AND   5 DEFINE INTERNAL ROTATION AXIS

  MOIETY 1 CONTAINS ATOMS:  1  2  3  4 19 20 21 22 27 28

  MOIETY 2 CONTAINS ATOMS:  5  6  7  8  9 10 11 12 13 14 15 16 17 18 23 24 25 26

  MOMENT OF INERTIA ABOUT BOND FOR MOIETY #1:    85.516   amu*Ang^2
                                              1.420E-38   g*cm^2
              Rotational constant:  B =         0.19713   cm-1
                                    B =      5909.74746   MHz
                                    B =         5.90975   GHz


  MOMENT OF INERTIA ABOUT BOND FOR MOIETY #2:   368.009   amu*Ang^2
                                              6.111E-38   g*cm^2
              Rotational constant:  B =         0.04581   cm-1
                                    B =      1373.28061   MHz
                                    B =         1.37328   GHz


  REDUCED MOMENT OF INERTIA ABOUT 27-- 5 BOND:   69.391   amu*Ang^2
                                              1.152E-38   g*cm^2
              Rotational constant:  B =         0.24294   cm-1
                                    B =      7283.02807   MHz
                                    B =         7.28303   GHz




  ATOMS  28 AND   5 DEFINE INTERNAL ROTATION AXIS

  MOIETY 1 CONTAINS ATOMS:  1  2  3  4 19 20 21 22 27 28

  MOIETY 2 CONTAINS ATOMS:  5  6  7  8  9 10 11 12 13 14 15 16 17 18 23 24 25 26

  MOMENT OF INERTIA ABOUT BOND FOR MOIETY #1:   211.648   amu*Ang^2
                                              3.514E-38   g*cm^2
              Rotational constant:  B =         0.07965   cm-1
                                    B =      2387.82659   MHz
                                    B =         2.38783   GHz


  MOMENT OF INERTIA ABOUT BOND FOR MOIETY #2:   887.831   amu*Ang^2
                                              1.474E-37   g*cm^2
              Rotational constant:  B =         0.01899   cm-1
                                    B =       569.22875   MHz
                                    B =         0.56923   GHz


  REDUCED MOMENT OF INERTIA ABOUT 28-- 5 BOND:  170.906   amu*Ang^2
                                              2.838E-38   g*cm^2
              Rotational constant:  B =         0.09864   cm-1
                                    B =      2957.05534   MHz
                                    B =         2.95706   GHz




  ATOMS  10 AND   7 DEFINE INTERNAL ROTATION AXIS

  MOIETY 1 CONTAINS ATOMS: 10 11 12 13 14 15 16 17 18 23 24 25 26

  MOIETY 2 CONTAINS ATOMS:  1  2  3  4  5  6  7  8  9 19 20 21 22 27 28

  MOMENT OF INERTIA ABOUT BOND FOR MOIETY #1:   162.092   amu*Ang^2
                                              2.692E-38   g*cm^2
              Rotational constant:  B =         0.10400   cm-1
                                    B =      3117.85860   MHz
                                    B =         3.11786   GHz


  MOMENT OF INERTIA ABOUT BOND FOR MOIETY #2:   385.340   amu*Ang^2
                                              6.399E-38   g*cm^2
              Rotational constant:  B =         0.04375   cm-1
                                    B =      1311.51512   MHz
                                    B =         1.31152   GHz


  REDUCED MOMENT OF INERTIA ABOUT 10-- 7 BOND:  114.097   amu*Ang^2
                                              1.895E-38   g*cm^2
              Rotational constant:  B =         0.14775   cm-1
                                    B =      4429.37373   MHz
                                    B =         4.42937   GHz




  ATOMS  13 AND  10 DEFINE INTERNAL ROTATION AXIS

  MOIETY 1 CONTAINS ATOMS: 13 14 15 16 17 18 23 24 25 26

  MOIETY 2 CONTAINS ATOMS:  1  2  3  4  5  6  7  8  9 10 11 12 19 20 21 22 27 28

  MOMENT OF INERTIA ABOUT BOND FOR MOIETY #1:    73.220   amu*Ang^2
                                              1.216E-38   g*cm^2
              Rotational constant:  B =         0.23023   cm-1
                                    B =      6902.21260   MHz
                                    B =         6.90221   GHz


  MOMENT OF INERTIA ABOUT BOND FOR MOIETY #2:   475.219   amu*Ang^2
                                              7.891E-38   g*cm^2
              Rotational constant:  B =         0.03547   cm-1
                                    B =      1063.46454   MHz
                                    B =         1.06346   GHz


  REDUCED MOMENT OF INERTIA ABOUT 13--10 BOND:   63.445   amu*Ang^2
                                              1.054E-38   g*cm^2
              Rotational constant:  B =         0.26571   cm-1
                                    B =      7965.67714   MHz
                                    B =         7.96568   GHz




  ATOMS  15 AND  13 DEFINE INTERNAL ROTATION AXIS

  MOIETY 1 CONTAINS ATOMS: 15 16 17 18

  MOIETY 2 CONTAINS ATOMS:  1  2  3  4  5  6  7  8  9 10 11 12 13 14 19 20 21 22 23 24 25 26 27 28

  MOMENT OF INERTIA ABOUT BOND FOR MOIETY #1:     3.150   amu*Ang^2
                                              5.231E-40   g*cm^2
              Rotational constant:  B =         5.35090   cm-1
                                    B =    160415.97642   MHz
                                    B =       160.41598   GHz


  MOMENT OF INERTIA ABOUT BOND FOR MOIETY #2:  1215.313   amu*Ang^2
                                              2.018E-37   g*cm^2
              Rotational constant:  B =         0.01387   cm-1
                                    B =       415.84253   MHz
                                    B =         0.41584   GHz


  REDUCED MOMENT OF INERTIA ABOUT 15--13 BOND:    3.142   amu*Ang^2
                                              5.218E-40   g*cm^2
              Rotational constant:  B =         5.36477   cm-1
                                    B =    160831.81895   MHz
                                    B =       160.83182   GHz




  ATOMS  23 AND  13 DEFINE INTERNAL ROTATION AXIS

  MOIETY 1 CONTAINS ATOMS: 23 24 25 26

  MOIETY 2 CONTAINS ATOMS:  1  2  3  4  5  6  7  8  9 10 11 12 13 14 15 16 17 18 19 20 21 22 27 28

  MOMENT OF INERTIA ABOUT BOND FOR MOIETY #1:     3.142   amu*Ang^2
                                              5.218E-40   g*cm^2
              Rotational constant:  B =         5.36448   cm-1
                                    B =    160823.10067   MHz
                                    B =       160.82310   GHz


  MOMENT OF INERTIA ABOUT BOND FOR MOIETY #2:  1920.232   amu*Ang^2
                                              3.189E-37   g*cm^2
              Rotational constant:  B =         0.00878   cm-1
                                    B =       263.18644   MHz
                                    B =         0.26319   GHz


  REDUCED MOMENT OF INERTIA ABOUT 23--13 BOND:    3.137   amu*Ang^2
                                              5.210E-40   g*cm^2
              Rotational constant:  B =         5.37326   cm-1
                                    B =    161086.28711   MHz
                                    B =       161.08629   GHz




  ATOMS  19 AND  27 DEFINE INTERNAL ROTATION AXIS

  MOIETY 1 CONTAINS ATOMS: 19 20 21 22

  MOIETY 2 CONTAINS ATOMS:  1  2  3  4  5  6  7  8  9 10 11 12 13 14 15 16 17 18 23 24 25 26 27 28

  MOMENT OF INERTIA ABOUT BOND FOR MOIETY #1:     3.155   amu*Ang^2
                                              5.239E-40   g*cm^2
              Rotational constant:  B =         5.34362   cm-1
                                    B =    160197.70079   MHz
                                    B =       160.19770   GHz


  MOMENT OF INERTIA ABOUT BOND FOR MOIETY #2:  1814.032   amu*Ang^2
                                              3.012E-37   g*cm^2
              Rotational constant:  B =         0.00929   cm-1
                                    B =       278.59434   MHz
                                    B =         0.27859   GHz


  REDUCED MOMENT OF INERTIA ABOUT 19--27 BOND:    3.149   amu*Ang^2
                                              5.229E-40   g*cm^2
              Rotational constant:  B =         5.35291   cm-1
                                    B =    160476.29513   MHz
                                    B =       160.47630   GHz




  ATOMS  28 AND  27 DEFINE INTERNAL ROTATION AXIS

  MOIETY 1 CONTAINS ATOMS:  5  6  7  8  9 10 11 12 13 14 15 16 17 18 23 24 25 26 28

  MOIETY 2 CONTAINS ATOMS:  1  2  3  4 19 20 21 22 27

  MOMENT OF INERTIA ABOUT BOND FOR MOIETY #1:  1295.336   amu*Ang^2
                                              2.151E-37   g*cm^2
              Rotational constant:  B =         0.01301   cm-1
                                    B =       390.15292   MHz
                                    B =         0.39015   GHz


  MOMENT OF INERTIA ABOUT BOND FOR MOIETY #2:    67.266   amu*Ang^2
                                              1.117E-38   g*cm^2
              Rotational constant:  B =         0.25061   cm-1
                                    B =      7513.09296   MHz
                                    B =         7.51309   GHz


  REDUCED MOMENT OF INERTIA ABOUT 28--27 BOND:   63.946   amu*Ang^2
                                              1.062E-38   g*cm^2
              Rotational constant:  B =         0.26362   cm-1
                                    B =      7903.24588   MHz
                                    B =         7.90325   GHz



PRINCIPAL MOMENTS OF INERTIA AND ROTATIONAL CONSTANTS
  Ia =     159.8075   Ib =    1015.4597   Ic =    1051.3668   amu*ang^2
  Ia =   2.6537E-38   Ib =   1.6862E-37   Ic =   1.7458E-37   g*cm^2
  Ba =       0.1055   Bb =       0.0166   Bc =       0.0160   cm-1
  Ba =    3162.4239   Bb =     497.6849   Bc =     480.6876   MHz
  Ba =       3.1624   Bb =       0.4977   Bc =       0.4807   GHz

