%%%%%%%%%%%%%%%%%%%%%%%%%%%%%%%%%%%%%%%%%%%%%%%%%%%%%%%%%%%%%%%%%%%%%%%%%%%%%%

                                        John R. Barker
               Mominert-2014            University of Michigan
                                        Ann Arbor, MI 48109-2143
               Jan 2014                 jrbarker@umich.edu
                                        (734) 763 6239

              http://aoss.engin.umich.edu/multiwell/

%%%%%%%%%%%%%%%%%%%%%%%%%%%%%%%%%%%%%%%%%%%%%%%%%%%%%%%%%%%%%%%%%%%%%%%%%%%%%%

        Suggested Literature Citation:

        a) MultiWell-2014   Software, Jan 2014, designed and
           maintained by J.R. Barker with contributors N.F. Ortiz,
           J.M. Preses, L.L. Lohr, A. Maranzana, P.J. Stimac, T. L.
           Nguyen, and T. J. Dhilip Kumar, University of Michigan,
           Ann Arbor, MI; http://aoss.engin.umich.edu/multiwell/

        b) J.R. Barker, Int. J. Chem. Kinetics, 33, 232-45 (2001)



%%%%%%%%%%%%%%%%%%%%%%%%%%%%%%%%%%%%%%%%%%%%%%%%%%%%%%%%%%%%%%%%%%%%%%%%%%%%%%

 C9H18OOH_2_26_c                                                                                     

 NUMBER  TYPE         X           Y           Z
    1     C        -3.208767    0.194036    1.086560
    2     H        -2.842931    1.070638    1.623079
    3     H        -3.419016   -0.590938    1.817356
    4     H        -4.141525    0.450862    0.577901
    5     C        -0.869251   -0.645827    0.740595
    6     H        -0.864293   -0.758966    1.820664
    7     C         0.411596   -0.819243   -0.004134
    8     H         0.237187   -0.675586   -1.074778
    9     H         0.776234   -1.848460    0.127076
   10     C         1.511754    0.164916    0.456341
   11     H         1.694815    0.026240    1.530520
   12     H         1.122927    1.179947    0.334993
   13     C         2.847530    0.041255   -0.301029
   14     H         2.626815    0.114784   -1.374769
   15     C         3.776784    1.207367    0.065028
   16     H         4.023712    1.189010    1.132392
   17     H         4.716613    1.157126   -0.493062
   18     H         3.308059    2.171489   -0.151475
   19     C        -2.711802   -1.437072   -0.786656
   20     H        -2.968866   -2.282628   -0.145544
   21     H        -3.607593   -1.116737   -1.325223
   22     H        -1.966885   -1.764187   -1.513684
   23     C         3.548222   -1.302225   -0.053213
   24     H         4.497342   -1.353486   -0.594990
   25     H         3.767354   -1.434222    1.012436
   26     H         2.941271   -2.151338   -0.376685
   27     C        -2.163064   -0.283258    0.075098
   28     O        -1.950296    0.740260   -0.944957
   29     O        -1.381472    1.927633   -0.322502
   30     H        -2.105088    2.553630   -0.458084



  ATOMS   1 AND  27 DEFINE INTERNAL ROTATION AXIS

  MOIETY 1 CONTAINS ATOMS:  1  2  3  4

  MOIETY 2 CONTAINS ATOMS:  5  6  7  8  9 10 11 12 13 14 15 16 17 18 19 20 21 22 23 24 25 26 27 28 29 30

  MOMENT OF INERTIA ABOUT BOND FOR MOIETY #1:     3.171   amu*Ang^2
                                              5.265E-40   g*cm^2
              Rotational constant:  B =         5.31679   cm-1
                                    B =    159393.40684   MHz
                                    B =       159.39341   GHz


  MOMENT OF INERTIA ABOUT BOND FOR MOIETY #2:  1149.020   amu*Ang^2
                                              1.908E-37   g*cm^2
              Rotational constant:  B =         0.01467   cm-1
                                    B =       439.83474   MHz
                                    B =         0.43983   GHz


  REDUCED MOMENT OF INERTIA ABOUT  1--27 BOND:    3.162   amu*Ang^2
                                              5.250E-40   g*cm^2
              Rotational constant:  B =         5.33146   cm-1
                                    B =    159833.24158   MHz
                                    B =       159.83324   GHz




  ATOMS   5 AND   7 DEFINE INTERNAL ROTATION AXIS

  MOIETY 1 CONTAINS ATOMS:  1  2  3  4  5  6 19 20 21 22 27 28 29 30

  MOIETY 2 CONTAINS ATOMS:  7  8  9 10 11 12 13 14 15 16 17 18 23 24 25 26

  MOMENT OF INERTIA ABOUT BOND FOR MOIETY #1:   367.812   amu*Ang^2
                                              6.108E-38   g*cm^2
              Rotational constant:  B =         0.04583   cm-1
                                    B =      1374.01424   MHz
                                    B =         1.37401   GHz


  MOMENT OF INERTIA ABOUT BOND FOR MOIETY #2:   241.083   amu*Ang^2
                                              4.003E-38   g*cm^2
              Rotational constant:  B =         0.06992   cm-1
                                    B =      2096.28654   MHz
                                    B =         2.09629   GHz


  REDUCED MOMENT OF INERTIA ABOUT  5-- 7 BOND:  145.630   amu*Ang^2
                                              2.418E-38   g*cm^2
              Rotational constant:  B =         0.11576   cm-1
                                    B =      3470.30078   MHz
                                    B =         3.47030   GHz




  ATOMS  27 AND   5 DEFINE INTERNAL ROTATION AXIS

  MOIETY 1 CONTAINS ATOMS:  1  2  3  4 19 20 21 22 27 28 29 30

  MOIETY 2 CONTAINS ATOMS:  5  6  7  8  9 10 11 12 13 14 15 16 17 18 23 24 25 26

  MOMENT OF INERTIA ABOUT BOND FOR MOIETY #1:   199.489   amu*Ang^2
                                              3.313E-38   g*cm^2
              Rotational constant:  B =         0.08450   cm-1
                                    B =      2533.36430   MHz
                                    B =         2.53336   GHz


  MOMENT OF INERTIA ABOUT BOND FOR MOIETY #2:   541.067   amu*Ang^2
                                              8.985E-38   g*cm^2
              Rotational constant:  B =         0.03116   cm-1
                                    B =       934.04061   MHz
                                    B =         0.93404   GHz


  REDUCED MOMENT OF INERTIA ABOUT 27-- 5 BOND:  145.751   amu*Ang^2
                                              2.420E-38   g*cm^2
              Rotational constant:  B =         0.11566   cm-1
                                    B =      3467.40491   MHz
                                    B =         3.46740   GHz




  ATOMS  10 AND   7 DEFINE INTERNAL ROTATION AXIS

  MOIETY 1 CONTAINS ATOMS: 10 11 12 13 14 15 16 17 18 23 24 25 26

  MOIETY 2 CONTAINS ATOMS:  1  2  3  4  5  6  7  8  9 19 20 21 22 27 28 29 30

  MOMENT OF INERTIA ABOUT BOND FOR MOIETY #1:   162.960   amu*Ang^2
                                              2.706E-38   g*cm^2
              Rotational constant:  B =         0.10345   cm-1
                                    B =      3101.24384   MHz
                                    B =         3.10124   GHz


  MOMENT OF INERTIA ABOUT BOND FOR MOIETY #2:   646.584   amu*Ang^2
                                              1.074E-37   g*cm^2
              Rotational constant:  B =         0.02607   cm-1
                                    B =       781.61378   MHz
                                    B =         0.78161   GHz


  REDUCED MOMENT OF INERTIA ABOUT 10-- 7 BOND:  130.156   amu*Ang^2
                                              2.161E-38   g*cm^2
              Rotational constant:  B =         0.12952   cm-1
                                    B =      3882.85762   MHz
                                    B =         3.88286   GHz




  ATOMS  13 AND  10 DEFINE INTERNAL ROTATION AXIS

  MOIETY 1 CONTAINS ATOMS: 13 14 15 16 17 18 23 24 25 26

  MOIETY 2 CONTAINS ATOMS:  1  2  3  4  5  6  7  8  9 10 11 12 19 20 21 22 27 28 29 30

  MOMENT OF INERTIA ABOUT BOND FOR MOIETY #1:    73.188   amu*Ang^2
                                              1.215E-38   g*cm^2
              Rotational constant:  B =         0.23033   cm-1
                                    B =      6905.23547   MHz
                                    B =         6.90524   GHz


  MOMENT OF INERTIA ABOUT BOND FOR MOIETY #2:   643.914   amu*Ang^2
                                              1.069E-37   g*cm^2
              Rotational constant:  B =         0.02618   cm-1
                                    B =       784.85522   MHz
                                    B =         0.78486   GHz


  REDUCED MOMENT OF INERTIA ABOUT 13--10 BOND:   65.718   amu*Ang^2
                                              1.091E-38   g*cm^2
              Rotational constant:  B =         0.25651   cm-1
                                    B =      7690.09070   MHz
                                    B =         7.69009   GHz




  ATOMS  15 AND  13 DEFINE INTERNAL ROTATION AXIS

  MOIETY 1 CONTAINS ATOMS: 15 16 17 18

  MOIETY 2 CONTAINS ATOMS:  1  2  3  4  5  6  7  8  9 10 11 12 13 14 19 20 21 22 23 24 25 26 27 28 29 30

  MOMENT OF INERTIA ABOUT BOND FOR MOIETY #1:     3.151   amu*Ang^2
                                              5.232E-40   g*cm^2
              Rotational constant:  B =         5.34988   cm-1
                                    B =    160385.31554   MHz
                                    B =       160.38532   GHz


  MOMENT OF INERTIA ABOUT BOND FOR MOIETY #2:  1665.613   amu*Ang^2
                                              2.766E-37   g*cm^2
              Rotational constant:  B =         0.01012   cm-1
                                    B =       303.41921   MHz
                                    B =         0.30342   GHz


  REDUCED MOMENT OF INERTIA ABOUT 15--13 BOND:    3.145   amu*Ang^2
                                              5.223E-40   g*cm^2
              Rotational constant:  B =         5.36000   cm-1
                                    B =    160688.73475   MHz
                                    B =       160.68873   GHz




  ATOMS  23 AND  13 DEFINE INTERNAL ROTATION AXIS

  MOIETY 1 CONTAINS ATOMS: 23 24 25 26

  MOIETY 2 CONTAINS ATOMS:  1  2  3  4  5  6  7  8  9 10 11 12 13 14 15 16 17 18 19 20 21 22 27 28 29 30

  MOMENT OF INERTIA ABOUT BOND FOR MOIETY #1:     3.143   amu*Ang^2
                                              5.219E-40   g*cm^2
              Rotational constant:  B =         5.36375   cm-1
                                    B =    160801.28064   MHz
                                    B =       160.80128   GHz


  MOMENT OF INERTIA ABOUT BOND FOR MOIETY #2:  1982.091   amu*Ang^2
                                              3.291E-37   g*cm^2
              Rotational constant:  B =         0.00850   cm-1
                                    B =       254.97271   MHz
                                    B =         0.25497   GHz


  REDUCED MOMENT OF INERTIA ABOUT 23--13 BOND:    3.138   amu*Ang^2
                                              5.211E-40   g*cm^2
              Rotational constant:  B =         5.37226   cm-1
                                    B =    161056.25335   MHz
                                    B =       161.05625   GHz




  ATOMS  19 AND  27 DEFINE INTERNAL ROTATION AXIS

  MOIETY 1 CONTAINS ATOMS: 19 20 21 22

  MOIETY 2 CONTAINS ATOMS:  1  2  3  4  5  6  7  8  9 10 11 12 13 14 15 16 17 18 23 24 25 26 27 28 29 30

  MOMENT OF INERTIA ABOUT BOND FOR MOIETY #1:     3.175   amu*Ang^2
                                              5.272E-40   g*cm^2
              Rotational constant:  B =         5.30971   cm-1
                                    B =    159181.00138   MHz
                                    B =       159.18100   GHz


  MOMENT OF INERTIA ABOUT BOND FOR MOIETY #2:  1586.984   amu*Ang^2
                                              2.635E-37   g*cm^2
              Rotational constant:  B =         0.01062   cm-1
                                    B =       318.45242   MHz
                                    B =         0.31845   GHz


  REDUCED MOMENT OF INERTIA ABOUT 19--27 BOND:    3.169   amu*Ang^2
                                              5.261E-40   g*cm^2
              Rotational constant:  B =         5.32033   cm-1
                                    B =    159499.45379   MHz
                                    B =       159.49945   GHz




  ATOMS  28 AND  27 DEFINE INTERNAL ROTATION AXIS

  MOIETY 1 CONTAINS ATOMS: 28 29 30

  MOIETY 2 CONTAINS ATOMS:  1  2  3  4  5  6  7  8  9 10 11 12 13 14 15 16 17 18 19 20 21 22 23 24 25 26 27

  MOMENT OF INERTIA ABOUT BOND FOR MOIETY #1:    32.989   amu*Ang^2
                                              5.478E-39   g*cm^2
              Rotational constant:  B =         0.51100   cm-1
                                    B =     15319.42432   MHz
                                    B =        15.31942   GHz


  MOMENT OF INERTIA ABOUT BOND FOR MOIETY #2:  1739.355   amu*Ang^2
                                              2.888E-37   g*cm^2
              Rotational constant:  B =         0.00969   cm-1
                                    B =       290.55534   MHz
                                    B =         0.29056   GHz


  REDUCED MOMENT OF INERTIA ABOUT 28--27 BOND:   32.375   amu*Ang^2
                                              5.376E-39   g*cm^2
              Rotational constant:  B =         0.52069   cm-1
                                    B =     15609.97966   MHz
                                    B =        15.60998   GHz




  ATOMS  29 AND  28 DEFINE INTERNAL ROTATION AXIS

  MOIETY 1 CONTAINS ATOMS: 29 30

  MOIETY 2 CONTAINS ATOMS:  1  2  3  4  5  6  7  8  9 10 11 12 13 14 15 16 17 18 19 20 21 22 23 24 25 26 27 28

  MOMENT OF INERTIA ABOUT BOND FOR MOIETY #1:     0.912   amu*Ang^2
                                              1.515E-40   g*cm^2
              Rotational constant:  B =        18.47963   cm-1
                                    B =    554005.35734   MHz
                                    B =       554.00536   GHz


  MOMENT OF INERTIA ABOUT BOND FOR MOIETY #2:  1709.689   amu*Ang^2
                                              2.839E-37   g*cm^2
              Rotational constant:  B =         0.00986   cm-1
                                    B =       295.59707   MHz
                                    B =         0.29560   GHz


  REDUCED MOMENT OF INERTIA ABOUT 29--28 BOND:    0.912   amu*Ang^2
                                              1.514E-40   g*cm^2
              Rotational constant:  B =        18.48949   cm-1
                                    B =    554300.95440   MHz
                                    B =       554.30095   GHz



PRINCIPAL MOMENTS OF INERTIA AND ROTATIONAL CONSTANTS
  Ia =     255.9948   Ib =    1061.3969   Ic =    1176.7578   amu*ang^2
  Ia =   4.2509E-38   Ib =   1.7625E-37   Ic =   1.9541E-37   g*cm^2
  Ba =       0.0659   Bb =       0.0159   Bc =       0.0143   cm-1
  Ba =    1974.1765   Bb =     476.1451   Bc =     429.4673   MHz
  Ba =       1.9742   Bb =       0.4761   Bc =       0.4295   GHz

