%%%%%%%%%%%%%%%%%%%%%%%%%%%%%%%%%%%%%%%%%%%%%%%%%%%%%%%%%%%%%%%%%%%%%%%%%%%%%%

                                        John R. Barker
               Mominert-2014            University of Michigan
                                        Ann Arbor, MI 48109-2143
               Jan 2014                 jrbarker@umich.edu
                                        (734) 763 6239

              http://aoss.engin.umich.edu/multiwell/

%%%%%%%%%%%%%%%%%%%%%%%%%%%%%%%%%%%%%%%%%%%%%%%%%%%%%%%%%%%%%%%%%%%%%%%%%%%%%%

        Suggested Literature Citation:

        a) MultiWell-2014   Software, Jan 2014, designed and
           maintained by J.R. Barker with contributors N.F. Ortiz,
           J.M. Preses, L.L. Lohr, A. Maranzana, P.J. Stimac, T. L.
           Nguyen, and T. J. Dhilip Kumar, University of Michigan,
           Ann Arbor, MI; http://aoss.engin.umich.edu/multiwell/

        b) J.R. Barker, Int. J. Chem. Kinetics, 33, 232-45 (2001)



%%%%%%%%%%%%%%%%%%%%%%%%%%%%%%%%%%%%%%%%%%%%%%%%%%%%%%%%%%%%%%%%%%%%%%%%%%%%%%

 C9H18O_25_26                                                                                        

 NUMBER  TYPE         X           Y           Z
    1     C         2.244061    0.015453    1.399044
    2     H         1.626350    0.669735    2.019950
    3     H         3.252714    0.437426    1.367809
    4     H         2.292190   -0.962993    1.882824
    5     C         1.364644    1.238803   -0.661367
    6     H         2.107237    1.996526   -0.401548
    7     H         1.366186    1.131574   -1.749051
    8     C        -0.050597    1.584627   -0.156820
    9     H        -0.660952    2.012476   -0.954743
   10     H        -0.024492    2.315461    0.654202
   11     C        -0.629614    0.229579    0.337786
   12     H        -0.779446    0.265604    1.428063
   13     C        -1.952918   -0.198570   -0.310209
   14     H        -1.799246   -0.160980   -1.397072
   15     C        -2.318678   -1.638109    0.073086
   16     H        -2.483889   -1.722162    1.153078
   17     H        -3.238602   -1.950746   -0.429693
   18     H        -1.520208   -2.328211   -0.199677
   19     C         2.550018   -1.028746   -0.876604
   20     H         3.541500   -0.586968   -1.008834
   21     H         2.669970   -2.008217   -0.407107
   22     H         2.095784   -1.173562   -1.859191
   23     C        -3.084238    0.770440    0.060768
   24     H        -4.018401    0.475244   -0.424449
   25     H        -3.260025    0.768464    1.142073
   26     H        -2.866545    1.798623   -0.240224
   27     C         1.666619   -0.130259   -0.017472
   28     O         0.370513   -0.754576    0.041791



  ATOMS   1 AND  27 DEFINE INTERNAL ROTATION AXIS

  MOIETY 1 CONTAINS ATOMS:  1  2  3  4

  MOIETY 2 CONTAINS ATOMS:  5  6  7  8  9 10 11 12 13 14 15 16 17 18 19 20 21 22 23 24 25 26 27 28

  MOMENT OF INERTIA ABOUT BOND FOR MOIETY #1:     3.158   amu*Ang^2
                                              5.244E-40   g*cm^2
              Rotational constant:  B =         5.33773   cm-1
                                    B =    160021.01675   MHz
                                    B =       160.02102   GHz


  MOMENT OF INERTIA ABOUT BOND FOR MOIETY #2:   954.546   amu*Ang^2
                                              1.585E-37   g*cm^2
              Rotational constant:  B =         0.01766   cm-1
                                    B =       529.44434   MHz
                                    B =         0.52944   GHz


  REDUCED MOMENT OF INERTIA ABOUT  1--27 BOND:    3.148   amu*Ang^2
                                              5.227E-40   g*cm^2
              Rotational constant:  B =         5.35539   cm-1
                                    B =    160550.46109   MHz
                                    B =       160.55046   GHz




  ATOMS   5 AND   8 DEFINE INTERNAL ROTATION AXIS

  MOIETY 1 CONTAINS ATOMS:  1  2  3  4  5  6  7 11 12 13 14 15 16 17 18 19 20 21 22 23 24 25 26 27 28

  MOIETY 2 CONTAINS ATOMS:  8  9 10

  MOMENT OF INERTIA ABOUT BOND FOR MOIETY #1:   629.626   amu*Ang^2
                                              1.046E-37   g*cm^2
              Rotational constant:  B =         0.02677   cm-1
                                    B =       802.66498   MHz
                                    B =         0.80266   GHz


  MOMENT OF INERTIA ABOUT BOND FOR MOIETY #2:     2.081   amu*Ang^2
                                              3.455E-40   g*cm^2
              Rotational constant:  B =         8.10160   cm-1
                                    B =    242879.84557   MHz
                                    B =       242.87985   GHz


  REDUCED MOMENT OF INERTIA ABOUT  5-- 8 BOND:    2.074   amu*Ang^2
                                              3.444E-40   g*cm^2
              Rotational constant:  B =         8.12837   cm-1
                                    B =    243682.51055   MHz
                                    B =       243.68251   GHz




  ATOMS   5 AND  27 DEFINE INTERNAL ROTATION AXIS

  MOIETY 1 CONTAINS ATOMS:  5  6  7  8  9 10 11 12 13 14 15 16 17 18 23 24 25 26 28

  MOIETY 2 CONTAINS ATOMS:  1  2  3  4 19 20 21 22 27

  MOMENT OF INERTIA ABOUT BOND FOR MOIETY #1:   895.478   amu*Ang^2
                                              1.487E-37   g*cm^2
              Rotational constant:  B =         0.01883   cm-1
                                    B =       564.36774   MHz
                                    B =         0.56437   GHz


  MOMENT OF INERTIA ABOUT BOND FOR MOIETY #2:    70.330   amu*Ang^2
                                              1.168E-38   g*cm^2
              Rotational constant:  B =         0.23969   cm-1
                                    B =      7185.85386   MHz
                                    B =         7.18585   GHz


  REDUCED MOMENT OF INERTIA ABOUT  5--27 BOND:   65.208   amu*Ang^2
                                              1.083E-38   g*cm^2
              Rotational constant:  B =         0.25852   cm-1
                                    B =      7750.22160   MHz
                                    B =         7.75022   GHz




  ATOMS   8 AND  11 DEFINE INTERNAL ROTATION AXIS

  MOIETY 1 CONTAINS ATOMS:  1  2  3  4  5  6  7  8  9 10 19 20 21 22 27 28

  MOIETY 2 CONTAINS ATOMS: 11 12 13 14 15 16 17 18 23 24 25 26

  MOMENT OF INERTIA ABOUT BOND FOR MOIETY #1:   476.844   amu*Ang^2
                                              7.918E-38   g*cm^2
              Rotational constant:  B =         0.03535   cm-1
                                    B =      1059.84048   MHz
                                    B =         1.05984   GHz


  MOMENT OF INERTIA ABOUT BOND FOR MOIETY #2:   158.551   amu*Ang^2
                                              2.633E-38   g*cm^2
              Rotational constant:  B =         0.10632   cm-1
                                    B =      3187.47820   MHz
                                    B =         3.18748   GHz


  REDUCED MOMENT OF INERTIA ABOUT  8--11 BOND:  118.988   amu*Ang^2
                                              1.976E-38   g*cm^2
              Rotational constant:  B =         0.14168   cm-1
                                    B =      4247.31869   MHz
                                    B =         4.24732   GHz




  ATOMS  13 AND  11 DEFINE INTERNAL ROTATION AXIS

  MOIETY 1 CONTAINS ATOMS: 13 14 15 16 17 18 23 24 25 26

  MOIETY 2 CONTAINS ATOMS:  1  2  3  4  5  6  7  8  9 10 11 12 19 20 21 22 27 28

  MOMENT OF INERTIA ABOUT BOND FOR MOIETY #1:    73.463   amu*Ang^2
                                              1.220E-38   g*cm^2
              Rotational constant:  B =         0.22947   cm-1
                                    B =      6879.33428   MHz
                                    B =         6.87933   GHz


  MOMENT OF INERTIA ABOUT BOND FOR MOIETY #2:   322.466   amu*Ang^2
                                              5.355E-38   g*cm^2
              Rotational constant:  B =         0.05228   cm-1
                                    B =      1567.23269   MHz
                                    B =         1.56723   GHz


  REDUCED MOMENT OF INERTIA ABOUT 13--11 BOND:   59.832   amu*Ang^2
                                              9.935E-39   g*cm^2
              Rotational constant:  B =         0.28175   cm-1
                                    B =      8446.56697   MHz
                                    B =         8.44657   GHz




  ATOMS  28 AND  11 DEFINE INTERNAL ROTATION AXIS

  MOIETY 1 CONTAINS ATOMS:  1  2  3  4  5  6  7  8  9 10 19 20 21 22 27 28

  MOIETY 2 CONTAINS ATOMS: 11 12 13 14 15 16 17 18 23 24 25 26

  MOMENT OF INERTIA ABOUT BOND FOR MOIETY #1:   263.885   amu*Ang^2
                                              4.382E-38   g*cm^2
              Rotational constant:  B =         0.06388   cm-1
                                    B =      1915.14920   MHz
                                    B =         1.91515   GHz


  MOMENT OF INERTIA ABOUT BOND FOR MOIETY #2:   171.734   amu*Ang^2
                                              2.852E-38   g*cm^2
              Rotational constant:  B =         0.09816   cm-1
                                    B =      2942.79862   MHz
                                    B =         2.94280   GHz


  REDUCED MOMENT OF INERTIA ABOUT 28--11 BOND:  104.031   amu*Ang^2
                                              1.727E-38   g*cm^2
              Rotational constant:  B =         0.16204   cm-1
                                    B =      4857.94782   MHz
                                    B =         4.85795   GHz




  ATOMS  15 AND  13 DEFINE INTERNAL ROTATION AXIS

  MOIETY 1 CONTAINS ATOMS: 15 16 17 18

  MOIETY 2 CONTAINS ATOMS:  1  2  3  4  5  6  7  8  9 10 11 12 13 14 19 20 21 22 23 24 25 26 27 28

  MOMENT OF INERTIA ABOUT BOND FOR MOIETY #1:     3.159   amu*Ang^2
                                              5.245E-40   g*cm^2
              Rotational constant:  B =         5.33687   cm-1
                                    B =    159995.29508   MHz
                                    B =       159.99530   GHz


  MOMENT OF INERTIA ABOUT BOND FOR MOIETY #2:  1101.526   amu*Ang^2
                                              1.829E-37   g*cm^2
              Rotational constant:  B =         0.01530   cm-1
                                    B =       458.79893   MHz
                                    B =         0.45880   GHz


  REDUCED MOMENT OF INERTIA ABOUT 15--13 BOND:    3.150   amu*Ang^2
                                              5.230E-40   g*cm^2
              Rotational constant:  B =         5.35217   cm-1
                                    B =    160454.09401   MHz
                                    B =       160.45409   GHz




  ATOMS  23 AND  13 DEFINE INTERNAL ROTATION AXIS

  MOIETY 1 CONTAINS ATOMS: 23 24 25 26

  MOIETY 2 CONTAINS ATOMS:  1  2  3  4  5  6  7  8  9 10 11 12 13 14 15 16 17 18 19 20 21 22 27 28

  MOMENT OF INERTIA ABOUT BOND FOR MOIETY #1:     3.142   amu*Ang^2
                                              5.218E-40   g*cm^2
              Rotational constant:  B =         5.36455   cm-1
                                    B =    160825.26726   MHz
                                    B =       160.82527   GHz


  MOMENT OF INERTIA ABOUT BOND FOR MOIETY #2:   739.085   amu*Ang^2
                                              1.227E-37   g*cm^2
              Rotational constant:  B =         0.02281   cm-1
                                    B =       683.79047   MHz
                                    B =         0.68379   GHz


  REDUCED MOMENT OF INERTIA ABOUT 23--13 BOND:    3.129   amu*Ang^2
                                              5.196E-40   g*cm^2
              Rotational constant:  B =         5.38736   cm-1
                                    B =    161509.05773   MHz
                                    B =       161.50906   GHz




  ATOMS  19 AND  27 DEFINE INTERNAL ROTATION AXIS

  MOIETY 1 CONTAINS ATOMS: 19 20 21 22

  MOIETY 2 CONTAINS ATOMS:  1  2  3  4  5  6  7  8  9 10 11 12 13 14 15 16 17 18 23 24 25 26 27 28

  MOMENT OF INERTIA ABOUT BOND FOR MOIETY #1:     3.170   amu*Ang^2
                                              5.263E-40   g*cm^2
              Rotational constant:  B =         5.31869   cm-1
                                    B =    159450.29577   MHz
                                    B =       159.45030   GHz


  MOMENT OF INERTIA ABOUT BOND FOR MOIETY #2:   734.216   amu*Ang^2
                                              1.219E-37   g*cm^2
              Rotational constant:  B =         0.02296   cm-1
                                    B =       688.32424   MHz
                                    B =         0.68832   GHz


  REDUCED MOMENT OF INERTIA ABOUT 19--27 BOND:    3.156   amu*Ang^2
                                              5.240E-40   g*cm^2
              Rotational constant:  B =         5.34165   cm-1
                                    B =    160138.62000   MHz
                                    B =       160.13862   GHz




  ATOMS  28 AND  27 DEFINE INTERNAL ROTATION AXIS

  MOIETY 1 CONTAINS ATOMS:  5  6  7  8  9 10 11 12 13 14 15 16 17 18 23 24 25 26 28

  MOIETY 2 CONTAINS ATOMS:  1  2  3  4 19 20 21 22 27

  MOMENT OF INERTIA ABOUT BOND FOR MOIETY #1:   313.244   amu*Ang^2
                                              5.202E-38   g*cm^2
              Rotational constant:  B =         0.05382   cm-1
                                    B =      1613.37041   MHz
                                    B =         1.61337   GHz


  MOMENT OF INERTIA ABOUT BOND FOR MOIETY #2:    74.105   amu*Ang^2
                                              1.231E-38   g*cm^2
              Rotational constant:  B =         0.22748   cm-1
                                    B =      6819.74653   MHz
                                    B =         6.81975   GHz


  REDUCED MOMENT OF INERTIA ABOUT 28--27 BOND:   59.928   amu*Ang^2
                                              9.951E-39   g*cm^2
              Rotational constant:  B =         0.28130   cm-1
                                    B =      8433.11694   MHz
                                    B =         8.43312   GHz



PRINCIPAL MOMENTS OF INERTIA AND ROTATIONAL CONSTANTS
  Ia =     216.6641   Ib =     600.8029   Ic =     683.5982   amu*ang^2
  Ia =   3.5978E-38   Ib =   9.9766E-38   Ic =   1.1351E-37   g*cm^2
  Ba =       0.0778   Bb =       0.0281   Bc =       0.0247   cm-1
  Ba =    2332.5459   Bb =     841.1728   Bc =     739.2925   MHz
  Ba =       2.3325   Bb =       0.8412   Bc =       0.7393   GHz

