%%%%%%%%%%%%%%%%%%%%%%%%%%%%%%%%%%%%%%%%%%%%%%%%%%%%%%%%%%%%%%%%%%%%%%%%%%%%%%

                                        John R. Barker
               Mominert-2014            University of Michigan
                                        Ann Arbor, MI 48109-2143
               Jan 2014                 jrbarker@umich.edu
                                        (734) 763 6239

              http://aoss.engin.umich.edu/multiwell/

%%%%%%%%%%%%%%%%%%%%%%%%%%%%%%%%%%%%%%%%%%%%%%%%%%%%%%%%%%%%%%%%%%%%%%%%%%%%%%

        Suggested Literature Citation:

        a) MultiWell-2014   Software, Jan 2014, designed and
           maintained by J.R. Barker with contributors N.F. Ortiz,
           J.M. Preses, L.L. Lohr, A. Maranzana, P.J. Stimac, T. L.
           Nguyen, and T. J. Dhilip Kumar, University of Michigan,
           Ann Arbor, MI; http://aoss.engin.umich.edu/multiwell/

        b) J.R. Barker, Int. J. Chem. Kinetics, 33, 232-45 (2001)



%%%%%%%%%%%%%%%%%%%%%%%%%%%%%%%%%%%%%%%%%%%%%%%%%%%%%%%%%%%%%%%%%%%%%%%%%%%%%%

 C9H18OOH_3_26_a                                                                                     

 NUMBER  TYPE         X           Y           Z
    1     C         3.564520    0.166312   -0.222775
    2     H         4.109390    0.154832    0.715296
    3     H         4.065091   -0.215291   -1.104875
    4     C         2.224804    0.824766   -0.311364
    5     H         2.039871    1.081149   -1.361619
    6     C        -0.322577    0.387618   -0.368534
    7     H        -0.356982    0.251103   -1.456572
    8     H        -0.393544    1.462164   -0.185886
    9     C        -1.498102   -0.349143    0.285628
   10     H        -1.514441   -0.123465    1.360680
   11     H        -1.318018   -1.424213    0.196845
   12     C        -2.879357   -0.024007   -0.312772
   13     H        -2.827079   -0.224471   -1.391805
   14     C        -3.949799   -0.949403    0.282230
   15     H        -4.045045   -0.792180    1.362293
   16     H        -4.929688   -0.763669   -0.167257
   17     H        -3.699414   -2.001629    0.120437
   18     C        -3.274336    1.448079   -0.125320
   19     H        -4.264156    1.643904   -0.547798
   20     H        -3.311638    1.707544    0.938782
   21     H        -2.571797    2.130064   -0.611240
   22     C         1.042748   -0.109402    0.118072
   23     H         1.049206   -0.222466    1.207888
   24     O         1.168768   -1.418362   -0.453848
   25     O         2.037286   -2.219576    0.377466
   26     H         2.910978   -1.967946    0.031701
   27     C         2.216190    2.117409    0.531306
   28     H         1.265806    2.650459    0.457713
   29     H         2.393312    1.887898    1.586849
   30     H         3.005166    2.796336    0.200791



  ATOMS   1 AND   4 DEFINE INTERNAL ROTATION AXIS

  MOIETY 1 CONTAINS ATOMS:  1  2  3

  MOIETY 2 CONTAINS ATOMS:  4  5  6  7  8  9 10 11 12 13 14 15 16 17 18 19 20 21 22 23 24 25 26 27 28 29 30

  MOMENT OF INERTIA ABOUT BOND FOR MOIETY #1:     1.746   amu*Ang^2
                                              2.899E-40   g*cm^2
              Rotational constant:  B =         9.65755   cm-1
                                    B =    289525.96644   MHz
                                    B =       289.52597   GHz


  MOMENT OF INERTIA ABOUT BOND FOR MOIETY #2:   932.608   amu*Ang^2
                                              1.549E-37   g*cm^2
              Rotational constant:  B =         0.01808   cm-1
                                    B =       541.89846   MHz
                                    B =         0.54190   GHz


  REDUCED MOMENT OF INERTIA ABOUT  1-- 4 BOND:    1.742   amu*Ang^2
                                              2.893E-40   g*cm^2
              Rotational constant:  B =         9.67562   cm-1
                                    B =    290067.86489   MHz
                                    B =       290.06786   GHz




  ATOMS   4 AND  22 DEFINE INTERNAL ROTATION AXIS

  MOIETY 1 CONTAINS ATOMS:  1  2  3  4  5 27 28 29 30

  MOIETY 2 CONTAINS ATOMS:  6  7  8  9 10 11 12 13 14 15 16 17 18 19 20 21 22 23 24 25 26

  MOMENT OF INERTIA ABOUT BOND FOR MOIETY #1:    69.365   amu*Ang^2
                                              1.152E-38   g*cm^2
              Rotational constant:  B =         0.24303   cm-1
                                    B =      7285.82666   MHz
                                    B =         7.28583   GHz


  MOMENT OF INERTIA ABOUT BOND FOR MOIETY #2:   644.890   amu*Ang^2
                                              1.071E-37   g*cm^2
              Rotational constant:  B =         0.02614   cm-1
                                    B =       783.66698   MHz
                                    B =         0.78367   GHz


  REDUCED MOMENT OF INERTIA ABOUT  4--22 BOND:   62.628   amu*Ang^2
                                              1.040E-38   g*cm^2
              Rotational constant:  B =         0.26917   cm-1
                                    B =      8069.49363   MHz
                                    B =         8.06949   GHz




  ATOMS  27 AND   4 DEFINE INTERNAL ROTATION AXIS

  MOIETY 1 CONTAINS ATOMS: 27 28 29 30

  MOIETY 2 CONTAINS ATOMS:  1  2  3  4  5  6  7  8  9 10 11 12 13 14 15 16 17 18 19 20 21 22 23 24 25 26

  MOMENT OF INERTIA ABOUT BOND FOR MOIETY #1:     3.145   amu*Ang^2
                                              5.222E-40   g*cm^2
              Rotational constant:  B =         5.36043   cm-1
                                    B =    160701.74895   MHz
                                    B =       160.70175   GHz


  MOMENT OF INERTIA ABOUT BOND FOR MOIETY #2:  1919.373   amu*Ang^2
                                              3.187E-37   g*cm^2
              Rotational constant:  B =         0.00878   cm-1
                                    B =       263.30426   MHz
                                    B =         0.26330   GHz


  REDUCED MOMENT OF INERTIA ABOUT 27-- 4 BOND:    3.140   amu*Ang^2
                                              5.214E-40   g*cm^2
              Rotational constant:  B =         5.36922   cm-1
                                    B =    160965.05321   MHz
                                    B =       160.96505   GHz




  ATOMS   9 AND   6 DEFINE INTERNAL ROTATION AXIS

  MOIETY 1 CONTAINS ATOMS:  9 10 11 12 13 14 15 16 17 18 19 20 21

  MOIETY 2 CONTAINS ATOMS:  1  2  3  4  5  6  7  8 22 23 24 25 26 27 28 29 30

  MOMENT OF INERTIA ABOUT BOND FOR MOIETY #1:   162.767   amu*Ang^2
                                              2.703E-38   g*cm^2
              Rotational constant:  B =         0.10357   cm-1
                                    B =      3104.91653   MHz
                                    B =         3.10492   GHz


  MOMENT OF INERTIA ABOUT BOND FOR MOIETY #2:   546.642   amu*Ang^2
                                              9.077E-38   g*cm^2
              Rotational constant:  B =         0.03084   cm-1
                                    B =       924.51473   MHz
                                    B =         0.92451   GHz


  REDUCED MOMENT OF INERTIA ABOUT  9-- 6 BOND:  125.422   amu*Ang^2
                                              2.083E-38   g*cm^2
              Rotational constant:  B =         0.13441   cm-1
                                    B =      4029.43125   MHz
                                    B =         4.02943   GHz




  ATOMS  22 AND   6 DEFINE INTERNAL ROTATION AXIS

  MOIETY 1 CONTAINS ATOMS:  1  2  3  4  5 22 23 24 25 26 27 28 29 30

  MOIETY 2 CONTAINS ATOMS:  6  7  8  9 10 11 12 13 14 15 16 17 18 19 20 21

  MOMENT OF INERTIA ABOUT BOND FOR MOIETY #1:   245.008   amu*Ang^2
                                              4.068E-38   g*cm^2
              Rotational constant:  B =         0.06880   cm-1
                                    B =      2062.70108   MHz
                                    B =         2.06270   GHz


  MOMENT OF INERTIA ABOUT BOND FOR MOIETY #2:   228.466   amu*Ang^2
                                              3.794E-38   g*cm^2
              Rotational constant:  B =         0.07379   cm-1
                                    B =      2212.05160   MHz
                                    B =         2.21205   GHz


  REDUCED MOMENT OF INERTIA ABOUT 22-- 6 BOND:  118.224   amu*Ang^2
                                              1.963E-38   g*cm^2
              Rotational constant:  B =         0.14259   cm-1
                                    B =      4274.75268   MHz
                                    B =         4.27475   GHz




  ATOMS  12 AND   9 DEFINE INTERNAL ROTATION AXIS

  MOIETY 1 CONTAINS ATOMS: 12 13 14 15 16 17 18 19 20 21

  MOIETY 2 CONTAINS ATOMS:  1  2  3  4  5  6  7  8  9 10 11 22 23 24 25 26 27 28 29 30

  MOMENT OF INERTIA ABOUT BOND FOR MOIETY #1:    73.190   amu*Ang^2
                                              1.215E-38   g*cm^2
              Rotational constant:  B =         0.23033   cm-1
                                    B =      6905.00224   MHz
                                    B =         6.90500   GHz


  MOMENT OF INERTIA ABOUT BOND FOR MOIETY #2:   564.242   amu*Ang^2
                                              9.369E-38   g*cm^2
              Rotational constant:  B =         0.02988   cm-1
                                    B =       895.67712   MHz
                                    B =         0.89568   GHz


  REDUCED MOMENT OF INERTIA ABOUT 12-- 9 BOND:   64.787   amu*Ang^2
                                              1.076E-38   g*cm^2
              Rotational constant:  B =         0.26020   cm-1
                                    B =      7800.67936   MHz
                                    B =         7.80068   GHz




  ATOMS  14 AND  12 DEFINE INTERNAL ROTATION AXIS

  MOIETY 1 CONTAINS ATOMS: 14 15 16 17

  MOIETY 2 CONTAINS ATOMS:  1  2  3  4  5  6  7  8  9 10 11 12 13 18 19 20 21 22 23 24 25 26 27 28 29 30

  MOMENT OF INERTIA ABOUT BOND FOR MOIETY #1:     3.150   amu*Ang^2
                                              5.231E-40   g*cm^2
              Rotational constant:  B =         5.35122   cm-1
                                    B =    160425.49241   MHz
                                    B =       160.42549   GHz


  MOMENT OF INERTIA ABOUT BOND FOR MOIETY #2:  1503.058   amu*Ang^2
                                              2.496E-37   g*cm^2
              Rotational constant:  B =         0.01122   cm-1
                                    B =       336.23395   MHz
                                    B =         0.33623   GHz


  REDUCED MOMENT OF INERTIA ABOUT 14--12 BOND:    3.144   amu*Ang^2
                                              5.220E-40   g*cm^2
              Rotational constant:  B =         5.36243   cm-1
                                    B =    160761.72636   MHz
                                    B =       160.76173   GHz




  ATOMS  18 AND  12 DEFINE INTERNAL ROTATION AXIS

  MOIETY 1 CONTAINS ATOMS: 18 19 20 21

  MOIETY 2 CONTAINS ATOMS:  1  2  3  4  5  6  7  8  9 10 11 12 13 14 15 16 17 22 23 24 25 26 27 28 29 30

  MOMENT OF INERTIA ABOUT BOND FOR MOIETY #1:     3.143   amu*Ang^2
                                              5.218E-40   g*cm^2
              Rotational constant:  B =         5.36428   cm-1
                                    B =    160817.15091   MHz
                                    B =       160.81715   GHz


  MOMENT OF INERTIA ABOUT BOND FOR MOIETY #2:  2259.444   amu*Ang^2
                                              3.752E-37   g*cm^2
              Rotational constant:  B =         0.00746   cm-1
                                    B =       223.67401   MHz
                                    B =         0.22367   GHz


  REDUCED MOMENT OF INERTIA ABOUT 18--12 BOND:    3.138   amu*Ang^2
                                              5.211E-40   g*cm^2
              Rotational constant:  B =         5.37174   cm-1
                                    B =    161040.82492   MHz
                                    B =       161.04082   GHz




  ATOMS  24 AND  22 DEFINE INTERNAL ROTATION AXIS

  MOIETY 1 CONTAINS ATOMS: 24 25 26

  MOIETY 2 CONTAINS ATOMS:  1  2  3  4  5  6  7  8  9 10 11 12 13 14 15 16 17 18 19 20 21 22 23 27 28 29 30

  MOMENT OF INERTIA ABOUT BOND FOR MOIETY #1:    33.157   amu*Ang^2
                                              5.506E-39   g*cm^2
              Rotational constant:  B =         0.50843   cm-1
                                    B =     15242.22373   MHz
                                    B =        15.24222   GHz


  MOMENT OF INERTIA ABOUT BOND FOR MOIETY #2:  1170.084   amu*Ang^2
                                              1.943E-37   g*cm^2
              Rotational constant:  B =         0.01441   cm-1
                                    B =       431.91671   MHz
                                    B =         0.43192   GHz


  REDUCED MOMENT OF INERTIA ABOUT 24--22 BOND:   32.243   amu*Ang^2
                                              5.354E-39   g*cm^2
              Rotational constant:  B =         0.52283   cm-1
                                    B =     15674.14044   MHz
                                    B =        15.67414   GHz




  ATOMS  25 AND  24 DEFINE INTERNAL ROTATION AXIS

  MOIETY 1 CONTAINS ATOMS: 25 26

  MOIETY 2 CONTAINS ATOMS:  1  2  3  4  5  6  7  8  9 10 11 12 13 14 15 16 17 18 19 20 21 22 23 24 27 28 29 30

  MOMENT OF INERTIA ABOUT BOND FOR MOIETY #1:     0.919   amu*Ang^2
                                              1.525E-40   g*cm^2
              Rotational constant:  B =        18.35183   cm-1
                                    B =    550174.12915   MHz
                                    B =       550.17413   GHz


  MOMENT OF INERTIA ABOUT BOND FOR MOIETY #2:  1128.081   amu*Ang^2
                                              1.873E-37   g*cm^2
              Rotational constant:  B =         0.01494   cm-1
                                    B =       447.99896   MHz
                                    B =         0.44800   GHz


  REDUCED MOMENT OF INERTIA ABOUT 25--24 BOND:    0.918   amu*Ang^2
                                              1.524E-40   g*cm^2
              Rotational constant:  B =        18.36678   cm-1
                                    B =    550622.12811   MHz
                                    B =       550.62213   GHz



PRINCIPAL MOMENTS OF INERTIA AND ROTATIONAL CONSTANTS
  Ia =     289.0447   Ib =    1016.4657   Ic =    1239.1124   amu*ang^2
  Ia =   4.7997E-38   Ib =   1.6879E-37   Ic =   2.0576E-37   g*cm^2
  Ba =       0.0583   Bb =       0.0166   Bc =       0.0136   cm-1
  Ba =    1748.4457   Bb =     497.1924   Bc =     407.8557   MHz
  Ba =       1.7484   Bb =       0.4972   Bc =       0.4079   GHz

