%%%%%%%%%%%%%%%%%%%%%%%%%%%%%%%%%%%%%%%%%%%%%%%%%%%%%%%%%%%%%%%%%%%%%%%%%%%%%%

                                        John R. Barker
               Mominert-2014            University of Michigan
                                        Ann Arbor, MI 48109-2143
               Jan 2014                 jrbarker@umich.edu
                                        (734) 763 6239

              http://aoss.engin.umich.edu/multiwell/

%%%%%%%%%%%%%%%%%%%%%%%%%%%%%%%%%%%%%%%%%%%%%%%%%%%%%%%%%%%%%%%%%%%%%%%%%%%%%%

        Suggested Literature Citation:

        a) MultiWell-2014   Software, Jan 2014, designed and
           maintained by J.R. Barker with contributors N.F. Ortiz,
           J.M. Preses, L.L. Lohr, A. Maranzana, P.J. Stimac, T. L.
           Nguyen, and T. J. Dhilip Kumar, University of Michigan,
           Ann Arbor, MI; http://aoss.engin.umich.edu/multiwell/

        b) J.R. Barker, Int. J. Chem. Kinetics, 33, 232-45 (2001)



%%%%%%%%%%%%%%%%%%%%%%%%%%%%%%%%%%%%%%%%%%%%%%%%%%%%%%%%%%%%%%%%%%%%%%%%%%%%%%

 C9H18OOH_2_26_e                                                                                     

 NUMBER  TYPE         X           Y           Z
    1     C         3.248289   -0.054598    1.136934
    2     H         3.153368   -1.097512    1.443677
    3     H         3.205405    0.567919    2.034355
    4     H         4.225598    0.088402    0.667805
    5     C         0.748485    0.074741    0.798642
    6     H         0.721278   -0.963617    1.138694
    7     H         0.671214    0.701659    1.694920
    8     C        -0.461660    0.322862   -0.113242
    9     H        -0.337681   -0.249986   -1.039981
   10     H        -0.475051    1.381298   -0.426469
   11     C        -1.760382   -0.030636    0.534634
   12     H        -1.838460    0.051370    1.617590
   13     C        -3.030881   -0.189158   -0.244818
   14     H        -2.779694   -0.648752   -1.211015
   15     C        -4.025950   -1.110670    0.478853
   16     H        -4.302957   -0.691802    1.452306
   17     H        -4.944115   -1.235539   -0.102793
   18     H        -3.594272   -2.099828    0.651104
   19     C         2.308935    1.761888   -0.338011
   20     H         2.165934    2.463081    0.487698
   21     H         3.314465    1.900821   -0.740958
   22     H         1.591351    1.998076   -1.124431
   23     C        -3.687240    1.179614   -0.552555
   24     H        -4.587757    1.050624   -1.161911
   25     H        -3.975419    1.686095    0.374032
   26     H        -3.003801    1.836257   -1.097004
   27     C         2.128872    0.325292    0.162679
   28     O         2.265485   -0.431114   -1.070146
   29     O         2.106429   -1.850581   -0.788874
   30     H         3.004478   -2.161020   -0.964154



  ATOMS   1 AND  27 DEFINE INTERNAL ROTATION AXIS

  MOIETY 1 CONTAINS ATOMS:  1  2  3  4

  MOIETY 2 CONTAINS ATOMS:  5  6  7  8  9 10 11 12 13 14 15 16 17 18 19 20 21 22 23 24 25 26 27 28 29 30

  MOMENT OF INERTIA ABOUT BOND FOR MOIETY #1:     3.165   amu*Ang^2
                                              5.256E-40   g*cm^2
              Rotational constant:  B =         5.32551   cm-1
                                    B =    159654.74752   MHz
                                    B =       159.65475   GHz


  MOMENT OF INERTIA ABOUT BOND FOR MOIETY #2:  1055.618   amu*Ang^2
                                              1.753E-37   g*cm^2
              Rotational constant:  B =         0.01597   cm-1
                                    B =       478.75166   MHz
                                    B =         0.47875   GHz


  REDUCED MOMENT OF INERTIA ABOUT  1--27 BOND:    3.156   amu*Ang^2
                                              5.241E-40   g*cm^2
              Rotational constant:  B =         5.34148   cm-1
                                    B =    160133.49919   MHz
                                    B =       160.13350   GHz




  ATOMS   5 AND   8 DEFINE INTERNAL ROTATION AXIS

  MOIETY 1 CONTAINS ATOMS:  1  2  3  4  5  6  7 19 20 21 22 27 28 29 30

  MOIETY 2 CONTAINS ATOMS:  8  9 10 11 12 13 14 15 16 17 18 23 24 25 26

  MOMENT OF INERTIA ABOUT BOND FOR MOIETY #1:   391.181   amu*Ang^2
                                              6.496E-38   g*cm^2
              Rotational constant:  B =         0.04309   cm-1
                                    B =      1291.93059   MHz
                                    B =         1.29193   GHz


  MOMENT OF INERTIA ABOUT BOND FOR MOIETY #2:   271.720   amu*Ang^2
                                              4.512E-38   g*cm^2
              Rotational constant:  B =         0.06204   cm-1
                                    B =      1859.92756   MHz
                                    B =         1.85993   GHz


  REDUCED MOMENT OF INERTIA ABOUT  5-- 8 BOND:  160.343   amu*Ang^2
                                              2.663E-38   g*cm^2
              Rotational constant:  B =         0.10513   cm-1
                                    B =      3151.85815   MHz
                                    B =         3.15186   GHz




  ATOMS  27 AND   5 DEFINE INTERNAL ROTATION AXIS

  MOIETY 1 CONTAINS ATOMS:  1  2  3  4 19 20 21 22 27 28 29 30

  MOIETY 2 CONTAINS ATOMS:  5  6  7  8  9 10 11 12 13 14 15 16 17 18 23 24 25 26

  MOMENT OF INERTIA ABOUT BOND FOR MOIETY #1:   198.647   amu*Ang^2
                                              3.299E-38   g*cm^2
              Rotational constant:  B =         0.08486   cm-1
                                    B =      2544.10932   MHz
                                    B =         2.54411   GHz


  MOMENT OF INERTIA ABOUT BOND FOR MOIETY #2:   421.038   amu*Ang^2
                                              6.991E-38   g*cm^2
              Rotational constant:  B =         0.04004   cm-1
                                    B =      1200.31762   MHz
                                    B =         1.20032   GHz


  REDUCED MOMENT OF INERTIA ABOUT 27-- 5 BOND:  134.968   amu*Ang^2
                                              2.241E-38   g*cm^2
              Rotational constant:  B =         0.12490   cm-1
                                    B =      3744.42694   MHz
                                    B =         3.74443   GHz




  ATOMS  11 AND   8 DEFINE INTERNAL ROTATION AXIS

  MOIETY 1 CONTAINS ATOMS: 11 12 13 14 15 16 17 18 23 24 25 26

  MOIETY 2 CONTAINS ATOMS:  1  2  3  4  5  6  7  8  9 10 19 20 21 22 27 28 29 30

  MOMENT OF INERTIA ABOUT BOND FOR MOIETY #1:   139.442   amu*Ang^2
                                              2.315E-38   g*cm^2
              Rotational constant:  B =         0.12089   cm-1
                                    B =      3624.28958   MHz
                                    B =         3.62429   GHz


  MOMENT OF INERTIA ABOUT BOND FOR MOIETY #2:   399.923   amu*Ang^2
                                              6.641E-38   g*cm^2
              Rotational constant:  B =         0.04215   cm-1
                                    B =      1263.69078   MHz
                                    B =         1.26369   GHz


  REDUCED MOMENT OF INERTIA ABOUT 11-- 8 BOND:  103.392   amu*Ang^2
                                              1.717E-38   g*cm^2
              Rotational constant:  B =         0.16305   cm-1
                                    B =      4887.98036   MHz
                                    B =         4.88798   GHz




  ATOMS  13 AND  11 DEFINE INTERNAL ROTATION AXIS

  MOIETY 1 CONTAINS ATOMS: 13 14 15 16 17 18 23 24 25 26

  MOIETY 2 CONTAINS ATOMS:  1  2  3  4  5  6  7  8  9 10 11 12 19 20 21 22 27 28 29 30

  MOMENT OF INERTIA ABOUT BOND FOR MOIETY #1:    73.697   amu*Ang^2
                                              1.224E-38   g*cm^2
              Rotational constant:  B =         0.22874   cm-1
                                    B =      6857.50189   MHz
                                    B =         6.85750   GHz


  MOMENT OF INERTIA ABOUT BOND FOR MOIETY #2:   797.477   amu*Ang^2
                                              1.324E-37   g*cm^2
              Rotational constant:  B =         0.02114   cm-1
                                    B =       633.72207   MHz
                                    B =         0.63372   GHz


  REDUCED MOMENT OF INERTIA ABOUT 13--11 BOND:   67.463   amu*Ang^2
                                              1.120E-38   g*cm^2
              Rotational constant:  B =         0.24988   cm-1
                                    B =      7491.22397   MHz
                                    B =         7.49122   GHz




  ATOMS  15 AND  13 DEFINE INTERNAL ROTATION AXIS

  MOIETY 1 CONTAINS ATOMS: 15 16 17 18

  MOIETY 2 CONTAINS ATOMS:  1  2  3  4  5  6  7  8  9 10 11 12 13 14 19 20 21 22 23 24 25 26 27 28 29 30

  MOMENT OF INERTIA ABOUT BOND FOR MOIETY #1:     3.155   amu*Ang^2
                                              5.238E-40   g*cm^2
              Rotational constant:  B =         5.34382   cm-1
                                    B =    160203.66431   MHz
                                    B =       160.20366   GHz


  MOMENT OF INERTIA ABOUT BOND FOR MOIETY #2:  1704.963   amu*Ang^2
                                              2.831E-37   g*cm^2
              Rotational constant:  B =         0.00989   cm-1
                                    B =       296.41648   MHz
                                    B =         0.29642   GHz


  REDUCED MOMENT OF INERTIA ABOUT 15--13 BOND:    3.149   amu*Ang^2
                                              5.229E-40   g*cm^2
              Rotational constant:  B =         5.35371   cm-1
                                    B =    160500.08079   MHz
                                    B =       160.50008   GHz




  ATOMS  23 AND  13 DEFINE INTERNAL ROTATION AXIS

  MOIETY 1 CONTAINS ATOMS: 23 24 25 26

  MOIETY 2 CONTAINS ATOMS:  1  2  3  4  5  6  7  8  9 10 11 12 13 14 15 16 17 18 19 20 21 22 27 28 29 30

  MOMENT OF INERTIA ABOUT BOND FOR MOIETY #1:     3.158   amu*Ang^2
                                              5.244E-40   g*cm^2
              Rotational constant:  B =         5.33850   cm-1
                                    B =    160044.32033   MHz
                                    B =       160.04432   GHz


  MOMENT OF INERTIA ABOUT BOND FOR MOIETY #2:  2303.341   amu*Ang^2
                                              3.825E-37   g*cm^2
              Rotational constant:  B =         0.00732   cm-1
                                    B =       219.41125   MHz
                                    B =         0.21941   GHz


  REDUCED MOMENT OF INERTIA ABOUT 23--13 BOND:    3.153   amu*Ang^2
                                              5.236E-40   g*cm^2
              Rotational constant:  B =         5.34582   cm-1
                                    B =    160263.73158   MHz
                                    B =       160.26373   GHz




  ATOMS  19 AND  27 DEFINE INTERNAL ROTATION AXIS

  MOIETY 1 CONTAINS ATOMS: 19 20 21 22

  MOIETY 2 CONTAINS ATOMS:  1  2  3  4  5  6  7  8  9 10 11 12 13 14 15 16 17 18 23 24 25 26 27 28 29 30

  MOMENT OF INERTIA ABOUT BOND FOR MOIETY #1:     3.163   amu*Ang^2
                                              5.253E-40   g*cm^2
              Rotational constant:  B =         5.32908   cm-1
                                    B =    159761.87973   MHz
                                    B =       159.76188   GHz


  MOMENT OF INERTIA ABOUT BOND FOR MOIETY #2:  1850.834   amu*Ang^2
                                              3.073E-37   g*cm^2
              Rotational constant:  B =         0.00911   cm-1
                                    B =       273.05476   MHz
                                    B =         0.27305   GHz


  REDUCED MOMENT OF INERTIA ABOUT 19--27 BOND:    3.158   amu*Ang^2
                                              5.244E-40   g*cm^2
              Rotational constant:  B =         5.33819   cm-1
                                    B =    160034.93449   MHz
                                    B =       160.03493   GHz




  ATOMS  28 AND  27 DEFINE INTERNAL ROTATION AXIS

  MOIETY 1 CONTAINS ATOMS: 28 29 30

  MOIETY 2 CONTAINS ATOMS:  1  2  3  4  5  6  7  8  9 10 11 12 13 14 15 16 17 18 19 20 21 22 23 24 25 26 27

  MOMENT OF INERTIA ABOUT BOND FOR MOIETY #1:    32.935   amu*Ang^2
                                              5.469E-39   g*cm^2
              Rotational constant:  B =         0.51185   cm-1
                                    B =     15344.77710   MHz
                                    B =        15.34478   GHz


  MOMENT OF INERTIA ABOUT BOND FOR MOIETY #2:  1902.696   amu*Ang^2
                                              3.160E-37   g*cm^2
              Rotational constant:  B =         0.00886   cm-1
                                    B =       265.61207   MHz
                                    B =         0.26561   GHz


  REDUCED MOMENT OF INERTIA ABOUT 28--27 BOND:   32.375   amu*Ang^2
                                              5.376E-39   g*cm^2
              Rotational constant:  B =         0.52071   cm-1
                                    B =     15610.38918   MHz
                                    B =        15.61039   GHz




  ATOMS  29 AND  28 DEFINE INTERNAL ROTATION AXIS

  MOIETY 1 CONTAINS ATOMS: 29 30

  MOIETY 2 CONTAINS ATOMS:  1  2  3  4  5  6  7  8  9 10 11 12 13 14 15 16 17 18 19 20 21 22 23 24 25 26 27 28

  MOMENT OF INERTIA ABOUT BOND FOR MOIETY #1:     0.912   amu*Ang^2
                                              1.514E-40   g*cm^2
              Rotational constant:  B =        18.49181   cm-1
                                    B =    554370.47003   MHz
                                    B =       554.37047   GHz


  MOMENT OF INERTIA ABOUT BOND FOR MOIETY #2:  2158.985   amu*Ang^2
                                              3.585E-37   g*cm^2
              Rotational constant:  B =         0.00781   cm-1
                                    B =       234.08171   MHz
                                    B =         0.23408   GHz


  REDUCED MOMENT OF INERTIA ABOUT 29--28 BOND:    0.911   amu*Ang^2
                                              1.513E-40   g*cm^2
              Rotational constant:  B =        18.49962   cm-1
                                    B =    554604.55173   MHz
                                    B =       554.60455   GHz



PRINCIPAL MOMENTS OF INERTIA AND ROTATIONAL CONSTANTS
  Ia =     255.4932   Ib =    1181.8364   Ic =    1261.2775   amu*ang^2
  Ia =   4.2426E-38   Ib =   1.9625E-37   Ic =   2.0944E-37   g*cm^2
  Ba =       0.0660   Bb =       0.0143   Bc =       0.0134   cm-1
  Ba =    1978.0523   Bb =     427.6218   Bc =     400.6882   MHz
  Ba =       1.9781   Bb =       0.4276   Bc =       0.4007   GHz

