%%%%%%%%%%%%%%%%%%%%%%%%%%%%%%%%%%%%%%%%%%%%%%%%%%%%%%%%%%%%%%%%%%%%%%%%%%%%%%

                                        John R. Barker
               Mominert-2014            University of Michigan
                                        Ann Arbor, MI 48109-2143
               Jan 2014                 jrbarker@umich.edu
                                        (734) 763 6239

              http://aoss.engin.umich.edu/multiwell/

%%%%%%%%%%%%%%%%%%%%%%%%%%%%%%%%%%%%%%%%%%%%%%%%%%%%%%%%%%%%%%%%%%%%%%%%%%%%%%

        Suggested Literature Citation:

        a) MultiWell-2014   Software, Jan 2014, designed and
           maintained by J.R. Barker with contributors N.F. Ortiz,
           J.M. Preses, L.L. Lohr, A. Maranzana, P.J. Stimac, T. L.
           Nguyen, and T. J. Dhilip Kumar, University of Michigan,
           Ann Arbor, MI; http://aoss.engin.umich.edu/multiwell/

        b) J.R. Barker, Int. J. Chem. Kinetics, 33, 232-45 (2001)



%%%%%%%%%%%%%%%%%%%%%%%%%%%%%%%%%%%%%%%%%%%%%%%%%%%%%%%%%%%%%%%%%%%%%%%%%%%%%%

 oh                                                                                                  

 NUMBER  TYPE         X           Y           Z
    1     O         0.000000    0.000000    0.108356
    2     H         0.000000    0.000000   -0.866851


PRINCIPAL MOMENTS OF INERTIA AND ROTATIONAL CONSTANTS
  Ia =       0.0000   Ib =       0.9018   Ic =       0.9018   amu*ang^2
  Ia =   0.0000E+00   Ib =   1.4974E-40   Ic =   1.4974E-40   g*cm^2
  Ba =     Infinity   Bb =      18.6939   Bc =      18.6939   cm-1
  Ba =     Infinity   Bb =  560430.2759   Bc =  560430.2759   MHz
  Ba =     Infinity   Bb =     560.4303   Bc =     560.4303   GHz

