%%%%%%%%%%%%%%%%%%%%%%%%%%%%%%%%%%%%%%%%%%%%%%%%%%%%%%%%%%%%%%%%%%%%%%%%%%%%%%

                                        John R. Barker
               Mominert-2014            University of Michigan
                                        Ann Arbor, MI 48109-2143
               Jan 2014                 jrbarker@umich.edu
                                        (734) 763 6239

              http://aoss.engin.umich.edu/multiwell/

%%%%%%%%%%%%%%%%%%%%%%%%%%%%%%%%%%%%%%%%%%%%%%%%%%%%%%%%%%%%%%%%%%%%%%%%%%%%%%

        Suggested Literature Citation:

        a) MultiWell-2014   Software, Jan 2014, designed and
           maintained by J.R. Barker with contributors N.F. Ortiz,
           J.M. Preses, L.L. Lohr, A. Maranzana, P.J. Stimac, T. L.
           Nguyen, and T. J. Dhilip Kumar, University of Michigan,
           Ann Arbor, MI; http://aoss.engin.umich.edu/multiwell/

        b) J.R. Barker, Int. J. Chem. Kinetics, 33, 232-45 (2001)



%%%%%%%%%%%%%%%%%%%%%%%%%%%%%%%%%%%%%%%%%%%%%%%%%%%%%%%%%%%%%%%%%%%%%%%%%%%%%%

 TS_2g_27                                                                                            

 NUMBER  TYPE         X           Y           Z
    1     C         1.243924    1.075927    0.739214
    2     C         2.131469    0.351542   -0.217753
    3     C         1.993186   -1.175627   -0.117775
    4     C         0.610982   -1.749015   -0.467916
    5     C        -1.516181   -0.297137    0.160813
    6     C        -0.525411   -1.427864    0.529389
    7     H         1.109505    0.687959    1.743180
    8     H         1.847222    0.657396   -1.233685
    9     H         2.268102   -1.490296    0.898418
   10     H         0.333219   -1.423886   -1.475034
   11     H         1.127678    2.147150    0.635985
   12     H         2.733490   -1.631465   -0.785124
   13     H         0.715460   -2.837167   -0.527157
   14     H        -0.104339   -1.223571    1.517617
   15     H        -1.149461   -2.319506    0.655756
   16     C        -2.447796   -0.013837    1.343821
   17     H        -3.053801   -0.892025    1.585859
   18     H        -3.112653    0.814782    1.099117
   19     H        -1.866739    0.260730    2.227641
   20     C        -2.321914   -0.683823   -1.088257
   21     H        -2.856856   -1.621873   -0.914685
   22     H        -3.044122    0.095410   -1.323092
   23     H        -1.669324   -0.818120   -1.953761
   24     C         3.605963    0.778611   -0.009646
   25     H         3.720846    1.861430   -0.103010
   26     H         3.961978    0.486412    0.982907
   27     H         4.252041    0.303309   -0.754857
   28     O        -0.734483    0.901464   -0.115087
   29     O        -1.824044    2.049429   -0.637127
   30     H        -1.389365    2.183525   -1.489703



  ATOMS  24 AND   2 DEFINE INTERNAL ROTATION AXIS

  MOIETY 1 CONTAINS ATOMS: 24 25 26 27

  MOIETY 2 CONTAINS ATOMS:  1  2  3  4  5  6  7  8  9 10 11 12 13 14 15 16 17 18 19 20 21 22 23 28 29 30

  MOMENT OF INERTIA ABOUT BOND FOR MOIETY #1:     3.158   amu*Ang^2
                                              5.244E-40   g*cm^2
              Rotational constant:  B =         5.33760   cm-1
                                    B =    160017.18200   MHz
                                    B =       160.01718   GHz


  MOMENT OF INERTIA ABOUT BOND FOR MOIETY #2:   409.777   amu*Ang^2
                                              6.804E-38   g*cm^2
              Rotational constant:  B =         0.04114   cm-1
                                    B =      1233.30399   MHz
                                    B =         1.23330   GHz


  REDUCED MOMENT OF INERTIA ABOUT 24-- 2 BOND:    3.134   amu*Ang^2
                                              5.204E-40   g*cm^2
              Rotational constant:  B =         5.37874   cm-1
                                    B =    161250.48599   MHz
                                    B =       161.25049   GHz




  ATOMS  16 AND   5 DEFINE INTERNAL ROTATION AXIS

  MOIETY 1 CONTAINS ATOMS: 16 17 18 19

  MOIETY 2 CONTAINS ATOMS:  1  2  3  4  5  6  7  8  9 10 11 12 13 14 15 20 21 22 23 24 25 26 27 28 29 30

  MOMENT OF INERTIA ABOUT BOND FOR MOIETY #1:     3.170   amu*Ang^2
                                              5.264E-40   g*cm^2
              Rotational constant:  B =         5.31759   cm-1
                                    B =    159417.32817   MHz
                                    B =       159.41733   GHz


  MOMENT OF INERTIA ABOUT BOND FOR MOIETY #2:   870.804   amu*Ang^2
                                              1.446E-37   g*cm^2
              Rotational constant:  B =         0.01936   cm-1
                                    B =       580.35904   MHz
                                    B =         0.58036   GHz


  REDUCED MOMENT OF INERTIA ABOUT 16-- 5 BOND:    3.159   amu*Ang^2
                                              5.245E-40   g*cm^2
              Rotational constant:  B =         5.33695   cm-1
                                    B =    159997.68722   MHz
                                    B =       159.99769   GHz




  ATOMS  20 AND   5 DEFINE INTERNAL ROTATION AXIS

  MOIETY 1 CONTAINS ATOMS: 20 21 22 23

  MOIETY 2 CONTAINS ATOMS:  1  2  3  4  5  6  7  8  9 10 11 12 13 14 15 16 17 18 19 24 25 26 27 28 29 30

  MOMENT OF INERTIA ABOUT BOND FOR MOIETY #1:     3.161   amu*Ang^2
                                              5.249E-40   g*cm^2
              Rotational constant:  B =         5.33295   cm-1
                                    B =    159877.69438   MHz
                                    B =       159.87769   GHz


  MOMENT OF INERTIA ABOUT BOND FOR MOIETY #2:   985.666   amu*Ang^2
                                              1.637E-37   g*cm^2
              Rotational constant:  B =         0.01710   cm-1
                                    B =       512.72841   MHz
                                    B =         0.51273   GHz


  REDUCED MOMENT OF INERTIA ABOUT 20-- 5 BOND:    3.151   amu*Ang^2
                                              5.232E-40   g*cm^2
              Rotational constant:  B =         5.35005   cm-1
                                    B =    160390.42279   MHz
                                    B =       160.39042   GHz




  ATOMS  29 AND  28 DEFINE INTERNAL ROTATION AXIS

  MOIETY 1 CONTAINS ATOMS: 29 30

  MOIETY 2 CONTAINS ATOMS:  1  2  3  4  5  6  7  8  9 10 11 12 13 14 15 16 17 18 19 20 21 22 23 24 25 26 27 28

  MOMENT OF INERTIA ABOUT BOND FOR MOIETY #1:     0.936   amu*Ang^2
                                              1.553E-40   g*cm^2
              Rotational constant:  B =        18.01952   cm-1
                                    B =    540211.48273   MHz
                                    B =       540.21148   GHz


  MOMENT OF INERTIA ABOUT BOND FOR MOIETY #2:   556.284   amu*Ang^2
                                              9.237E-38   g*cm^2
              Rotational constant:  B =         0.03030   cm-1
                                    B =       908.49042   MHz
                                    B =         0.90849   GHz


  REDUCED MOMENT OF INERTIA ABOUT 29--28 BOND:    0.934   amu*Ang^2
                                              1.551E-40   g*cm^2
              Rotational constant:  B =        18.04982   cm-1
                                    B =    541119.97315   MHz
                                    B =       541.11997   GHz



PRINCIPAL MOMENTS OF INERTIA AND ROTATIONAL CONSTANTS
  Ia =     314.9995   Ib =     711.6910   Ic =     852.9444   amu*ang^2
  Ia =   5.2307E-38   Ib =   1.1818E-37   Ic =   1.4163E-37   g*cm^2
  Ba =       0.0535   Bb =       0.0237   Bc =       0.0198   cm-1
  Ba =    1604.3805   Bb =     710.1102   Bc =     592.5111   MHz
  Ba =       1.6044   Bb =       0.7101   Bc =       0.5925   GHz

