%%%%%%%%%%%%%%%%%%%%%%%%%%%%%%%%%%%%%%%%%%%%%%%%%%%%%%%%%%%%%%%%%%%%%%%%%%%%%%

                                        John R. Barker
               Mominert-2014            University of Michigan
                                        Ann Arbor, MI 48109-2143
               Jan 2014                 jrbarker@umich.edu
                                        (734) 763 6239

              http://aoss.engin.umich.edu/multiwell/

%%%%%%%%%%%%%%%%%%%%%%%%%%%%%%%%%%%%%%%%%%%%%%%%%%%%%%%%%%%%%%%%%%%%%%%%%%%%%%

        Suggested Literature Citation:

        a) MultiWell-2014   Software, Jan 2014, designed and
           maintained by J.R. Barker with contributors N.F. Ortiz,
           J.M. Preses, L.L. Lohr, A. Maranzana, P.J. Stimac, T. L.
           Nguyen, and T. J. Dhilip Kumar, University of Michigan,
           Ann Arbor, MI; http://aoss.engin.umich.edu/multiwell/

        b) J.R. Barker, Int. J. Chem. Kinetics, 33, 232-45 (2001)



%%%%%%%%%%%%%%%%%%%%%%%%%%%%%%%%%%%%%%%%%%%%%%%%%%%%%%%%%%%%%%%%%%%%%%%%%%%%%%

 TS_2a_1                                                                                             

 NUMBER  TYPE         X           Y           Z
    1     C        -3.287435   -0.370012    1.090844
    2     H        -3.330565    0.687550    1.360536
    3     H        -3.219352   -0.942674    2.021495
    4     H        -4.213673   -0.649447    0.584467
    5     C        -0.763224   -0.177651    0.815052
    6     H        -0.880516    0.883050    1.060213
    7     H        -0.625999   -0.697292    1.774201
    8     C         0.481654   -0.364708   -0.056620
    9     H         0.286052    0.078158   -1.038379
   10     H         0.666836   -1.431824   -0.214642
   11     C         1.724287    0.286803    0.564062
   12     H         1.926600   -0.164873    1.545632
   13     H         1.502030    1.343546    0.756294
   14     C         3.003015    0.206430   -0.291461
   15     H         2.763000    0.615660   -1.282234
   16     C         4.112732    1.075060    0.317367
   17     H         4.387519    0.714869    1.315063
   18     H         5.015154    1.057630   -0.300846
   19     H         3.794148    2.116879    0.416092
   20     C        -2.138167   -1.750810   -0.627911
   21     H        -3.092633   -2.192427   -0.887978
   22     H        -1.262559   -2.118224   -1.145881
   23     C         3.494357   -1.235766   -0.482926
   24     H         4.406117   -1.260962   -1.086946
   25     H         3.724655   -1.698312    0.483607
   26     H         2.752119   -1.861568   -0.984217
   27     C        -2.080428   -0.647404    0.225173
   28     O        -2.291370    0.712593   -1.130479
   29     O        -2.509854    1.952969   -0.509812
   30     H        -3.469888    2.064118   -0.575642



  ATOMS   1 AND  27 DEFINE INTERNAL ROTATION AXIS

  MOIETY 1 CONTAINS ATOMS:  1  2  3  4

  MOIETY 2 CONTAINS ATOMS:  5  6  7  8  9 10 11 12 13 14 15 16 17 18 19 20 21 22 23 24 25 26 27 28 29 30

  MOMENT OF INERTIA ABOUT BOND FOR MOIETY #1:     3.164   amu*Ang^2
                                              5.254E-40   g*cm^2
              Rotational constant:  B =         5.32814   cm-1
                                    B =    159733.55125   MHz
                                    B =       159.73355   GHz


  MOMENT OF INERTIA ABOUT BOND FOR MOIETY #2:   941.158   amu*Ang^2
                                              1.563E-37   g*cm^2
              Rotational constant:  B =         0.01791   cm-1
                                    B =       536.97595   MHz
                                    B =         0.53698   GHz


  REDUCED MOMENT OF INERTIA ABOUT  1--27 BOND:    3.153   amu*Ang^2
                                              5.236E-40   g*cm^2
              Rotational constant:  B =         5.34605   cm-1
                                    B =    160270.52720   MHz
                                    B =       160.27053   GHz




  ATOMS   5 AND   8 DEFINE INTERNAL ROTATION AXIS

  MOIETY 1 CONTAINS ATOMS:  1  2  3  4  5  6  7 20 21 22 27 28 29 30

  MOIETY 2 CONTAINS ATOMS:  8  9 10 11 12 13 14 15 16 17 18 19 23 24 25 26

  MOMENT OF INERTIA ABOUT BOND FOR MOIETY #1:   406.293   amu*Ang^2
                                              6.747E-38   g*cm^2
              Rotational constant:  B =         0.04149   cm-1
                                    B =      1243.87901   MHz
                                    B =         1.24388   GHz


  MOMENT OF INERTIA ABOUT BOND FOR MOIETY #2:   242.994   amu*Ang^2
                                              4.035E-38   g*cm^2
              Rotational constant:  B =         0.06937   cm-1
                                    B =      2079.80435   MHz
                                    B =         2.07980   GHz


  REDUCED MOMENT OF INERTIA ABOUT  5-- 8 BOND:  152.054   amu*Ang^2
                                              2.525E-38   g*cm^2
              Rotational constant:  B =         0.11087   cm-1
                                    B =      3323.68336   MHz
                                    B =         3.32368   GHz




  ATOMS  27 AND   5 DEFINE INTERNAL ROTATION AXIS

  MOIETY 1 CONTAINS ATOMS:  1  2  3  4 20 21 22 27 28 29 30

  MOIETY 2 CONTAINS ATOMS:  5  6  7  8  9 10 11 12 13 14 15 16 17 18 19 23 24 25 26

  MOMENT OF INERTIA ABOUT BOND FOR MOIETY #1:   244.212   amu*Ang^2
                                              4.055E-38   g*cm^2
              Rotational constant:  B =         0.06903   cm-1
                                    B =      2069.42679   MHz
                                    B =         2.06943   GHz


  MOMENT OF INERTIA ABOUT BOND FOR MOIETY #2:   441.584   amu*Ang^2
                                              7.333E-38   g*cm^2
              Rotational constant:  B =         0.03818   cm-1
                                    B =      1144.46947   MHz
                                    B =         1.14447   GHz


  REDUCED MOMENT OF INERTIA ABOUT 27-- 5 BOND:  157.248   amu*Ang^2
                                              2.611E-38   g*cm^2
              Rotational constant:  B =         0.10720   cm-1
                                    B =      3213.89626   MHz
                                    B =         3.21390   GHz




  ATOMS  11 AND   8 DEFINE INTERNAL ROTATION AXIS

  MOIETY 1 CONTAINS ATOMS: 11 12 13 14 15 16 17 18 19 23 24 25 26

  MOIETY 2 CONTAINS ATOMS:  1  2  3  4  5  6  7  8  9 10 20 21 22 27 28 29 30

  MOMENT OF INERTIA ABOUT BOND FOR MOIETY #1:   162.141   amu*Ang^2
                                              2.692E-38   g*cm^2
              Rotational constant:  B =         0.10397   cm-1
                                    B =      3116.91166   MHz
                                    B =         3.11691   GHz


  MOMENT OF INERTIA ABOUT BOND FOR MOIETY #2:   499.897   amu*Ang^2
                                              8.301E-38   g*cm^2
              Rotational constant:  B =         0.03372   cm-1
                                    B =      1010.96670   MHz
                                    B =         1.01097   GHz


  REDUCED MOMENT OF INERTIA ABOUT 11-- 8 BOND:  122.431   amu*Ang^2
                                              2.033E-38   g*cm^2
              Rotational constant:  B =         0.13769   cm-1
                                    B =      4127.87836   MHz
                                    B =         4.12788   GHz




  ATOMS  14 AND  11 DEFINE INTERNAL ROTATION AXIS

  MOIETY 1 CONTAINS ATOMS: 14 15 16 17 18 19 23 24 25 26

  MOIETY 2 CONTAINS ATOMS:  1  2  3  4  5  6  7  8  9 10 11 12 13 20 21 22 27 28 29 30

  MOMENT OF INERTIA ABOUT BOND FOR MOIETY #1:    73.177   amu*Ang^2
                                              1.215E-38   g*cm^2
              Rotational constant:  B =         0.23037   cm-1
                                    B =      6906.23640   MHz
                                    B =         6.90624   GHz


  MOMENT OF INERTIA ABOUT BOND FOR MOIETY #2:   887.374   amu*Ang^2
                                              1.474E-37   g*cm^2
              Rotational constant:  B =         0.01900   cm-1
                                    B =       569.52178   MHz
                                    B =         0.56952   GHz


  REDUCED MOMENT OF INERTIA ABOUT 14--11 BOND:   67.602   amu*Ang^2
                                              1.123E-38   g*cm^2
              Rotational constant:  B =         0.24936   cm-1
                                    B =      7475.75818   MHz
                                    B =         7.47576   GHz




  ATOMS  16 AND  14 DEFINE INTERNAL ROTATION AXIS

  MOIETY 1 CONTAINS ATOMS: 16 17 18 19

  MOIETY 2 CONTAINS ATOMS:  1  2  3  4  5  6  7  8  9 10 11 12 13 14 15 20 21 22 23 24 25 26 27 28 29 30

  MOMENT OF INERTIA ABOUT BOND FOR MOIETY #1:     3.150   amu*Ang^2
                                              5.231E-40   g*cm^2
              Rotational constant:  B =         5.35177   cm-1
                                    B =    160442.04317   MHz
                                    B =       160.44204   GHz


  MOMENT OF INERTIA ABOUT BOND FOR MOIETY #2:  1457.991   amu*Ang^2
                                              2.421E-37   g*cm^2
              Rotational constant:  B =         0.01156   cm-1
                                    B =       346.62689   MHz
                                    B =         0.34663   GHz


  REDUCED MOMENT OF INERTIA ABOUT 16--14 BOND:    3.143   amu*Ang^2
                                              5.219E-40   g*cm^2
              Rotational constant:  B =         5.36333   cm-1
                                    B =    160788.67007   MHz
                                    B =       160.78867   GHz




  ATOMS  23 AND  14 DEFINE INTERNAL ROTATION AXIS

  MOIETY 1 CONTAINS ATOMS: 23 24 25 26

  MOIETY 2 CONTAINS ATOMS:  1  2  3  4  5  6  7  8  9 10 11 12 13 14 15 16 17 18 19 20 21 22 27 28 29 30

  MOMENT OF INERTIA ABOUT BOND FOR MOIETY #1:     3.143   amu*Ang^2
                                              5.220E-40   g*cm^2
              Rotational constant:  B =         5.36303   cm-1
                                    B =    160779.68007   MHz
                                    B =       160.77968   GHz


  MOMENT OF INERTIA ABOUT BOND FOR MOIETY #2:  2496.174   amu*Ang^2
                                              4.145E-37   g*cm^2
              Rotational constant:  B =         0.00675   cm-1
                                    B =       202.46142   MHz
                                    B =         0.20246   GHz


  REDUCED MOMENT OF INERTIA ABOUT 23--14 BOND:    3.139   amu*Ang^2
                                              5.213E-40   g*cm^2
              Rotational constant:  B =         5.36979   cm-1
                                    B =    160982.14149   MHz
                                    B =       160.98214   GHz




  ATOMS  28 AND  27 DEFINE INTERNAL ROTATION AXIS

  MOIETY 1 CONTAINS ATOMS: 28 29 30

  MOIETY 2 CONTAINS ATOMS:  1  2  3  4  5  6  7  8  9 10 11 12 13 14 15 16 17 18 19 20 21 22 23 24 25 26 27

  MOMENT OF INERTIA ABOUT BOND FOR MOIETY #1:    31.205   amu*Ang^2
                                              5.182E-39   g*cm^2
              Rotational constant:  B =         0.54022   cm-1
                                    B =     16195.41853   MHz
                                    B =        16.19542   GHz


  MOMENT OF INERTIA ABOUT BOND FOR MOIETY #2:  1882.789   amu*Ang^2
                                              3.126E-37   g*cm^2
              Rotational constant:  B =         0.00895   cm-1
                                    B =       268.42046   MHz
                                    B =         0.26842   GHz


  REDUCED MOMENT OF INERTIA ABOUT 28--27 BOND:   30.696   amu*Ang^2
                                              5.097E-39   g*cm^2
              Rotational constant:  B =         0.54917   cm-1
                                    B =     16463.83900   MHz
                                    B =        16.46384   GHz




  ATOMS  29 AND  28 DEFINE INTERNAL ROTATION AXIS

  MOIETY 1 CONTAINS ATOMS: 29 30

  MOIETY 2 CONTAINS ATOMS:  1  2  3  4  5  6  7  8  9 10 11 12 13 14 15 16 17 18 19 20 21 22 23 24 25 26 27 28

  MOMENT OF INERTIA ABOUT BOND FOR MOIETY #1:     0.898   amu*Ang^2
                                              1.491E-40   g*cm^2
              Rotational constant:  B =        18.77883   cm-1
                                    B =    562975.09890   MHz
                                    B =       562.97510   GHz


  MOMENT OF INERTIA ABOUT BOND FOR MOIETY #2:  2210.184   amu*Ang^2
                                              3.670E-37   g*cm^2
              Rotational constant:  B =         0.00763   cm-1
                                    B =       228.65927   MHz
                                    B =         0.22866   GHz


  REDUCED MOMENT OF INERTIA ABOUT 29--28 BOND:    0.897   amu*Ang^2
                                              1.490E-40   g*cm^2
              Rotational constant:  B =        18.78646   cm-1
                                    B =    563203.75816   MHz
                                    B =       563.20376   GHz



PRINCIPAL MOMENTS OF INERTIA AND ROTATIONAL CONSTANTS
  Ia =     267.6401   Ib =    1187.1953   Ic =    1286.9782   amu*ang^2
  Ia =   4.4443E-38   Ib =   1.9714E-37   Ic =   2.1371E-37   g*cm^2
  Ba =       0.0630   Bb =       0.0142   Bc =       0.0131   cm-1
  Ba =    1888.2784   Bb =     425.6916   Bc =     392.6865   MHz
  Ba =       1.8883   Bb =       0.4257   Bc =       0.3927   GHz

