%%%%%%%%%%%%%%%%%%%%%%%%%%%%%%%%%%%%%%%%%%%%%%%%%%%%%%%%%%%%%%%%%%%%%%%%%%%%%%

                                        John R. Barker
               Mominert-2014            University of Michigan
                                        Ann Arbor, MI 48109-2143
               Jan 2014                 jrbarker@umich.edu
                                        (734) 763 6239

              http://aoss.engin.umich.edu/multiwell/

%%%%%%%%%%%%%%%%%%%%%%%%%%%%%%%%%%%%%%%%%%%%%%%%%%%%%%%%%%%%%%%%%%%%%%%%%%%%%%

        Suggested Literature Citation:

        a) MultiWell-2014   Software, Jan 2014, designed and
           maintained by J.R. Barker with contributors N.F. Ortiz,
           J.M. Preses, L.L. Lohr, A. Maranzana, P.J. Stimac, T. L.
           Nguyen, and T. J. Dhilip Kumar, University of Michigan,
           Ann Arbor, MI; http://aoss.engin.umich.edu/multiwell/

        b) J.R. Barker, Int. J. Chem. Kinetics, 33, 232-45 (2001)



%%%%%%%%%%%%%%%%%%%%%%%%%%%%%%%%%%%%%%%%%%%%%%%%%%%%%%%%%%%%%%%%%%%%%%%%%%%%%%

 TS_2c_23                                                                                            

 NUMBER  TYPE         X           Y           Z
    1     C         3.212103   -0.900282   -0.925447
    2     H         3.021127   -0.650485   -1.971102
    3     H         3.374607   -1.978548   -0.839917
    4     H         4.117758   -0.379055   -0.611422
    5     C         0.700039   -0.748061   -0.627842
    6     H         0.660919   -0.812690   -1.711229
    7     C        -0.592693   -0.807436    0.102052
    8     H        -0.445973   -0.658287    1.174037
    9     H        -0.990538   -1.826701   -0.018706
   10     C        -1.632829    0.204347   -0.426107
   11     H        -1.810408    0.018834   -1.493377
   12     H        -1.189646    1.202011   -0.355772
   13     C        -2.978846    0.190636    0.321310
   14     H        -2.766949    0.334577    1.389850
   15     C        -3.852919    1.364628   -0.142431
   16     H        -4.097766    1.272801   -1.206148
   17     H        -4.794710    1.399604    0.412682
   18     H        -3.342974    2.321519    0.000175
   19     C         2.272014   -0.769403    1.422370
   20     H         2.377357   -1.846247    1.580820
   21     H         3.187584   -0.272373    1.745084
   22     H         1.454899   -0.398985    2.042735
   23     C        -3.731594   -1.138099    0.163601
   24     H        -4.687064   -1.110006    0.695156
   25     H        -3.945969   -1.340061   -0.891831
   26     H        -3.165347   -1.985862    0.558089
   27     C         2.044561   -0.448372   -0.051382
   28     O         1.709897    0.910212   -0.275501
   29     O         3.032107    1.911337    0.235159
   30     H         2.468042    2.449806    0.806867



  ATOMS   1 AND  27 DEFINE INTERNAL ROTATION AXIS

  MOIETY 1 CONTAINS ATOMS:  1  2  3  4

  MOIETY 2 CONTAINS ATOMS:  5  6  7  8  9 10 11 12 13 14 15 16 17 18 19 20 21 22 23 24 25 26 27 28 29 30

  MOMENT OF INERTIA ABOUT BOND FOR MOIETY #1:     3.177   amu*Ang^2
                                              5.275E-40   g*cm^2
              Rotational constant:  B =         5.30660   cm-1
                                    B =    159087.97165   MHz
                                    B =       159.08797   GHz


  MOMENT OF INERTIA ABOUT BOND FOR MOIETY #2:   882.460   amu*Ang^2
                                              1.465E-37   g*cm^2
              Rotational constant:  B =         0.01910   cm-1
                                    B =       572.69308   MHz
                                    B =         0.57269   GHz


  REDUCED MOMENT OF INERTIA ABOUT  1--27 BOND:    3.165   amu*Ang^2
                                              5.256E-40   g*cm^2
              Rotational constant:  B =         5.32571   cm-1
                                    B =    159660.66473   MHz
                                    B =       159.66066   GHz




  ATOMS   5 AND   7 DEFINE INTERNAL ROTATION AXIS

  MOIETY 1 CONTAINS ATOMS:  1  2  3  4  5  6 19 20 21 22 27 28 29 30

  MOIETY 2 CONTAINS ATOMS:  7  8  9 10 11 12 13 14 15 16 17 18 23 24 25 26

  MOMENT OF INERTIA ABOUT BOND FOR MOIETY #1:   374.843   amu*Ang^2
                                              6.224E-38   g*cm^2
              Rotational constant:  B =         0.04497   cm-1
                                    B =      1348.24311   MHz
                                    B =         1.34824   GHz


  MOMENT OF INERTIA ABOUT BOND FOR MOIETY #2:   237.377   amu*Ang^2
                                              3.942E-38   g*cm^2
              Rotational constant:  B =         0.07102   cm-1
                                    B =      2129.01114   MHz
                                    B =         2.12901   GHz


  REDUCED MOMENT OF INERTIA ABOUT  5-- 7 BOND:  145.339   amu*Ang^2
                                              2.413E-38   g*cm^2
              Rotational constant:  B =         0.11599   cm-1
                                    B =      3477.25424   MHz
                                    B =         3.47725   GHz




  ATOMS  10 AND   7 DEFINE INTERNAL ROTATION AXIS

  MOIETY 1 CONTAINS ATOMS: 10 11 12 13 14 15 16 17 18 23 24 25 26

  MOIETY 2 CONTAINS ATOMS:  1  2  3  4  5  6  7  8  9 19 20 21 22 27 28 29 30

  MOMENT OF INERTIA ABOUT BOND FOR MOIETY #1:   163.025   amu*Ang^2
                                              2.707E-38   g*cm^2
              Rotational constant:  B =         0.10341   cm-1
                                    B =      3100.00913   MHz
                                    B =         3.10001   GHz


  MOMENT OF INERTIA ABOUT BOND FOR MOIETY #2:   795.911   amu*Ang^2
                                              1.322E-37   g*cm^2
              Rotational constant:  B =         0.02118   cm-1
                                    B =       634.96949   MHz
                                    B =         0.63497   GHz


  REDUCED MOMENT OF INERTIA ABOUT 10-- 7 BOND:  135.310   amu*Ang^2
                                              2.247E-38   g*cm^2
              Rotational constant:  B =         0.12459   cm-1
                                    B =      3734.97861   MHz
                                    B =         3.73498   GHz




  ATOMS  13 AND  10 DEFINE INTERNAL ROTATION AXIS

  MOIETY 1 CONTAINS ATOMS: 13 14 15 16 17 18 23 24 25 26

  MOIETY 2 CONTAINS ATOMS:  1  2  3  4  5  6  7  8  9 10 11 12 19 20 21 22 27 28 29 30

  MOMENT OF INERTIA ABOUT BOND FOR MOIETY #1:    73.250   amu*Ang^2
                                              1.216E-38   g*cm^2
              Rotational constant:  B =         0.23014   cm-1
                                    B =      6899.40936   MHz
                                    B =         6.89941   GHz


  MOMENT OF INERTIA ABOUT BOND FOR MOIETY #2:   651.425   amu*Ang^2
                                              1.082E-37   g*cm^2
              Rotational constant:  B =         0.02588   cm-1
                                    B =       775.80530   MHz
                                    B =         0.77581   GHz


  REDUCED MOMENT OF INERTIA ABOUT 13--10 BOND:   65.846   amu*Ang^2
                                              1.093E-38   g*cm^2
              Rotational constant:  B =         0.25602   cm-1
                                    B =      7675.21466   MHz
                                    B =         7.67521   GHz




  ATOMS  15 AND  13 DEFINE INTERNAL ROTATION AXIS

  MOIETY 1 CONTAINS ATOMS: 15 16 17 18

  MOIETY 2 CONTAINS ATOMS:  1  2  3  4  5  6  7  8  9 10 11 12 13 14 19 20 21 22 23 24 25 26 27 28 29 30

  MOMENT OF INERTIA ABOUT BOND FOR MOIETY #1:     3.150   amu*Ang^2
                                              5.230E-40   g*cm^2
              Rotational constant:  B =         5.35206   cm-1
                                    B =    160450.84337   MHz
                                    B =       160.45084   GHz


  MOMENT OF INERTIA ABOUT BOND FOR MOIETY #2:  1897.817   amu*Ang^2
                                              3.151E-37   g*cm^2
              Rotational constant:  B =         0.00888   cm-1
                                    B =       266.29485   MHz
                                    B =         0.26629   GHz


  REDUCED MOMENT OF INERTIA ABOUT 15--13 BOND:    3.145   amu*Ang^2
                                              5.222E-40   g*cm^2
              Rotational constant:  B =         5.36095   cm-1
                                    B =    160717.13822   MHz
                                    B =       160.71714   GHz




  ATOMS  23 AND  13 DEFINE INTERNAL ROTATION AXIS

  MOIETY 1 CONTAINS ATOMS: 23 24 25 26

  MOIETY 2 CONTAINS ATOMS:  1  2  3  4  5  6  7  8  9 10 11 12 13 14 15 16 17 18 19 20 21 22 27 28 29 30

  MOMENT OF INERTIA ABOUT BOND FOR MOIETY #1:     3.141   amu*Ang^2
                                              5.216E-40   g*cm^2
              Rotational constant:  B =         5.36626   cm-1
                                    B =    160876.33861   MHz
                                    B =       160.87634   GHz


  MOMENT OF INERTIA ABOUT BOND FOR MOIETY #2:  2159.507   amu*Ang^2
                                              3.586E-37   g*cm^2
              Rotational constant:  B =         0.00781   cm-1
                                    B =       234.02522   MHz
                                    B =         0.23403   GHz


  REDUCED MOMENT OF INERTIA ABOUT 23--13 BOND:    3.137   amu*Ang^2
                                              5.209E-40   g*cm^2
              Rotational constant:  B =         5.37406   cm-1
                                    B =    161110.36383   MHz
                                    B =       161.11036   GHz




  ATOMS  19 AND  27 DEFINE INTERNAL ROTATION AXIS

  MOIETY 1 CONTAINS ATOMS: 19 20 21 22

  MOIETY 2 CONTAINS ATOMS:  1  2  3  4  5  6  7  8  9 10 11 12 13 14 15 16 17 18 23 24 25 26 27 28 29 30

  MOMENT OF INERTIA ABOUT BOND FOR MOIETY #1:     3.166   amu*Ang^2
                                              5.257E-40   g*cm^2
              Rotational constant:  B =         5.32498   cm-1
                                    B =    159638.88879   MHz
                                    B =       159.63889   GHz


  MOMENT OF INERTIA ABOUT BOND FOR MOIETY #2:  1890.243   amu*Ang^2
                                              3.139E-37   g*cm^2
              Rotational constant:  B =         0.00892   cm-1
                                    B =       267.36187   MHz
                                    B =         0.26736   GHz


  REDUCED MOMENT OF INERTIA ABOUT 19--27 BOND:    3.160   amu*Ang^2
                                              5.248E-40   g*cm^2
              Rotational constant:  B =         5.33390   cm-1
                                    B =    159906.25066   MHz
                                    B =       159.90625   GHz




  ATOMS  29 AND  28 DEFINE INTERNAL ROTATION AXIS

  MOIETY 1 CONTAINS ATOMS: 29 30

  MOIETY 2 CONTAINS ATOMS:  1  2  3  4  5  6  7  8  9 10 11 12 13 14 15 16 17 18 19 20 21 22 23 24 25 26 27 28

  MOMENT OF INERTIA ABOUT BOND FOR MOIETY #1:     0.940   amu*Ang^2
                                              1.561E-40   g*cm^2
              Rotational constant:  B =        17.93438   cm-1
                                    B =    537659.26211   MHz
                                    B =       537.65926   GHz


  MOMENT OF INERTIA ABOUT BOND FOR MOIETY #2:   750.981   amu*Ang^2
                                              1.247E-37   g*cm^2
              Rotational constant:  B =         0.02245   cm-1
                                    B =       672.95855   MHz
                                    B =         0.67296   GHz


  REDUCED MOMENT OF INERTIA ABOUT 29--28 BOND:    0.939   amu*Ang^2
                                              1.559E-40   g*cm^2
              Rotational constant:  B =        17.95683   cm-1
                                    B =    538332.22066   MHz
                                    B =       538.33222   GHz



PRINCIPAL MOMENTS OF INERTIA AND ROTATIONAL CONSTANTS
  Ia =     253.3237   Ib =    1172.0404   Ic =    1279.5492   amu*ang^2
  Ia =   4.2065E-38   Ib =   1.9462E-37   Ic =   2.1247E-37   g*cm^2
  Ba =       0.0665   Bb =       0.0144   Bc =       0.0132   cm-1
  Ba =    1994.9933   Bb =     431.1959   Bc =     394.9664   MHz
  Ba =       1.9950   Bb =       0.4312   Bc =       0.3950   GHz

