%%%%%%%%%%%%%%%%%%%%%%%%%%%%%%%%%%%%%%%%%%%%%%%%%%%%%%%%%%%%%%%%%%%%%%%%%%%%%%

                                        John R. Barker
               Mominert-2014            University of Michigan
                                        Ann Arbor, MI 48109-2143
               Jan 2014                 jrbarker@umich.edu
                                        (734) 763 6239

              http://aoss.engin.umich.edu/multiwell/

%%%%%%%%%%%%%%%%%%%%%%%%%%%%%%%%%%%%%%%%%%%%%%%%%%%%%%%%%%%%%%%%%%%%%%%%%%%%%%

        Suggested Literature Citation:

        a) MultiWell-2014   Software, Jan 2014, designed and
           maintained by J.R. Barker with contributors N.F. Ortiz,
           J.M. Preses, L.L. Lohr, A. Maranzana, P.J. Stimac, T. L.
           Nguyen, and T. J. Dhilip Kumar, University of Michigan,
           Ann Arbor, MI; http://aoss.engin.umich.edu/multiwell/

        b) J.R. Barker, Int. J. Chem. Kinetics, 33, 232-45 (2001)



%%%%%%%%%%%%%%%%%%%%%%%%%%%%%%%%%%%%%%%%%%%%%%%%%%%%%%%%%%%%%%%%%%%%%%%%%%%%%%

 TS_2f_26                                                                                            

 NUMBER  TYPE         X           Y           Z
    1     C        -2.493927   -0.093934   -1.074798
    2     H        -2.053725   -0.219356   -2.066711
    3     H        -3.234888    0.709943   -1.119958
    4     H        -2.992571   -1.022401   -0.801782
    5     C        -0.740593    1.582694   -0.474563
    6     H        -0.542135    1.544989   -1.551453
    7     H        -1.508864    2.349497   -0.328817
    8     C         0.540597    2.015353    0.247025
    9     H         0.445215    1.869755    1.327419
   10     H         0.678110    3.091447    0.097939
   11     C         1.799952    1.299697   -0.280424
   12     H         2.681617    1.742135    0.211430
   13     H         1.898586    1.517523   -1.348979
   14     C         1.809110   -0.182320   -0.062321
   15     C         2.154150   -1.099902   -1.188612
   16     H         3.242681   -1.267894   -1.236462
   17     H         1.676441   -2.073657   -1.052733
   18     H         1.837434   -0.696794   -2.152262
   19     C        -1.981849    0.324418    1.363395
   20     H        -2.771428    1.079145    1.422389
   21     H        -2.408978   -0.642227    1.632174
   22     H        -1.211805    0.575928    2.096754
   23     C         2.073976   -0.682907    1.321607
   24     H         1.699595   -1.701170    1.454634
   25     H         3.158892   -0.712674    1.513688
   26     H         1.626034   -0.046632    2.087908
   27     C        -1.399067    0.245495   -0.054307
   28     O        -0.364964   -0.763833   -0.098683
   29     O        -1.145281   -2.249628    0.108873
   30     H        -0.712348   -2.441434    0.951286



  ATOMS   1 AND  27 DEFINE INTERNAL ROTATION AXIS

  MOIETY 1 CONTAINS ATOMS:  1  2  3  4

  MOIETY 2 CONTAINS ATOMS:  5  6  7  8  9 10 11 12 13 14 15 16 17 18 19 20 21 22 23 24 25 26 27 28 29 30

  MOMENT OF INERTIA ABOUT BOND FOR MOIETY #1:     3.172   amu*Ang^2
                                              5.268E-40   g*cm^2
              Rotational constant:  B =         5.31369   cm-1
                                    B =    159300.26569   MHz
                                    B =       159.30027   GHz


  MOMENT OF INERTIA ABOUT BOND FOR MOIETY #2:   698.061   amu*Ang^2
                                              1.159E-37   g*cm^2
              Rotational constant:  B =         0.02415   cm-1
                                    B =       723.97505   MHz
                                    B =         0.72398   GHz


  REDUCED MOMENT OF INERTIA ABOUT  1--27 BOND:    3.158   amu*Ang^2
                                              5.244E-40   g*cm^2
              Rotational constant:  B =         5.33783   cm-1
                                    B =    160024.24074   MHz
                                    B =       160.02424   GHz




  ATOMS   5 AND   8 DEFINE INTERNAL ROTATION AXIS

  MOIETY 1 CONTAINS ATOMS:  1  2  3  4  5  6  7 11 12 13 14 15 16 17 18 19 20 21 22 23 24 25 26 27 28 29 30

  MOIETY 2 CONTAINS ATOMS:  8  9 10

  MOMENT OF INERTIA ABOUT BOND FOR MOIETY #1:   966.561   amu*Ang^2
                                              1.605E-37   g*cm^2
              Rotational constant:  B =         0.01744   cm-1
                                    B =       522.86303   MHz
                                    B =         0.52286   GHz


  MOMENT OF INERTIA ABOUT BOND FOR MOIETY #2:     2.142   amu*Ang^2
                                              3.556E-40   g*cm^2
              Rotational constant:  B =         7.87121   cm-1
                                    B =    235972.81319   MHz
                                    B =       235.97281   GHz


  REDUCED MOMENT OF INERTIA ABOUT  5-- 8 BOND:    2.137   amu*Ang^2
                                              3.548E-40   g*cm^2
              Rotational constant:  B =         7.88865   cm-1
                                    B =    236495.67622   MHz
                                    B =       236.49568   GHz




  ATOMS   5 AND  27 DEFINE INTERNAL ROTATION AXIS

  MOIETY 1 CONTAINS ATOMS:  5  6  7  8  9 10 11 12 13 14 15 16 17 18 23 24 25 26 28 29 30

  MOIETY 2 CONTAINS ATOMS:  1  2  3  4 19 20 21 22 27

  MOMENT OF INERTIA ABOUT BOND FOR MOIETY #1:   765.601   amu*Ang^2
                                              1.271E-37   g*cm^2
              Rotational constant:  B =         0.02202   cm-1
                                    B =       660.10761   MHz
                                    B =         0.66011   GHz


  MOMENT OF INERTIA ABOUT BOND FOR MOIETY #2:    73.117   amu*Ang^2
                                              1.214E-38   g*cm^2
              Rotational constant:  B =         0.23056   cm-1
                                    B =      6911.90255   MHz
                                    B =         6.91190   GHz


  REDUCED MOMENT OF INERTIA ABOUT  5--27 BOND:   66.743   amu*Ang^2
                                              1.108E-38   g*cm^2
              Rotational constant:  B =         0.25258   cm-1
                                    B =      7572.01016   MHz
                                    B =         7.57201   GHz




  ATOMS   8 AND  11 DEFINE INTERNAL ROTATION AXIS

  MOIETY 1 CONTAINS ATOMS:  1  2  3  4  5  6  7  8  9 10 14 15 16 17 18 19 20 21 22 23 24 25 26 27 28 29 30

  MOIETY 2 CONTAINS ATOMS: 11 12 13

  MOMENT OF INERTIA ABOUT BOND FOR MOIETY #1:  1124.342   amu*Ang^2
                                              1.867E-37   g*cm^2
              Rotational constant:  B =         0.01499   cm-1
                                    B =       449.48884   MHz
                                    B =         0.44949   GHz


  MOMENT OF INERTIA ABOUT BOND FOR MOIETY #2:     2.192   amu*Ang^2
                                              3.640E-40   g*cm^2
              Rotational constant:  B =         7.69028   cm-1
                                    B =    230548.81028   MHz
                                    B =       230.54881   GHz


  REDUCED MOMENT OF INERTIA ABOUT  8--11 BOND:    2.188   amu*Ang^2
                                              3.633E-40   g*cm^2
              Rotational constant:  B =         7.70527   cm-1
                                    B =    230998.29912   MHz
                                    B =       230.99830   GHz




  ATOMS  11 AND  14 DEFINE INTERNAL ROTATION AXIS

  MOIETY 1 CONTAINS ATOMS:  1  2  3  4  5  6  7  8  9 10 11 12 13 19 20 21 22 27 28 29 30

  MOIETY 2 CONTAINS ATOMS: 14 15 16 17 18 23 24 25 26

  MOMENT OF INERTIA ABOUT BOND FOR MOIETY #1:  1036.494   amu*Ang^2
                                              1.721E-37   g*cm^2
              Rotational constant:  B =         0.01626   cm-1
                                    B =       487.58493   MHz
                                    B =         0.48758   GHz


  MOMENT OF INERTIA ABOUT BOND FOR MOIETY #2:    61.526   amu*Ang^2
                                              1.022E-38   g*cm^2
              Rotational constant:  B =         0.27399   cm-1
                                    B =      8214.10260   MHz
                                    B =         8.21410   GHz


  REDUCED MOMENT OF INERTIA ABOUT 11--14 BOND:   58.078   amu*Ang^2
                                              9.644E-39   g*cm^2
              Rotational constant:  B =         0.29026   cm-1
                                    B =      8701.68753   MHz
                                    B =         8.70169   GHz




  ATOMS  15 AND  14 DEFINE INTERNAL ROTATION AXIS

  MOIETY 1 CONTAINS ATOMS: 15 16 17 18

  MOIETY 2 CONTAINS ATOMS:  1  2  3  4  5  6  7  8  9 10 11 12 13 14 19 20 21 22 23 24 25 26 27 28 29 30

  MOMENT OF INERTIA ABOUT BOND FOR MOIETY #1:     3.160   amu*Ang^2
                                              5.248E-40   g*cm^2
              Rotational constant:  B =         5.33403   cm-1
                                    B =    159910.27056   MHz
                                    B =       159.91027   GHz


  MOMENT OF INERTIA ABOUT BOND FOR MOIETY #2:  1116.825   amu*Ang^2
                                              1.855E-37   g*cm^2
              Rotational constant:  B =         0.01509   cm-1
                                    B =       452.51387   MHz
                                    B =         0.45251   GHz


  REDUCED MOMENT OF INERTIA ABOUT 15--14 BOND:    3.151   amu*Ang^2
                                              5.233E-40   g*cm^2
              Rotational constant:  B =         5.34913   cm-1
                                    B =    160362.78444   MHz
                                    B =       160.36278   GHz




  ATOMS  23 AND  14 DEFINE INTERNAL ROTATION AXIS

  MOIETY 1 CONTAINS ATOMS: 23 24 25 26

  MOIETY 2 CONTAINS ATOMS:  1  2  3  4  5  6  7  8  9 10 11 12 13 14 15 16 17 18 19 20 21 22 27 28 29 30

  MOMENT OF INERTIA ABOUT BOND FOR MOIETY #1:     3.151   amu*Ang^2
                                              5.232E-40   g*cm^2
              Rotational constant:  B =         5.35024   cm-1
                                    B =    160396.18809   MHz
                                    B =       160.39619   GHz


  MOMENT OF INERTIA ABOUT BOND FOR MOIETY #2:  1194.422   amu*Ang^2
                                              1.983E-37   g*cm^2
              Rotational constant:  B =         0.01411   cm-1
                                    B =       423.11590   MHz
                                    B =         0.42312   GHz


  REDUCED MOMENT OF INERTIA ABOUT 23--14 BOND:    3.143   amu*Ang^2
                                              5.218E-40   g*cm^2
              Rotational constant:  B =         5.36435   cm-1
                                    B =    160819.30398   MHz
                                    B =       160.81930   GHz




  ATOMS  28 AND  14 DEFINE INTERNAL ROTATION AXIS

  MOIETY 1 CONTAINS ATOMS:  1  2  3  4  5  6  7  8  9 10 11 12 13 19 20 21 22 27 28 29 30

  MOIETY 2 CONTAINS ATOMS: 14 15 16 17 18 23 24 25 26

  MOMENT OF INERTIA ABOUT BOND FOR MOIETY #1:   370.140   amu*Ang^2
                                              6.146E-38   g*cm^2
              Rotational constant:  B =         0.04554   cm-1
                                    B =      1365.37319   MHz
                                    B =         1.36537   GHz


  MOMENT OF INERTIA ABOUT BOND FOR MOIETY #2:    77.939   amu*Ang^2
                                              1.294E-38   g*cm^2
              Rotational constant:  B =         0.21629   cm-1
                                    B =      6484.26809   MHz
                                    B =         6.48427   GHz


  REDUCED MOMENT OF INERTIA ABOUT 28--14 BOND:   64.382   amu*Ang^2
                                              1.069E-38   g*cm^2
              Rotational constant:  B =         0.26184   cm-1
                                    B =      7849.64128   MHz
                                    B =         7.84964   GHz




  ATOMS  19 AND  27 DEFINE INTERNAL ROTATION AXIS

  MOIETY 1 CONTAINS ATOMS: 19 20 21 22

  MOIETY 2 CONTAINS ATOMS:  1  2  3  4  5  6  7  8  9 10 11 12 13 14 15 16 17 18 23 24 25 26 27 28 29 30

  MOMENT OF INERTIA ABOUT BOND FOR MOIETY #1:     3.162   amu*Ang^2
                                              5.250E-40   g*cm^2
              Rotational constant:  B =         5.33209   cm-1
                                    B =    159852.14745   MHz
                                    B =       159.85215   GHz


  MOMENT OF INERTIA ABOUT BOND FOR MOIETY #2:   936.735   amu*Ang^2
                                              1.555E-37   g*cm^2
              Rotational constant:  B =         0.01800   cm-1
                                    B =       539.51099   MHz
                                    B =         0.53951   GHz


  REDUCED MOMENT OF INERTIA ABOUT 19--27 BOND:    3.151   amu*Ang^2
                                              5.232E-40   g*cm^2
              Rotational constant:  B =         5.35009   cm-1
                                    B =    160391.65844   MHz
                                    B =       160.39166   GHz




  ATOMS  28 AND  27 DEFINE INTERNAL ROTATION AXIS

  MOIETY 1 CONTAINS ATOMS:  5  6  7  8  9 10 11 12 13 14 15 16 17 18 23 24 25 26 28 29 30

  MOIETY 2 CONTAINS ATOMS:  1  2  3  4 19 20 21 22 27

  MOMENT OF INERTIA ABOUT BOND FOR MOIETY #1:   500.905   amu*Ang^2
                                              8.318E-38   g*cm^2
              Rotational constant:  B =         0.03365   cm-1
                                    B =      1008.93282   MHz
                                    B =         1.00893   GHz


  MOMENT OF INERTIA ABOUT BOND FOR MOIETY #2:    73.422   amu*Ang^2
                                              1.219E-38   g*cm^2
              Rotational constant:  B =         0.22960   cm-1
                                    B =      6883.22592   MHz
                                    B =         6.88323   GHz


  REDUCED MOMENT OF INERTIA ABOUT 28--27 BOND:   64.036   amu*Ang^2
                                              1.063E-38   g*cm^2
              Rotational constant:  B =         0.26325   cm-1
                                    B =      7892.15875   MHz
                                    B =         7.89216   GHz




  ATOMS  29 AND  28 DEFINE INTERNAL ROTATION AXIS

  MOIETY 1 CONTAINS ATOMS: 29 30

  MOIETY 2 CONTAINS ATOMS:  1  2  3  4  5  6  7  8  9 10 11 12 13 14 15 16 17 18 19 20 21 22 23 24 25 26 27 28

  MOMENT OF INERTIA ABOUT BOND FOR MOIETY #1:     0.936   amu*Ang^2
                                              1.554E-40   g*cm^2
              Rotational constant:  B =        18.00936   cm-1
                                    B =    539906.99968   MHz
                                    B =       539.90700   GHz


  MOMENT OF INERTIA ABOUT BOND FOR MOIETY #2:   528.450   amu*Ang^2
                                              8.775E-38   g*cm^2
              Rotational constant:  B =         0.03190   cm-1
                                    B =       956.34201   MHz
                                    B =         0.95634   GHz


  REDUCED MOMENT OF INERTIA ABOUT 29--28 BOND:    0.934   amu*Ang^2
                                              1.552E-40   g*cm^2
              Rotational constant:  B =        18.04126   cm-1
                                    B =    540863.34170   MHz
                                    B =       540.86334   GHz



PRINCIPAL MOMENTS OF INERTIA AND ROTATIONAL CONSTANTS
  Ia =     375.2750   Ib =     568.0837   Ic =     708.1635   amu*ang^2
  Ia =   6.2316E-38   Ib =   9.4333E-38   Ic =   1.1759E-37   g*cm^2
  Ba =       0.0449   Bb =       0.0297   Bc =       0.0238   cm-1
  Ba =    1346.6898   Bb =     889.6206   Bc =     713.6474   MHz
  Ba =       1.3467   Bb =       0.8896   Bc =       0.7136   GHz

