%%%%%%%%%%%%%%%%%%%%%%%%%%%%%%%%%%%%%%%%%%%%%%%%%%%%%%%%%%%%%%%%%%%%%%%%%%%%%%

                                        John R. Barker
               Mominert-2014            University of Michigan
                                        Ann Arbor, MI 48109-2143
               Jan 2014                 jrbarker@umich.edu
                                        (734) 763 6239

              http://aoss.engin.umich.edu/multiwell/

%%%%%%%%%%%%%%%%%%%%%%%%%%%%%%%%%%%%%%%%%%%%%%%%%%%%%%%%%%%%%%%%%%%%%%%%%%%%%%

        Suggested Literature Citation:

        a) MultiWell-2014   Software, Jan 2014, designed and
           maintained by J.R. Barker with contributors N.F. Ortiz,
           J.M. Preses, L.L. Lohr, A. Maranzana, P.J. Stimac, T. L.
           Nguyen, and T. J. Dhilip Kumar, University of Michigan,
           Ann Arbor, MI; http://aoss.engin.umich.edu/multiwell/

        b) J.R. Barker, Int. J. Chem. Kinetics, 33, 232-45 (2001)



%%%%%%%%%%%%%%%%%%%%%%%%%%%%%%%%%%%%%%%%%%%%%%%%%%%%%%%%%%%%%%%%%%%%%%%%%%%%%%

 TS_2a_12                                                                                            

 NUMBER  TYPE         X           Y           Z
    1     C        -3.286869   -0.039519    1.200708
    2     H        -3.286728    1.036170    1.381127
    3     H        -3.196353   -0.561778    2.156966
    4     H        -4.239873   -0.310788    0.740302
    5     C        -0.764911   -0.048661    0.889940
    6     H        -0.816187    1.002491    1.191845
    7     H        -0.648017   -0.635890    1.809112
    8     C         0.448442   -0.243556   -0.024897
    9     H         0.260864    0.279961   -0.967003
   10     H         0.566020   -1.304975   -0.267474
   11     C         1.742316    0.281459    0.610476
   12     H         1.941195   -0.259470    1.546545
   13     H         1.588267    1.330004    0.893451
   14     C         2.994030    0.199316   -0.284110
   15     H         2.759822    0.711734   -1.226964
   16     C         4.170490    0.936607    0.371063
   17     H         4.440939    0.469135    1.324403
   18     H         5.057083    0.919283   -0.269621
   19     H         3.922715    1.982950    0.572065
   20     C        -2.262143   -1.699219   -0.414259
   21     H        -3.244503   -2.126362   -0.565037
   22     H        -1.413400   -2.164362   -0.894234
   23     C         3.386907   -1.247167   -0.617733
   24     H         4.286609   -1.274045   -1.239496
   25     H         3.599829   -1.812172    0.297086
   26     H         2.598604   -1.774231   -1.160569
   27     C        -2.127801   -0.389376    0.273225
   28     O        -2.300550    0.136584   -1.031305
   29     O        -2.307914    1.869834   -0.951707
   30     H        -3.111930    1.941705   -1.484895



  ATOMS   1 AND  27 DEFINE INTERNAL ROTATION AXIS

  MOIETY 1 CONTAINS ATOMS:  1  2  3  4

  MOIETY 2 CONTAINS ATOMS:  5  6  7  8  9 10 11 12 13 14 15 16 17 18 19 20 21 22 23 24 25 26 27 28 29 30

  MOMENT OF INERTIA ABOUT BOND FOR MOIETY #1:     3.176   amu*Ang^2
                                              5.275E-40   g*cm^2
              Rotational constant:  B =         5.30701   cm-1
                                    B =    159100.23265   MHz
                                    B =       159.10023   GHz


  MOMENT OF INERTIA ABOUT BOND FOR MOIETY #2:   957.948   amu*Ang^2
                                              1.591E-37   g*cm^2
              Rotational constant:  B =         0.01760   cm-1
                                    B =       527.56430   MHz
                                    B =         0.52756   GHz


  REDUCED MOMENT OF INERTIA ABOUT  1--27 BOND:    3.166   amu*Ang^2
                                              5.257E-40   g*cm^2
              Rotational constant:  B =         5.32461   cm-1
                                    B =    159627.79695   MHz
                                    B =       159.62780   GHz




  ATOMS   5 AND   8 DEFINE INTERNAL ROTATION AXIS

  MOIETY 1 CONTAINS ATOMS:  1  2  3  4  5  6  7 20 21 22 27 28 29 30

  MOIETY 2 CONTAINS ATOMS:  8  9 10 11 12 13 14 15 16 17 18 19 23 24 25 26

  MOMENT OF INERTIA ABOUT BOND FOR MOIETY #1:   413.553   amu*Ang^2
                                              6.867E-38   g*cm^2
              Rotational constant:  B =         0.04076   cm-1
                                    B =      1222.04084   MHz
                                    B =         1.22204   GHz


  MOMENT OF INERTIA ABOUT BOND FOR MOIETY #2:   242.003   amu*Ang^2
                                              4.019E-38   g*cm^2
              Rotational constant:  B =         0.06966   cm-1
                                    B =      2088.31535   MHz
                                    B =         2.08832   GHz


  REDUCED MOMENT OF INERTIA ABOUT  5-- 8 BOND:  152.666   amu*Ang^2
                                              2.535E-38   g*cm^2
              Rotational constant:  B =         0.11042   cm-1
                                    B =      3310.35620   MHz
                                    B =         3.31036   GHz




  ATOMS  27 AND   5 DEFINE INTERNAL ROTATION AXIS

  MOIETY 1 CONTAINS ATOMS:  1  2  3  4 20 21 22 27 28 29 30

  MOIETY 2 CONTAINS ATOMS:  5  6  7  8  9 10 11 12 13 14 15 16 17 18 19 23 24 25 26

  MOMENT OF INERTIA ABOUT BOND FOR MOIETY #1:   204.331   amu*Ang^2
                                              3.393E-38   g*cm^2
              Rotational constant:  B =         0.08250   cm-1
                                    B =      2473.33994   MHz
                                    B =         2.47334   GHz


  MOMENT OF INERTIA ABOUT BOND FOR MOIETY #2:   454.488   amu*Ang^2
                                              7.547E-38   g*cm^2
              Rotational constant:  B =         0.03709   cm-1
                                    B =      1111.97553   MHz
                                    B =         1.11198   GHz


  REDUCED MOMENT OF INERTIA ABOUT 27-- 5 BOND:  140.958   amu*Ang^2
                                              2.341E-38   g*cm^2
              Rotational constant:  B =         0.11959   cm-1
                                    B =      3585.31547   MHz
                                    B =         3.58532   GHz




  ATOMS  11 AND   8 DEFINE INTERNAL ROTATION AXIS

  MOIETY 1 CONTAINS ATOMS: 11 12 13 14 15 16 17 18 19 23 24 25 26

  MOIETY 2 CONTAINS ATOMS:  1  2  3  4  5  6  7  8  9 10 20 21 22 27 28 29 30

  MOMENT OF INERTIA ABOUT BOND FOR MOIETY #1:   161.934   amu*Ang^2
                                              2.689E-38   g*cm^2
              Rotational constant:  B =         0.10410   cm-1
                                    B =      3120.90448   MHz
                                    B =         3.12090   GHz


  MOMENT OF INERTIA ABOUT BOND FOR MOIETY #2:   405.975   amu*Ang^2
                                              6.741E-38   g*cm^2
              Rotational constant:  B =         0.04152   cm-1
                                    B =      1244.85155   MHz
                                    B =         1.24485   GHz


  REDUCED MOMENT OF INERTIA ABOUT 11-- 8 BOND:  115.760   amu*Ang^2
                                              1.922E-38   g*cm^2
              Rotational constant:  B =         0.14563   cm-1
                                    B =      4365.75602   MHz
                                    B =         4.36576   GHz




  ATOMS  14 AND  11 DEFINE INTERNAL ROTATION AXIS

  MOIETY 1 CONTAINS ATOMS: 14 15 16 17 18 19 23 24 25 26

  MOIETY 2 CONTAINS ATOMS:  1  2  3  4  5  6  7  8  9 10 11 12 13 20 21 22 27 28 29 30

  MOMENT OF INERTIA ABOUT BOND FOR MOIETY #1:    73.195   amu*Ang^2
                                              1.215E-38   g*cm^2
              Rotational constant:  B =         0.23031   cm-1
                                    B =      6904.54454   MHz
                                    B =         6.90454   GHz


  MOMENT OF INERTIA ABOUT BOND FOR MOIETY #2:   937.336   amu*Ang^2
                                              1.556E-37   g*cm^2
              Rotational constant:  B =         0.01798   cm-1
                                    B =       539.16540   MHz
                                    B =         0.53917   GHz


  REDUCED MOMENT OF INERTIA ABOUT 14--11 BOND:   67.893   amu*Ang^2
                                              1.127E-38   g*cm^2
              Rotational constant:  B =         0.24830   cm-1
                                    B =      7443.70994   MHz
                                    B =         7.44371   GHz




  ATOMS  16 AND  14 DEFINE INTERNAL ROTATION AXIS

  MOIETY 1 CONTAINS ATOMS: 16 17 18 19

  MOIETY 2 CONTAINS ATOMS:  1  2  3  4  5  6  7  8  9 10 11 12 13 14 15 20 21 22 23 24 25 26 27 28 29 30

  MOMENT OF INERTIA ABOUT BOND FOR MOIETY #1:     3.150   amu*Ang^2
                                              5.231E-40   g*cm^2
              Rotational constant:  B =         5.35139   cm-1
                                    B =    160430.64856   MHz
                                    B =       160.43065   GHz


  MOMENT OF INERTIA ABOUT BOND FOR MOIETY #2:  1298.578   amu*Ang^2
                                              2.156E-37   g*cm^2
              Rotational constant:  B =         0.01298   cm-1
                                    B =       389.17876   MHz
                                    B =         0.38918   GHz


  REDUCED MOMENT OF INERTIA ABOUT 16--14 BOND:    3.143   amu*Ang^2
                                              5.218E-40   g*cm^2
              Rotational constant:  B =         5.36437   cm-1
                                    B =    160819.82733   MHz
                                    B =       160.81983   GHz




  ATOMS  23 AND  14 DEFINE INTERNAL ROTATION AXIS

  MOIETY 1 CONTAINS ATOMS: 23 24 25 26

  MOIETY 2 CONTAINS ATOMS:  1  2  3  4  5  6  7  8  9 10 11 12 13 14 15 16 17 18 19 20 21 22 27 28 29 30

  MOMENT OF INERTIA ABOUT BOND FOR MOIETY #1:     3.143   amu*Ang^2
                                              5.220E-40   g*cm^2
              Rotational constant:  B =         5.36275   cm-1
                                    B =    160771.11875   MHz
                                    B =       160.77112   GHz


  MOMENT OF INERTIA ABOUT BOND FOR MOIETY #2:  2569.332   amu*Ang^2
                                              4.266E-37   g*cm^2
              Rotational constant:  B =         0.00656   cm-1
                                    B =       196.69663   MHz
                                    B =         0.19670   GHz


  REDUCED MOMENT OF INERTIA ABOUT 23--14 BOND:    3.140   amu*Ang^2
                                              5.213E-40   g*cm^2
              Rotational constant:  B =         5.36931   cm-1
                                    B =    160967.81538   MHz
                                    B =       160.96782   GHz




  ATOMS  29 AND  28 DEFINE INTERNAL ROTATION AXIS

  MOIETY 1 CONTAINS ATOMS: 29 30

  MOIETY 2 CONTAINS ATOMS:  1  2  3  4  5  6  7  8  9 10 11 12 13 14 15 16 17 18 19 20 21 22 23 24 25 26 27 28

  MOMENT OF INERTIA ABOUT BOND FOR MOIETY #1:     0.941   amu*Ang^2
                                              1.562E-40   g*cm^2
              Rotational constant:  B =        17.91970   cm-1
                                    B =    537218.92316   MHz
                                    B =       537.21892   GHz


  MOMENT OF INERTIA ABOUT BOND FOR MOIETY #2:  2146.555   amu*Ang^2
                                              3.564E-37   g*cm^2
              Rotational constant:  B =         0.00785   cm-1
                                    B =       235.43720   MHz
                                    B =         0.23544   GHz


  REDUCED MOMENT OF INERTIA ABOUT 29--28 BOND:    0.940   amu*Ang^2
                                              1.561E-40   g*cm^2
              Rotational constant:  B =        17.92755   cm-1
                                    B =    537454.36036   MHz
                                    B =       537.45436   GHz



PRINCIPAL MOMENTS OF INERTIA AND ROTATIONAL CONSTANTS
  Ia =     256.3818   Ib =    1190.4506   Ic =    1249.6317   amu*ang^2
  Ia =   4.2573E-38   Ib =   1.9768E-37   Ic =   2.0751E-37   g*cm^2
  Ba =       0.0658   Bb =       0.0142   Bc =       0.0135   cm-1
  Ba =    1971.1966   Bb =     424.5275   Bc =     404.4224   MHz
  Ba =       1.9712   Bb =       0.4245   Bc =       0.4044   GHz

