%%%%%%%%%%%%%%%%%%%%%%%%%%%%%%%%%%%%%%%%%%%%%%%%%%%%%%%%%%%%%%%%%%%%%%%%%%%%%%

                                        John R. Barker
               Mominert-2014            University of Michigan
                                        Ann Arbor, MI 48109-2143
               Jan 2014                 jrbarker@umich.edu
                                        (734) 763 6239

              http://aoss.engin.umich.edu/multiwell/

%%%%%%%%%%%%%%%%%%%%%%%%%%%%%%%%%%%%%%%%%%%%%%%%%%%%%%%%%%%%%%%%%%%%%%%%%%%%%%

        Suggested Literature Citation:

        a) MultiWell-2014   Software, Jan 2014, designed and
           maintained by J.R. Barker with contributors N.F. Ortiz,
           J.M. Preses, L.L. Lohr, A. Maranzana, P.J. Stimac, T. L.
           Nguyen, and T. J. Dhilip Kumar, University of Michigan,
           Ann Arbor, MI; http://aoss.engin.umich.edu/multiwell/

        b) J.R. Barker, Int. J. Chem. Kinetics, 33, 232-45 (2001)



%%%%%%%%%%%%%%%%%%%%%%%%%%%%%%%%%%%%%%%%%%%%%%%%%%%%%%%%%%%%%%%%%%%%%%%%%%%%%%

 TS_2d_24                                                                                            

 NUMBER  TYPE         X           Y           Z
    1     C        -2.584591   -0.493529    1.457598
    2     H        -1.936496   -0.068309    2.228459
    3     H        -2.823520   -1.524196    1.738847
    4     H        -3.506674    0.085914    1.420693
    5     C        -0.502798   -1.173890    0.119893
    6     H        -0.159980   -1.334866    1.144851
    7     H        -0.529247   -2.143866   -0.389557
    8     C         0.360426   -0.155442   -0.574625
    9     H         0.334673   -0.136677   -1.659825
   10     C         1.477143    0.585614    0.077634
   11     H         1.378667    0.528576    1.168134
   12     H         1.387031    1.646357   -0.190930
   13     C         2.897515    0.110887   -0.331372
   14     H         2.960994    0.176894   -1.425383
   15     C         3.960768    1.044532    0.260973
   16     H         3.934287    1.022202    1.355806
   17     H         4.965319    0.746345   -0.052478
   18     H         3.803780    2.079648   -0.055512
   19     C        -2.783209   -0.944825   -1.027788
   20     H        -3.144028   -1.959318   -0.831918
   21     H        -3.639648   -0.276843   -1.123251
   22     H        -2.242655   -0.946242   -1.977591
   23     C         3.155825   -1.346617    0.072009
   24     H         4.153458   -1.669162   -0.239517
   25     H         3.093103   -1.467586    1.159108
   26     H         2.430242   -2.026854   -0.382371
   27     C        -1.878849   -0.469381    0.106532
   28     O        -1.364250    0.870027   -0.204286
   29     O        -2.728094    1.856014   -0.200422
   30     H        -2.333937    2.515563    0.384991



  ATOMS   1 AND  27 DEFINE INTERNAL ROTATION AXIS

  MOIETY 1 CONTAINS ATOMS:  1  2  3  4

  MOIETY 2 CONTAINS ATOMS:  5  6  7  8  9 10 11 12 13 14 15 16 17 18 19 20 21 22 23 24 25 26 27 28 29 30

  MOMENT OF INERTIA ABOUT BOND FOR MOIETY #1:     3.174   amu*Ang^2
                                              5.271E-40   g*cm^2
              Rotational constant:  B =         5.31037   cm-1
                                    B =    159200.99307   MHz
                                    B =       159.20099   GHz


  MOMENT OF INERTIA ABOUT BOND FOR MOIETY #2:  1374.596   amu*Ang^2
                                              2.283E-37   g*cm^2
              Rotational constant:  B =         0.01226   cm-1
                                    B =       367.65630   MHz
                                    B =         0.36766   GHz


  REDUCED MOMENT OF INERTIA ABOUT  1--27 BOND:    3.167   amu*Ang^2
                                              5.259E-40   g*cm^2
              Rotational constant:  B =         5.32264   cm-1
                                    B =    159568.64937   MHz
                                    B =       159.56865   GHz




  ATOMS  10 AND   8 DEFINE INTERNAL ROTATION AXIS

  MOIETY 1 CONTAINS ATOMS: 10 11 12 13 14 15 16 17 18 23 24 25 26

  MOIETY 2 CONTAINS ATOMS:  1  2  3  4  5  6  7  8  9 19 20 21 22 27 28 29 30

  MOMENT OF INERTIA ABOUT BOND FOR MOIETY #1:   163.802   amu*Ang^2
                                              2.720E-38   g*cm^2
              Rotational constant:  B =         0.10291   cm-1
                                    B =      3085.30188   MHz
                                    B =         3.08530   GHz


  MOMENT OF INERTIA ABOUT BOND FOR MOIETY #2:   542.682   amu*Ang^2
                                              9.011E-38   g*cm^2
              Rotational constant:  B =         0.03106   cm-1
                                    B =       931.26214   MHz
                                    B =         0.93126   GHz


  REDUCED MOMENT OF INERTIA ABOUT 10-- 8 BOND:  125.824   amu*Ang^2
                                              2.089E-38   g*cm^2
              Rotational constant:  B =         0.13398   cm-1
                                    B =      4016.56402   MHz
                                    B =         4.01656   GHz




  ATOMS  13 AND  10 DEFINE INTERNAL ROTATION AXIS

  MOIETY 1 CONTAINS ATOMS: 13 14 15 16 17 18 23 24 25 26

  MOIETY 2 CONTAINS ATOMS:  1  2  3  4  5  6  7  8  9 10 11 12 19 20 21 22 27 28 29 30

  MOMENT OF INERTIA ABOUT BOND FOR MOIETY #1:    73.404   amu*Ang^2
                                              1.219E-38   g*cm^2
              Rotational constant:  B =         0.22966   cm-1
                                    B =      6884.93897   MHz
                                    B =         6.88494   GHz


  MOMENT OF INERTIA ABOUT BOND FOR MOIETY #2:   498.687   amu*Ang^2
                                              8.281E-38   g*cm^2
              Rotational constant:  B =         0.03380   cm-1
                                    B =      1013.42022   MHz
                                    B =         1.01342   GHz


  REDUCED MOMENT OF INERTIA ABOUT 13--10 BOND:   63.985   amu*Ang^2
                                              1.063E-38   g*cm^2
              Rotational constant:  B =         0.26346   cm-1
                                    B =      7898.35919   MHz
                                    B =         7.89836   GHz




  ATOMS  15 AND  13 DEFINE INTERNAL ROTATION AXIS

  MOIETY 1 CONTAINS ATOMS: 15 16 17 18

  MOIETY 2 CONTAINS ATOMS:  1  2  3  4  5  6  7  8  9 10 11 12 13 14 19 20 21 22 23 24 25 26 27 28 29 30

  MOMENT OF INERTIA ABOUT BOND FOR MOIETY #1:     3.150   amu*Ang^2
                                              5.231E-40   g*cm^2
              Rotational constant:  B =         5.35120   cm-1
                                    B =    160425.04197   MHz
                                    B =       160.42504   GHz


  MOMENT OF INERTIA ABOUT BOND FOR MOIETY #2:  1464.186   amu*Ang^2
                                              2.431E-37   g*cm^2
              Rotational constant:  B =         0.01151   cm-1
                                    B =       345.16032   MHz
                                    B =         0.34516   GHz


  REDUCED MOMENT OF INERTIA ABOUT 15--13 BOND:    3.143   amu*Ang^2
                                              5.220E-40   g*cm^2
              Rotational constant:  B =         5.36272   cm-1
                                    B =    160770.20229   MHz
                                    B =       160.77020   GHz




  ATOMS  23 AND  13 DEFINE INTERNAL ROTATION AXIS

  MOIETY 1 CONTAINS ATOMS: 23 24 25 26

  MOIETY 2 CONTAINS ATOMS:  1  2  3  4  5  6  7  8  9 10 11 12 13 14 15 16 17 18 19 20 21 22 27 28 29 30

  MOMENT OF INERTIA ABOUT BOND FOR MOIETY #1:     3.147   amu*Ang^2
                                              5.226E-40   g*cm^2
              Rotational constant:  B =         5.35645   cm-1
                                    B =    160582.42821   MHz
                                    B =       160.58243   GHz


  MOMENT OF INERTIA ABOUT BOND FOR MOIETY #2:  2396.312   amu*Ang^2
                                              3.979E-37   g*cm^2
              Rotational constant:  B =         0.00703   cm-1
                                    B =       210.89870   MHz
                                    B =         0.21090   GHz


  REDUCED MOMENT OF INERTIA ABOUT 23--13 BOND:    3.143   amu*Ang^2
                                              5.219E-40   g*cm^2
              Rotational constant:  B =         5.36349   cm-1
                                    B =    160793.32692   MHz
                                    B =       160.79333   GHz




  ATOMS  19 AND  27 DEFINE INTERNAL ROTATION AXIS

  MOIETY 1 CONTAINS ATOMS: 19 20 21 22

  MOIETY 2 CONTAINS ATOMS:  1  2  3  4  5  6  7  8  9 10 11 12 13 14 15 16 17 18 23 24 25 26 27 28 29 30

  MOMENT OF INERTIA ABOUT BOND FOR MOIETY #1:     3.172   amu*Ang^2
                                              5.268E-40   g*cm^2
              Rotational constant:  B =         5.31409   cm-1
                                    B =    159312.26203   MHz
                                    B =       159.31226   GHz


  MOMENT OF INERTIA ABOUT BOND FOR MOIETY #2:  1183.834   amu*Ang^2
                                              1.966E-37   g*cm^2
              Rotational constant:  B =         0.01424   cm-1
                                    B =       426.90018   MHz
                                    B =         0.42690   GHz


  REDUCED MOMENT OF INERTIA ABOUT 19--27 BOND:    3.164   amu*Ang^2
                                              5.254E-40   g*cm^2
              Rotational constant:  B =         5.32833   cm-1
                                    B =    159739.16221   MHz
                                    B =       159.73916   GHz




  ATOMS  29 AND  28 DEFINE INTERNAL ROTATION AXIS

  MOIETY 1 CONTAINS ATOMS: 29 30

  MOIETY 2 CONTAINS ATOMS:  1  2  3  4  5  6  7  8  9 10 11 12 13 14 15 16 17 18 19 20 21 22 23 24 25 26 27 28

  MOMENT OF INERTIA ABOUT BOND FOR MOIETY #1:     0.936   amu*Ang^2
                                              1.554E-40   g*cm^2
              Rotational constant:  B =        18.01462   cm-1
                                    B =    540064.59654   MHz
                                    B =       540.06460   GHz


  MOMENT OF INERTIA ABOUT BOND FOR MOIETY #2:   516.109   amu*Ang^2
                                              8.570E-38   g*cm^2
              Rotational constant:  B =         0.03266   cm-1
                                    B =       979.21050   MHz
                                    B =         0.97921   GHz


  REDUCED MOMENT OF INERTIA ABOUT 29--28 BOND:    0.934   amu*Ang^2
                                              1.551E-40   g*cm^2
              Rotational constant:  B =        18.04728   cm-1
                                    B =    541043.80704   MHz
                                    B =       541.04381   GHz



PRINCIPAL MOMENTS OF INERTIA AND ROTATIONAL CONSTANTS
  Ia =     250.6898   Ib =    1036.4501   Ic =    1140.6252   amu*ang^2
  Ia =   4.1628E-38   Ib =   1.7211E-37   Ic =   1.8941E-37   g*cm^2
  Ba =       0.0672   Bb =       0.0163   Bc =       0.0148   cm-1
  Ba =    2015.9534   Bb =     487.6057   Bc =     443.0719   MHz
  Ba =       2.0160   Bb =       0.4876   Bc =       0.4431   GHz

