%%%%%%%%%%%%%%%%%%%%%%%%%%%%%%%%%%%%%%%%%%%%%%%%%%%%%%%%%%%%%%%%%%%%%%%%%%%%%%

                                        John R. Barker
               Mominert-2014            University of Michigan
                                        Ann Arbor, MI 48109-2143
               Jan 2014                 jrbarker@umich.edu
                                        (734) 763 6239

              http://aoss.engin.umich.edu/multiwell/

%%%%%%%%%%%%%%%%%%%%%%%%%%%%%%%%%%%%%%%%%%%%%%%%%%%%%%%%%%%%%%%%%%%%%%%%%%%%%%

        Suggested Literature Citation:

        a) MultiWell-2014   Software, Jan 2014, designed and
           maintained by J.R. Barker with contributors N.F. Ortiz,
           J.M. Preses, L.L. Lohr, A. Maranzana, P.J. Stimac, T. L.
           Nguyen, and T. J. Dhilip Kumar, University of Michigan,
           Ann Arbor, MI; http://aoss.engin.umich.edu/multiwell/

        b) J.R. Barker, Int. J. Chem. Kinetics, 33, 232-45 (2001)



%%%%%%%%%%%%%%%%%%%%%%%%%%%%%%%%%%%%%%%%%%%%%%%%%%%%%%%%%%%%%%%%%%%%%%%%%%%%%%

 TS_3_C9H18_3                                                                                        

 NUMBER  TYPE         X           Y           Z
    1     C         3.626837    0.259672   -0.293057
    2     H         3.498770    1.330908   -0.139358
    3     H         3.745817    0.081945   -1.367163
    4     H         4.552664   -0.051973    0.198132
    5     C         2.434102   -0.531331    0.260267
    6     H         2.334575   -0.318945    1.331742
    7     C        -0.114089   -0.309001    0.204302
    8     H        -0.191918    0.968309    0.567144
    9     H        -0.102141   -0.790720    1.184077
   10     C        -1.377197   -0.533331   -0.628166
   11     H        -1.503442   -1.609736   -0.808526
   12     H        -1.227900   -0.074633   -1.612354
   13     C        -2.684219    0.015754   -0.022017
   14     H        -2.545807    1.090973    0.149122
   15     C        -3.841703   -0.156551   -1.014718
   16     H        -4.021250   -1.216519   -1.226481
   17     H        -4.769727    0.263395   -0.616733
   18     H        -3.629743    0.342011   -1.965126
   19     C         2.671806   -2.052148    0.105867
   20     H         2.756892   -2.329253   -0.949549
   21     H         3.602791   -2.339454    0.602814
   22     H         1.856968   -2.633403    0.543266
   23     C        -3.023366   -0.639595    1.324237
   24     H        -3.142854   -1.723139    1.210742
   25     H        -3.960784   -0.243686    1.725005
   26     H        -2.248658   -0.464335    2.074803
   27     C         1.131125   -0.177468   -0.405009
   28     H         1.173024   -0.007708   -1.478558
   29     O         1.208415    2.096179   -0.139633
   30     O         0.151954    2.212567    0.562979



  ATOMS   1 AND   5 DEFINE INTERNAL ROTATION AXIS

  MOIETY 1 CONTAINS ATOMS:  1  2  3  4

  MOIETY 2 CONTAINS ATOMS:  5  6  7  8  9 10 11 12 13 14 15 16 17 18 19 20 21 22 23 24 25 26 27 28 29 30

  MOMENT OF INERTIA ABOUT BOND FOR MOIETY #1:     3.153   amu*Ang^2
                                              5.236E-40   g*cm^2
              Rotational constant:  B =         5.34643   cm-1
                                    B =    160281.89902   MHz
                                    B =       160.28190   GHz


  MOMENT OF INERTIA ABOUT BOND FOR MOIETY #2:  1246.982   amu*Ang^2
                                              2.071E-37   g*cm^2
              Rotational constant:  B =         0.01352   cm-1
                                    B =       405.28165   MHz
                                    B =         0.40528   GHz


  REDUCED MOMENT OF INERTIA ABOUT  1-- 5 BOND:    3.145   amu*Ang^2
                                              5.223E-40   g*cm^2
              Rotational constant:  B =         5.35995   cm-1
                                    B =    160687.18067   MHz
                                    B =       160.68718   GHz




  ATOMS  19 AND   5 DEFINE INTERNAL ROTATION AXIS

  MOIETY 1 CONTAINS ATOMS: 19 20 21 22

  MOIETY 2 CONTAINS ATOMS:  1  2  3  4  5  6  7  8  9 10 11 12 13 14 15 16 17 18 23 24 25 26 27 28 29 30

  MOMENT OF INERTIA ABOUT BOND FOR MOIETY #1:     3.156   amu*Ang^2
                                              5.241E-40   g*cm^2
              Rotational constant:  B =         5.34134   cm-1
                                    B =    160129.21468   MHz
                                    B =       160.12921   GHz


  MOMENT OF INERTIA ABOUT BOND FOR MOIETY #2:  1836.361   amu*Ang^2
                                              3.049E-37   g*cm^2
              Rotational constant:  B =         0.00918   cm-1
                                    B =       275.20685   MHz
                                    B =         0.27521   GHz


  REDUCED MOMENT OF INERTIA ABOUT 19-- 5 BOND:    3.151   amu*Ang^2
                                              5.232E-40   g*cm^2
              Rotational constant:  B =         5.35052   cm-1
                                    B =    160404.42153   MHz
                                    B =       160.40442   GHz




  ATOMS   5 AND  27 DEFINE INTERNAL ROTATION AXIS

  MOIETY 1 CONTAINS ATOMS:  1  2  3  4  5  6 19 20 21 22

  MOIETY 2 CONTAINS ATOMS:  7  8  9 10 11 12 13 14 15 16 17 18 23 24 25 26 27 28 29 30

  MOMENT OF INERTIA ABOUT BOND FOR MOIETY #1:    74.020   amu*Ang^2
                                              1.229E-38   g*cm^2
              Rotational constant:  B =         0.22774   cm-1
                                    B =      6827.61413   MHz
                                    B =         6.82761   GHz


  MOMENT OF INERTIA ABOUT BOND FOR MOIETY #2:   570.274   amu*Ang^2
                                              9.470E-38   g*cm^2
              Rotational constant:  B =         0.02956   cm-1
                                    B =       886.20369   MHz
                                    B =         0.88620   GHz


  REDUCED MOMENT OF INERTIA ABOUT  5--27 BOND:   65.516   amu*Ang^2
                                              1.088E-38   g*cm^2
              Rotational constant:  B =         0.25731   cm-1
                                    B =      7713.81783   MHz
                                    B =         7.71382   GHz




  ATOMS   8 AND   7 DEFINE INTERNAL ROTATION AXIS

  MOIETY 1 CONTAINS ATOMS:  8 29 30

  MOIETY 2 CONTAINS ATOMS:  1  2  3  4  5  6  7  9 10 11 12 13 14 15 16 17 18 19 20 21 22 23 24 25 26 27 28

  MOMENT OF INERTIA ABOUT BOND FOR MOIETY #1:    53.890   amu*Ang^2
                                              8.949E-39   g*cm^2
              Rotational constant:  B =         0.31282   cm-1
                                    B =      9377.98765   MHz
                                    B =         9.37799   GHz


  MOMENT OF INERTIA ABOUT BOND FOR MOIETY #2:   970.885   amu*Ang^2
                                              1.612E-37   g*cm^2
              Rotational constant:  B =         0.01736   cm-1
                                    B =       520.53453   MHz
                                    B =         0.52053   GHz


  REDUCED MOMENT OF INERTIA ABOUT  8-- 7 BOND:   51.056   amu*Ang^2
                                              8.478E-39   g*cm^2
              Rotational constant:  B =         0.33018   cm-1
                                    B =      9898.52218   MHz
                                    B =         9.89852   GHz




  ATOMS  10 AND   7 DEFINE INTERNAL ROTATION AXIS

  MOIETY 1 CONTAINS ATOMS: 10 11 12 13 14 15 16 17 18 23 24 25 26

  MOIETY 2 CONTAINS ATOMS:  1  2  3  4  5  6  7  8  9 19 20 21 22 27 28 29 30

  MOMENT OF INERTIA ABOUT BOND FOR MOIETY #1:   160.478   amu*Ang^2
                                              2.665E-38   g*cm^2
              Rotational constant:  B =         0.10505   cm-1
                                    B =      3149.21674   MHz
                                    B =         3.14922   GHz


  MOMENT OF INERTIA ABOUT BOND FOR MOIETY #2:   451.898   amu*Ang^2
                                              7.504E-38   g*cm^2
              Rotational constant:  B =         0.03730   cm-1
                                    B =      1118.34861   MHz
                                    B =         1.11835   GHz


  REDUCED MOMENT OF INERTIA ABOUT 10-- 7 BOND:  118.423   amu*Ang^2
                                              1.966E-38   g*cm^2
              Rotational constant:  B =         0.14235   cm-1
                                    B =      4267.56535   MHz
                                    B =         4.26757   GHz




  ATOMS  30 AND   8 DEFINE INTERNAL ROTATION AXIS

  MOIETY 1 CONTAINS ATOMS: 29 30

  MOIETY 2 CONTAINS ATOMS:  1  2  3  4  5  6  7  8  9 10 11 12 13 14 15 16 17 18 19 20 21 22 23 24 25 26 27 28

  MOMENT OF INERTIA ABOUT BOND FOR MOIETY #1:    25.502   amu*Ang^2
                                              4.235E-39   g*cm^2
              Rotational constant:  B =         0.66104   cm-1
                                    B =     19817.59145   MHz
                                    B =        19.81759   GHz


  MOMENT OF INERTIA ABOUT BOND FOR MOIETY #2:  1004.311   amu*Ang^2
                                              1.668E-37   g*cm^2
              Rotational constant:  B =         0.01679   cm-1
                                    B =       503.20968   MHz
                                    B =         0.50321   GHz


  REDUCED MOMENT OF INERTIA ABOUT 30-- 8 BOND:   24.870   amu*Ang^2
                                              4.130E-39   g*cm^2
              Rotational constant:  B =         0.67783   cm-1
                                    B =     20320.80114   MHz
                                    B =        20.32080   GHz




  ATOMS  13 AND  10 DEFINE INTERNAL ROTATION AXIS

  MOIETY 1 CONTAINS ATOMS: 13 14 15 16 17 18 23 24 25 26

  MOIETY 2 CONTAINS ATOMS:  1  2  3  4  5  6  7  8  9 10 11 12 19 20 21 22 27 28 29 30

  MOMENT OF INERTIA ABOUT BOND FOR MOIETY #1:    73.378   amu*Ang^2
                                              1.218E-38   g*cm^2
              Rotational constant:  B =         0.22974   cm-1
                                    B =      6887.29234   MHz
                                    B =         6.88729   GHz


  MOMENT OF INERTIA ABOUT BOND FOR MOIETY #2:   813.118   amu*Ang^2
                                              1.350E-37   g*cm^2
              Rotational constant:  B =         0.02073   cm-1
                                    B =       621.53218   MHz
                                    B =         0.62153   GHz


  REDUCED MOMENT OF INERTIA ABOUT 13--10 BOND:   67.305   amu*Ang^2
                                              1.118E-38   g*cm^2
              Rotational constant:  B =         0.25047   cm-1
                                    B =      7508.82452   MHz
                                    B =         7.50882   GHz




  ATOMS  15 AND  13 DEFINE INTERNAL ROTATION AXIS

  MOIETY 1 CONTAINS ATOMS: 15 16 17 18

  MOIETY 2 CONTAINS ATOMS:  1  2  3  4  5  6  7  8  9 10 11 12 13 14 19 20 21 22 23 24 25 26 27 28 29 30

  MOMENT OF INERTIA ABOUT BOND FOR MOIETY #1:     3.149   amu*Ang^2
                                              5.230E-40   g*cm^2
              Rotational constant:  B =         5.35255   cm-1
                                    B =    160465.34377   MHz
                                    B =       160.46534   GHz


  MOMENT OF INERTIA ABOUT BOND FOR MOIETY #2:  1166.259   amu*Ang^2
                                              1.937E-37   g*cm^2
              Rotational constant:  B =         0.01445   cm-1
                                    B =       433.33359   MHz
                                    B =         0.43333   GHz


  REDUCED MOMENT OF INERTIA ABOUT 15--13 BOND:    3.141   amu*Ang^2
                                              5.216E-40   g*cm^2
              Rotational constant:  B =         5.36700   cm-1
                                    B =    160898.67736   MHz
                                    B =       160.89868   GHz




  ATOMS  23 AND  13 DEFINE INTERNAL ROTATION AXIS

  MOIETY 1 CONTAINS ATOMS: 23 24 25 26

  MOIETY 2 CONTAINS ATOMS:  1  2  3  4  5  6  7  8  9 10 11 12 13 14 15 16 17 18 19 20 21 22 27 28 29 30

  MOMENT OF INERTIA ABOUT BOND FOR MOIETY #1:     3.143   amu*Ang^2
                                              5.219E-40   g*cm^2
              Rotational constant:  B =         5.36348   cm-1
                                    B =    160793.09994   MHz
                                    B =       160.79310   GHz


  MOMENT OF INERTIA ABOUT BOND FOR MOIETY #2:  2203.802   amu*Ang^2
                                              3.659E-37   g*cm^2
              Rotational constant:  B =         0.00765   cm-1
                                    B =       229.32138   MHz
                                    B =         0.22932   GHz


  REDUCED MOMENT OF INERTIA ABOUT 23--13 BOND:    3.139   amu*Ang^2
                                              5.212E-40   g*cm^2
              Rotational constant:  B =         5.37113   cm-1
                                    B =    161022.42132   MHz
                                    B =       161.02242   GHz



PRINCIPAL MOMENTS OF INERTIA AND ROTATIONAL CONSTANTS
  Ia =     318.3029   Ib =     997.8291   Ic =    1165.9110   amu*ang^2
  Ia =   5.2855E-38   Ib =   1.6569E-37   Ic =   1.9360E-37   g*cm^2
  Ba =       0.0530   Bb =       0.0169   Bc =       0.0145   cm-1
  Ba =    1587.7296   Bb =     506.4785   Bc =     433.4628   MHz
  Ba =       1.5877   Bb =       0.5065   Bc =       0.4335   GHz

