%%%%%%%%%%%%%%%%%%%%%%%%%%%%%%%%%%%%%%%%%%%%%%%%%%%%%%%%%%%%%%%%%%%%%%%%%%%%%%

                                        John R. Barker
               Mominert-2014            University of Michigan
                                        Ann Arbor, MI 48109-2143
               Jan 2014                 jrbarker@umich.edu
                                        (734) 763 6239

              http://aoss.engin.umich.edu/multiwell/

%%%%%%%%%%%%%%%%%%%%%%%%%%%%%%%%%%%%%%%%%%%%%%%%%%%%%%%%%%%%%%%%%%%%%%%%%%%%%%

        Suggested Literature Citation:

        a) MultiWell-2014   Software, Jan 2014, designed and
           maintained by J.R. Barker with contributors N.F. Ortiz,
           J.M. Preses, L.L. Lohr, A. Maranzana, P.J. Stimac, T. L.
           Nguyen, and T. J. Dhilip Kumar, University of Michigan,
           Ann Arbor, MI; http://aoss.engin.umich.edu/multiwell/

        b) J.R. Barker, Int. J. Chem. Kinetics, 33, 232-45 (2001)



%%%%%%%%%%%%%%%%%%%%%%%%%%%%%%%%%%%%%%%%%%%%%%%%%%%%%%%%%%%%%%%%%%%%%%%%%%%%%%

 TS_3_3f                                                                                             

 NUMBER  TYPE         X           Y           Z
    1     C        -3.190081   -1.134434    0.130017
    2     H        -2.647707   -2.070101    0.268765
    3     H        -3.611062   -1.133761   -0.881887
    4     H        -4.024819   -1.111795    0.836139
    5     C        -2.270734    0.075645    0.342016
    6     H        -1.898521    0.048956    1.372782
    7     C        -0.051111    1.173316   -0.415692
    8     H        -0.011980    1.485680    0.632036
    9     H        -0.457498    2.020479   -0.974024
   10     C         1.376120    0.870477   -0.921655
   11     H         1.883300    1.821123   -1.140937
   12     H         1.315029    0.327790   -1.869501
   13     C         2.243537    0.083379    0.061968
   14     H         1.322873   -0.737295    0.591889
   15     C         3.250354   -0.848666   -0.575250
   16     H         4.001768   -0.275553   -1.138803
   17     H         3.783331   -1.440029    0.173808
   18     H         2.766351   -1.533869   -1.275667
   19     C        -3.041267    1.387745    0.131287
   20     H        -3.373233    1.486603   -0.908550
   21     H        -3.934229    1.408612    0.761766
   22     H        -2.444747    2.268493    0.379353
   23     C         2.763633    0.875346    1.244282
   24     H         3.204033    0.221920    2.002018
   25     H         3.548390    1.573962    0.918434
   26     H         1.979402    1.466540    1.723313
   27     C        -1.030857   -0.007046   -0.565199
   28     H        -1.350819   -0.079259   -1.613008
   29     O        -0.348640   -1.273434   -0.403018
   30     O         0.305213   -1.301949    0.846946



  ATOMS   1 AND   5 DEFINE INTERNAL ROTATION AXIS

  MOIETY 1 CONTAINS ATOMS:  1  2  3  4

  MOIETY 2 CONTAINS ATOMS:  5  6  7  8  9 10 11 12 13 14 15 16 17 18 19 20 21 22 23 24 25 26 27 28 29 30

  MOMENT OF INERTIA ABOUT BOND FOR MOIETY #1:     3.154   amu*Ang^2
                                              5.238E-40   g*cm^2
              Rotational constant:  B =         5.34401   cm-1
                                    B =    160209.23479   MHz
                                    B =       160.20923   GHz


  MOMENT OF INERTIA ABOUT BOND FOR MOIETY #2:  1228.695   amu*Ang^2
                                              2.040E-37   g*cm^2
              Rotational constant:  B =         0.01372   cm-1
                                    B =       411.31356   MHz
                                    B =         0.41131   GHz


  REDUCED MOMENT OF INERTIA ABOUT  1-- 5 BOND:    3.146   amu*Ang^2
                                              5.225E-40   g*cm^2
              Rotational constant:  B =         5.35773   cm-1
                                    B =    160620.54835   MHz
                                    B =       160.62055   GHz




  ATOMS  19 AND   5 DEFINE INTERNAL ROTATION AXIS

  MOIETY 1 CONTAINS ATOMS: 19 20 21 22

  MOIETY 2 CONTAINS ATOMS:  1  2  3  4  5  6  7  8  9 10 11 12 13 14 15 16 17 18 23 24 25 26 27 28 29 30

  MOMENT OF INERTIA ABOUT BOND FOR MOIETY #1:     3.140   amu*Ang^2
                                              5.214E-40   g*cm^2
              Rotational constant:  B =         5.36862   cm-1
                                    B =    160947.10585   MHz
                                    B =       160.94711   GHz


  MOMENT OF INERTIA ABOUT BOND FOR MOIETY #2:  1308.639   amu*Ang^2
                                              2.173E-37   g*cm^2
              Rotational constant:  B =         0.01288   cm-1
                                    B =       386.18679   MHz
                                    B =         0.38619   GHz


  REDUCED MOMENT OF INERTIA ABOUT 19-- 5 BOND:    3.133   amu*Ang^2
                                              5.202E-40   g*cm^2
              Rotational constant:  B =         5.38150   cm-1
                                    B =    161333.29264   MHz
                                    B =       161.33329   GHz




  ATOMS   5 AND  27 DEFINE INTERNAL ROTATION AXIS

  MOIETY 1 CONTAINS ATOMS:  1  2  3  4  5  6 19 20 21 22

  MOIETY 2 CONTAINS ATOMS:  7  8  9 10 11 12 13 14 15 16 17 18 23 24 25 26 27 28 29 30

  MOMENT OF INERTIA ABOUT BOND FOR MOIETY #1:    73.297   amu*Ang^2
                                              1.217E-38   g*cm^2
              Rotational constant:  B =         0.22999   cm-1
                                    B =      6894.93728   MHz
                                    B =         6.89494   GHz


  MOMENT OF INERTIA ABOUT BOND FOR MOIETY #2:   596.898   amu*Ang^2
                                              9.912E-38   g*cm^2
              Rotational constant:  B =         0.02824   cm-1
                                    B =       846.67514   MHz
                                    B =         0.84668   GHz


  REDUCED MOMENT OF INERTIA ABOUT  5--27 BOND:   65.281   amu*Ang^2
                                              1.084E-38   g*cm^2
              Rotational constant:  B =         0.25823   cm-1
                                    B =      7741.61242   MHz
                                    B =         7.74161   GHz




  ATOMS   7 AND  10 DEFINE INTERNAL ROTATION AXIS

  MOIETY 1 CONTAINS ATOMS:  1  2  3  4  5  6  7  8  9 13 14 15 16 17 18 19 20 21 22 23 24 25 26 27 28 29 30

  MOIETY 2 CONTAINS ATOMS: 10 11 12

  MOMENT OF INERTIA ABOUT BOND FOR MOIETY #1:   602.508   amu*Ang^2
                                              1.000E-37   g*cm^2
              Rotational constant:  B =         0.02798   cm-1
                                    B =       838.79173   MHz
                                    B =         0.83879   GHz


  MOMENT OF INERTIA ABOUT BOND FOR MOIETY #2:     2.167   amu*Ang^2
                                              3.599E-40   g*cm^2
              Rotational constant:  B =         7.77794   cm-1
                                    B =    233176.88118   MHz
                                    B =       233.17688   GHz


  REDUCED MOMENT OF INERTIA ABOUT  7--10 BOND:    2.160   amu*Ang^2
                                              3.586E-40   g*cm^2
              Rotational constant:  B =         7.80592   cm-1
                                    B =    234015.67291   MHz
                                    B =       234.01567   GHz




  ATOMS   7 AND  27 DEFINE INTERNAL ROTATION AXIS

  MOIETY 1 CONTAINS ATOMS:  7  8  9 10 11 12 13 14 15 16 17 18 23 24 25 26 29 30

  MOIETY 2 CONTAINS ATOMS:  1  2  3  4  5  6 19 20 21 22 27 28

  MOMENT OF INERTIA ABOUT BOND FOR MOIETY #1:   584.502   amu*Ang^2
                                              9.706E-38   g*cm^2
              Rotational constant:  B =         0.02884   cm-1
                                    B =       864.63118   MHz
                                    B =         0.86463   GHz


  MOMENT OF INERTIA ABOUT BOND FOR MOIETY #2:   162.236   amu*Ang^2
                                              2.694E-38   g*cm^2
              Rotational constant:  B =         0.10391   cm-1
                                    B =      3115.08059   MHz
                                    B =         3.11508   GHz


  REDUCED MOMENT OF INERTIA ABOUT  7--27 BOND:  126.989   amu*Ang^2
                                              2.109E-38   g*cm^2
              Rotational constant:  B =         0.13275   cm-1
                                    B =      3979.71176   MHz
                                    B =         3.97971   GHz




  ATOMS  10 AND  13 DEFINE INTERNAL ROTATION AXIS

  MOIETY 1 CONTAINS ATOMS:  1  2  3  4  5  6  7  8  9 10 11 12 14 19 20 21 22 27 28 29 30

  MOIETY 2 CONTAINS ATOMS: 13 15 16 17 18 23 24 25 26

  MOMENT OF INERTIA ABOUT BOND FOR MOIETY #1:  1176.704   amu*Ang^2
                                              1.954E-37   g*cm^2
              Rotational constant:  B =         0.01433   cm-1
                                    B =       429.48693   MHz
                                    B =         0.42949   GHz


  MOMENT OF INERTIA ABOUT BOND FOR MOIETY #2:    66.901   amu*Ang^2
                                              1.111E-38   g*cm^2
              Rotational constant:  B =         0.25198   cm-1
                                    B =      7554.16280   MHz
                                    B =         7.55416   GHz


  REDUCED MOMENT OF INERTIA ABOUT 10--13 BOND:   63.302   amu*Ang^2
                                              1.051E-38   g*cm^2
              Rotational constant:  B =         0.26631   cm-1
                                    B =      7983.64973   MHz
                                    B =         7.98365   GHz




  ATOMS  14 AND  13 DEFINE INTERNAL ROTATION AXIS

  MOIETY 1 CONTAINS ATOMS:  1  2  3  4  5  6  7  8  9 10 11 12 14 19 20 21 22 27 28 29 30

  MOIETY 2 CONTAINS ATOMS: 13 15 16 17 18 23 24 25 26

  MOMENT OF INERTIA ABOUT BOND FOR MOIETY #1:   902.188   amu*Ang^2
                                              1.498E-37   g*cm^2
              Rotational constant:  B =         0.01869   cm-1
                                    B =       560.17058   MHz
                                    B =         0.56017   GHz


  MOMENT OF INERTIA ABOUT BOND FOR MOIETY #2:    75.747   amu*Ang^2
                                              1.258E-38   g*cm^2
              Rotational constant:  B =         0.22255   cm-1
                                    B =      6671.92466   MHz
                                    B =         6.67192   GHz


  REDUCED MOMENT OF INERTIA ABOUT 14--13 BOND:   69.880   amu*Ang^2
                                              1.160E-38   g*cm^2
              Rotational constant:  B =         0.24124   cm-1
                                    B =      7232.09524   MHz
                                    B =         7.23210   GHz




  ATOMS  15 AND  13 DEFINE INTERNAL ROTATION AXIS

  MOIETY 1 CONTAINS ATOMS: 15 16 17 18

  MOIETY 2 CONTAINS ATOMS:  1  2  3  4  5  6  7  8  9 10 11 12 13 14 19 20 21 22 23 24 25 26 27 28 29 30

  MOMENT OF INERTIA ABOUT BOND FOR MOIETY #1:     3.158   amu*Ang^2
                                              5.244E-40   g*cm^2
              Rotational constant:  B =         5.33795   cm-1
                                    B =    160027.70680   MHz
                                    B =       160.02771   GHz


  MOMENT OF INERTIA ABOUT BOND FOR MOIETY #2:  1090.033   amu*Ang^2
                                              1.810E-37   g*cm^2
              Rotational constant:  B =         0.01547   cm-1
                                    B =       463.63657   MHz
                                    B =         0.46364   GHz


  REDUCED MOMENT OF INERTIA ABOUT 15--13 BOND:    3.149   amu*Ang^2
                                              5.229E-40   g*cm^2
              Rotational constant:  B =         5.35342   cm-1
                                    B =    160491.34337   MHz
                                    B =       160.49134   GHz




  ATOMS  23 AND  13 DEFINE INTERNAL ROTATION AXIS

  MOIETY 1 CONTAINS ATOMS: 23 24 25 26

  MOIETY 2 CONTAINS ATOMS:  1  2  3  4  5  6  7  8  9 10 11 12 13 14 15 16 17 18 19 20 21 22 27 28 29 30

  MOMENT OF INERTIA ABOUT BOND FOR MOIETY #1:     3.148   amu*Ang^2
                                              5.227E-40   g*cm^2
              Rotational constant:  B =         5.35585   cm-1
                                    B =    160564.27588   MHz
                                    B =       160.56428   GHz


  MOMENT OF INERTIA ABOUT BOND FOR MOIETY #2:  1506.382   amu*Ang^2
                                              2.501E-37   g*cm^2
              Rotational constant:  B =         0.01119   cm-1
                                    B =       335.49194   MHz
                                    B =         0.33549   GHz


  REDUCED MOMENT OF INERTIA ABOUT 23--13 BOND:    3.141   amu*Ang^2
                                              5.216E-40   g*cm^2
              Rotational constant:  B =         5.36704   cm-1
                                    B =    160899.76782   MHz
                                    B =       160.89977   GHz




  ATOMS  14 AND  30 DEFINE INTERNAL ROTATION AXIS

  MOIETY 1 CONTAINS ATOMS:  1  2  3  4  5  6  7  8  9 10 11 12 13 14 15 16 17 18 19 20 21 22 23 24 25 26 27 28 29

  MOIETY 2 CONTAINS ATOMS: 30

  MOMENT OF INERTIA ABOUT BOND FOR MOIETY #1:   753.602   amu*Ang^2
                                              1.251E-37   g*cm^2
              Rotational constant:  B =         0.02237   cm-1
                                    B =       670.61778   MHz
                                    B =         0.67062   GHz


  MOMENT OF INERTIA ABOUT BOND FOR MOIETY #2:     0.000   amu*Ang^2
                                              3.051E-73   g*cm^2
              Rotational constant:  B = ***************   cm-1
                                    B = ***************   MHz
                                    B = ***************   GHz


  REDUCED MOMENT OF INERTIA ABOUT 14--30 BOND:    0.000   amu*Ang^2
                                              3.051E-73   g*cm^2
              Rotational constant:  B = ***************   cm-1
                                    B = ***************   MHz
                                    B = ***************   GHz




  ATOMS  29 AND  27 DEFINE INTERNAL ROTATION AXIS

  MOIETY 1 CONTAINS ATOMS:  7  8  9 10 11 12 13 14 15 16 17 18 23 24 25 26 29 30

  MOIETY 2 CONTAINS ATOMS:  1  2  3  4  5  6 19 20 21 22 27 28

  MOMENT OF INERTIA ABOUT BOND FOR MOIETY #1:   710.588   amu*Ang^2
                                              1.180E-37   g*cm^2
              Rotational constant:  B =         0.02372   cm-1
                                    B =       711.21270   MHz
                                    B =         0.71121   GHz


  MOMENT OF INERTIA ABOUT BOND FOR MOIETY #2:   168.859   amu*Ang^2
                                              2.804E-38   g*cm^2
              Rotational constant:  B =         0.09983   cm-1
                                    B =      2992.89799   MHz
                                    B =         2.99290   GHz


  REDUCED MOMENT OF INERTIA ABOUT 29--27 BOND:  136.437   amu*Ang^2
                                              2.266E-38   g*cm^2
              Rotational constant:  B =         0.12356   cm-1
                                    B =      3704.11069   MHz
                                    B =         3.70411   GHz




  ATOMS  29 AND  30 DEFINE INTERNAL ROTATION AXIS

  MOIETY 1 CONTAINS ATOMS:  1  2  3  4  5  6  7  8  9 10 11 12 13 14 15 16 17 18 19 20 21 22 23 24 25 26 27 28 29

  MOIETY 2 CONTAINS ATOMS: 30

  MOMENT OF INERTIA ABOUT BOND FOR MOIETY #1:  1036.020   amu*Ang^2
                                              1.720E-37   g*cm^2
              Rotational constant:  B =         0.01627   cm-1
                                    B =       487.80824   MHz
                                    B =         0.48781   GHz


  MOMENT OF INERTIA ABOUT BOND FOR MOIETY #2:     0.000   amu*Ang^2
                                              1.223E-71   g*cm^2
              Rotational constant:  B = ***************   cm-1
                                    B = ***************   MHz
                                    B = ***************   GHz


  REDUCED MOMENT OF INERTIA ABOUT 29--30 BOND:    0.000   amu*Ang^2
                                              1.223E-71   g*cm^2
              Rotational constant:  B = ***************   cm-1
                                    B = ***************   MHz
                                    B = ***************   GHz



PRINCIPAL MOMENTS OF INERTIA AND ROTATIONAL CONSTANTS
  Ia =     250.6407   Ib =     840.5942   Ic =     932.0255   amu*ang^2
  Ia =   4.1620E-38   Ib =   1.3958E-37   Ic =   1.5477E-37   g*cm^2
  Ba =       0.0673   Bb =       0.0201   Bc =       0.0181   cm-1
  Ba =    2016.3481   Bb =     601.2164   Bc =     542.2373   MHz
  Ba =       2.0163   Bb =       0.6012   Bc =       0.5422   GHz

