%%%%%%%%%%%%%%%%%%%%%%%%%%%%%%%%%%%%%%%%%%%%%%%%%%%%%%%%%%%%%%%%%%%%%%%%%%%%%%

                                        John R. Barker
               Mominert-2014            University of Michigan
                                        Ann Arbor, MI 48109-2143
               Jan 2014                 jrbarker@umich.edu
                                        (734) 763 6239

              http://aoss.engin.umich.edu/multiwell/

%%%%%%%%%%%%%%%%%%%%%%%%%%%%%%%%%%%%%%%%%%%%%%%%%%%%%%%%%%%%%%%%%%%%%%%%%%%%%%

        Suggested Literature Citation:

        a) MultiWell-2014   Software, Jan 2014, designed and
           maintained by J.R. Barker with contributors N.F. Ortiz,
           J.M. Preses, L.L. Lohr, A. Maranzana, P.J. Stimac, T. L.
           Nguyen, and T. J. Dhilip Kumar, University of Michigan,
           Ann Arbor, MI; http://aoss.engin.umich.edu/multiwell/

        b) J.R. Barker, Int. J. Chem. Kinetics, 33, 232-45 (2001)



%%%%%%%%%%%%%%%%%%%%%%%%%%%%%%%%%%%%%%%%%%%%%%%%%%%%%%%%%%%%%%%%%%%%%%%%%%%%%%

 TS_3_3b                                                                                             

 NUMBER  TYPE         X           Y           Z
    1     C         3.520320    0.076190    0.879281
    2     H         3.504929   -0.979744    1.155415
    3     H         3.499103    0.667316    1.806501
    4     H         4.465103    0.296053    0.375444
    5     C         2.334168    0.425932    0.009337
    6     H         2.323484   -0.484496   -0.979625
    7     C        -0.275517    0.353451   -0.109515
    8     H        -0.217651    0.271911   -1.199539
    9     H        -0.326694    1.419035    0.135139
   10     C        -1.526567   -0.373213    0.399731
   11     H        -1.616981   -0.229354    1.485765
   12     H        -1.383172   -1.446491    0.242217
   13     C        -2.844456    0.056487   -0.271137
   14     H        -2.717569   -0.067439   -1.355310
   15     C        -3.992685   -0.860392    0.172844
   16     H        -4.165465   -0.775347    1.251429
   17     H        -4.926723   -0.600135   -0.333514
   18     H        -3.771824   -1.908677   -0.047139
   19     C         2.324741    1.832583   -0.532077
   20     H         2.140069    2.559448    0.272568
   21     H         3.296494    2.082209   -0.966858
   22     H         1.559039    1.985520   -1.294000
   23     C        -3.194119    1.527129   -0.001744
   24     H        -4.139546    1.797564   -0.480780
   25     H        -3.303928    1.709312    1.073390
   26     H        -2.429553    2.210240   -0.380306
   27     C         1.006448   -0.222842    0.489373
   28     H         0.939926   -0.233769    1.585020
   29     O         1.197302   -1.608523    0.130320
   30     O         1.697317   -1.537115   -1.200617



  ATOMS   1 AND   5 DEFINE INTERNAL ROTATION AXIS

  MOIETY 1 CONTAINS ATOMS:  1  2  3  4

  MOIETY 2 CONTAINS ATOMS:  5  6  7  8  9 10 11 12 13 14 15 16 17 18 19 20 21 22 23 24 25 26 27 28 29 30

  MOMENT OF INERTIA ABOUT BOND FOR MOIETY #1:     3.163   amu*Ang^2
                                              5.252E-40   g*cm^2
              Rotational constant:  B =         5.32953   cm-1
                                    B =    159775.14689   MHz
                                    B =       159.77515   GHz


  MOMENT OF INERTIA ABOUT BOND FOR MOIETY #2:  1011.977   amu*Ang^2
                                              1.680E-37   g*cm^2
              Rotational constant:  B =         0.01666   cm-1
                                    B =       499.39765   MHz
                                    B =         0.49940   GHz


  REDUCED MOMENT OF INERTIA ABOUT  1-- 5 BOND:    3.153   amu*Ang^2
                                              5.236E-40   g*cm^2
              Rotational constant:  B =         5.34618   cm-1
                                    B =    160274.54455   MHz
                                    B =       160.27454   GHz




  ATOMS   6 AND   5 DEFINE INTERNAL ROTATION AXIS

  MOIETY 1 CONTAINS ATOMS:  6  7  8  9 10 11 12 13 14 15 16 17 18 23 24 25 26 27 28 29 30

  MOIETY 2 CONTAINS ATOMS:  1  2  3  4  5 19 20 21 22

  MOMENT OF INERTIA ABOUT BOND FOR MOIETY #1:  1881.720   amu*Ang^2
                                              3.125E-37   g*cm^2
              Rotational constant:  B =         0.00896   cm-1
                                    B =       268.57293   MHz
                                    B =         0.26857   GHz


  MOMENT OF INERTIA ABOUT BOND FOR MOIETY #2:    72.061   amu*Ang^2
                                              1.197E-38   g*cm^2
              Rotational constant:  B =         0.23394   cm-1
                                    B =      7013.19703   MHz
                                    B =         7.01320   GHz


  REDUCED MOMENT OF INERTIA ABOUT  6-- 5 BOND:   69.403   amu*Ang^2
                                              1.152E-38   g*cm^2
              Rotational constant:  B =         0.24289   cm-1
                                    B =      7281.76996   MHz
                                    B =         7.28177   GHz




  ATOMS  19 AND   5 DEFINE INTERNAL ROTATION AXIS

  MOIETY 1 CONTAINS ATOMS: 19 20 21 22

  MOIETY 2 CONTAINS ATOMS:  1  2  3  4  5  6  7  8  9 10 11 12 13 14 15 16 17 18 23 24 25 26 27 28 29 30

  MOMENT OF INERTIA ABOUT BOND FOR MOIETY #1:     3.144   amu*Ang^2
                                              5.221E-40   g*cm^2
              Rotational constant:  B =         5.36198   cm-1
                                    B =    160748.06957   MHz
                                    B =       160.74807   GHz


  MOMENT OF INERTIA ABOUT BOND FOR MOIETY #2:  1893.910   amu*Ang^2
                                              3.145E-37   g*cm^2
              Rotational constant:  B =         0.00890   cm-1
                                    B =       266.84419   MHz
                                    B =         0.26684   GHz


  REDUCED MOMENT OF INERTIA ABOUT 19-- 5 BOND:    3.139   amu*Ang^2
                                              5.212E-40   g*cm^2
              Rotational constant:  B =         5.37088   cm-1
                                    B =    161014.91376   MHz
                                    B =       161.01491   GHz




  ATOMS   5 AND  27 DEFINE INTERNAL ROTATION AXIS

  MOIETY 1 CONTAINS ATOMS:  1  2  3  4  5  6 19 20 21 22 29 30

  MOIETY 2 CONTAINS ATOMS:  7  8  9 10 11 12 13 14 15 16 17 18 23 24 25 26 27 28

  MOMENT OF INERTIA ABOUT BOND FOR MOIETY #1:   174.608   amu*Ang^2
                                              2.899E-38   g*cm^2
              Rotational constant:  B =         0.09655   cm-1
                                    B =      2894.35904   MHz
                                    B =         2.89436   GHz


  MOMENT OF INERTIA ABOUT BOND FOR MOIETY #2:   450.956   amu*Ang^2
                                              7.488E-38   g*cm^2
              Rotational constant:  B =         0.03738   cm-1
                                    B =      1120.68348   MHz
                                    B =         1.12068   GHz


  REDUCED MOMENT OF INERTIA ABOUT  5--27 BOND:  125.871   amu*Ang^2
                                              2.090E-38   g*cm^2
              Rotational constant:  B =         0.13393   cm-1
                                    B =      4015.04253   MHz
                                    B =         4.01504   GHz




  ATOMS   6 AND  30 DEFINE INTERNAL ROTATION AXIS

  MOIETY 1 CONTAINS ATOMS:  1  2  3  4  5  6  7  8  9 10 11 12 13 14 15 16 17 18 19 20 21 22 23 24 25 26 27 28 29

  MOIETY 2 CONTAINS ATOMS: 30

  MOMENT OF INERTIA ABOUT BOND FOR MOIETY #1:  1796.893   amu*Ang^2
                                              2.984E-37   g*cm^2
              Rotational constant:  B =         0.00938   cm-1
                                    B =       281.25165   MHz
                                    B =         0.28125   GHz


  MOMENT OF INERTIA ABOUT BOND FOR MOIETY #2:     0.000   amu*Ang^2
                                              4.990E-71   g*cm^2
              Rotational constant:  B = ***************   cm-1
                                    B = ***************   MHz
                                    B = ***************   GHz


  REDUCED MOMENT OF INERTIA ABOUT  6--30 BOND:    0.000   amu*Ang^2
                                              4.990E-71   g*cm^2
              Rotational constant:  B = ***************   cm-1
                                    B = ***************   MHz
                                    B = ***************   GHz




  ATOMS  10 AND   7 DEFINE INTERNAL ROTATION AXIS

  MOIETY 1 CONTAINS ATOMS: 10 11 12 13 14 15 16 17 18 23 24 25 26

  MOIETY 2 CONTAINS ATOMS:  1  2  3  4  5  6  7  8  9 19 20 21 22 27 28 29 30

  MOMENT OF INERTIA ABOUT BOND FOR MOIETY #1:   162.609   amu*Ang^2
                                              2.700E-38   g*cm^2
              Rotational constant:  B =         0.10367   cm-1
                                    B =      3107.94200   MHz
                                    B =         3.10794   GHz


  MOMENT OF INERTIA ABOUT BOND FOR MOIETY #2:   423.605   amu*Ang^2
                                              7.034E-38   g*cm^2
              Rotational constant:  B =         0.03980   cm-1
                                    B =      1193.04170   MHz
                                    B =         1.19304   GHz


  REDUCED MOMENT OF INERTIA ABOUT 10-- 7 BOND:  117.503   amu*Ang^2
                                              1.951E-38   g*cm^2
              Rotational constant:  B =         0.14347   cm-1
                                    B =      4300.98370   MHz
                                    B =         4.30098   GHz




  ATOMS  27 AND   7 DEFINE INTERNAL ROTATION AXIS

  MOIETY 1 CONTAINS ATOMS:  1  2  3  4  5  6 19 20 21 22 27 28 29 30

  MOIETY 2 CONTAINS ATOMS:  7  8  9 10 11 12 13 14 15 16 17 18 23 24 25 26

  MOMENT OF INERTIA ABOUT BOND FOR MOIETY #1:   280.417   amu*Ang^2
                                              4.656E-38   g*cm^2
              Rotational constant:  B =         0.06012   cm-1
                                    B =      1802.24117   MHz
                                    B =         1.80224   GHz


  MOMENT OF INERTIA ABOUT BOND FOR MOIETY #2:   237.582   amu*Ang^2
                                              3.945E-38   g*cm^2
              Rotational constant:  B =         0.07096   cm-1
                                    B =      2127.17938   MHz
                                    B =         2.12718   GHz


  REDUCED MOMENT OF INERTIA ABOUT 27-- 7 BOND:  128.614   amu*Ang^2
                                              2.136E-38   g*cm^2
              Rotational constant:  B =         0.13107   cm-1
                                    B =      3929.42055   MHz
                                    B =         3.92942   GHz




  ATOMS  13 AND  10 DEFINE INTERNAL ROTATION AXIS

  MOIETY 1 CONTAINS ATOMS: 13 14 15 16 17 18 23 24 25 26

  MOIETY 2 CONTAINS ATOMS:  1  2  3  4  5  6  7  8  9 10 11 12 19 20 21 22 27 28 29 30

  MOMENT OF INERTIA ABOUT BOND FOR MOIETY #1:    73.182   amu*Ang^2
                                              1.215E-38   g*cm^2
              Rotational constant:  B =         0.23035   cm-1
                                    B =      6905.82367   MHz
                                    B =         6.90582   GHz


  MOMENT OF INERTIA ABOUT BOND FOR MOIETY #2:   672.524   amu*Ang^2
                                              1.117E-37   g*cm^2
              Rotational constant:  B =         0.02507   cm-1
                                    B =       751.46606   MHz
                                    B =         0.75147   GHz


  REDUCED MOMENT OF INERTIA ABOUT 13--10 BOND:   66.000   amu*Ang^2
                                              1.096E-38   g*cm^2
              Rotational constant:  B =         0.25542   cm-1
                                    B =      7657.28973   MHz
                                    B =         7.65729   GHz




  ATOMS  15 AND  13 DEFINE INTERNAL ROTATION AXIS

  MOIETY 1 CONTAINS ATOMS: 15 16 17 18

  MOIETY 2 CONTAINS ATOMS:  1  2  3  4  5  6  7  8  9 10 11 12 13 14 19 20 21 22 23 24 25 26 27 28 29 30

  MOMENT OF INERTIA ABOUT BOND FOR MOIETY #1:     3.150   amu*Ang^2
                                              5.231E-40   g*cm^2
              Rotational constant:  B =         5.35136   cm-1
                                    B =    160429.60143   MHz
                                    B =       160.42960   GHz


  MOMENT OF INERTIA ABOUT BOND FOR MOIETY #2:  1309.709   amu*Ang^2
                                              2.175E-37   g*cm^2
              Rotational constant:  B =         0.01287   cm-1
                                    B =       385.87111   MHz
                                    B =         0.38587   GHz


  REDUCED MOMENT OF INERTIA ABOUT 15--13 BOND:    3.143   amu*Ang^2
                                              5.218E-40   g*cm^2
              Rotational constant:  B =         5.36423   cm-1
                                    B =    160815.47254   MHz
                                    B =       160.81547   GHz




  ATOMS  23 AND  13 DEFINE INTERNAL ROTATION AXIS

  MOIETY 1 CONTAINS ATOMS: 23 24 25 26

  MOIETY 2 CONTAINS ATOMS:  1  2  3  4  5  6  7  8  9 10 11 12 13 14 15 16 17 18 19 20 21 22 27 28 29 30

  MOMENT OF INERTIA ABOUT BOND FOR MOIETY #1:     3.143   amu*Ang^2
                                              5.219E-40   g*cm^2
              Rotational constant:  B =         5.36401   cm-1
                                    B =    160808.93023   MHz
                                    B =       160.80893   GHz


  MOMENT OF INERTIA ABOUT BOND FOR MOIETY #2:  2248.702   amu*Ang^2
                                              3.734E-37   g*cm^2
              Rotational constant:  B =         0.00750   cm-1
                                    B =       224.74256   MHz
                                    B =         0.22474   GHz


  REDUCED MOMENT OF INERTIA ABOUT 23--13 BOND:    3.138   amu*Ang^2
                                              5.211E-40   g*cm^2
              Rotational constant:  B =         5.37151   cm-1
                                    B =    161033.67279   MHz
                                    B =       161.03367   GHz




  ATOMS  29 AND  27 DEFINE INTERNAL ROTATION AXIS

  MOIETY 1 CONTAINS ATOMS:  1  2  3  4  5  6 19 20 21 22 29 30

  MOIETY 2 CONTAINS ATOMS:  7  8  9 10 11 12 13 14 15 16 17 18 23 24 25 26 27 28

  MOMENT OF INERTIA ABOUT BOND FOR MOIETY #1:   242.211   amu*Ang^2
                                              4.022E-38   g*cm^2
              Rotational constant:  B =         0.06960   cm-1
                                    B =      2086.52638   MHz
                                    B =         2.08653   GHz


  MOMENT OF INERTIA ABOUT BOND FOR MOIETY #2:   969.430   amu*Ang^2
                                              1.610E-37   g*cm^2
              Rotational constant:  B =         0.01739   cm-1
                                    B =       521.31550   MHz
                                    B =         0.52132   GHz


  REDUCED MOMENT OF INERTIA ABOUT 29--27 BOND:  193.792   amu*Ang^2
                                              3.218E-38   g*cm^2
              Rotational constant:  B =         0.08699   cm-1
                                    B =      2607.84188   MHz
                                    B =         2.60784   GHz




  ATOMS  30 AND  27 DEFINE INTERNAL ROTATION AXIS

  MOIETY 1 CONTAINS ATOMS:  1  2  3  4  5  6 19 20 21 22 29 30

  MOIETY 2 CONTAINS ATOMS:  7  8  9 10 11 12 13 14 15 16 17 18 23 24 25 26 27 28

  MOMENT OF INERTIA ABOUT BOND FOR MOIETY #1:   258.401   amu*Ang^2
                                              4.291E-38   g*cm^2
              Rotational constant:  B =         0.06524   cm-1
                                    B =      1955.79416   MHz
                                    B =         1.95579   GHz


  MOMENT OF INERTIA ABOUT BOND FOR MOIETY #2:   962.514   amu*Ang^2
                                              1.598E-37   g*cm^2
              Rotational constant:  B =         0.01751   cm-1
                                    B =       525.06158   MHz
                                    B =         0.52506   GHz


  REDUCED MOMENT OF INERTIA ABOUT 30--27 BOND:  203.712   amu*Ang^2
                                              3.383E-38   g*cm^2
              Rotational constant:  B =         0.08275   cm-1
                                    B =      2480.85574   MHz
                                    B =         2.48086   GHz




  ATOMS  29 AND  30 DEFINE INTERNAL ROTATION AXIS

  MOIETY 1 CONTAINS ATOMS:  1  2  3  4  5  6  7  8  9 10 11 12 13 14 15 16 17 18 19 20 21 22 23 24 25 26 27 28 29

  MOIETY 2 CONTAINS ATOMS: 30

  MOMENT OF INERTIA ABOUT BOND FOR MOIETY #1:  1651.788   amu*Ang^2
                                              2.743E-37   g*cm^2
              Rotational constant:  B =         0.01021   cm-1
                                    B =       305.95873   MHz
                                    B =         0.30596   GHz


  MOMENT OF INERTIA ABOUT BOND FOR MOIETY #2:     0.000   amu*Ang^2
                                              1.413E-71   g*cm^2
              Rotational constant:  B = ***************   cm-1
                                    B = ***************   MHz
                                    B = ***************   GHz


  REDUCED MOMENT OF INERTIA ABOUT 29--30 BOND:    0.000   amu*Ang^2
                                              1.413E-71   g*cm^2
              Rotational constant:  B = ***************   cm-1
                                    B = ***************   MHz
                                    B = ***************   GHz



PRINCIPAL MOMENTS OF INERTIA AND ROTATIONAL CONSTANTS
  Ia =     260.6794   Ib =    1033.9991   Ic =    1171.0477   amu*ang^2
  Ia =   4.3287E-38   Ib =   1.7170E-37   Ic =   1.9446E-37   g*cm^2
  Ba =       0.0647   Bb =       0.0163   Bc =       0.0144   cm-1
  Ba =    1938.6993   Bb =     488.7616   Bc =     431.5614   MHz
  Ba =       1.9387   Bb =       0.4888   Bc =       0.4316   GHz

