%%%%%%%%%%%%%%%%%%%%%%%%%%%%%%%%%%%%%%%%%%%%%%%%%%%%%%%%%%%%%%%%%%%%%%%%%%%%%%

                                        John R. Barker
               Mominert-2014            University of Michigan
                                        Ann Arbor, MI 48109-2143
               Jan 2014                 jrbarker@umich.edu
                                        (734) 763 6239

              http://aoss.engin.umich.edu/multiwell/

%%%%%%%%%%%%%%%%%%%%%%%%%%%%%%%%%%%%%%%%%%%%%%%%%%%%%%%%%%%%%%%%%%%%%%%%%%%%%%

        Suggested Literature Citation:

        a) MultiWell-2014   Software, Jan 2014, designed and
           maintained by J.R. Barker with contributors N.F. Ortiz,
           J.M. Preses, L.L. Lohr, A. Maranzana, P.J. Stimac, T. L.
           Nguyen, and T. J. Dhilip Kumar, University of Michigan,
           Ann Arbor, MI; http://aoss.engin.umich.edu/multiwell/

        b) J.R. Barker, Int. J. Chem. Kinetics, 33, 232-45 (2001)



%%%%%%%%%%%%%%%%%%%%%%%%%%%%%%%%%%%%%%%%%%%%%%%%%%%%%%%%%%%%%%%%%%%%%%%%%%%%%%

 TS_3_3e                                                                                             

 NUMBER  TYPE         X           Y           Z
    1     C         2.991933   -0.002139   -1.008812
    2     H         2.890369   -1.067354   -1.214755
    3     H         3.809272    0.128463   -0.290887
    4     H         3.278195    0.503580   -1.935043
    5     C         1.682438    0.584600   -0.463342
    6     H         0.902965    0.415414   -1.211102
    7     C        -0.130608    0.214023    1.425021
    8     H        -0.246525    1.303205    1.415470
    9     H        -0.115426   -0.099866    2.470579
   10     C        -1.286316   -0.459080    0.707751
   11     H        -1.930973   -1.054771    1.358616
   12     H        -0.569658   -1.447792    0.080584
   13     C        -2.055461    0.289262   -0.366968
   14     H        -1.338703    0.846897   -0.981519
   15     C        -2.819834   -0.676774   -1.284770
   16     H        -3.535058   -1.275411   -0.710729
   17     H        -3.380594   -0.130597   -2.048357
   18     H        -2.138234   -1.363918   -1.792348
   19     C         1.822981    2.095967   -0.229801
   20     H         2.567701    2.307812    0.545339
   21     H         2.155655    2.589872   -1.146483
   22     H         0.884158    2.567674    0.070531
   23     C        -3.020815    1.312565    0.268418
   24     H        -3.542597    1.881607   -0.506849
   25     H        -3.775366    0.805813    0.878412
   26     H        -2.494258    2.024578    0.909347
   27     C         1.270402   -0.143100    0.832133
   28     H         2.031689    0.049853    1.596757
   29     O         1.315634   -1.570984    0.710394
   30     O         0.411750   -1.963641   -0.306062



  ATOMS   1 AND   5 DEFINE INTERNAL ROTATION AXIS

  MOIETY 1 CONTAINS ATOMS:  1  2  3  4

  MOIETY 2 CONTAINS ATOMS:  5  6  7  8  9 10 11 12 13 14 15 16 17 18 19 20 21 22 23 24 25 26 27 28 29 30

  MOMENT OF INERTIA ABOUT BOND FOR MOIETY #1:     3.155   amu*Ang^2
                                              5.239E-40   g*cm^2
              Rotational constant:  B =         5.34286   cm-1
                                    B =    160174.75530   MHz
                                    B =       160.17476   GHz


  MOMENT OF INERTIA ABOUT BOND FOR MOIETY #2:   713.632   amu*Ang^2
                                              1.185E-37   g*cm^2
              Rotational constant:  B =         0.02362   cm-1
                                    B =       708.17825   MHz
                                    B =         0.70818   GHz


  REDUCED MOMENT OF INERTIA ABOUT  1-- 5 BOND:    3.141   amu*Ang^2
                                              5.216E-40   g*cm^2
              Rotational constant:  B =         5.36648   cm-1
                                    B =    160882.93355   MHz
                                    B =       160.88293   GHz




  ATOMS  19 AND   5 DEFINE INTERNAL ROTATION AXIS

  MOIETY 1 CONTAINS ATOMS: 19 20 21 22

  MOIETY 2 CONTAINS ATOMS:  1  2  3  4  5  6  7  8  9 10 11 12 13 14 15 16 17 18 23 24 25 26 27 28 29 30

  MOMENT OF INERTIA ABOUT BOND FOR MOIETY #1:     3.136   amu*Ang^2
                                              5.208E-40   g*cm^2
              Rotational constant:  B =         5.37475   cm-1
                                    B =    161130.97988   MHz
                                    B =       161.13098   GHz


  MOMENT OF INERTIA ABOUT BOND FOR MOIETY #2:  1199.570   amu*Ang^2
                                              1.992E-37   g*cm^2
              Rotational constant:  B =         0.01405   cm-1
                                    B =       421.30031   MHz
                                    B =         0.42130   GHz


  REDUCED MOMENT OF INERTIA ABOUT 19-- 5 BOND:    3.128   amu*Ang^2
                                              5.195E-40   g*cm^2
              Rotational constant:  B =         5.38880   cm-1
                                    B =    161552.28019   MHz
                                    B =       161.55228   GHz




  ATOMS   5 AND  27 DEFINE INTERNAL ROTATION AXIS

  MOIETY 1 CONTAINS ATOMS:  1  2  3  4  5  6 19 20 21 22

  MOIETY 2 CONTAINS ATOMS:  7  8  9 10 11 12 13 14 15 16 17 18 23 24 25 26 27 28 29 30

  MOMENT OF INERTIA ABOUT BOND FOR MOIETY #1:    73.848   amu*Ang^2
                                              1.226E-38   g*cm^2
              Rotational constant:  B =         0.22827   cm-1
                                    B =      6843.50204   MHz
                                    B =         6.84350   GHz


  MOMENT OF INERTIA ABOUT BOND FOR MOIETY #2:  1046.843   amu*Ang^2
                                              1.738E-37   g*cm^2
              Rotational constant:  B =         0.01610   cm-1
                                    B =       482.76505   MHz
                                    B =         0.48277   GHz


  REDUCED MOMENT OF INERTIA ABOUT  5--27 BOND:   68.982   amu*Ang^2
                                              1.145E-38   g*cm^2
              Rotational constant:  B =         0.24438   cm-1
                                    B =      7326.26709   MHz
                                    B =         7.32627   GHz




  ATOMS   7 AND  10 DEFINE INTERNAL ROTATION AXIS

  MOIETY 1 CONTAINS ATOMS:  1  2  3  4  5  6  7  8  9 12 19 20 21 22 27 28 29 30

  MOIETY 2 CONTAINS ATOMS: 10 11 13 14 15 16 17 18 23 24 25 26

  MOMENT OF INERTIA ABOUT BOND FOR MOIETY #1:   656.225   amu*Ang^2
                                              1.090E-37   g*cm^2
              Rotational constant:  B =         0.02569   cm-1
                                    B =       770.13057   MHz
                                    B =         0.77013   GHz


  MOMENT OF INERTIA ABOUT BOND FOR MOIETY #2:   145.942   amu*Ang^2
                                              2.423E-38   g*cm^2
              Rotational constant:  B =         0.11551   cm-1
                                    B =      3462.87228   MHz
                                    B =         3.46287   GHz


  REDUCED MOMENT OF INERTIA ABOUT  7--10 BOND:  119.390   amu*Ang^2
                                              1.983E-38   g*cm^2
              Rotational constant:  B =         0.14120   cm-1
                                    B =      4233.00285   MHz
                                    B =         4.23300   GHz




  ATOMS   7 AND  27 DEFINE INTERNAL ROTATION AXIS

  MOIETY 1 CONTAINS ATOMS:  7  8  9 10 11 12 13 14 15 16 17 18 23 24 25 26 29 30

  MOIETY 2 CONTAINS ATOMS:  1  2  3  4  5  6 19 20 21 22 27 28

  MOMENT OF INERTIA ABOUT BOND FOR MOIETY #1:   526.109   amu*Ang^2
                                              8.736E-38   g*cm^2
              Rotational constant:  B =         0.03204   cm-1
                                    B =       960.59745   MHz
                                    B =         0.96060   GHz


  MOMENT OF INERTIA ABOUT BOND FOR MOIETY #2:   155.735   amu*Ang^2
                                              2.586E-38   g*cm^2
              Rotational constant:  B =         0.10825   cm-1
                                    B =      3245.12930   MHz
                                    B =         3.24513   GHz


  REDUCED MOMENT OF INERTIA ABOUT  7--27 BOND:  120.164   amu*Ang^2
                                              1.995E-38   g*cm^2
              Rotational constant:  B =         0.14029   cm-1
                                    B =      4205.72674   MHz
                                    B =         4.20573   GHz




  ATOMS  12 AND  10 DEFINE INTERNAL ROTATION AXIS

  MOIETY 1 CONTAINS ATOMS:  1  2  3  4  5  6  7  8  9 12 19 20 21 22 27 28 29 30

  MOIETY 2 CONTAINS ATOMS: 10 11 13 14 15 16 17 18 23 24 25 26

  MOMENT OF INERTIA ABOUT BOND FOR MOIETY #1:   778.804   amu*Ang^2
                                              1.293E-37   g*cm^2
              Rotational constant:  B =         0.02165   cm-1
                                    B =       648.91679   MHz
                                    B =         0.64892   GHz


  MOMENT OF INERTIA ABOUT BOND FOR MOIETY #2:   172.416   amu*Ang^2
                                              2.863E-38   g*cm^2
              Rotational constant:  B =         0.09777   cm-1
                                    B =      2931.15797   MHz
                                    B =         2.93116   GHz


  REDUCED MOMENT OF INERTIA ABOUT 12--10 BOND:  141.164   amu*Ang^2
                                              2.344E-38   g*cm^2
              Rotational constant:  B =         0.11942   cm-1
                                    B =      3580.07475   MHz
                                    B =         3.58007   GHz




  ATOMS  13 AND  10 DEFINE INTERNAL ROTATION AXIS

  MOIETY 1 CONTAINS ATOMS: 13 14 15 16 17 18 23 24 25 26

  MOIETY 2 CONTAINS ATOMS:  1  2  3  4  5  6  7  8  9 10 11 12 19 20 21 22 27 28 29 30

  MOMENT OF INERTIA ABOUT BOND FOR MOIETY #1:    73.968   amu*Ang^2
                                              1.228E-38   g*cm^2
              Rotational constant:  B =         0.22790   cm-1
                                    B =      6832.40166   MHz
                                    B =         6.83240   GHz


  MOMENT OF INERTIA ABOUT BOND FOR MOIETY #2:   991.601   amu*Ang^2
                                              1.647E-37   g*cm^2
              Rotational constant:  B =         0.01700   cm-1
                                    B =       509.65987   MHz
                                    B =         0.50966   GHz


  REDUCED MOMENT OF INERTIA ABOUT 13--10 BOND:   68.833   amu*Ang^2
                                              1.143E-38   g*cm^2
              Rotational constant:  B =         0.24490   cm-1
                                    B =      7342.06153   MHz
                                    B =         7.34206   GHz




  ATOMS  12 AND  30 DEFINE INTERNAL ROTATION AXIS

  MOIETY 1 CONTAINS ATOMS:  1  2  3  4  5  6  7  8  9 10 11 12 13 14 15 16 17 18 19 20 21 22 23 24 25 26 27 28 29

  MOIETY 2 CONTAINS ATOMS: 30

  MOMENT OF INERTIA ABOUT BOND FOR MOIETY #1:   837.550   amu*Ang^2
                                              1.391E-37   g*cm^2
              Rotational constant:  B =         0.02013   cm-1
                                    B =       603.40174   MHz
                                    B =         0.60340   GHz


  MOMENT OF INERTIA ABOUT BOND FOR MOIETY #2:     0.000   amu*Ang^2
                                              2.563E-72   g*cm^2
              Rotational constant:  B = ***************   cm-1
                                    B = ***************   MHz
                                    B = ***************   GHz


  REDUCED MOMENT OF INERTIA ABOUT 12--30 BOND:    0.000   amu*Ang^2
                                              2.563E-72   g*cm^2
              Rotational constant:  B = ***************   cm-1
                                    B = ***************   MHz
                                    B = ***************   GHz




  ATOMS  15 AND  13 DEFINE INTERNAL ROTATION AXIS

  MOIETY 1 CONTAINS ATOMS: 15 16 17 18

  MOIETY 2 CONTAINS ATOMS:  1  2  3  4  5  6  7  8  9 10 11 12 13 14 19 20 21 22 23 24 25 26 27 28 29 30

  MOMENT OF INERTIA ABOUT BOND FOR MOIETY #1:     3.152   amu*Ang^2
                                              5.235E-40   g*cm^2
              Rotational constant:  B =         5.34757   cm-1
                                    B =    160316.03178   MHz
                                    B =       160.31603   GHz


  MOMENT OF INERTIA ABOUT BOND FOR MOIETY #2:  1244.233   amu*Ang^2
                                              2.066E-37   g*cm^2
              Rotational constant:  B =         0.01355   cm-1
                                    B =       406.17703   MHz
                                    B =         0.40618   GHz


  REDUCED MOMENT OF INERTIA ABOUT 15--13 BOND:    3.144   amu*Ang^2
                                              5.221E-40   g*cm^2
              Rotational constant:  B =         5.36112   cm-1
                                    B =    160722.20881   MHz
                                    B =       160.72221   GHz




  ATOMS  23 AND  13 DEFINE INTERNAL ROTATION AXIS

  MOIETY 1 CONTAINS ATOMS: 23 24 25 26

  MOIETY 2 CONTAINS ATOMS:  1  2  3  4  5  6  7  8  9 10 11 12 13 14 15 16 17 18 19 20 21 22 27 28 29 30

  MOMENT OF INERTIA ABOUT BOND FOR MOIETY #1:     3.152   amu*Ang^2
                                              5.235E-40   g*cm^2
              Rotational constant:  B =         5.34765   cm-1
                                    B =    160318.45651   MHz
                                    B =       160.31846   GHz


  MOMENT OF INERTIA ABOUT BOND FOR MOIETY #2:  1031.861   amu*Ang^2
                                              1.713E-37   g*cm^2
              Rotational constant:  B =         0.01634   cm-1
                                    B =       489.77408   MHz
                                    B =         0.48977   GHz


  REDUCED MOMENT OF INERTIA ABOUT 23--13 BOND:    3.143   amu*Ang^2
                                              5.219E-40   g*cm^2
              Rotational constant:  B =         5.36399   cm-1
                                    B =    160808.23059   MHz
                                    B =       160.80823   GHz




  ATOMS  29 AND  27 DEFINE INTERNAL ROTATION AXIS

  MOIETY 1 CONTAINS ATOMS:  7  8  9 10 11 12 13 14 15 16 17 18 23 24 25 26 29 30

  MOIETY 2 CONTAINS ATOMS:  1  2  3  4  5  6 19 20 21 22 27 28

  MOMENT OF INERTIA ABOUT BOND FOR MOIETY #1:   931.759   amu*Ang^2
                                              1.547E-37   g*cm^2
              Rotational constant:  B =         0.01809   cm-1
                                    B =       542.39240   MHz
                                    B =         0.54239   GHz


  MOMENT OF INERTIA ABOUT BOND FOR MOIETY #2:   165.061   amu*Ang^2
                                              2.741E-38   g*cm^2
              Rotational constant:  B =         0.10213   cm-1
                                    B =      3061.77748   MHz
                                    B =         3.06178   GHz


  REDUCED MOMENT OF INERTIA ABOUT 29--27 BOND:  140.221   amu*Ang^2
                                              2.328E-38   g*cm^2
              Rotational constant:  B =         0.12022   cm-1
                                    B =      3604.16988   MHz
                                    B =         3.60417   GHz




  ATOMS  29 AND  30 DEFINE INTERNAL ROTATION AXIS

  MOIETY 1 CONTAINS ATOMS:  1  2  3  4  5  6  7  8  9 10 11 12 13 14 15 16 17 18 19 20 21 22 23 24 25 26 27 28 29

  MOIETY 2 CONTAINS ATOMS: 30

  MOMENT OF INERTIA ABOUT BOND FOR MOIETY #1:  1215.525   amu*Ang^2
                                              2.018E-37   g*cm^2
              Rotational constant:  B =         0.01387   cm-1
                                    B =       415.77023   MHz
                                    B =         0.41577   GHz


  MOMENT OF INERTIA ABOUT BOND FOR MOIETY #2:     0.000   amu*Ang^2
                                              1.883E-71   g*cm^2
              Rotational constant:  B = ***************   cm-1
                                    B = ***************   MHz
                                    B = ***************   GHz


  REDUCED MOMENT OF INERTIA ABOUT 29--30 BOND:    0.000   amu*Ang^2
                                              1.883E-71   g*cm^2
              Rotational constant:  B = ***************   cm-1
                                    B = ***************   MHz
                                    B = ***************   GHz



PRINCIPAL MOMENTS OF INERTIA AND ROTATIONAL CONSTANTS
  Ia =     343.7501   Ib =     743.9476   Ic =     852.0713   amu*ang^2
  Ia =   5.7081E-38   Ib =   1.2354E-37   Ic =   1.4149E-37   g*cm^2
  Ba =       0.0490   Bb =       0.0227   Bc =       0.0198   cm-1
  Ba =    1470.1930   Bb =     679.3207   Bc =     593.1182   MHz
  Ba =       1.4702   Bb =       0.6793   Bc =       0.5931   GHz

