%%%%%%%%%%%%%%%%%%%%%%%%%%%%%%%%%%%%%%%%%%%%%%%%%%%%%%%%%%%%%%%%%%%%%%%%%%%%%%

                                        John R. Barker
               Mominert-2014            University of Michigan
                                        Ann Arbor, MI 48109-2143
               Jan 2014                 jrbarker@umich.edu
                                        (734) 763 6239

              http://aoss.engin.umich.edu/multiwell/

%%%%%%%%%%%%%%%%%%%%%%%%%%%%%%%%%%%%%%%%%%%%%%%%%%%%%%%%%%%%%%%%%%%%%%%%%%%%%%

        Suggested Literature Citation:

        a) MultiWell-2014   Software, Jan 2014, designed and
           maintained by J.R. Barker with contributors N.F. Ortiz,
           J.M. Preses, L.L. Lohr, A. Maranzana, P.J. Stimac, T. L.
           Nguyen, and T. J. Dhilip Kumar, University of Michigan,
           Ann Arbor, MI; http://aoss.engin.umich.edu/multiwell/

        b) J.R. Barker, Int. J. Chem. Kinetics, 33, 232-45 (2001)



%%%%%%%%%%%%%%%%%%%%%%%%%%%%%%%%%%%%%%%%%%%%%%%%%%%%%%%%%%%%%%%%%%%%%%%%%%%%%%

 TS_3_3g                                                                                             

 NUMBER  TYPE         X           Y           Z
    1     C         2.763573   -0.053199   -1.016804
    2     H         2.510004   -0.974204   -1.540956
    3     H         3.568646   -0.279657   -0.308733
    4     H         3.153665    0.664773   -1.743653
    5     C         1.544675    0.533894   -0.285768
    6     H         0.785815    0.764992   -1.037811
    7     C        -0.241634   -0.074737    1.577087
    8     H        -0.238319   -0.733510    2.450898
    9     H         0.029456    0.910249    1.966367
   10     C        -1.727883   -0.042311    1.115646
   11     H        -2.249452    0.593275    1.841478
   12     H        -2.132942   -1.045755    1.245150
   13     C        -2.172501    0.443135   -0.292956
   14     H        -3.265360    0.354334   -0.255170
   15     C        -1.865553    1.927812   -0.556465
   16     H        -0.794134    2.124328   -0.624438
   17     H        -2.321386    2.257872   -1.493945
   18     H        -2.269140    2.550968    0.247746
   19     C         1.944697    1.837350    0.422886
   20     H         2.635013    1.636678    1.249706
   21     H         2.457524    2.503609   -0.275874
   22     H         1.089875    2.383698    0.826413
   23     C        -1.707924   -0.459195   -1.427581
   24     H        -2.478581   -1.008563   -1.965462
   25     H        -0.920608   -0.085479   -2.080239
   26     H        -1.017703   -1.534316   -0.797477
   27     C         0.963673   -0.502856    0.710563
   28     H         1.771992   -0.707741    1.426525
   29     O         0.828328   -1.771276    0.006847
   30     O        -0.493466   -2.233087   -0.083118



  ATOMS   1 AND   5 DEFINE INTERNAL ROTATION AXIS

  MOIETY 1 CONTAINS ATOMS:  1  2  3  4

  MOIETY 2 CONTAINS ATOMS:  5  6  7  8  9 10 11 12 13 14 15 16 17 18 19 20 21 22 23 24 25 26 27 28 29 30

  MOMENT OF INERTIA ABOUT BOND FOR MOIETY #1:     3.154   amu*Ang^2
                                              5.237E-40   g*cm^2
              Rotational constant:  B =         5.34546   cm-1
                                    B =    160252.71796   MHz
                                    B =       160.25272   GHz


  MOMENT OF INERTIA ABOUT BOND FOR MOIETY #2:   739.550   amu*Ang^2
                                              1.228E-37   g*cm^2
              Rotational constant:  B =         0.02279   cm-1
                                    B =       683.36054   MHz
                                    B =         0.68336   GHz


  REDUCED MOMENT OF INERTIA ABOUT  1-- 5 BOND:    3.140   amu*Ang^2
                                              5.215E-40   g*cm^2
              Rotational constant:  B =         5.36825   cm-1
                                    B =    160936.07850   MHz
                                    B =       160.93608   GHz




  ATOMS  19 AND   5 DEFINE INTERNAL ROTATION AXIS

  MOIETY 1 CONTAINS ATOMS: 19 20 21 22

  MOIETY 2 CONTAINS ATOMS:  1  2  3  4  5  6  7  8  9 10 11 12 13 14 15 16 17 18 23 24 25 26 27 28 29 30

  MOMENT OF INERTIA ABOUT BOND FOR MOIETY #1:     3.136   amu*Ang^2
                                              5.207E-40   g*cm^2
              Rotational constant:  B =         5.37620   cm-1
                                    B =    161174.49151   MHz
                                    B =       161.17449   GHz


  MOMENT OF INERTIA ABOUT BOND FOR MOIETY #2:   952.288   amu*Ang^2
                                              1.581E-37   g*cm^2
              Rotational constant:  B =         0.01770   cm-1
                                    B =       530.69989   MHz
                                    B =         0.53070   GHz


  REDUCED MOMENT OF INERTIA ABOUT 19-- 5 BOND:    3.125   amu*Ang^2
                                              5.190E-40   g*cm^2
              Rotational constant:  B =         5.39390   cm-1
                                    B =    161705.19140   MHz
                                    B =       161.70519   GHz




  ATOMS   5 AND  27 DEFINE INTERNAL ROTATION AXIS

  MOIETY 1 CONTAINS ATOMS:  1  2  3  4  5  6 19 20 21 22

  MOIETY 2 CONTAINS ATOMS:  7  8  9 10 11 12 13 14 15 16 17 18 23 24 25 26 27 28 29 30

  MOMENT OF INERTIA ABOUT BOND FOR MOIETY #1:    73.764   amu*Ang^2
                                              1.225E-38   g*cm^2
              Rotational constant:  B =         0.22853   cm-1
                                    B =      6851.27259   MHz
                                    B =         6.85127   GHz


  MOMENT OF INERTIA ABOUT BOND FOR MOIETY #2:   773.242   amu*Ang^2
                                              1.284E-37   g*cm^2
              Rotational constant:  B =         0.02180   cm-1
                                    B =       653.58466   MHz
                                    B =         0.65358   GHz


  REDUCED MOMENT OF INERTIA ABOUT  5--27 BOND:   67.340   amu*Ang^2
                                              1.118E-38   g*cm^2
              Rotational constant:  B =         0.25034   cm-1
                                    B =      7504.85725   MHz
                                    B =         7.50486   GHz




  ATOMS   7 AND  10 DEFINE INTERNAL ROTATION AXIS

  MOIETY 1 CONTAINS ATOMS:  1  2  3  4  5  6  7  8  9 13 14 15 16 17 18 19 20 21 22 23 24 25 26 27 28 29 30

  MOIETY 2 CONTAINS ATOMS: 10 11 12

  MOMENT OF INERTIA ABOUT BOND FOR MOIETY #1:   817.952   amu*Ang^2
                                              1.358E-37   g*cm^2
              Rotational constant:  B =         0.02061   cm-1
                                    B =       617.85892   MHz
                                    B =         0.61786   GHz


  MOMENT OF INERTIA ABOUT BOND FOR MOIETY #2:     2.213   amu*Ang^2
                                              3.675E-40   g*cm^2
              Rotational constant:  B =         7.61713   cm-1
                                    B =    228355.91083   MHz
                                    B =       228.35591   GHz


  REDUCED MOMENT OF INERTIA ABOUT  7--10 BOND:    2.207   amu*Ang^2
                                              3.665E-40   g*cm^2
              Rotational constant:  B =         7.63774   cm-1
                                    B =    228973.76975   MHz
                                    B =       228.97377   GHz




  ATOMS   7 AND  27 DEFINE INTERNAL ROTATION AXIS

  MOIETY 1 CONTAINS ATOMS:  7  8  9 10 11 12 13 14 15 16 17 18 23 24 25 26 29 30

  MOIETY 2 CONTAINS ATOMS:  1  2  3  4  5  6 19 20 21 22 27 28

  MOMENT OF INERTIA ABOUT BOND FOR MOIETY #1:   578.288   amu*Ang^2
                                              9.603E-38   g*cm^2
              Rotational constant:  B =         0.02915   cm-1
                                    B =       873.92199   MHz
                                    B =         0.87392   GHz


  MOMENT OF INERTIA ABOUT BOND FOR MOIETY #2:   155.952   amu*Ang^2
                                              2.590E-38   g*cm^2
              Rotational constant:  B =         0.10809   cm-1
                                    B =      3240.59938   MHz
                                    B =         3.24060   GHz


  REDUCED MOMENT OF INERTIA ABOUT  7--27 BOND:  122.828   amu*Ang^2
                                              2.040E-38   g*cm^2
              Rotational constant:  B =         0.13725   cm-1
                                    B =      4114.52137   MHz
                                    B =         4.11452   GHz




  ATOMS  10 AND  13 DEFINE INTERNAL ROTATION AXIS

  MOIETY 1 CONTAINS ATOMS:  1  2  3  4  5  6  7  8  9 10 11 12 19 20 21 22 23 24 25 26 27 28 29 30

  MOIETY 2 CONTAINS ATOMS: 13 14 15 16 17 18

  MOMENT OF INERTIA ABOUT BOND FOR MOIETY #1:  1268.579   amu*Ang^2
                                              2.107E-37   g*cm^2
              Rotational constant:  B =         0.01329   cm-1
                                    B =       398.38185   MHz
                                    B =         0.39838   GHz


  MOMENT OF INERTIA ABOUT BOND FOR MOIETY #2:    36.379   amu*Ang^2
                                              6.041E-39   g*cm^2
              Rotational constant:  B =         0.46339   cm-1
                                    B =     13892.12884   MHz
                                    B =        13.89213   GHz


  REDUCED MOMENT OF INERTIA ABOUT 10--13 BOND:   35.365   amu*Ang^2
                                              5.872E-39   g*cm^2
              Rotational constant:  B =         0.47668   cm-1
                                    B =     14290.51069   MHz
                                    B =        14.29051   GHz




  ATOMS  15 AND  13 DEFINE INTERNAL ROTATION AXIS

  MOIETY 1 CONTAINS ATOMS: 15 16 17 18

  MOIETY 2 CONTAINS ATOMS:  1  2  3  4  5  6  7  8  9 10 11 12 13 14 19 20 21 22 23 24 25 26 27 28 29 30

  MOMENT OF INERTIA ABOUT BOND FOR MOIETY #1:     3.140   amu*Ang^2
                                              5.214E-40   g*cm^2
              Rotational constant:  B =         5.36871   cm-1
                                    B =    160949.75938   MHz
                                    B =       160.94976   GHz


  MOMENT OF INERTIA ABOUT BOND FOR MOIETY #2:  1380.176   amu*Ang^2
                                              2.292E-37   g*cm^2
              Rotational constant:  B =         0.01221   cm-1
                                    B =       366.17002   MHz
                                    B =         0.36617   GHz


  REDUCED MOMENT OF INERTIA ABOUT 15--13 BOND:    3.133   amu*Ang^2
                                              5.202E-40   g*cm^2
              Rotational constant:  B =         5.38092   cm-1
                                    B =    161315.92940   MHz
                                    B =       161.31593   GHz




  ATOMS  23 AND  13 DEFINE INTERNAL ROTATION AXIS

  MOIETY 1 CONTAINS ATOMS:  1  2  3  4  5  6  7  8  9 10 11 12 19 20 21 22 23 24 25 26 27 28 29 30

  MOIETY 2 CONTAINS ATOMS: 13 14 15 16 17 18

  MOMENT OF INERTIA ABOUT BOND FOR MOIETY #1:  1320.471   amu*Ang^2
                                              2.193E-37   g*cm^2
              Rotational constant:  B =         0.01277   cm-1
                                    B =       382.72625   MHz
                                    B =         0.38273   GHz


  MOMENT OF INERTIA ABOUT BOND FOR MOIETY #2:    36.819   amu*Ang^2
                                              6.114E-39   g*cm^2
              Rotational constant:  B =         0.45786   cm-1
                                    B =     13726.20875   MHz
                                    B =        13.72621   GHz


  REDUCED MOMENT OF INERTIA ABOUT 23--13 BOND:   35.820   amu*Ang^2
                                              5.948E-39   g*cm^2
              Rotational constant:  B =         0.47062   cm-1
                                    B =     14108.93501   MHz
                                    B =        14.10894   GHz




  ATOMS  26 AND  23 DEFINE INTERNAL ROTATION AXIS

  MOIETY 1 CONTAINS ATOMS:  1  2  3  4  5  6  7  8  9 10 11 12 13 14 15 16 17 18 19 20 21 22 26 27 28 29 30

  MOIETY 2 CONTAINS ATOMS: 23 24 25

  MOMENT OF INERTIA ABOUT BOND FOR MOIETY #1:  1160.487   amu*Ang^2
                                              1.927E-37   g*cm^2
              Rotational constant:  B =         0.01453   cm-1
                                    B =       435.48858   MHz
                                    B =         0.43549   GHz


  MOMENT OF INERTIA ABOUT BOND FOR MOIETY #2:     2.314   amu*Ang^2
                                              3.843E-40   g*cm^2
              Rotational constant:  B =         7.28429   cm-1
                                    B =    218377.41559   MHz
                                    B =       218.37742   GHz


  REDUCED MOMENT OF INERTIA ABOUT 26--23 BOND:    2.310   amu*Ang^2
                                              3.835E-40   g*cm^2
              Rotational constant:  B =         7.29881   cm-1
                                    B =    218812.90417   MHz
                                    B =       218.81290   GHz




  ATOMS  26 AND  30 DEFINE INTERNAL ROTATION AXIS

  MOIETY 1 CONTAINS ATOMS:  1  2  3  4  5  6  7  8  9 10 11 12 13 14 15 16 17 18 19 20 21 22 23 24 25 26 27 28 29

  MOIETY 2 CONTAINS ATOMS: 30

  MOMENT OF INERTIA ABOUT BOND FOR MOIETY #1:  1203.769   amu*Ang^2
                                              1.999E-37   g*cm^2
              Rotational constant:  B =         0.01400   cm-1
                                    B =       419.83040   MHz
                                    B =         0.41983   GHz


  MOMENT OF INERTIA ABOUT BOND FOR MOIETY #2:     0.000   amu*Ang^2
                                              6.987E-73   g*cm^2
              Rotational constant:  B = ***************   cm-1
                                    B = ***************   MHz
                                    B = ***************   GHz


  REDUCED MOMENT OF INERTIA ABOUT 26--30 BOND:    0.000   amu*Ang^2
                                              6.987E-73   g*cm^2
              Rotational constant:  B = ***************   cm-1
                                    B = ***************   MHz
                                    B = ***************   GHz




  ATOMS  29 AND  27 DEFINE INTERNAL ROTATION AXIS

  MOIETY 1 CONTAINS ATOMS:  7  8  9 10 11 12 13 14 15 16 17 18 23 24 25 26 29 30

  MOIETY 2 CONTAINS ATOMS:  1  2  3  4  5  6 19 20 21 22 27 28

  MOMENT OF INERTIA ABOUT BOND FOR MOIETY #1:   694.329   amu*Ang^2
                                              1.153E-37   g*cm^2
              Rotational constant:  B =         0.02428   cm-1
                                    B =       727.86685   MHz
                                    B =         0.72787   GHz


  MOMENT OF INERTIA ABOUT BOND FOR MOIETY #2:   176.465   amu*Ang^2
                                              2.930E-38   g*cm^2
              Rotational constant:  B =         0.09553   cm-1
                                    B =      2863.89693   MHz
                                    B =         2.86390   GHz


  REDUCED MOMENT OF INERTIA ABOUT 29--27 BOND:  140.705   amu*Ang^2
                                              2.336E-38   g*cm^2
              Rotational constant:  B =         0.11981   cm-1
                                    B =      3591.76378   MHz
                                    B =         3.59176   GHz




  ATOMS  29 AND  30 DEFINE INTERNAL ROTATION AXIS

  MOIETY 1 CONTAINS ATOMS:  1  2  3  4  5  6  7  8  9 10 11 12 13 14 15 16 17 18 19 20 21 22 23 24 25 26 27 28 29

  MOIETY 2 CONTAINS ATOMS: 30

  MOMENT OF INERTIA ABOUT BOND FOR MOIETY #1:   987.931   amu*Ang^2
                                              1.640E-37   g*cm^2
              Rotational constant:  B =         0.01706   cm-1
                                    B =       511.55300   MHz
                                    B =         0.51155   GHz


  MOMENT OF INERTIA ABOUT BOND FOR MOIETY #2:     0.000   amu*Ang^2
                                              2.285E-71   g*cm^2
              Rotational constant:  B = ***************   cm-1
                                    B = ***************   MHz
                                    B = ***************   GHz


  REDUCED MOMENT OF INERTIA ABOUT 29--30 BOND:    0.000   amu*Ang^2
                                              2.285E-71   g*cm^2
              Rotational constant:  B = ***************   cm-1
                                    B = ***************   MHz
                                    B = ***************   GHz



PRINCIPAL MOMENTS OF INERTIA AND ROTATIONAL CONSTANTS
  Ia =     399.2792   Ib =     582.4744   Ic =     714.9716   amu*ang^2
  Ia =   6.6302E-38   Ib =   9.6722E-38   Ic =   1.1872E-37   g*cm^2
  Ba =       0.0422   Bb =       0.0289   Bc =       0.0236   cm-1
  Ba =    1265.7283   Bb =     867.6415   Bc =     706.8518   MHz
  Ba =       1.2657   Bb =       0.8676   Bc =       0.7069   GHz

