%%%%%%%%%%%%%%%%%%%%%%%%%%%%%%%%%%%%%%%%%%%%%%%%%%%%%%%%%%%%%%%%%%%%%%%%%%%%%%

                                        John R. Barker
               Mominert-2014            University of Michigan
                                        Ann Arbor, MI 48109-2143
               Jan 2014                 jrbarker@umich.edu
                                        (734) 763 6239

              http://aoss.engin.umich.edu/multiwell/

%%%%%%%%%%%%%%%%%%%%%%%%%%%%%%%%%%%%%%%%%%%%%%%%%%%%%%%%%%%%%%%%%%%%%%%%%%%%%%

        Suggested Literature Citation:

        a) MultiWell-2014   Software, Jan 2014, designed and
           maintained by J.R. Barker with contributors N.F. Ortiz,
           J.M. Preses, L.L. Lohr, A. Maranzana, P.J. Stimac, T. L.
           Nguyen, and T. J. Dhilip Kumar, University of Michigan,
           Ann Arbor, MI; http://aoss.engin.umich.edu/multiwell/

        b) J.R. Barker, Int. J. Chem. Kinetics, 33, 232-45 (2001)



%%%%%%%%%%%%%%%%%%%%%%%%%%%%%%%%%%%%%%%%%%%%%%%%%%%%%%%%%%%%%%%%%%%%%%%%%%%%%%

 TS_3_C9H18O_3                                                                                       

 NUMBER  TYPE         X           Y           Z
    1     C         3.633696   -0.178085   -0.016052
    2     H         3.628635   -1.156791   -0.494587
    3     H         3.703493   -0.331343    1.064510
    4     H         4.524648    0.365848   -0.339838
    5     C         2.372631    0.619618   -0.376570
    6     H         2.388983    0.791749   -1.465222
    7     C        -0.262204    0.467808   -0.347231
    8     H        -0.341118    0.679274   -1.425665
    9     H        -0.277455    1.434490    0.159038
   10     C        -1.457752   -0.391358    0.085925
   11     H        -1.438558   -0.518322    1.175439
   12     H        -1.334855   -1.389886   -0.340311
   13     C        -2.828692    0.171591   -0.332249
   14     H        -2.811362    0.313301   -1.421948
   15     C        -3.936085   -0.841868   -0.011692
   16     H        -3.998803   -1.023110    1.066778
   17     H        -4.913121   -0.480095   -0.344715
   18     H        -3.748491   -1.802619   -0.499220
   19     C         2.364162    1.987825    0.321362
   20     H         2.261049    1.872696    1.405183
   21     H         3.306951    2.507311    0.133456
   22     H         1.558379    2.635050   -0.030061
   23     C        -3.136239    1.529719    0.315120
   24     H        -3.130817    1.448705    1.407919
   25     H        -4.124445    1.890327    0.015538
   26     H        -2.410991    2.297487    0.033378
   27     C         1.093208   -0.177637   -0.128150
   28     H         1.141795   -0.736646    1.082539
   29     O         1.161469   -1.499467   -0.597077
   30     O         1.208499   -1.990922    0.816453



  ATOMS   1 AND   5 DEFINE INTERNAL ROTATION AXIS

  MOIETY 1 CONTAINS ATOMS:  1  2  3  4

  MOIETY 2 CONTAINS ATOMS:  5  6  7  8  9 10 11 12 13 14 15 16 17 18 19 20 21 22 23 24 25 26 27 28 29 30

  MOMENT OF INERTIA ABOUT BOND FOR MOIETY #1:     3.157   amu*Ang^2
                                              5.242E-40   g*cm^2
              Rotational constant:  B =         5.34049   cm-1
                                    B =    160103.87142   MHz
                                    B =       160.10387   GHz


  MOMENT OF INERTIA ABOUT BOND FOR MOIETY #2:  1118.251   amu*Ang^2
                                              1.857E-37   g*cm^2
              Rotational constant:  B =         0.01507   cm-1
                                    B =       451.93693   MHz
                                    B =         0.45194   GHz


  REDUCED MOMENT OF INERTIA ABOUT  1-- 5 BOND:    3.148   amu*Ang^2
                                              5.227E-40   g*cm^2
              Rotational constant:  B =         5.35557   cm-1
                                    B =    160555.80835   MHz
                                    B =       160.55581   GHz




  ATOMS  19 AND   5 DEFINE INTERNAL ROTATION AXIS

  MOIETY 1 CONTAINS ATOMS: 19 20 21 22

  MOIETY 2 CONTAINS ATOMS:  1  2  3  4  5  6  7  8  9 10 11 12 13 14 15 16 17 18 23 24 25 26 27 28 29 30

  MOMENT OF INERTIA ABOUT BOND FOR MOIETY #1:     3.141   amu*Ang^2
                                              5.215E-40   g*cm^2
              Rotational constant:  B =         5.36779   cm-1
                                    B =    160922.15575   MHz
                                    B =       160.92216   GHz


  MOMENT OF INERTIA ABOUT BOND FOR MOIETY #2:  1964.365   amu*Ang^2
                                              3.262E-37   g*cm^2
              Rotational constant:  B =         0.00858   cm-1
                                    B =       257.27346   MHz
                                    B =         0.25727   GHz


  REDUCED MOMENT OF INERTIA ABOUT 19-- 5 BOND:    3.136   amu*Ang^2
                                              5.207E-40   g*cm^2
              Rotational constant:  B =         5.37637   cm-1
                                    B =    161179.42922   MHz
                                    B =       161.17943   GHz




  ATOMS   5 AND  27 DEFINE INTERNAL ROTATION AXIS

  MOIETY 1 CONTAINS ATOMS:  1  2  3  4  5  6 19 20 21 22

  MOIETY 2 CONTAINS ATOMS:  7  8  9 10 11 12 13 14 15 16 17 18 23 24 25 26 27 28 29 30

  MOMENT OF INERTIA ABOUT BOND FOR MOIETY #1:    72.229   amu*Ang^2
                                              1.199E-38   g*cm^2
              Rotational constant:  B =         0.23339   cm-1
                                    B =      6996.86706   MHz
                                    B =         6.99687   GHz


  MOMENT OF INERTIA ABOUT BOND FOR MOIETY #2:   498.850   amu*Ang^2
                                              8.284E-38   g*cm^2
              Rotational constant:  B =         0.03379   cm-1
                                    B =      1013.08823   MHz
                                    B =         1.01309   GHz


  REDUCED MOMENT OF INERTIA ABOUT  5--27 BOND:   63.094   amu*Ang^2
                                              1.048E-38   g*cm^2
              Rotational constant:  B =         0.26718   cm-1
                                    B =      8009.95529   MHz
                                    B =         8.00996   GHz




  ATOMS  10 AND   7 DEFINE INTERNAL ROTATION AXIS

  MOIETY 1 CONTAINS ATOMS: 10 11 12 13 14 15 16 17 18 23 24 25 26

  MOIETY 2 CONTAINS ATOMS:  1  2  3  4  5  6  7  8  9 19 20 21 22 27 28 29 30

  MOMENT OF INERTIA ABOUT BOND FOR MOIETY #1:   163.745   amu*Ang^2
                                              2.719E-38   g*cm^2
              Rotational constant:  B =         0.10295   cm-1
                                    B =      3086.37708   MHz
                                    B =         3.08638   GHz


  MOMENT OF INERTIA ABOUT BOND FOR MOIETY #2:   487.501   amu*Ang^2
                                              8.095E-38   g*cm^2
              Rotational constant:  B =         0.03458   cm-1
                                    B =      1036.67261   MHz
                                    B =         1.03667   GHz


  REDUCED MOMENT OF INERTIA ABOUT 10-- 7 BOND:  122.574   amu*Ang^2
                                              2.035E-38   g*cm^2
              Rotational constant:  B =         0.13753   cm-1
                                    B =      4123.04969   MHz
                                    B =         4.12305   GHz




  ATOMS  27 AND   7 DEFINE INTERNAL ROTATION AXIS

  MOIETY 1 CONTAINS ATOMS:  1  2  3  4  5  6 19 20 21 22 27 28 29 30

  MOIETY 2 CONTAINS ATOMS:  7  8  9 10 11 12 13 14 15 16 17 18 23 24 25 26

  MOMENT OF INERTIA ABOUT BOND FOR MOIETY #1:   229.658   amu*Ang^2
                                              3.814E-38   g*cm^2
              Rotational constant:  B =         0.07340   cm-1
                                    B =      2200.57084   MHz
                                    B =         2.20057   GHz


  MOMENT OF INERTIA ABOUT BOND FOR MOIETY #2:   214.406   amu*Ang^2
                                              3.560E-38   g*cm^2
              Rotational constant:  B =         0.07862   cm-1
                                    B =      2357.11669   MHz
                                    B =         2.35712   GHz


  REDUCED MOMENT OF INERTIA ABOUT 27-- 7 BOND:  110.885   amu*Ang^2
                                              1.841E-38   g*cm^2
              Rotational constant:  B =         0.15203   cm-1
                                    B =      4557.68754   MHz
                                    B =         4.55769   GHz




  ATOMS  13 AND  10 DEFINE INTERNAL ROTATION AXIS

  MOIETY 1 CONTAINS ATOMS: 13 14 15 16 17 18 23 24 25 26

  MOIETY 2 CONTAINS ATOMS:  1  2  3  4  5  6  7  8  9 10 11 12 19 20 21 22 27 28 29 30

  MOMENT OF INERTIA ABOUT BOND FOR MOIETY #1:    73.232   amu*Ang^2
                                              1.216E-38   g*cm^2
              Rotational constant:  B =         0.23019   cm-1
                                    B =      6901.02911   MHz
                                    B =         6.90103   GHz


  MOMENT OF INERTIA ABOUT BOND FOR MOIETY #2:   508.782   amu*Ang^2
                                              8.449E-38   g*cm^2
              Rotational constant:  B =         0.03313   cm-1
                                    B =       993.31073   MHz
                                    B =         0.99331   GHz


  REDUCED MOMENT OF INERTIA ABOUT 13--10 BOND:   64.018   amu*Ang^2
                                              1.063E-38   g*cm^2
              Rotational constant:  B =         0.26333   cm-1
                                    B =      7894.33984   MHz
                                    B =         7.89434   GHz




  ATOMS  15 AND  13 DEFINE INTERNAL ROTATION AXIS

  MOIETY 1 CONTAINS ATOMS: 15 16 17 18

  MOIETY 2 CONTAINS ATOMS:  1  2  3  4  5  6  7  8  9 10 11 12 13 14 19 20 21 22 23 24 25 26 27 28 29 30

  MOMENT OF INERTIA ABOUT BOND FOR MOIETY #1:     3.150   amu*Ang^2
                                              5.230E-40   g*cm^2
              Rotational constant:  B =         5.35187   cm-1
                                    B =    160445.11162   MHz
                                    B =       160.44511   GHz


  MOMENT OF INERTIA ABOUT BOND FOR MOIETY #2:  1419.487   amu*Ang^2
                                              2.357E-37   g*cm^2
              Rotational constant:  B =         0.01188   cm-1
                                    B =       356.02943   MHz
                                    B =         0.35603   GHz


  REDUCED MOMENT OF INERTIA ABOUT 15--13 BOND:    3.143   amu*Ang^2
                                              5.219E-40   g*cm^2
              Rotational constant:  B =         5.36375   cm-1
                                    B =    160801.14105   MHz
                                    B =       160.80114   GHz




  ATOMS  23 AND  13 DEFINE INTERNAL ROTATION AXIS

  MOIETY 1 CONTAINS ATOMS: 23 24 25 26

  MOIETY 2 CONTAINS ATOMS:  1  2  3  4  5  6  7  8  9 10 11 12 13 14 15 16 17 18 19 20 21 22 27 28 29 30

  MOMENT OF INERTIA ABOUT BOND FOR MOIETY #1:     3.141   amu*Ang^2
                                              5.217E-40   g*cm^2
              Rotational constant:  B =         5.36617   cm-1
                                    B =    160873.58994   MHz
                                    B =       160.87359   GHz


  MOMENT OF INERTIA ABOUT BOND FOR MOIETY #2:  2260.386   amu*Ang^2
                                              3.753E-37   g*cm^2
              Rotational constant:  B =         0.00746   cm-1
                                    B =       223.58088   MHz
                                    B =         0.22358   GHz


  REDUCED MOMENT OF INERTIA ABOUT 23--13 BOND:    3.137   amu*Ang^2
                                              5.209E-40   g*cm^2
              Rotational constant:  B =         5.37362   cm-1
                                    B =    161097.17082   MHz
                                    B =       161.09717   GHz




  ATOMS  28 AND  27 DEFINE INTERNAL ROTATION AXIS

  MOIETY 1 CONTAINS ATOMS: 28 29 30

  MOIETY 2 CONTAINS ATOMS:  1  2  3  4  5  6  7  8  9 10 11 12 13 14 15 16 17 18 19 20 21 22 23 24 25 26 27

  MOMENT OF INERTIA ABOUT BOND FOR MOIETY #1:    56.335   amu*Ang^2
                                              9.355E-39   g*cm^2
              Rotational constant:  B =         0.29924   cm-1
                                    B =      8970.91391   MHz
                                    B =         8.97091   GHz


  MOMENT OF INERTIA ABOUT BOND FOR MOIETY #2:  1274.294   amu*Ang^2
                                              2.116E-37   g*cm^2
              Rotational constant:  B =         0.01323   cm-1
                                    B =       396.59540   MHz
                                    B =         0.39660   GHz


  REDUCED MOMENT OF INERTIA ABOUT 28--27 BOND:   53.950   amu*Ang^2
                                              8.959E-39   g*cm^2
              Rotational constant:  B =         0.31247   cm-1
                                    B =      9367.50930   MHz
                                    B =         9.36751   GHz




  ATOMS  29 AND  27 DEFINE INTERNAL ROTATION AXIS

  MOIETY 1 CONTAINS ATOMS: 28 29 30

  MOIETY 2 CONTAINS ATOMS:  1  2  3  4  5  6  7  8  9 10 11 12 13 14 15 16 17 18 19 20 21 22 23 24 25 26 27

  MOMENT OF INERTIA ABOUT BOND FOR MOIETY #1:    37.646   amu*Ang^2
                                              6.251E-39   g*cm^2
              Rotational constant:  B =         0.44779   cm-1
                                    B =     13424.52763   MHz
                                    B =        13.42453   GHz


  MOMENT OF INERTIA ABOUT BOND FOR MOIETY #2:  1149.575   amu*Ang^2
                                              1.909E-37   g*cm^2
              Rotational constant:  B =         0.01466   cm-1
                                    B =       439.62248   MHz
                                    B =         0.43962   GHz


  REDUCED MOMENT OF INERTIA ABOUT 29--27 BOND:   36.452   amu*Ang^2
                                              6.053E-39   g*cm^2
              Rotational constant:  B =         0.46246   cm-1
                                    B =     13864.15010   MHz
                                    B =        13.86415   GHz




  ATOMS  30 AND  27 DEFINE INTERNAL ROTATION AXIS

  MOIETY 1 CONTAINS ATOMS: 28 29 30

  MOIETY 2 CONTAINS ATOMS:  1  2  3  4  5  6  7  8  9 10 11 12 13 14 15 16 17 18 19 20 21 22 23 24 25 26 27

  MOMENT OF INERTIA ABOUT BOND FOR MOIETY #1:    17.535   amu*Ang^2
                                              2.912E-39   g*cm^2
              Rotational constant:  B =         0.96139   cm-1
                                    B =     28821.68366   MHz
                                    B =        28.82168   GHz


  MOMENT OF INERTIA ABOUT BOND FOR MOIETY #2:  1190.765   amu*Ang^2
                                              1.977E-37   g*cm^2
              Rotational constant:  B =         0.01416   cm-1
                                    B =       424.41527   MHz
                                    B =         0.42442   GHz


  REDUCED MOMENT OF INERTIA ABOUT 30--27 BOND:   17.280   amu*Ang^2
                                              2.869E-39   g*cm^2
              Rotational constant:  B =         0.97554   cm-1
                                    B =     29246.09893   MHz
                                    B =        29.24610   GHz




  ATOMS  28 AND  30 DEFINE INTERNAL ROTATION AXIS

  MOIETY 1 CONTAINS ATOMS:  1  2  3  4  5  6  7  8  9 10 11 12 13 14 15 16 17 18 19 20 21 22 23 24 25 26 27 28 29

  MOIETY 2 CONTAINS ATOMS: 30

  MOMENT OF INERTIA ABOUT BOND FOR MOIETY #1:  1415.819   amu*Ang^2
                                              2.351E-37   g*cm^2
              Rotational constant:  B =         0.01191   cm-1
                                    B =       356.95180   MHz
                                    B =         0.35695   GHz


  MOMENT OF INERTIA ABOUT BOND FOR MOIETY #2:     0.000   amu*Ang^2
                                              1.557E-71   g*cm^2
              Rotational constant:  B = ***************   cm-1
                                    B = ***************   MHz
                                    B = ***************   GHz


  REDUCED MOMENT OF INERTIA ABOUT 28--30 BOND:    0.000   amu*Ang^2
                                              1.557E-71   g*cm^2
              Rotational constant:  B = ***************   cm-1
                                    B = ***************   MHz
                                    B = ***************   GHz




  ATOMS  29 AND  30 DEFINE INTERNAL ROTATION AXIS

  MOIETY 1 CONTAINS ATOMS:  1  2  3  4  5  6  7  8  9 10 11 12 13 14 15 16 17 18 19 20 21 22 23 24 25 26 27 28 29

  MOIETY 2 CONTAINS ATOMS: 30

  MOMENT OF INERTIA ABOUT BOND FOR MOIETY #1:  1750.938   amu*Ang^2
                                              2.908E-37   g*cm^2
              Rotational constant:  B =         0.00963   cm-1
                                    B =       288.63326   MHz
                                    B =         0.28863   GHz


  MOMENT OF INERTIA ABOUT BOND FOR MOIETY #2:     0.000   amu*Ang^2
                                              5.934E-72   g*cm^2
              Rotational constant:  B = ***************   cm-1
                                    B = ***************   MHz
                                    B = ***************   GHz


  REDUCED MOMENT OF INERTIA ABOUT 29--30 BOND:    0.000   amu*Ang^2
                                              5.934E-72   g*cm^2
              Rotational constant:  B = ***************   cm-1
                                    B = ***************   MHz
                                    B = ***************   GHz



PRINCIPAL MOMENTS OF INERTIA AND ROTATIONAL CONSTANTS
  Ia =     272.7123   Ib =     991.7370   Ic =    1185.3663   amu*ang^2
  Ia =   4.5285E-38   Ib =   1.6468E-37   Ic =   1.9683E-37   g*cm^2
  Ba =       0.0618   Bb =       0.0170   Bc =       0.0142   cm-1
  Ba =    1853.1583   Bb =     509.5897   Bc =     426.3484   MHz
  Ba =       1.8532   Bb =       0.5096   Bc =       0.4263   GHz

