%%%%%%%%%%%%%%%%%%%%%%%%%%%%%%%%%%%%%%%%%%%%%%%%%%%%%%%%%%%%%%%%%%%%%%%%%%%%%%

                                        John R. Barker
               Mominert-2014            University of Michigan
                                        Ann Arbor, MI 48109-2143
               Jan 2014                 jrbarker@umich.edu
                                        (734) 763 6239

              http://aoss.engin.umich.edu/multiwell/

%%%%%%%%%%%%%%%%%%%%%%%%%%%%%%%%%%%%%%%%%%%%%%%%%%%%%%%%%%%%%%%%%%%%%%%%%%%%%%

        Suggested Literature Citation:

        a) MultiWell-2014   Software, Jan 2014, designed and
           maintained by J.R. Barker with contributors N.F. Ortiz,
           J.M. Preses, L.L. Lohr, A. Maranzana, P.J. Stimac, T. L.
           Nguyen, and T. J. Dhilip Kumar, University of Michigan,
           Ann Arbor, MI; http://aoss.engin.umich.edu/multiwell/

        b) J.R. Barker, Int. J. Chem. Kinetics, 33, 232-45 (2001)



%%%%%%%%%%%%%%%%%%%%%%%%%%%%%%%%%%%%%%%%%%%%%%%%%%%%%%%%%%%%%%%%%%%%%%%%%%%%%%

 TS_3_C9H18_2                                                                                        

 NUMBER  TYPE         X           Y           Z
    1     C        -3.362360   -0.625672    1.153878
    2     H        -3.218049    0.097348    1.960319
    3     H        -3.405922   -1.625542    1.599539
    4     H        -4.336881   -0.427817    0.698597
    5     C        -2.239266   -0.536676    0.117917
    6     H        -2.451553    0.643981   -0.415303
    7     C         0.331864   -0.521105   -0.109435
    8     H         0.240512   -0.350249   -1.187941
    9     H         0.494033   -1.603743    0.002145
   10     C         1.538025    0.251753    0.440138
   11     H         1.655665    0.026511    1.508916
   12     H         1.319712    1.321094    0.370195
   13     C         2.870100   -0.031455   -0.278482
   14     H         2.714669    0.156484   -1.349857
   15     C         3.956024    0.936491    0.211581
   16     H         4.151085    0.795124    1.280339
   17     H         4.898168    0.777316   -0.320791
   18     H         3.657563    1.977963    0.062484
   19     C        -2.400677   -1.490273   -1.065371
   20     H        -2.262573   -2.531323   -0.751519
   21     H        -3.404829   -1.407770   -1.489265
   22     H        -1.687694   -1.286118   -1.866040
   23     C         3.333335   -1.486680   -0.116385
   24     H         3.476366   -1.732393    0.941929
   25     H         4.287329   -1.651336   -0.625444
   26     H         2.616087   -2.199818   -0.530868
   27     C        -0.961494   -0.189154    0.571288
   28     H        -0.877774    0.209428    1.578308
   29     O        -1.071839    1.975711   -0.156005
   30     O        -2.210564    1.895225   -0.721059



  ATOMS   1 AND   5 DEFINE INTERNAL ROTATION AXIS

  MOIETY 1 CONTAINS ATOMS:  1  2  3  4

  MOIETY 2 CONTAINS ATOMS:  5  6  7  8  9 10 11 12 13 14 15 16 17 18 19 20 21 22 23 24 25 26 27 28 29 30

  MOMENT OF INERTIA ABOUT BOND FOR MOIETY #1:     3.147   amu*Ang^2
                                              5.226E-40   g*cm^2
              Rotational constant:  B =         5.35689   cm-1
                                    B =    160595.49998   MHz
                                    B =       160.59550   GHz


  MOMENT OF INERTIA ABOUT BOND FOR MOIETY #2:  1074.362   amu*Ang^2
                                              1.784E-37   g*cm^2
              Rotational constant:  B =         0.01569   cm-1
                                    B =       470.39896   MHz
                                    B =         0.47040   GHz


  REDUCED MOMENT OF INERTIA ABOUT  1-- 5 BOND:    3.138   amu*Ang^2
                                              5.210E-40   g*cm^2
              Rotational constant:  B =         5.37258   cm-1
                                    B =    161065.89894   MHz
                                    B =       161.06590   GHz




  ATOMS  19 AND   5 DEFINE INTERNAL ROTATION AXIS

  MOIETY 1 CONTAINS ATOMS: 19 20 21 22

  MOIETY 2 CONTAINS ATOMS:  1  2  3  4  5  6  7  8  9 10 11 12 13 14 15 16 17 18 23 24 25 26 27 28 29 30

  MOMENT OF INERTIA ABOUT BOND FOR MOIETY #1:     3.138   amu*Ang^2
                                              5.210E-40   g*cm^2
              Rotational constant:  B =         5.37260   cm-1
                                    B =    161066.34933   MHz
                                    B =       161.06635   GHz


  MOMENT OF INERTIA ABOUT BOND FOR MOIETY #2:  1939.001   amu*Ang^2
                                              3.220E-37   g*cm^2
              Rotational constant:  B =         0.00869   cm-1
                                    B =       260.63892   MHz
                                    B =         0.26064   GHz


  REDUCED MOMENT OF INERTIA ABOUT 19-- 5 BOND:    3.133   amu*Ang^2
                                              5.202E-40   g*cm^2
              Rotational constant:  B =         5.38129   cm-1
                                    B =    161326.98825   MHz
                                    B =       161.32699   GHz




  ATOMS  10 AND   7 DEFINE INTERNAL ROTATION AXIS

  MOIETY 1 CONTAINS ATOMS: 10 11 12 13 14 15 16 17 18 23 24 25 26

  MOIETY 2 CONTAINS ATOMS:  1  2  3  4  5  6  7  8  9 19 20 21 22 27 28 29 30

  MOMENT OF INERTIA ABOUT BOND FOR MOIETY #1:   162.740   amu*Ang^2
                                              2.702E-38   g*cm^2
              Rotational constant:  B =         0.10359   cm-1
                                    B =      3105.43986   MHz
                                    B =         3.10544   GHz


  MOMENT OF INERTIA ABOUT BOND FOR MOIETY #2:   540.160   amu*Ang^2
                                              8.970E-38   g*cm^2
              Rotational constant:  B =         0.03121   cm-1
                                    B =       935.60977   MHz
                                    B =         0.93561   GHz


  REDUCED MOMENT OF INERTIA ABOUT 10-- 7 BOND:  125.061   amu*Ang^2
                                              2.077E-38   g*cm^2
              Rotational constant:  B =         0.13479   cm-1
                                    B =      4041.04962   MHz
                                    B =         4.04105   GHz




  ATOMS  27 AND   7 DEFINE INTERNAL ROTATION AXIS

  MOIETY 1 CONTAINS ATOMS:  1  2  3  4  5  6 19 20 21 22 27 28 29 30

  MOIETY 2 CONTAINS ATOMS:  7  8  9 10 11 12 13 14 15 16 17 18 23 24 25 26

  MOMENT OF INERTIA ABOUT BOND FOR MOIETY #1:   335.158   amu*Ang^2
                                              5.565E-38   g*cm^2
              Rotational constant:  B =         0.05030   cm-1
                                    B =      1507.88258   MHz
                                    B =         1.50788   GHz


  MOMENT OF INERTIA ABOUT BOND FOR MOIETY #2:   229.433   amu*Ang^2
                                              3.810E-38   g*cm^2
              Rotational constant:  B =         0.07348   cm-1
                                    B =      2202.73407   MHz
                                    B =         2.20273   GHz


  REDUCED MOMENT OF INERTIA ABOUT 27-- 7 BOND:  136.198   amu*Ang^2
                                              2.262E-38   g*cm^2
              Rotational constant:  B =         0.12377   cm-1
                                    B =      3710.61665   MHz
                                    B =         3.71062   GHz




  ATOMS  13 AND  10 DEFINE INTERNAL ROTATION AXIS

  MOIETY 1 CONTAINS ATOMS: 13 14 15 16 17 18 23 24 25 26

  MOIETY 2 CONTAINS ATOMS:  1  2  3  4  5  6  7  8  9 10 11 12 19 20 21 22 27 28 29 30

  MOMENT OF INERTIA ABOUT BOND FOR MOIETY #1:    73.201   amu*Ang^2
                                              1.216E-38   g*cm^2
              Rotational constant:  B =         0.23029   cm-1
                                    B =      6903.97830   MHz
                                    B =         6.90398   GHz


  MOMENT OF INERTIA ABOUT BOND FOR MOIETY #2:   690.878   amu*Ang^2
                                              1.147E-37   g*cm^2
              Rotational constant:  B =         0.02440   cm-1
                                    B =       731.50223   MHz
                                    B =         0.73150   GHz


  REDUCED MOMENT OF INERTIA ABOUT 13--10 BOND:   66.188   amu*Ang^2
                                              1.099E-38   g*cm^2
              Rotational constant:  B =         0.25469   cm-1
                                    B =      7635.48053   MHz
                                    B =         7.63548   GHz




  ATOMS  15 AND  13 DEFINE INTERNAL ROTATION AXIS

  MOIETY 1 CONTAINS ATOMS: 15 16 17 18

  MOIETY 2 CONTAINS ATOMS:  1  2  3  4  5  6  7  8  9 10 11 12 13 14 19 20 21 22 23 24 25 26 27 28 29 30

  MOMENT OF INERTIA ABOUT BOND FOR MOIETY #1:     3.150   amu*Ang^2
                                              5.231E-40   g*cm^2
              Rotational constant:  B =         5.35167   cm-1
                                    B =    160439.11023   MHz
                                    B =       160.43911   GHz


  MOMENT OF INERTIA ABOUT BOND FOR MOIETY #2:  1489.828   amu*Ang^2
                                              2.474E-37   g*cm^2
              Rotational constant:  B =         0.01132   cm-1
                                    B =       339.21972   MHz
                                    B =         0.33922   GHz


  REDUCED MOMENT OF INERTIA ABOUT 15--13 BOND:    3.143   amu*Ang^2
                                              5.220E-40   g*cm^2
              Rotational constant:  B =         5.36299   cm-1
                                    B =    160778.32995   MHz
                                    B =       160.77833   GHz




  ATOMS  23 AND  13 DEFINE INTERNAL ROTATION AXIS

  MOIETY 1 CONTAINS ATOMS: 23 24 25 26

  MOIETY 2 CONTAINS ATOMS:  1  2  3  4  5  6  7  8  9 10 11 12 13 14 15 16 17 18 19 20 21 22 27 28 29 30

  MOMENT OF INERTIA ABOUT BOND FOR MOIETY #1:     3.142   amu*Ang^2
                                              5.217E-40   g*cm^2
              Rotational constant:  B =         5.36597   cm-1
                                    B =    160867.84533   MHz
                                    B =       160.86785   GHz


  MOMENT OF INERTIA ABOUT BOND FOR MOIETY #2:  2216.859   amu*Ang^2
                                              3.681E-37   g*cm^2
              Rotational constant:  B =         0.00760   cm-1
                                    B =       227.97075   MHz
                                    B =         0.22797   GHz


  REDUCED MOMENT OF INERTIA ABOUT 23--13 BOND:    3.137   amu*Ang^2
                                              5.209E-40   g*cm^2
              Rotational constant:  B =         5.37358   cm-1
                                    B =    161095.81608   MHz
                                    B =       161.09582   GHz



PRINCIPAL MOMENTS OF INERTIA AND ROTATIONAL CONSTANTS
  Ia =     300.8147   Ib =    1066.6944   Ic =    1224.9933   amu*ang^2
  Ia =   4.9951E-38   Ib =   1.7713E-37   Ic =   2.0341E-37   g*cm^2
  Ba =       0.0560   Bb =       0.0158   Bc =       0.0138   cm-1
  Ba =    1680.0340   Bb =     473.7805   Bc =     412.5565   MHz
  Ba =       1.6800   Bb =       0.4738   Bc =       0.4126   GHz

