%%%%%%%%%%%%%%%%%%%%%%%%%%%%%%%%%%%%%%%%%%%%%%%%%%%%%%%%%%%%%%%%%%%%%%%%%%%%%%

                                        John R. Barker
               Mominert-2014            University of Michigan
                                        Ann Arbor, MI 48109-2143
               Jan 2014                 jrbarker@umich.edu
                                        (734) 763 6239

              http://aoss.engin.umich.edu/multiwell/

%%%%%%%%%%%%%%%%%%%%%%%%%%%%%%%%%%%%%%%%%%%%%%%%%%%%%%%%%%%%%%%%%%%%%%%%%%%%%%

        Suggested Literature Citation:

        a) MultiWell-2014   Software, Jan 2014, designed and
           maintained by J.R. Barker with contributors N.F. Ortiz,
           J.M. Preses, L.L. Lohr, A. Maranzana, P.J. Stimac, T. L.
           Nguyen, and T. J. Dhilip Kumar, University of Michigan,
           Ann Arbor, MI; http://aoss.engin.umich.edu/multiwell/

        b) J.R. Barker, Int. J. Chem. Kinetics, 33, 232-45 (2001)



%%%%%%%%%%%%%%%%%%%%%%%%%%%%%%%%%%%%%%%%%%%%%%%%%%%%%%%%%%%%%%%%%%%%%%%%%%%%%%

 TS_4_4c                                                                                             

 NUMBER  TYPE         X           Y           Z
    1     C         3.784601   -0.274475    0.885883
    2     H         3.653553   -1.269551    1.320269
    3     H         3.842919    0.445341    1.710246
    4     H         4.746830   -0.260117    0.366144
    5     C         2.635292    0.072221   -0.070045
    6     H         2.609721   -0.686882   -0.860040
    7     C         1.286328   -0.001550    0.668521
    8     H         1.240255   -0.928625    1.248414
    9     H         1.212403    0.827319    1.385035
   10     C        -1.264402   -0.128960    0.528911
   11     H        -1.214349    0.053027    1.604557
   12     H        -1.125714   -1.463665    0.331991
   13     C        -2.545431    0.329289   -0.129790
   14     H        -2.481586    0.066199   -1.192218
   15     C        -3.768370   -0.377758    0.473056
   16     H        -3.859019   -0.163003    1.543170
   17     H        -4.688919   -0.043426   -0.012865
   18     H        -3.696509   -1.461187    0.350091
   19     C         2.870858    1.440757   -0.725564
   20     H         2.884346    2.237387    0.027048
   21     H         3.832272    1.461505   -1.246259
   22     H         2.100569    1.687231   -1.461101
   23     C        -2.691250    1.863424   -0.025057
   24     H        -3.591627    2.194438   -0.550493
   25     H        -2.776730    2.176539    1.020216
   26     H        -1.838400    2.385674   -0.466099
   27     C         0.058113    0.032999   -0.240772
   28     H         0.059660    0.919783   -0.882793
   29     O         0.029327   -1.072924   -1.174473
   30     O        -0.417342   -2.166285   -0.378798



  ATOMS   1 AND   5 DEFINE INTERNAL ROTATION AXIS

  MOIETY 1 CONTAINS ATOMS:  1  2  3  4

  MOIETY 2 CONTAINS ATOMS:  5  6  7  8  9 10 11 12 13 14 15 16 17 18 19 20 21 22 23 24 25 26 27 28 29 30

  MOMENT OF INERTIA ABOUT BOND FOR MOIETY #1:     3.150   amu*Ang^2
                                              5.230E-40   g*cm^2
              Rotational constant:  B =         5.35210   cm-1
                                    B =    160451.97606   MHz
                                    B =       160.45198   GHz


  MOMENT OF INERTIA ABOUT BOND FOR MOIETY #2:  1154.294   amu*Ang^2
                                              1.917E-37   g*cm^2
              Rotational constant:  B =         0.01460   cm-1
                                    B =       437.82538   MHz
                                    B =         0.43783   GHz


  REDUCED MOMENT OF INERTIA ABOUT  1-- 5 BOND:    3.141   amu*Ang^2
                                              5.216E-40   g*cm^2
              Rotational constant:  B =         5.36671   cm-1
                                    B =    160889.80144   MHz
                                    B =       160.88980   GHz




  ATOMS   5 AND   7 DEFINE INTERNAL ROTATION AXIS

  MOIETY 1 CONTAINS ATOMS:  1  2  3  4  5  6 19 20 21 22

  MOIETY 2 CONTAINS ATOMS:  7  8  9 10 11 12 13 14 15 16 17 18 23 24 25 26 27 28 29 30

  MOMENT OF INERTIA ABOUT BOND FOR MOIETY #1:    73.314   amu*Ang^2
                                              1.217E-38   g*cm^2
              Rotational constant:  B =         0.22994   cm-1
                                    B =      6893.37158   MHz
                                    B =         6.89337   GHz


  MOMENT OF INERTIA ABOUT BOND FOR MOIETY #2:   633.344   amu*Ang^2
                                              1.052E-37   g*cm^2
              Rotational constant:  B =         0.02662   cm-1
                                    B =       797.95373   MHz
                                    B =         0.79795   GHz


  REDUCED MOMENT OF INERTIA ABOUT  5-- 7 BOND:   65.708   amu*Ang^2
                                              1.091E-38   g*cm^2
              Rotational constant:  B =         0.25656   cm-1
                                    B =      7691.32532   MHz
                                    B =         7.69133   GHz




  ATOMS  19 AND   5 DEFINE INTERNAL ROTATION AXIS

  MOIETY 1 CONTAINS ATOMS: 19 20 21 22

  MOIETY 2 CONTAINS ATOMS:  1  2  3  4  5  6  7  8  9 10 11 12 13 14 15 16 17 18 23 24 25 26 27 28 29 30

  MOMENT OF INERTIA ABOUT BOND FOR MOIETY #1:     3.141   amu*Ang^2
                                              5.216E-40   g*cm^2
              Rotational constant:  B =         5.36713   cm-1
                                    B =    160902.57611   MHz
                                    B =       160.90258   GHz


  MOMENT OF INERTIA ABOUT BOND FOR MOIETY #2:  2054.324   amu*Ang^2
                                              3.411E-37   g*cm^2
              Rotational constant:  B =         0.00821   cm-1
                                    B =       246.00750   MHz
                                    B =         0.24601   GHz


  REDUCED MOMENT OF INERTIA ABOUT 19-- 5 BOND:    3.136   amu*Ang^2
                                              5.208E-40   g*cm^2
              Rotational constant:  B =         5.37534   cm-1
                                    B =    161148.58361   MHz
                                    B =       161.14858   GHz




  ATOMS   7 AND  27 DEFINE INTERNAL ROTATION AXIS

  MOIETY 1 CONTAINS ATOMS:  1  2  3  4  5  6  7  8  9 19 20 21 22

  MOIETY 2 CONTAINS ATOMS: 10 11 12 13 14 15 16 17 18 23 24 25 26 27 28 29 30

  MOMENT OF INERTIA ABOUT BOND FOR MOIETY #1:   163.001   amu*Ang^2
                                              2.707E-38   g*cm^2
              Rotational constant:  B =         0.10342   cm-1
                                    B =      3100.47040   MHz
                                    B =         3.10047   GHz


  MOMENT OF INERTIA ABOUT BOND FOR MOIETY #2:   411.951   amu*Ang^2
                                              6.841E-38   g*cm^2
              Rotational constant:  B =         0.04092   cm-1
                                    B =      1226.79373   MHz
                                    B =         1.22679   GHz


  REDUCED MOMENT OF INERTIA ABOUT  7--27 BOND:  116.789   amu*Ang^2
                                              1.939E-38   g*cm^2
              Rotational constant:  B =         0.14434   cm-1
                                    B =      4327.26413   MHz
                                    B =         4.32726   GHz




  ATOMS  12 AND  10 DEFINE INTERNAL ROTATION AXIS

  MOIETY 1 CONTAINS ATOMS:  1  2  3  4  5  6  7  8  9 12 19 20 21 22 27 28 29 30

  MOIETY 2 CONTAINS ATOMS: 10 11 13 14 15 16 17 18 23 24 25 26

  MOMENT OF INERTIA ABOUT BOND FOR MOIETY #1:  1102.742   amu*Ang^2
                                              1.831E-37   g*cm^2
              Rotational constant:  B =         0.01529   cm-1
                                    B =       458.29285   MHz
                                    B =         0.45829   GHz


  MOMENT OF INERTIA ABOUT BOND FOR MOIETY #2:   169.076   amu*Ang^2
                                              2.808E-38   g*cm^2
              Rotational constant:  B =         0.09970   cm-1
                                    B =      2989.06025   MHz
                                    B =         2.98906   GHz


  REDUCED MOMENT OF INERTIA ABOUT 12--10 BOND:  146.599   amu*Ang^2
                                              2.434E-38   g*cm^2
              Rotational constant:  B =         0.11499   cm-1
                                    B =      3447.35311   MHz
                                    B =         3.44735   GHz




  ATOMS  13 AND  10 DEFINE INTERNAL ROTATION AXIS

  MOIETY 1 CONTAINS ATOMS: 13 14 15 16 17 18 23 24 25 26

  MOIETY 2 CONTAINS ATOMS:  1  2  3  4  5  6  7  8  9 10 11 12 19 20 21 22 27 28 29 30

  MOMENT OF INERTIA ABOUT BOND FOR MOIETY #1:    74.025   amu*Ang^2
                                              1.229E-38   g*cm^2
              Rotational constant:  B =         0.22773   cm-1
                                    B =      6827.14796   MHz
                                    B =         6.82715   GHz


  MOMENT OF INERTIA ABOUT BOND FOR MOIETY #2:   623.480   amu*Ang^2
                                              1.035E-37   g*cm^2
              Rotational constant:  B =         0.02704   cm-1
                                    B =       810.57760   MHz
                                    B =         0.81058   GHz


  REDUCED MOMENT OF INERTIA ABOUT 13--10 BOND:   66.169   amu*Ang^2
                                              1.099E-38   g*cm^2
              Rotational constant:  B =         0.25477   cm-1
                                    B =      7637.72557   MHz
                                    B =         7.63773   GHz




  ATOMS  10 AND  27 DEFINE INTERNAL ROTATION AXIS

  MOIETY 1 CONTAINS ATOMS: 10 11 12 13 14 15 16 17 18 23 24 25 26 29 30

  MOIETY 2 CONTAINS ATOMS:  1  2  3  4  5  6  7  8  9 19 20 21 22 27 28

  MOMENT OF INERTIA ABOUT BOND FOR MOIETY #1:   258.988   amu*Ang^2
                                              4.301E-38   g*cm^2
              Rotational constant:  B =         0.06509   cm-1
                                    B =      1951.36253   MHz
                                    B =         1.95136   GHz


  MOMENT OF INERTIA ABOUT BOND FOR MOIETY #2:   234.389   amu*Ang^2
                                              3.892E-38   g*cm^2
              Rotational constant:  B =         0.07192   cm-1
                                    B =      2156.15866   MHz
                                    B =         2.15616   GHz


  REDUCED MOMENT OF INERTIA ABOUT 10--27 BOND:  123.037   amu*Ang^2
                                              2.043E-38   g*cm^2
              Rotational constant:  B =         0.13701   cm-1
                                    B =      4107.52119   MHz
                                    B =         4.10752   GHz




  ATOMS  12 AND  30 DEFINE INTERNAL ROTATION AXIS

  MOIETY 1 CONTAINS ATOMS:  1  2  3  4  5  6  7  8  9 10 11 12 13 14 15 16 17 18 19 20 21 22 23 24 25 26 27 28 29

  MOIETY 2 CONTAINS ATOMS: 30

  MOMENT OF INERTIA ABOUT BOND FOR MOIETY #1:  1318.748   amu*Ang^2
                                              2.190E-37   g*cm^2
              Rotational constant:  B =         0.01278   cm-1
                                    B =       383.22623   MHz
                                    B =         0.38323   GHz


  MOMENT OF INERTIA ABOUT BOND FOR MOIETY #2:     0.000   amu*Ang^2
                                              6.797E-72   g*cm^2
              Rotational constant:  B = ***************   cm-1
                                    B = ***************   MHz
                                    B = ***************   GHz


  REDUCED MOMENT OF INERTIA ABOUT 12--30 BOND:    0.000   amu*Ang^2
                                              6.797E-72   g*cm^2
              Rotational constant:  B = ***************   cm-1
                                    B = ***************   MHz
                                    B = ***************   GHz




  ATOMS  15 AND  13 DEFINE INTERNAL ROTATION AXIS

  MOIETY 1 CONTAINS ATOMS: 15 16 17 18

  MOIETY 2 CONTAINS ATOMS:  1  2  3  4  5  6  7  8  9 10 11 12 13 14 19 20 21 22 23 24 25 26 27 28 29 30

  MOMENT OF INERTIA ABOUT BOND FOR MOIETY #1:     3.154   amu*Ang^2
                                              5.237E-40   g*cm^2
              Rotational constant:  B =         5.34563   cm-1
                                    B =    160258.00776   MHz
                                    B =       160.25801   GHz


  MOMENT OF INERTIA ABOUT BOND FOR MOIETY #2:  1080.902   amu*Ang^2
                                              1.795E-37   g*cm^2
              Rotational constant:  B =         0.01560   cm-1
                                    B =       467.55290   MHz
                                    B =         0.46755   GHz


  REDUCED MOMENT OF INERTIA ABOUT 15--13 BOND:    3.144   amu*Ang^2
                                              5.221E-40   g*cm^2
              Rotational constant:  B =         5.36123   cm-1
                                    B =    160725.56066   MHz
                                    B =       160.72556   GHz




  ATOMS  23 AND  13 DEFINE INTERNAL ROTATION AXIS

  MOIETY 1 CONTAINS ATOMS: 23 24 25 26

  MOIETY 2 CONTAINS ATOMS:  1  2  3  4  5  6  7  8  9 10 11 12 13 14 15 16 17 18 19 20 21 22 27 28 29 30

  MOMENT OF INERTIA ABOUT BOND FOR MOIETY #1:     3.152   amu*Ang^2
                                              5.234E-40   g*cm^2
              Rotational constant:  B =         5.34827   cm-1
                                    B =    160337.22753   MHz
                                    B =       160.33723   GHz


  MOMENT OF INERTIA ABOUT BOND FOR MOIETY #2:  1961.726   amu*Ang^2
                                              3.258E-37   g*cm^2
              Rotational constant:  B =         0.00859   cm-1
                                    B =       257.61954   MHz
                                    B =         0.25762   GHz


  REDUCED MOMENT OF INERTIA ABOUT 23--13 BOND:    3.147   amu*Ang^2
                                              5.226E-40   g*cm^2
              Rotational constant:  B =         5.35687   cm-1
                                    B =    160594.84707   MHz
                                    B =       160.59485   GHz




  ATOMS  29 AND  27 DEFINE INTERNAL ROTATION AXIS

  MOIETY 1 CONTAINS ATOMS: 10 11 12 13 14 15 16 17 18 23 24 25 26 29 30

  MOIETY 2 CONTAINS ATOMS:  1  2  3  4  5  6  7  8  9 19 20 21 22 27 28

  MOMENT OF INERTIA ABOUT BOND FOR MOIETY #1:   530.975   amu*Ang^2
                                              8.817E-38   g*cm^2
              Rotational constant:  B =         0.03175   cm-1
                                    B =       951.79358   MHz
                                    B =         0.95179   GHz


  MOMENT OF INERTIA ABOUT BOND FOR MOIETY #2:   500.841   amu*Ang^2
                                              8.317E-38   g*cm^2
              Rotational constant:  B =         0.03366   cm-1
                                    B =      1009.06036   MHz
                                    B =         1.00906   GHz


  REDUCED MOMENT OF INERTIA ABOUT 29--27 BOND:  257.734   amu*Ang^2
                                              4.280E-38   g*cm^2
              Rotational constant:  B =         0.06541   cm-1
                                    B =      1960.85394   MHz
                                    B =         1.96085   GHz




  ATOMS  29 AND  30 DEFINE INTERNAL ROTATION AXIS

  MOIETY 1 CONTAINS ATOMS:  1  2  3  4  5  6  7  8  9 10 11 12 13 14 15 16 17 18 19 20 21 22 23 24 25 26 27 28 29

  MOIETY 2 CONTAINS ATOMS: 30

  MOMENT OF INERTIA ABOUT BOND FOR MOIETY #1:  1326.900   amu*Ang^2
                                              2.203E-37   g*cm^2
              Rotational constant:  B =         0.01270   cm-1
                                    B =       380.87193   MHz
                                    B =         0.38087   GHz


  MOMENT OF INERTIA ABOUT BOND FOR MOIETY #2:     0.000   amu*Ang^2
                                              5.878E-71   g*cm^2
              Rotational constant:  B = ***************   cm-1
                                    B = ***************   MHz
                                    B = ***************   GHz


  REDUCED MOMENT OF INERTIA ABOUT 29--30 BOND:    0.000   amu*Ang^2
                                              5.878E-71   g*cm^2
              Rotational constant:  B = ***************   cm-1
                                    B = ***************   MHz
                                    B = ***************   GHz



PRINCIPAL MOMENTS OF INERTIA AND ROTATIONAL CONSTANTS
  Ia =     272.6996   Ib =     978.2899   Ic =    1103.2426   amu*ang^2
  Ia =   4.5283E-38   Ib =   1.6245E-37   Ic =   1.8320E-37   g*cm^2
  Ba =       0.0618   Bb =       0.0172   Bc =       0.0153   cm-1
  Ba =    1853.2446   Bb =     516.5943   Bc =     458.0851   MHz
  Ba =       1.8532   Bb =       0.5166   Bc =       0.4581   GHz

