%%%%%%%%%%%%%%%%%%%%%%%%%%%%%%%%%%%%%%%%%%%%%%%%%%%%%%%%%%%%%%%%%%%%%%%%%%%%%%

                                        John R. Barker
               Mominert-2014            University of Michigan
                                        Ann Arbor, MI 48109-2143
               Jan 2014                 jrbarker@umich.edu
                                        (734) 763 6239

              http://aoss.engin.umich.edu/multiwell/

%%%%%%%%%%%%%%%%%%%%%%%%%%%%%%%%%%%%%%%%%%%%%%%%%%%%%%%%%%%%%%%%%%%%%%%%%%%%%%

        Suggested Literature Citation:

        a) MultiWell-2014   Software, Jan 2014, designed and
           maintained by J.R. Barker with contributors N.F. Ortiz,
           J.M. Preses, L.L. Lohr, A. Maranzana, P.J. Stimac, T. L.
           Nguyen, and T. J. Dhilip Kumar, University of Michigan,
           Ann Arbor, MI; http://aoss.engin.umich.edu/multiwell/

        b) J.R. Barker, Int. J. Chem. Kinetics, 33, 232-45 (2001)



%%%%%%%%%%%%%%%%%%%%%%%%%%%%%%%%%%%%%%%%%%%%%%%%%%%%%%%%%%%%%%%%%%%%%%%%%%%%%%

 TS_4_4a                                                                                             

 NUMBER  TYPE         X           Y           Z
    1     C        -3.726757    0.444764    0.902726
    2     H        -3.438226    1.354042    1.437536
    3     H        -3.909004   -0.337955    1.647979
    4     H        -4.674074    0.642411    0.392761
    5     C        -2.640290    0.015463   -0.092632
    6     H        -2.480968    0.839987   -0.796585
    7     C        -1.306567   -0.221643    0.639294
    8     H        -1.122049    0.600065    1.338770
    9     H        -1.374137   -1.138329    1.240329
   10     C         1.188672   -0.761420    0.496312
   11     H         1.132009   -1.848939    0.610571
   12     H         1.178854   -0.344574    1.509541
   13     C         2.521454   -0.381845   -0.192664
   14     H         2.393138   -0.494088   -1.274614
   15     C         2.895147    1.057501    0.095862
   16     H         3.139280    1.278091    1.136405
   17     H         3.546978    1.555513   -0.620311
   18     H         1.670467    1.728993   -0.037329
   19     C        -3.095749   -1.215635   -0.889491
   20     H        -3.263374   -2.070768   -0.224720
   21     H        -4.034666   -1.015100   -1.413367
   22     H        -2.363101   -1.516474   -1.643216
   23     C         3.661581   -1.321874    0.252053
   24     H         4.610421   -1.043759   -0.214143
   25     H         3.796807   -1.284383    1.337403
   26     H         3.438222   -2.356330   -0.026416
   27     C        -0.077131   -0.319589   -0.263212
   28     H        -0.254934   -1.017220   -1.088446
   29     O         0.133913    0.907053   -1.003474
   30     O         0.551861    1.929758   -0.121731



  ATOMS   1 AND   5 DEFINE INTERNAL ROTATION AXIS

  MOIETY 1 CONTAINS ATOMS:  1  2  3  4

  MOIETY 2 CONTAINS ATOMS:  5  6  7  8  9 10 11 12 13 14 15 16 17 18 19 20 21 22 23 24 25 26 27 28 29 30

  MOMENT OF INERTIA ABOUT BOND FOR MOIETY #1:     3.150   amu*Ang^2
                                              5.231E-40   g*cm^2
              Rotational constant:  B =         5.35130   cm-1
                                    B =    160428.01736   MHz
                                    B =       160.42802   GHz


  MOMENT OF INERTIA ABOUT BOND FOR MOIETY #2:  1245.208   amu*Ang^2
                                              2.068E-37   g*cm^2
              Rotational constant:  B =         0.01354   cm-1
                                    B =       405.85920   MHz
                                    B =         0.40586   GHz


  REDUCED MOMENT OF INERTIA ABOUT  1-- 5 BOND:    3.142   amu*Ang^2
                                              5.218E-40   g*cm^2
              Rotational constant:  B =         5.36484   cm-1
                                    B =    160833.87656   MHz
                                    B =       160.83388   GHz




  ATOMS   5 AND   7 DEFINE INTERNAL ROTATION AXIS

  MOIETY 1 CONTAINS ATOMS:  1  2  3  4  5  6 19 20 21 22

  MOIETY 2 CONTAINS ATOMS:  7  8  9 10 11 12 13 14 15 16 17 18 23 24 25 26 27 28 29 30

  MOMENT OF INERTIA ABOUT BOND FOR MOIETY #1:    73.334   amu*Ang^2
                                              1.218E-38   g*cm^2
              Rotational constant:  B =         0.22988   cm-1
                                    B =      6891.49970   MHz
                                    B =         6.89150   GHz


  MOMENT OF INERTIA ABOUT BOND FOR MOIETY #2:   634.503   amu*Ang^2
                                              1.054E-37   g*cm^2
              Rotational constant:  B =         0.02657   cm-1
                                    B =       796.49599   MHz
                                    B =         0.79650   GHz


  REDUCED MOMENT OF INERTIA ABOUT  5-- 7 BOND:   65.736   amu*Ang^2
                                              1.092E-38   g*cm^2
              Rotational constant:  B =         0.25644   cm-1
                                    B =      7687.99569   MHz
                                    B =         7.68800   GHz




  ATOMS  19 AND   5 DEFINE INTERNAL ROTATION AXIS

  MOIETY 1 CONTAINS ATOMS: 19 20 21 22

  MOIETY 2 CONTAINS ATOMS:  1  2  3  4  5  6  7  8  9 10 11 12 13 14 15 16 17 18 23 24 25 26 27 28 29 30

  MOMENT OF INERTIA ABOUT BOND FOR MOIETY #1:     3.141   amu*Ang^2
                                              5.216E-40   g*cm^2
              Rotational constant:  B =         5.36649   cm-1
                                    B =    160883.40200   MHz
                                    B =       160.88340   GHz


  MOMENT OF INERTIA ABOUT BOND FOR MOIETY #2:  1957.170   amu*Ang^2
                                              3.250E-37   g*cm^2
              Rotational constant:  B =         0.00861   cm-1
                                    B =       258.21926   MHz
                                    B =         0.25822   GHz


  REDUCED MOMENT OF INERTIA ABOUT 19-- 5 BOND:    3.136   amu*Ang^2
                                              5.208E-40   g*cm^2
              Rotational constant:  B =         5.37511   cm-1
                                    B =    161141.62125   MHz
                                    B =       161.14162   GHz




  ATOMS   7 AND  27 DEFINE INTERNAL ROTATION AXIS

  MOIETY 1 CONTAINS ATOMS:  1  2  3  4  5  6  7  8  9 19 20 21 22

  MOIETY 2 CONTAINS ATOMS: 10 11 12 13 14 15 16 17 18 23 24 25 26 27 28 29 30

  MOMENT OF INERTIA ABOUT BOND FOR MOIETY #1:   161.824   amu*Ang^2
                                              2.687E-38   g*cm^2
              Rotational constant:  B =         0.10417   cm-1
                                    B =      3123.02490   MHz
                                    B =         3.12302   GHz


  MOMENT OF INERTIA ABOUT BOND FOR MOIETY #2:   406.443   amu*Ang^2
                                              6.749E-38   g*cm^2
              Rotational constant:  B =         0.04148   cm-1
                                    B =      1243.41908   MHz
                                    B =         1.24342   GHz


  REDUCED MOMENT OF INERTIA ABOUT  7--27 BOND:  115.742   amu*Ang^2
                                              1.922E-38   g*cm^2
              Rotational constant:  B =         0.14565   cm-1
                                    B =      4366.44398   MHz
                                    B =         4.36644   GHz




  ATOMS  10 AND  13 DEFINE INTERNAL ROTATION AXIS

  MOIETY 1 CONTAINS ATOMS:  1  2  3  4  5  6  7  8  9 10 11 12 15 16 17 18 19 20 21 22 27 28 29 30

  MOIETY 2 CONTAINS ATOMS: 13 14 23 24 25 26

  MOMENT OF INERTIA ABOUT BOND FOR MOIETY #1:   723.198   amu*Ang^2
                                              1.201E-37   g*cm^2
              Rotational constant:  B =         0.02331   cm-1
                                    B =       698.81120   MHz
                                    B =         0.69881   GHz


  MOMENT OF INERTIA ABOUT BOND FOR MOIETY #2:    37.656   amu*Ang^2
                                              6.253E-39   g*cm^2
              Rotational constant:  B =         0.44768   cm-1
                                    B =     13420.97417   MHz
                                    B =        13.42097   GHz


  REDUCED MOMENT OF INERTIA ABOUT 10--13 BOND:   35.792   amu*Ang^2
                                              5.943E-39   g*cm^2
              Rotational constant:  B =         0.47099   cm-1
                                    B =     14119.78536   MHz
                                    B =        14.11979   GHz




  ATOMS  10 AND  27 DEFINE INTERNAL ROTATION AXIS

  MOIETY 1 CONTAINS ATOMS: 10 11 12 13 14 15 16 17 18 23 24 25 26 29 30

  MOIETY 2 CONTAINS ATOMS:  1  2  3  4  5  6  7  8  9 19 20 21 22 27 28

  MOMENT OF INERTIA ABOUT BOND FOR MOIETY #1:   279.302   amu*Ang^2
                                              4.638E-38   g*cm^2
              Rotational constant:  B =         0.06036   cm-1
                                    B =      1809.43395   MHz
                                    B =         1.80943   GHz


  MOMENT OF INERTIA ABOUT BOND FOR MOIETY #2:   258.374   amu*Ang^2
                                              4.290E-38   g*cm^2
              Rotational constant:  B =         0.06525   cm-1
                                    B =      1955.99596   MHz
                                    B =         1.95600   GHz


  REDUCED MOMENT OF INERTIA ABOUT 10--27 BOND:  134.215   amu*Ang^2
                                              2.229E-38   g*cm^2
              Rotational constant:  B =         0.12560   cm-1
                                    B =      3765.42992   MHz
                                    B =         3.76543   GHz




  ATOMS  15 AND  13 DEFINE INTERNAL ROTATION AXIS

  MOIETY 1 CONTAINS ATOMS:  1  2  3  4  5  6  7  8  9 10 11 12 15 16 17 18 19 20 21 22 27 28 29 30

  MOIETY 2 CONTAINS ATOMS: 13 14 23 24 25 26

  MOMENT OF INERTIA ABOUT BOND FOR MOIETY #1:  1938.848   amu*Ang^2
                                              3.220E-37   g*cm^2
              Rotational constant:  B =         0.00869   cm-1
                                    B =       260.65936   MHz
                                    B =         0.26066   GHz


  MOMENT OF INERTIA ABOUT BOND FOR MOIETY #2:    38.101   amu*Ang^2
                                              6.327E-39   g*cm^2
              Rotational constant:  B =         0.44245   cm-1
                                    B =     13264.32097   MHz
                                    B =        13.26432   GHz


  REDUCED MOMENT OF INERTIA ABOUT 15--13 BOND:   37.366   amu*Ang^2
                                              6.205E-39   g*cm^2
              Rotational constant:  B =         0.45114   cm-1
                                    B =     13524.98033   MHz
                                    B =        13.52498   GHz




  ATOMS  23 AND  13 DEFINE INTERNAL ROTATION AXIS

  MOIETY 1 CONTAINS ATOMS: 23 24 25 26

  MOIETY 2 CONTAINS ATOMS:  1  2  3  4  5  6  7  8  9 10 11 12 13 14 15 16 17 18 19 20 21 22 27 28 29 30

  MOMENT OF INERTIA ABOUT BOND FOR MOIETY #1:     3.157   amu*Ang^2
                                              5.243E-40   g*cm^2
              Rotational constant:  B =         5.33954   cm-1
                                    B =    160075.44628   MHz
                                    B =       160.07545   GHz


  MOMENT OF INERTIA ABOUT BOND FOR MOIETY #2:   944.102   amu*Ang^2
                                              1.568E-37   g*cm^2
              Rotational constant:  B =         0.01786   cm-1
                                    B =       535.30103   MHz
                                    B =         0.53530   GHz


  REDUCED MOMENT OF INERTIA ABOUT 23--13 BOND:    3.147   amu*Ang^2
                                              5.225E-40   g*cm^2
              Rotational constant:  B =         5.35740   cm-1
                                    B =    160610.74731   MHz
                                    B =       160.61075   GHz




  ATOMS  18 AND  15 DEFINE INTERNAL ROTATION AXIS

  MOIETY 1 CONTAINS ATOMS:  1  2  3  4  5  6  7  8  9 10 11 12 13 14 18 19 20 21 22 23 24 25 26 27 28 29 30

  MOIETY 2 CONTAINS ATOMS: 15 16 17

  MOMENT OF INERTIA ABOUT BOND FOR MOIETY #1:  1244.509   amu*Ang^2
                                              2.067E-37   g*cm^2
              Rotational constant:  B =         0.01355   cm-1
                                    B =       406.08720   MHz
                                    B =         0.40609   GHz


  MOMENT OF INERTIA ABOUT BOND FOR MOIETY #2:     2.283   amu*Ang^2
                                              3.791E-40   g*cm^2
              Rotational constant:  B =         7.38320   cm-1
                                    B =    221342.86386   MHz
                                    B =       221.34286   GHz


  REDUCED MOMENT OF INERTIA ABOUT 18--15 BOND:    2.279   amu*Ang^2
                                              3.784E-40   g*cm^2
              Rotational constant:  B =         7.39675   cm-1
                                    B =    221748.95106   MHz
                                    B =       221.74895   GHz




  ATOMS  18 AND  30 DEFINE INTERNAL ROTATION AXIS

  MOIETY 1 CONTAINS ATOMS:  1  2  3  4  5  6  7  8  9 10 11 12 13 14 15 16 17 18 19 20 21 22 23 24 25 26 27 28 29

  MOIETY 2 CONTAINS ATOMS: 30

  MOMENT OF INERTIA ABOUT BOND FOR MOIETY #1:   878.296   amu*Ang^2
                                              1.458E-37   g*cm^2
              Rotational constant:  B =         0.01919   cm-1
                                    B =       575.40881   MHz
                                    B =         0.57541   GHz


  MOMENT OF INERTIA ABOUT BOND FOR MOIETY #2:     0.000   amu*Ang^2
                                              6.174E-71   g*cm^2
              Rotational constant:  B = ***************   cm-1
                                    B = ***************   MHz
                                    B = ***************   GHz


  REDUCED MOMENT OF INERTIA ABOUT 18--30 BOND:    0.000   amu*Ang^2
                                              6.174E-71   g*cm^2
              Rotational constant:  B = ***************   cm-1
                                    B = ***************   MHz
                                    B = ***************   GHz




  ATOMS  29 AND  27 DEFINE INTERNAL ROTATION AXIS

  MOIETY 1 CONTAINS ATOMS: 10 11 12 13 14 15 16 17 18 23 24 25 26 29 30

  MOIETY 2 CONTAINS ATOMS:  1  2  3  4  5  6  7  8  9 19 20 21 22 27 28

  MOMENT OF INERTIA ABOUT BOND FOR MOIETY #1:   515.889   amu*Ang^2
                                              8.567E-38   g*cm^2
              Rotational constant:  B =         0.03268   cm-1
                                    B =       979.62832   MHz
                                    B =         0.97963   GHz


  MOMENT OF INERTIA ABOUT BOND FOR MOIETY #2:   504.569   amu*Ang^2
                                              8.379E-38   g*cm^2
              Rotational constant:  B =         0.03341   cm-1
                                    B =      1001.60614   MHz
                                    B =         1.00161   GHz


  REDUCED MOMENT OF INERTIA ABOUT 29--27 BOND:  255.083   amu*Ang^2
                                              4.236E-38   g*cm^2
              Rotational constant:  B =         0.06609   cm-1
                                    B =      1981.23446   MHz
                                    B =         1.98123   GHz




  ATOMS  29 AND  30 DEFINE INTERNAL ROTATION AXIS

  MOIETY 1 CONTAINS ATOMS:  1  2  3  4  5  6  7  8  9 10 11 12 13 14 15 16 17 18 19 20 21 22 23 24 25 26 27 28 29

  MOIETY 2 CONTAINS ATOMS: 30

  MOMENT OF INERTIA ABOUT BOND FOR MOIETY #1:  1240.663   amu*Ang^2
                                              2.060E-37   g*cm^2
              Rotational constant:  B =         0.01359   cm-1
                                    B =       407.34590   MHz
                                    B =         0.40735   GHz


  MOMENT OF INERTIA ABOUT BOND FOR MOIETY #2:     0.000   amu*Ang^2
                                              1.323E-72   g*cm^2
              Rotational constant:  B = ***************   cm-1
                                    B = ***************   MHz
                                    B = ***************   GHz


  REDUCED MOMENT OF INERTIA ABOUT 29--30 BOND:    0.000   amu*Ang^2
                                              1.323E-72   g*cm^2
              Rotational constant:  B = ***************   cm-1
                                    B = ***************   MHz
                                    B = ***************   GHz



PRINCIPAL MOMENTS OF INERTIA AND ROTATIONAL CONSTANTS
  Ia =     238.8078   Ib =     988.0906   Ic =    1090.1692   amu*ang^2
  Ia =   3.9655E-38   Ib =   1.6408E-37   Ic =   1.8103E-37   g*cm^2
  Ba =       0.0706   Bb =       0.0171   Bc =       0.0155   cm-1
  Ba =    2116.2587   Bb =     511.4703   Bc =     463.5785   MHz
  Ba =       2.1163   Bb =       0.5115   Bc =       0.4636   GHz

