%%%%%%%%%%%%%%%%%%%%%%%%%%%%%%%%%%%%%%%%%%%%%%%%%%%%%%%%%%%%%%%%%%%%%%%%%%%%%%

                                        John R. Barker
               Mominert-2014            University of Michigan
                                        Ann Arbor, MI 48109-2143
               Jan 2014                 jrbarker@umich.edu
                                        (734) 763 6239

              http://aoss.engin.umich.edu/multiwell/

%%%%%%%%%%%%%%%%%%%%%%%%%%%%%%%%%%%%%%%%%%%%%%%%%%%%%%%%%%%%%%%%%%%%%%%%%%%%%%

        Suggested Literature Citation:

        a) MultiWell-2014   Software, Jan 2014, designed and
           maintained by J.R. Barker with contributors N.F. Ortiz,
           J.M. Preses, L.L. Lohr, A. Maranzana, P.J. Stimac, T. L.
           Nguyen, and T. J. Dhilip Kumar, University of Michigan,
           Ann Arbor, MI; http://aoss.engin.umich.edu/multiwell/

        b) J.R. Barker, Int. J. Chem. Kinetics, 33, 232-45 (2001)



%%%%%%%%%%%%%%%%%%%%%%%%%%%%%%%%%%%%%%%%%%%%%%%%%%%%%%%%%%%%%%%%%%%%%%%%%%%%%%

 TS_4_4b                                                                                             

 NUMBER  TYPE         X           Y           Z
    1     C        -3.906258   -0.925810   -0.065983
    2     H        -3.745232   -1.907089    0.389718
    3     H        -4.101897   -1.081008   -1.133080
    4     H        -4.809250   -0.496039    0.376586
    5     C        -2.696413   -0.005391    0.144843
    6     H        -2.533288    0.101354    1.222605
    7     C        -1.430242   -0.653664   -0.448387
    8     H        -1.359307   -1.690486   -0.100329
    9     H        -1.518092   -0.695681   -1.541345
   10     C         1.114726   -0.612420   -0.781029
   11     H         1.041905   -0.439426   -1.863412
   12     H         1.050299   -1.691606   -0.613733
   13     C         2.437306   -0.076616   -0.247129
   14     H         1.968803    0.388274    0.932092
   15     C         3.484788   -1.116367    0.088524
   16     H         3.856529   -1.601500   -0.826327
   17     H         4.345880   -0.669951    0.592775
   18     H         3.078403   -1.900355    0.732506
   19     C        -2.968640    1.388621   -0.437416
   20     H        -3.112152    1.338770   -1.523001
   21     H        -3.876083    1.818179   -0.003867
   22     H        -2.152083    2.086496   -0.236739
   23     C         2.958884    1.171479   -0.930757
   24     H         3.782361    1.621479   -0.369801
   25     H         3.338176    0.931164   -1.934434
   26     H         2.178420    1.927772   -1.046639
   27     C        -0.116975    0.041674   -0.104809
   28     H        -0.150237    1.108183   -0.350731
   29     O         0.058449   -0.074673    1.312710
   30     O         1.123275    0.772478    1.686042



  ATOMS   1 AND   5 DEFINE INTERNAL ROTATION AXIS

  MOIETY 1 CONTAINS ATOMS:  1  2  3  4

  MOIETY 2 CONTAINS ATOMS:  5  6  7  8  9 10 11 12 13 14 15 16 17 18 19 20 21 22 23 24 25 26 27 28 29 30

  MOMENT OF INERTIA ABOUT BOND FOR MOIETY #1:     3.149   amu*Ang^2
                                              5.230E-40   g*cm^2
              Rotational constant:  B =         5.35278   cm-1
                                    B =    160472.39666   MHz
                                    B =       160.47240   GHz


  MOMENT OF INERTIA ABOUT BOND FOR MOIETY #2:   988.538   amu*Ang^2
                                              1.642E-37   g*cm^2
              Rotational constant:  B =         0.01705   cm-1
                                    B =       511.23905   MHz
                                    B =         0.51124   GHz


  REDUCED MOMENT OF INERTIA ABOUT  1-- 5 BOND:    3.139   amu*Ang^2
                                              5.213E-40   g*cm^2
              Rotational constant:  B =         5.36984   cm-1
                                    B =    160983.63570   MHz
                                    B =       160.98364   GHz




  ATOMS   5 AND   7 DEFINE INTERNAL ROTATION AXIS

  MOIETY 1 CONTAINS ATOMS:  1  2  3  4  5  6 19 20 21 22

  MOIETY 2 CONTAINS ATOMS:  7  8  9 10 11 12 13 14 15 16 17 18 23 24 25 26 27 28 29 30

  MOMENT OF INERTIA ABOUT BOND FOR MOIETY #1:    73.395   amu*Ang^2
                                              1.219E-38   g*cm^2
              Rotational constant:  B =         0.22968   cm-1
                                    B =      6885.70158   MHz
                                    B =         6.88570   GHz


  MOMENT OF INERTIA ABOUT BOND FOR MOIETY #2:   788.367   amu*Ang^2
                                              1.309E-37   g*cm^2
              Rotational constant:  B =         0.02138   cm-1
                                    B =       641.04563   MHz
                                    B =         0.64105   GHz


  REDUCED MOMENT OF INERTIA ABOUT  5-- 7 BOND:   67.144   amu*Ang^2
                                              1.115E-38   g*cm^2
              Rotational constant:  B =         0.25107   cm-1
                                    B =      7526.74722   MHz
                                    B =         7.52675   GHz




  ATOMS  19 AND   5 DEFINE INTERNAL ROTATION AXIS

  MOIETY 1 CONTAINS ATOMS: 19 20 21 22

  MOIETY 2 CONTAINS ATOMS:  1  2  3  4  5  6  7  8  9 10 11 12 13 14 15 16 17 18 23 24 25 26 27 28 29 30

  MOMENT OF INERTIA ABOUT BOND FOR MOIETY #1:     3.143   amu*Ang^2
                                              5.219E-40   g*cm^2
              Rotational constant:  B =         5.36380   cm-1
                                    B =    160802.60598   MHz
                                    B =       160.80261   GHz


  MOMENT OF INERTIA ABOUT BOND FOR MOIETY #2:  2168.066   amu*Ang^2
                                              3.600E-37   g*cm^2
              Rotational constant:  B =         0.00778   cm-1
                                    B =       233.10129   MHz
                                    B =         0.23310   GHz


  REDUCED MOMENT OF INERTIA ABOUT 19-- 5 BOND:    3.138   amu*Ang^2
                                              5.211E-40   g*cm^2
              Rotational constant:  B =         5.37157   cm-1
                                    B =    161035.70727   MHz
                                    B =       161.03571   GHz




  ATOMS   7 AND  27 DEFINE INTERNAL ROTATION AXIS

  MOIETY 1 CONTAINS ATOMS:  1  2  3  4  5  6  7  8  9 19 20 21 22

  MOIETY 2 CONTAINS ATOMS: 10 11 12 13 14 15 16 17 18 23 24 25 26 27 28 29 30

  MOMENT OF INERTIA ABOUT BOND FOR MOIETY #1:   161.053   amu*Ang^2
                                              2.674E-38   g*cm^2
              Rotational constant:  B =         0.10467   cm-1
                                    B =      3137.97519   MHz
                                    B =         3.13798   GHz


  MOMENT OF INERTIA ABOUT BOND FOR MOIETY #2:   286.398   amu*Ang^2
                                              4.756E-38   g*cm^2
              Rotational constant:  B =         0.05886   cm-1
                                    B =      1764.60467   MHz
                                    B =         1.76460   GHz


  REDUCED MOMENT OF INERTIA ABOUT  7--27 BOND:  103.084   amu*Ang^2
                                              1.712E-38   g*cm^2
              Rotational constant:  B =         0.16353   cm-1
                                    B =      4902.57986   MHz
                                    B =         4.90258   GHz




  ATOMS  10 AND  13 DEFINE INTERNAL ROTATION AXIS

  MOIETY 1 CONTAINS ATOMS:  1  2  3  4  5  6  7  8  9 10 11 12 14 19 20 21 22 27 28 29 30

  MOIETY 2 CONTAINS ATOMS: 13 15 16 17 18 23 24 25 26

  MOMENT OF INERTIA ABOUT BOND FOR MOIETY #1:   696.841   amu*Ang^2
                                              1.157E-37   g*cm^2
              Rotational constant:  B =         0.02419   cm-1
                                    B =       725.24343   MHz
                                    B =         0.72524   GHz


  MOMENT OF INERTIA ABOUT BOND FOR MOIETY #2:    66.449   amu*Ang^2
                                              1.103E-38   g*cm^2
              Rotational constant:  B =         0.25369   cm-1
                                    B =      7605.50995   MHz
                                    B =         7.60551   GHz


  REDUCED MOMENT OF INERTIA ABOUT 10--13 BOND:   60.664   amu*Ang^2
                                              1.007E-38   g*cm^2
              Rotational constant:  B =         0.27788   cm-1
                                    B =      8330.75338   MHz
                                    B =         8.33075   GHz




  ATOMS  10 AND  27 DEFINE INTERNAL ROTATION AXIS

  MOIETY 1 CONTAINS ATOMS: 10 11 12 13 14 15 16 17 18 23 24 25 26 29 30

  MOIETY 2 CONTAINS ATOMS:  1  2  3  4  5  6  7  8  9 19 20 21 22 27 28

  MOMENT OF INERTIA ABOUT BOND FOR MOIETY #1:   301.808   amu*Ang^2
                                              5.012E-38   g*cm^2
              Rotational constant:  B =         0.05586   cm-1
                                    B =      1674.50307   MHz
                                    B =         1.67450   GHz


  MOMENT OF INERTIA ABOUT BOND FOR MOIETY #2:   243.058   amu*Ang^2
                                              4.036E-38   g*cm^2
              Rotational constant:  B =         0.06936   cm-1
                                    B =      2079.25635   MHz
                                    B =         2.07926   GHz


  REDUCED MOMENT OF INERTIA ABOUT 10--27 BOND:  134.633   amu*Ang^2
                                              2.236E-38   g*cm^2
              Rotational constant:  B =         0.12521   cm-1
                                    B =      3753.75942   MHz
                                    B =         3.75376   GHz




  ATOMS  14 AND  13 DEFINE INTERNAL ROTATION AXIS

  MOIETY 1 CONTAINS ATOMS:  1  2  3  4  5  6  7  8  9 10 11 12 14 19 20 21 22 27 28 29 30

  MOIETY 2 CONTAINS ATOMS: 13 15 16 17 18 23 24 25 26

  MOMENT OF INERTIA ABOUT BOND FOR MOIETY #1:  1626.820   amu*Ang^2
                                              2.701E-37   g*cm^2
              Rotational constant:  B =         0.01036   cm-1
                                    B =       310.65450   MHz
                                    B =         0.31065   GHz


  MOMENT OF INERTIA ABOUT BOND FOR MOIETY #2:    75.411   amu*Ang^2
                                              1.252E-38   g*cm^2
              Rotational constant:  B =         0.22354   cm-1
                                    B =      6701.68926   MHz
                                    B =         6.70169   GHz


  REDUCED MOMENT OF INERTIA ABOUT 14--13 BOND:   72.070   amu*Ang^2
                                              1.197E-38   g*cm^2
              Rotational constant:  B =         0.23391   cm-1
                                    B =      7012.34376   MHz
                                    B =         7.01234   GHz




  ATOMS  15 AND  13 DEFINE INTERNAL ROTATION AXIS

  MOIETY 1 CONTAINS ATOMS: 15 16 17 18

  MOIETY 2 CONTAINS ATOMS:  1  2  3  4  5  6  7  8  9 10 11 12 13 14 19 20 21 22 23 24 25 26 27 28 29 30

  MOMENT OF INERTIA ABOUT BOND FOR MOIETY #1:     3.154   amu*Ang^2
                                              5.237E-40   g*cm^2
              Rotational constant:  B =         5.34545   cm-1
                                    B =    160252.49039   MHz
                                    B =       160.25249   GHz


  MOMENT OF INERTIA ABOUT BOND FOR MOIETY #2:  1164.400   amu*Ang^2
                                              1.934E-37   g*cm^2
              Rotational constant:  B =         0.01448   cm-1
                                    B =       434.02524   MHz
                                    B =         0.43403   GHz


  REDUCED MOMENT OF INERTIA ABOUT 15--13 BOND:    3.145   amu*Ang^2
                                              5.223E-40   g*cm^2
              Rotational constant:  B =         5.35993   cm-1
                                    B =    160686.51562   MHz
                                    B =       160.68652   GHz




  ATOMS  23 AND  13 DEFINE INTERNAL ROTATION AXIS

  MOIETY 1 CONTAINS ATOMS: 23 24 25 26

  MOIETY 2 CONTAINS ATOMS:  1  2  3  4  5  6  7  8  9 10 11 12 13 14 15 16 17 18 19 20 21 22 27 28 29 30

  MOMENT OF INERTIA ABOUT BOND FOR MOIETY #1:     3.149   amu*Ang^2
                                              5.229E-40   g*cm^2
              Rotational constant:  B =         5.35308   cm-1
                                    B =    160481.34828   MHz
                                    B =       160.48135   GHz


  MOMENT OF INERTIA ABOUT BOND FOR MOIETY #2:  1773.069   amu*Ang^2
                                              2.944E-37   g*cm^2
              Rotational constant:  B =         0.00951   cm-1
                                    B =       285.03058   MHz
                                    B =         0.28503   GHz


  REDUCED MOMENT OF INERTIA ABOUT 23--13 BOND:    3.144   amu*Ang^2
                                              5.220E-40   g*cm^2
              Rotational constant:  B =         5.36259   cm-1
                                    B =    160766.37886   MHz
                                    B =       160.76638   GHz




  ATOMS  14 AND  30 DEFINE INTERNAL ROTATION AXIS

  MOIETY 1 CONTAINS ATOMS:  1  2  3  4  5  6  7  8  9 10 11 12 13 14 15 16 17 18 19 20 21 22 23 24 25 26 27 28 29

  MOIETY 2 CONTAINS ATOMS: 30

  MOMENT OF INERTIA ABOUT BOND FOR MOIETY #1:  1324.883   amu*Ang^2
                                              2.200E-37   g*cm^2
              Rotational constant:  B =         0.01272   cm-1
                                    B =       381.45174   MHz
                                    B =         0.38145   GHz


  MOMENT OF INERTIA ABOUT BOND FOR MOIETY #2:     0.000   amu*Ang^2
                                              3.413E-71   g*cm^2
              Rotational constant:  B = ***************   cm-1
                                    B = ***************   MHz
                                    B = ***************   GHz


  REDUCED MOMENT OF INERTIA ABOUT 14--30 BOND:    0.000   amu*Ang^2
                                              3.413E-71   g*cm^2
              Rotational constant:  B = ***************   cm-1
                                    B = ***************   MHz
                                    B = ***************   GHz




  ATOMS  29 AND  27 DEFINE INTERNAL ROTATION AXIS

  MOIETY 1 CONTAINS ATOMS: 10 11 12 13 14 15 16 17 18 23 24 25 26 29 30

  MOIETY 2 CONTAINS ATOMS:  1  2  3  4  5  6  7  8  9 19 20 21 22 27 28

  MOMENT OF INERTIA ABOUT BOND FOR MOIETY #1:   536.722   amu*Ang^2
                                              8.912E-38   g*cm^2
              Rotational constant:  B =         0.03141   cm-1
                                    B =       941.60250   MHz
                                    B =         0.94160   GHz


  MOMENT OF INERTIA ABOUT BOND FOR MOIETY #2:   507.230   amu*Ang^2
                                              8.423E-38   g*cm^2
              Rotational constant:  B =         0.03323   cm-1
                                    B =       996.35062   MHz
                                    B =         0.99635   GHz


  REDUCED MOMENT OF INERTIA ABOUT 29--27 BOND:  260.780   amu*Ang^2
                                              4.330E-38   g*cm^2
              Rotational constant:  B =         0.06464   cm-1
                                    B =      1937.95312   MHz
                                    B =         1.93795   GHz




  ATOMS  29 AND  30 DEFINE INTERNAL ROTATION AXIS

  MOIETY 1 CONTAINS ATOMS:  1  2  3  4  5  6  7  8  9 10 11 12 13 14 15 16 17 18 19 20 21 22 23 24 25 26 27 28 29

  MOIETY 2 CONTAINS ATOMS: 30

  MOMENT OF INERTIA ABOUT BOND FOR MOIETY #1:   823.652   amu*Ang^2
                                              1.368E-37   g*cm^2
              Rotational constant:  B =         0.02047   cm-1
                                    B =       613.58341   MHz
                                    B =         0.61358   GHz


  MOMENT OF INERTIA ABOUT BOND FOR MOIETY #2:     0.000   amu*Ang^2
                                              3.390E-71   g*cm^2
              Rotational constant:  B = ***************   cm-1
                                    B = ***************   MHz
                                    B = ***************   GHz


  REDUCED MOMENT OF INERTIA ABOUT 29--30 BOND:    0.000   amu*Ang^2
                                              3.390E-71   g*cm^2
              Rotational constant:  B = ***************   cm-1
                                    B = ***************   MHz
                                    B = ***************   GHz



PRINCIPAL MOMENTS OF INERTIA AND ROTATIONAL CONSTANTS
  Ia =     236.4738   Ib =    1047.1575   Ic =    1056.2689   amu*ang^2
  Ia =   3.9267E-38   Ib =   1.7388E-37   Ic =   1.7540E-37   g*cm^2
  Ba =       0.0713   Bb =       0.0161   Bc =       0.0160   cm-1
  Ba =    2137.1459   Bb =     482.6199   Bc =     478.4567   MHz
  Ba =       2.1371   Bb =       0.4826   Bc =       0.4785   GHz

