%%%%%%%%%%%%%%%%%%%%%%%%%%%%%%%%%%%%%%%%%%%%%%%%%%%%%%%%%%%%%%%%%%%%%%%%%%%%%%

                                        John R. Barker
               Mominert-2014            University of Michigan
                                        Ann Arbor, MI 48109-2143
               Jan 2014                 jrbarker@umich.edu
                                        (734) 763 6239

              http://aoss.engin.umich.edu/multiwell/

%%%%%%%%%%%%%%%%%%%%%%%%%%%%%%%%%%%%%%%%%%%%%%%%%%%%%%%%%%%%%%%%%%%%%%%%%%%%%%

        Suggested Literature Citation:

        a) MultiWell-2014   Software, Jan 2014, designed and
           maintained by J.R. Barker with contributors N.F. Ortiz,
           J.M. Preses, L.L. Lohr, A. Maranzana, P.J. Stimac, T. L.
           Nguyen, and T. J. Dhilip Kumar, University of Michigan,
           Ann Arbor, MI; http://aoss.engin.umich.edu/multiwell/

        b) J.R. Barker, Int. J. Chem. Kinetics, 33, 232-45 (2001)



%%%%%%%%%%%%%%%%%%%%%%%%%%%%%%%%%%%%%%%%%%%%%%%%%%%%%%%%%%%%%%%%%%%%%%%%%%%%%%

 TS_4_C9H18_3                                                                                        

 NUMBER  TYPE         X           Y           Z
    1     C        -3.409949   -0.659033    0.534437
    2     H        -3.700571    0.388337    0.648694
    3     H        -3.265206   -1.079097    1.535770
    4     H        -4.245385   -1.190819    0.070930
    5     C        -2.133352   -0.800690   -0.307410
    6     H        -2.321911   -0.339864   -1.285346
    7     C        -0.957473   -0.050351    0.329873
    8     H        -1.447821    1.158837    0.548951
    9     H        -0.719438   -0.356288    1.352609
   10     C         1.484800    0.701730    0.102050
   11     H         1.442584    0.815602    1.191481
   12     H         1.815650    1.661747   -0.306458
   13     C         2.551720   -0.367065   -0.257600
   14     H         2.506333   -0.526564   -1.343044
   15     C         3.952578    0.160916    0.080579
   16     H         4.046927    0.358341    1.153794
   17     H         4.722033   -0.567109   -0.191419
   18     H         4.167950    1.092428   -0.450303
   19     C        -1.794932   -2.282342   -0.538316
   20     H        -1.568681   -2.782817    0.409182
   21     H        -2.635632   -2.809107   -0.999934
   22     H        -0.925978   -2.394882   -1.192095
   23     C         2.292374   -1.711124    0.433995
   24     H         3.048068   -2.447781    0.146921
   25     H         2.334290   -1.601192    1.523246
   26     H         1.313024   -2.120266    0.177561
   27     C         0.117865    0.402446   -0.432888
   28     H         0.022189    0.404885   -1.515846
   29     O        -0.588541    2.558446   -0.476548
   30     O        -1.562735    2.437639    0.333671



  ATOMS   1 AND   5 DEFINE INTERNAL ROTATION AXIS

  MOIETY 1 CONTAINS ATOMS:  1  2  3  4

  MOIETY 2 CONTAINS ATOMS:  5  6  7  8  9 10 11 12 13 14 15 16 17 18 19 20 21 22 23 24 25 26 27 28 29 30

  MOMENT OF INERTIA ABOUT BOND FOR MOIETY #1:     3.149   amu*Ang^2
                                              5.229E-40   g*cm^2
              Rotational constant:  B =         5.35300   cm-1
                                    B =    160478.94086   MHz
                                    B =       160.47894   GHz


  MOMENT OF INERTIA ABOUT BOND FOR MOIETY #2:  1108.365   amu*Ang^2
                                              1.840E-37   g*cm^2
              Rotational constant:  B =         0.01521   cm-1
                                    B =       455.96817   MHz
                                    B =         0.45597   GHz


  REDUCED MOMENT OF INERTIA ABOUT  1-- 5 BOND:    3.140   amu*Ang^2
                                              5.215E-40   g*cm^2
              Rotational constant:  B =         5.36821   cm-1
                                    B =    160934.90903   MHz
                                    B =       160.93491   GHz




  ATOMS   5 AND   7 DEFINE INTERNAL ROTATION AXIS

  MOIETY 1 CONTAINS ATOMS:  1  2  3  4  5  6 19 20 21 22

  MOIETY 2 CONTAINS ATOMS:  7  8  9 10 11 12 13 14 15 16 17 18 23 24 25 26 27 28 29 30

  MOMENT OF INERTIA ABOUT BOND FOR MOIETY #1:    73.371   amu*Ang^2
                                              1.218E-38   g*cm^2
              Rotational constant:  B =         0.22976   cm-1
                                    B =      6888.03796   MHz
                                    B =         6.88804   GHz


  MOMENT OF INERTIA ABOUT BOND FOR MOIETY #2:   665.679   amu*Ang^2
                                              1.105E-37   g*cm^2
              Rotational constant:  B =         0.02532   cm-1
                                    B =       759.19352   MHz
                                    B =         0.75919   GHz


  REDUCED MOMENT OF INERTIA ABOUT  5-- 7 BOND:   66.087   amu*Ang^2
                                              1.097E-38   g*cm^2
              Rotational constant:  B =         0.25508   cm-1
                                    B =      7647.23149   MHz
                                    B =         7.64723   GHz




  ATOMS  19 AND   5 DEFINE INTERNAL ROTATION AXIS

  MOIETY 1 CONTAINS ATOMS: 19 20 21 22

  MOIETY 2 CONTAINS ATOMS:  1  2  3  4  5  6  7  8  9 10 11 12 13 14 15 16 17 18 23 24 25 26 27 28 29 30

  MOMENT OF INERTIA ABOUT BOND FOR MOIETY #1:     3.153   amu*Ang^2
                                              5.235E-40   g*cm^2
              Rotational constant:  B =         5.34694   cm-1
                                    B =    160297.33779   MHz
                                    B =       160.29734   GHz


  MOMENT OF INERTIA ABOUT BOND FOR MOIETY #2:  1621.068   amu*Ang^2
                                              2.692E-37   g*cm^2
              Rotational constant:  B =         0.01040   cm-1
                                    B =       311.75673   MHz
                                    B =         0.31176   GHz


  REDUCED MOMENT OF INERTIA ABOUT 19-- 5 BOND:    3.147   amu*Ang^2
                                              5.225E-40   g*cm^2
              Rotational constant:  B =         5.35734   cm-1
                                    B =    160609.09452   MHz
                                    B =       160.60909   GHz




  ATOMS   8 AND   7 DEFINE INTERNAL ROTATION AXIS

  MOIETY 1 CONTAINS ATOMS:  8 29 30

  MOIETY 2 CONTAINS ATOMS:  1  2  3  4  5  6  7  9 10 11 12 13 14 15 16 17 18 19 20 21 22 23 24 25 26 27 28

  MOMENT OF INERTIA ABOUT BOND FOR MOIETY #1:    54.977   amu*Ang^2
                                              9.129E-39   g*cm^2
              Rotational constant:  B =         0.30663   cm-1
                                    B =      9192.57787   MHz
                                    B =         9.19258   GHz


  MOMENT OF INERTIA ABOUT BOND FOR MOIETY #2:   861.998   amu*Ang^2
                                              1.431E-37   g*cm^2
              Rotational constant:  B =         0.01956   cm-1
                                    B =       586.28769   MHz
                                    B =         0.58629   GHz


  REDUCED MOMENT OF INERTIA ABOUT  8-- 7 BOND:   51.681   amu*Ang^2
                                              8.582E-39   g*cm^2
              Rotational constant:  B =         0.32619   cm-1
                                    B =      9778.86555   MHz
                                    B =         9.77887   GHz




  ATOMS  30 AND   8 DEFINE INTERNAL ROTATION AXIS

  MOIETY 1 CONTAINS ATOMS: 29 30

  MOIETY 2 CONTAINS ATOMS:  1  2  3  4  5  6  7  8  9 10 11 12 13 14 15 16 17 18 19 20 21 22 23 24 25 26 27 28

  MOMENT OF INERTIA ABOUT BOND FOR MOIETY #1:    25.476   amu*Ang^2
                                              4.230E-39   g*cm^2
              Rotational constant:  B =         0.66170   cm-1
                                    B =     19837.20940   MHz
                                    B =        19.83721   GHz


  MOMENT OF INERTIA ABOUT BOND FOR MOIETY #2:  1172.575   amu*Ang^2
                                              1.947E-37   g*cm^2
              Rotational constant:  B =         0.01438   cm-1
                                    B =       430.99936   MHz
                                    B =         0.43100   GHz


  REDUCED MOMENT OF INERTIA ABOUT 30-- 8 BOND:   24.935   amu*Ang^2
                                              4.140E-39   g*cm^2
              Rotational constant:  B =         0.67607   cm-1
                                    B =     20268.20876   MHz
                                    B =        20.26821   GHz




  ATOMS  13 AND  10 DEFINE INTERNAL ROTATION AXIS

  MOIETY 1 CONTAINS ATOMS: 13 14 15 16 17 18 23 24 25 26

  MOIETY 2 CONTAINS ATOMS:  1  2  3  4  5  6  7  8  9 10 11 12 19 20 21 22 27 28 29 30

  MOMENT OF INERTIA ABOUT BOND FOR MOIETY #1:    73.363   amu*Ang^2
                                              1.218E-38   g*cm^2
              Rotational constant:  B =         0.22978   cm-1
                                    B =      6888.76373   MHz
                                    B =         6.88876   GHz


  MOMENT OF INERTIA ABOUT BOND FOR MOIETY #2:   935.187   amu*Ang^2
                                              1.553E-37   g*cm^2
              Rotational constant:  B =         0.01803   cm-1
                                    B =       540.40425   MHz
                                    B =         0.54040   GHz


  REDUCED MOMENT OF INERTIA ABOUT 13--10 BOND:   68.026   amu*Ang^2
                                              1.130E-38   g*cm^2
              Rotational constant:  B =         0.24781   cm-1
                                    B =      7429.16798   MHz
                                    B =         7.42917   GHz




  ATOMS  10 AND  27 DEFINE INTERNAL ROTATION AXIS

  MOIETY 1 CONTAINS ATOMS: 10 11 12 13 14 15 16 17 18 23 24 25 26

  MOIETY 2 CONTAINS ATOMS:  1  2  3  4  5  6  7  8  9 19 20 21 22 27 28 29 30

  MOMENT OF INERTIA ABOUT BOND FOR MOIETY #1:   165.564   amu*Ang^2
                                              2.749E-38   g*cm^2
              Rotational constant:  B =         0.10182   cm-1
                                    B =      3052.46200   MHz
                                    B =         3.05246   GHz


  MOMENT OF INERTIA ABOUT BOND FOR MOIETY #2:   403.750   amu*Ang^2
                                              6.704E-38   g*cm^2
              Rotational constant:  B =         0.04175   cm-1
                                    B =      1251.71293   MHz
                                    B =         1.25171   GHz


  REDUCED MOMENT OF INERTIA ABOUT 10--27 BOND:  117.416   amu*Ang^2
                                              1.950E-38   g*cm^2
              Rotational constant:  B =         0.14357   cm-1
                                    B =      4304.17493   MHz
                                    B =         4.30417   GHz




  ATOMS  15 AND  13 DEFINE INTERNAL ROTATION AXIS

  MOIETY 1 CONTAINS ATOMS: 15 16 17 18

  MOIETY 2 CONTAINS ATOMS:  1  2  3  4  5  6  7  8  9 10 11 12 13 14 19 20 21 22 23 24 25 26 27 28 29 30

  MOMENT OF INERTIA ABOUT BOND FOR MOIETY #1:     3.150   amu*Ang^2
                                              5.231E-40   g*cm^2
              Rotational constant:  B =         5.35107   cm-1
                                    B =    160420.90076   MHz
                                    B =       160.42090   GHz


  MOMENT OF INERTIA ABOUT BOND FOR MOIETY #2:   861.595   amu*Ang^2
                                              1.431E-37   g*cm^2
              Rotational constant:  B =         0.01957   cm-1
                                    B =       586.56213   MHz
                                    B =         0.58656   GHz


  REDUCED MOMENT OF INERTIA ABOUT 15--13 BOND:    3.139   amu*Ang^2
                                              5.212E-40   g*cm^2
              Rotational constant:  B =         5.37063   cm-1
                                    B =    161007.46289   MHz
                                    B =       161.00746   GHz




  ATOMS  23 AND  13 DEFINE INTERNAL ROTATION AXIS

  MOIETY 1 CONTAINS ATOMS: 23 24 25 26

  MOIETY 2 CONTAINS ATOMS:  1  2  3  4  5  6  7  8  9 10 11 12 13 14 15 16 17 18 19 20 21 22 27 28 29 30

  MOMENT OF INERTIA ABOUT BOND FOR MOIETY #1:     3.145   amu*Ang^2
                                              5.223E-40   g*cm^2
              Rotational constant:  B =         5.35939   cm-1
                                    B =    160670.47519   MHz
                                    B =       160.67048   GHz


  MOMENT OF INERTIA ABOUT BOND FOR MOIETY #2:  1980.027   amu*Ang^2
                                              3.288E-37   g*cm^2
              Rotational constant:  B =         0.00851   cm-1
                                    B =       255.23845   MHz
                                    B =         0.25524   GHz


  REDUCED MOMENT OF INERTIA ABOUT 23--13 BOND:    3.140   amu*Ang^2
                                              5.215E-40   g*cm^2
              Rotational constant:  B =         5.36790   cm-1
                                    B =    160925.71364   MHz
                                    B =       160.92571   GHz



PRINCIPAL MOMENTS OF INERTIA AND ROTATIONAL CONSTANTS
  Ia =     402.7183   Ib =     829.5845   Ic =    1154.0462   amu*ang^2
  Ia =   6.6873E-38   Ib =   1.3776E-37   Ic =   1.9163E-37   g*cm^2
  Ba =       0.0419   Bb =       0.0203   Bc =       0.0146   cm-1
  Ba =    1254.9193   Bb =     609.1953   Bc =     437.9192   MHz
  Ba =       1.2549   Bb =       0.6092   Bc =       0.4379   GHz

