%%%%%%%%%%%%%%%%%%%%%%%%%%%%%%%%%%%%%%%%%%%%%%%%%%%%%%%%%%%%%%%%%%%%%%%%%%%%%%

                                        John R. Barker
               Mominert-2014            University of Michigan
                                        Ann Arbor, MI 48109-2143
               Jan 2014                 jrbarker@umich.edu
                                        (734) 763 6239

              http://aoss.engin.umich.edu/multiwell/

%%%%%%%%%%%%%%%%%%%%%%%%%%%%%%%%%%%%%%%%%%%%%%%%%%%%%%%%%%%%%%%%%%%%%%%%%%%%%%

        Suggested Literature Citation:

        a) MultiWell-2014   Software, Jan 2014, designed and
           maintained by J.R. Barker with contributors N.F. Ortiz,
           J.M. Preses, L.L. Lohr, A. Maranzana, P.J. Stimac, T. L.
           Nguyen, and T. J. Dhilip Kumar, University of Michigan,
           Ann Arbor, MI; http://aoss.engin.umich.edu/multiwell/

        b) J.R. Barker, Int. J. Chem. Kinetics, 33, 232-45 (2001)



%%%%%%%%%%%%%%%%%%%%%%%%%%%%%%%%%%%%%%%%%%%%%%%%%%%%%%%%%%%%%%%%%%%%%%%%%%%%%%

 TS_4_C9H18O_4                                                                                       

 NUMBER  TYPE         X           Y           Z
    1     C        -3.804621   -1.016861   -0.001040
    2     H        -3.718032   -1.797974    0.759795
    3     H        -3.901302   -1.507879   -0.975883
    4     H        -4.732477   -0.469664    0.186255
    5     C        -2.595689   -0.071235    0.025831
    6     H        -2.521040    0.362015    1.028101
    7     C        -1.298630   -0.865556   -0.225336
    8     H        -1.347605   -1.808997    0.339337
    9     H        -1.227214   -1.144025   -1.283011
   10     C         1.298625   -0.865545   -0.225369
   11     H         1.227206   -1.143955   -1.283059
   12     H         1.347589   -1.809020    0.339250
   13     C         2.595694   -0.071256    0.025846
   14     H         2.521059    0.361917    1.028150
   15     C         3.804614   -1.016895   -0.001110
   16     H         3.901285   -1.507833   -0.975994
   17     H         4.732478   -0.469725    0.186227
   18     H         3.718020   -1.798070    0.759661
   19     C        -2.779418    1.070460   -0.983561
   20     H        -2.844762    0.682540   -2.006426
   21     H        -3.701709    1.621058   -0.778669
   22     H        -1.958375    1.788699   -0.941548
   23     C         2.779428    1.070515   -0.983458
   24     H         3.701738    1.621072   -0.778544
   25     H         2.844738    0.682678   -2.006357
   26     H         1.958405    1.788772   -0.941365
   27     C         0.000000   -0.204624    0.195001
   28     H        -0.000012    1.090062   -0.109900
   29     O         0.000009    0.248084    1.525796
   30     O        -0.000010    1.662454    1.035849



  ATOMS   1 AND   5 DEFINE INTERNAL ROTATION AXIS

  MOIETY 1 CONTAINS ATOMS:  1  2  3  4

  MOIETY 2 CONTAINS ATOMS:  5  6  7  8  9 10 11 12 13 14 15 16 17 18 19 20 21 22 23 24 25 26 27 28 29 30

  MOMENT OF INERTIA ABOUT BOND FOR MOIETY #1:     3.149   amu*Ang^2
                                              5.229E-40   g*cm^2
              Rotational constant:  B =         5.35364   cm-1
                                    B =    160498.09715   MHz
                                    B =       160.49810   GHz


  MOMENT OF INERTIA ABOUT BOND FOR MOIETY #2:   906.203   amu*Ang^2
                                              1.505E-37   g*cm^2
              Rotational constant:  B =         0.01860   cm-1
                                    B =       557.68837   MHz
                                    B =         0.55769   GHz


  REDUCED MOMENT OF INERTIA ABOUT  1-- 5 BOND:    3.138   amu*Ang^2
                                              5.211E-40   g*cm^2
              Rotational constant:  B =         5.37224   cm-1
                                    B =    161055.78553   MHz
                                    B =       161.05579   GHz




  ATOMS   5 AND   7 DEFINE INTERNAL ROTATION AXIS

  MOIETY 1 CONTAINS ATOMS:  1  2  3  4  5  6 19 20 21 22

  MOIETY 2 CONTAINS ATOMS:  7  8  9 10 11 12 13 14 15 16 17 18 23 24 25 26 27 28 29 30

  MOMENT OF INERTIA ABOUT BOND FOR MOIETY #1:    73.525   amu*Ang^2
                                              1.221E-38   g*cm^2
              Rotational constant:  B =         0.22928   cm-1
                                    B =      6873.56553   MHz
                                    B =         6.87357   GHz


  MOMENT OF INERTIA ABOUT BOND FOR MOIETY #2:   748.571   amu*Ang^2
                                              1.243E-37   g*cm^2
              Rotational constant:  B =         0.02252   cm-1
                                    B =       675.12467   MHz
                                    B =         0.67512   GHz


  REDUCED MOMENT OF INERTIA ABOUT  5-- 7 BOND:   66.949   amu*Ang^2
                                              1.112E-38   g*cm^2
              Rotational constant:  B =         0.25180   cm-1
                                    B =      7548.69020   MHz
                                    B =         7.54869   GHz




  ATOMS  19 AND   5 DEFINE INTERNAL ROTATION AXIS

  MOIETY 1 CONTAINS ATOMS: 19 20 21 22

  MOIETY 2 CONTAINS ATOMS:  1  2  3  4  5  6  7  8  9 10 11 12 13 14 15 16 17 18 23 24 25 26 27 28 29 30

  MOMENT OF INERTIA ABOUT BOND FOR MOIETY #1:     3.145   amu*Ang^2
                                              5.222E-40   g*cm^2
              Rotational constant:  B =         5.36086   cm-1
                                    B =    160714.46117   MHz
                                    B =       160.71446   GHz


  MOMENT OF INERTIA ABOUT BOND FOR MOIETY #2:  2087.916   amu*Ang^2
                                              3.467E-37   g*cm^2
              Rotational constant:  B =         0.00807   cm-1
                                    B =       242.04948   MHz
                                    B =         0.24205   GHz


  REDUCED MOMENT OF INERTIA ABOUT 19-- 5 BOND:    3.140   amu*Ang^2
                                              5.214E-40   g*cm^2
              Rotational constant:  B =         5.36893   cm-1
                                    B =    160956.51065   MHz
                                    B =       160.95651   GHz




  ATOMS   7 AND  27 DEFINE INTERNAL ROTATION AXIS

  MOIETY 1 CONTAINS ATOMS:  1  2  3  4  5  6  7  8  9 19 20 21 22

  MOIETY 2 CONTAINS ATOMS: 10 11 12 13 14 15 16 17 18 23 24 25 26 27 28 29 30

  MOMENT OF INERTIA ABOUT BOND FOR MOIETY #1:   157.803   amu*Ang^2
                                              2.620E-38   g*cm^2
              Rotational constant:  B =         0.10683   cm-1
                                    B =      3202.59845   MHz
                                    B =         3.20260   GHz


  MOMENT OF INERTIA ABOUT BOND FOR MOIETY #2:   308.490   amu*Ang^2
                                              5.123E-38   g*cm^2
              Rotational constant:  B =         0.05465   cm-1
                                    B =      1638.23447   MHz
                                    B =         1.63823   GHz


  REDUCED MOMENT OF INERTIA ABOUT  7--27 BOND:  104.399   amu*Ang^2
                                              1.734E-38   g*cm^2
              Rotational constant:  B =         0.16147   cm-1
                                    B =      4840.83292   MHz
                                    B =         4.84083   GHz




  ATOMS  13 AND  10 DEFINE INTERNAL ROTATION AXIS

  MOIETY 1 CONTAINS ATOMS: 13 14 15 16 17 18 23 24 25 26

  MOIETY 2 CONTAINS ATOMS:  1  2  3  4  5  6  7  8  9 10 11 12 19 20 21 22 27 28 29 30

  MOMENT OF INERTIA ABOUT BOND FOR MOIETY #1:    73.525   amu*Ang^2
                                              1.221E-38   g*cm^2
              Rotational constant:  B =         0.22928   cm-1
                                    B =      6873.56879   MHz
                                    B =         6.87357   GHz


  MOMENT OF INERTIA ABOUT BOND FOR MOIETY #2:   748.558   amu*Ang^2
                                              1.243E-37   g*cm^2
              Rotational constant:  B =         0.02252   cm-1
                                    B =       675.13645   MHz
                                    B =         0.67514   GHz


  REDUCED MOMENT OF INERTIA ABOUT 13--10 BOND:   66.949   amu*Ang^2
                                              1.112E-38   g*cm^2
              Rotational constant:  B =         0.25180   cm-1
                                    B =      7548.70524   MHz
                                    B =         7.54871   GHz




  ATOMS  10 AND  27 DEFINE INTERNAL ROTATION AXIS

  MOIETY 1 CONTAINS ATOMS: 10 11 12 13 14 15 16 17 18 23 24 25 26

  MOIETY 2 CONTAINS ATOMS:  1  2  3  4  5  6  7  8  9 19 20 21 22 27 28 29 30

  MOMENT OF INERTIA ABOUT BOND FOR MOIETY #1:   157.802   amu*Ang^2
                                              2.620E-38   g*cm^2
              Rotational constant:  B =         0.10683   cm-1
                                    B =      3202.61314   MHz
                                    B =         3.20261   GHz


  MOMENT OF INERTIA ABOUT BOND FOR MOIETY #2:   308.496   amu*Ang^2
                                              5.123E-38   g*cm^2
              Rotational constant:  B =         0.05464   cm-1
                                    B =      1638.20447   MHz
                                    B =         1.63820   GHz


  REDUCED MOMENT OF INERTIA ABOUT 10--27 BOND:  104.400   amu*Ang^2
                                              1.734E-38   g*cm^2
              Rotational constant:  B =         0.16147   cm-1
                                    B =      4840.81761   MHz
                                    B =         4.84082   GHz




  ATOMS  15 AND  13 DEFINE INTERNAL ROTATION AXIS

  MOIETY 1 CONTAINS ATOMS: 15 16 17 18

  MOIETY 2 CONTAINS ATOMS:  1  2  3  4  5  6  7  8  9 10 11 12 13 14 19 20 21 22 23 24 25 26 27 28 29 30

  MOMENT OF INERTIA ABOUT BOND FOR MOIETY #1:     3.149   amu*Ang^2
                                              5.229E-40   g*cm^2
              Rotational constant:  B =         5.35364   cm-1
                                    B =    160498.11135   MHz
                                    B =       160.49811   GHz


  MOMENT OF INERTIA ABOUT BOND FOR MOIETY #2:   906.218   amu*Ang^2
                                              1.505E-37   g*cm^2
              Rotational constant:  B =         0.01860   cm-1
                                    B =       557.67929   MHz
                                    B =         0.55768   GHz


  REDUCED MOMENT OF INERTIA ABOUT 15--13 BOND:    3.138   amu*Ang^2
                                              5.211E-40   g*cm^2
              Rotational constant:  B =         5.37224   cm-1
                                    B =    161055.79064   MHz
                                    B =       161.05579   GHz




  ATOMS  23 AND  13 DEFINE INTERNAL ROTATION AXIS

  MOIETY 1 CONTAINS ATOMS: 23 24 25 26

  MOIETY 2 CONTAINS ATOMS:  1  2  3  4  5  6  7  8  9 10 11 12 13 14 15 16 17 18 19 20 21 22 27 28 29 30

  MOMENT OF INERTIA ABOUT BOND FOR MOIETY #1:     3.145   amu*Ang^2
                                              5.222E-40   g*cm^2
              Rotational constant:  B =         5.36086   cm-1
                                    B =    160714.52155   MHz
                                    B =       160.71452   GHz


  MOMENT OF INERTIA ABOUT BOND FOR MOIETY #2:  2087.918   amu*Ang^2
                                              3.467E-37   g*cm^2
              Rotational constant:  B =         0.00807   cm-1
                                    B =       242.04927   MHz
                                    B =         0.24205   GHz


  REDUCED MOMENT OF INERTIA ABOUT 23--13 BOND:    3.140   amu*Ang^2
                                              5.214E-40   g*cm^2
              Rotational constant:  B =         5.36893   cm-1
                                    B =    160956.57083   MHz
                                    B =       160.95657   GHz




  ATOMS  28 AND  27 DEFINE INTERNAL ROTATION AXIS

  MOIETY 1 CONTAINS ATOMS: 28 29 30

  MOIETY 2 CONTAINS ATOMS:  1  2  3  4  5  6  7  8  9 10 11 12 13 14 15 16 17 18 19 20 21 22 23 24 25 26 27

  MOMENT OF INERTIA ABOUT BOND FOR MOIETY #1:    56.177   amu*Ang^2
                                              9.328E-39   g*cm^2
              Rotational constant:  B =         0.30008   cm-1
                                    B =      8996.14534   MHz
                                    B =         8.99615   GHz


  MOMENT OF INERTIA ABOUT BOND FOR MOIETY #2:   960.135   amu*Ang^2
                                              1.594E-37   g*cm^2
              Rotational constant:  B =         0.01756   cm-1
                                    B =       526.36266   MHz
                                    B =         0.52636   GHz


  REDUCED MOMENT OF INERTIA ABOUT 28--27 BOND:   53.072   amu*Ang^2
                                              8.813E-39   g*cm^2
              Rotational constant:  B =         0.31764   cm-1
                                    B =      9522.50800   MHz
                                    B =         9.52251   GHz




  ATOMS  29 AND  27 DEFINE INTERNAL ROTATION AXIS

  MOIETY 1 CONTAINS ATOMS: 28 29 30

  MOIETY 2 CONTAINS ATOMS:  1  2  3  4  5  6  7  8  9 10 11 12 13 14 15 16 17 18 19 20 21 22 23 24 25 26 27

  MOMENT OF INERTIA ABOUT BOND FOR MOIETY #1:    37.612   amu*Ang^2
                                              6.246E-39   g*cm^2
              Rotational constant:  B =         0.44820   cm-1
                                    B =     13436.63421   MHz
                                    B =        13.43663   GHz


  MOMENT OF INERTIA ABOUT BOND FOR MOIETY #2:  1025.809   amu*Ang^2
                                              1.703E-37   g*cm^2
              Rotational constant:  B =         0.01643   cm-1
                                    B =       492.66362   MHz
                                    B =         0.49266   GHz


  REDUCED MOMENT OF INERTIA ABOUT 29--27 BOND:   36.282   amu*Ang^2
                                              6.025E-39   g*cm^2
              Rotational constant:  B =         0.46463   cm-1
                                    B =     13929.29783   MHz
                                    B =        13.92930   GHz




  ATOMS  28 AND  30 DEFINE INTERNAL ROTATION AXIS

  MOIETY 1 CONTAINS ATOMS:  1  2  3  4  5  6  7  8  9 10 11 12 13 14 15 16 17 18 19 20 21 22 23 24 25 26 27 28 29

  MOIETY 2 CONTAINS ATOMS: 30

  MOMENT OF INERTIA ABOUT BOND FOR MOIETY #1:  1213.926   amu*Ang^2
                                              2.016E-37   g*cm^2
              Rotational constant:  B =         0.01389   cm-1
                                    B =       416.31782   MHz
                                    B =         0.41632   GHz


  MOMENT OF INERTIA ABOUT BOND FOR MOIETY #2:     0.000   amu*Ang^2
                                              9.889E-72   g*cm^2
              Rotational constant:  B = ***************   cm-1
                                    B = ***************   MHz
                                    B = ***************   GHz


  REDUCED MOMENT OF INERTIA ABOUT 28--30 BOND:    0.000   amu*Ang^2
                                              9.889E-72   g*cm^2
              Rotational constant:  B = ***************   cm-1
                                    B = ***************   MHz
                                    B = ***************   GHz




  ATOMS  29 AND  30 DEFINE INTERNAL ROTATION AXIS

  MOIETY 1 CONTAINS ATOMS:  1  2  3  4  5  6  7  8  9 10 11 12 13 14 15 16 17 18 19 20 21 22 23 24 25 26 27 28 29

  MOIETY 2 CONTAINS ATOMS: 30

  MOMENT OF INERTIA ABOUT BOND FOR MOIETY #1:  1363.977   amu*Ang^2
                                              2.265E-37   g*cm^2
              Rotational constant:  B =         0.01236   cm-1
                                    B =       370.51860   MHz
                                    B =         0.37052   GHz


  MOMENT OF INERTIA ABOUT BOND FOR MOIETY #2:     0.000   amu*Ang^2
                                              7.530E-72   g*cm^2
              Rotational constant:  B = ***************   cm-1
                                    B = ***************   MHz
                                    B = ***************   GHz


  REDUCED MOMENT OF INERTIA ABOUT 29--30 BOND:    0.000   amu*Ang^2
                                              7.530E-72   g*cm^2
              Rotational constant:  B = ***************   cm-1
                                    B = ***************   MHz
                                    B = ***************   GHz



PRINCIPAL MOMENTS OF INERTIA AND ROTATIONAL CONSTANTS
  Ia =     250.0218   Ib =    1008.8163   Ic =    1062.2714   amu*ang^2
  Ia =   4.1517E-38   Ib =   1.6752E-37   Ic =   1.7639E-37   g*cm^2
  Ba =       0.0674   Bb =       0.0167   Bc =       0.0159   cm-1
  Ba =    2021.3397   Bb =     500.9624   Bc =     475.7532   MHz
  Ba =       2.0213   Bb =       0.5010   Bc =       0.4758   GHz

