
            /|      /|                        \   
           / |     / | ________________________\  
          /  |    /  |  _   _             _   _   
         /   |   /   | / \ / \ |\     /| / \ / \  
        /    |  /    | \_/ \_  | \   / | \_/ |_/  
       /     | /     | /     \ |  \ /  | /   | \  
    \_/      |/      | \_/ \_/ |   V   | \_/ |  \ 

     Mesmer: Master Equation Solver for Multi-Energy well Reactions
     Mesmer v3.0 compiled: -- Feb 20 2014 -- 13:32:05

     Copyright (C) 2009-2013 by
     Struan H. Robertson, David R. Glowacki, Chi-Hsiu Liang,
     Chris Morley, Michael J. Pilling and contributors

     Mesmer is free software: you can redistribute it and/or modify
     it under the terms of the GNU Public License as published by
     the Free Software Foundation, either version 2 of the License,
     or (at your option) any later version.

     But WITHOUT ANY WARRANTY; without even the implied warranty of
     MERCHANTABILITY or FITNESS FOR A PARTICULAR PURPOSE.  See the
     GNU Public License for more details.

    You should have received a copy of the GNU Public License
    along with Mesmer.  If not, see <http://www.gnu.org/licenses/>.


Parsing input xml file...
TS_216.xml

The default value of me:calcMethod was used.
In R1: Parsing reaction...
In RO2: The default value of me:DOSCMethod was used.
In RO2: The default value of me:DistributionCalcMethod was used.
In TS_216: The default value of me:DOSCMethod was used.
In R1: No crossing method used for R1
All molecules are on the same energy basis: arbitary
The default value of precision (or one of its attributes) was used.
20atm, 298.15K at d precision with He
The default value of precision (or one of its attributes) was used.
20atm, 300K at d precision with He
The default value of precision (or one of its attributes) was used.
20atm, 400K at d precision with He
The default value of precision (or one of its attributes) was used.
20atm, 450K at d precision with He
The default value of precision (or one of its attributes) was used.
20atm, 500K at d precision with He
The default value of precision (or one of its attributes) was used.
20atm, 550K at d precision with He
The default value of precision (or one of its attributes) was used.
20atm, 600K at d precision with He
The default value of precision (or one of its attributes) was used.
20atm, 650K at d precision with He
The default value of precision (or one of its attributes) was used.
20atm, 700K at d precision with He
The default value of precision (or one of its attributes) was used.
20atm, 750K at d precision with He
The default value of precision (or one of its attributes) was used.
20atm, 800K at d precision with He
The default value of precision (or one of its attributes) was used.
20atm, 850K at d precision with He
The default value of precision (or one of its attributes) was used.
20atm, 900K at d precision with He
The default value of me:eigenvalues was used.
Write metadata 20150501_182027

File: "TS_216.xml" successfully parsed.
Main Calculation begins
In R+O2: The default value of me:symmetryNumber was used.
In R+O2: The default value of spinMultiplicity (or one of its attributes) was used.
In R+O2: The default value of me:DOSCMethod was used.
Eckart tunnelling barrier is negative. Check classical energy correction.
